


materialPath: e:\program files (x86)\steam\steamapps\sourcemods\crimewarswtf\materials
Loading E:\Program Files (x86)\Steam\steamapps\sourcemods\crimewarswtf\devmaps\bigmap1.vmf
Patching WVT material: maps/bigmap1/nature/blenddirtmud003a_wvt_patch
fixing up env_cubemap materials on brush sides...
0...1...2...3...4...5...6...7...8...9...100...1...2...3...4...5...6...7...8...9...10Processing areas...done (0)
Building Faces...done (0)
FixTjuncs...
PruneNodes...
WriteBSP...
done (0)
writing E:\Program Files (x86)\Steam\steamapps\sourcemods\crimewarswtf\devmaps\bigmap1.prt...Building visibility clusters...
done (0)
Creating default LDR cubemaps for env_cubemap using skybox materials:
   skybox/sky_day01_01*.vmt
 ! Run buildcubemaps in the engine to get the correct cube maps.
Creating default HDR cubemaps for env_cubemap using skybox materials:
   skybox/sky_day01_01*.vmt
 ! Run buildcubemaps in the engine to get the correct cube maps.
Finding displacement neighbors...
Finding lightmap sample positions...
Displacement Alpha : 0...1...2...3...4...5...6...7...8...9...10
Building Physics collision data...
done (0) (9031 bytes)
Placing detail props : 0...1...2...3...4...5...6...7...8...9...10
Compacting texture/material tables...
Reduced 20 texinfos to 14
Reduced 11 texdatas to 9 (313 bytes to 268)
Writing E:\Program Files (x86)\Steam\steamapps\sourcemods\crimewarswtf\devmaps\bigmap1.bsp
9 seconds elapsed



8 threads
reading e:\program files (x86)\steam\steamapps\sourcemods\crimewarswtf\devmaps\bigmap1.bsp
reading e:\program files (x86)\steam\steamapps\sourcemods\crimewarswtf\devmaps\bigmap1.prt
1064 portalclusters
2097 numportals
0...1...2...3...4...5...6...7...8...9...100...1...2...3...4...5...6...7...8...9...10Optimized: 83 visible clusters (0.00%)
Total clusters visible: 1127615
Average clusters visible: 1059
Building PAS...
Average clusters audible: 1064
visdatasize:291423  compressed from 289408
writing e:\program files (x86)\steam\steamapps\sourcemods\crimewarswtf\devmaps\bigmap1.bsp
5 minutes, 20 seconds elapsed



[Reading texlights from 'lights.rad']
[45 texlights parsed from 'lights.rad']

Loading e:\program files (x86)\steam\steamapps\sourcemods\crimewarswtf\devmaps\bigmap1.bsp
9761 faces
39855196 square feet [5739148288.00 square inches]
0 Displacements
0 Square Feet [0.00 Square Inches]
9761 patches before subdivision
554175 patches after subdivision
0 direct lights
0...1...2...3...4...5...6...7...8...9...100...1...2...3...4...5...