


materialPath: e:\program files (x86)\steam\steamapps\sourcemods\crimewarswtf\materials
Loading E:\Program Files (x86)\Steam\steamapps\sourcemods\crimewarswtf\devmaps\bigmap13.vmf
fixing up env_cubemap materials on brush sides...
0...1...2...3...4...5...6...7...8...9...100...1...2...3...4...5...6...7...8...9...10Processing areas...done (0)
Building Faces...done (0)
Chop Details...done (0)
Find Visible Detail Sides...
Merged 1746 detail faces...done (0)
Merging details...done (0)
FixTjuncs...
PruneNodes...
WriteBSP...
done (3)
writing E:\Program Files (x86)\Steam\steamapps\sourcemods\crimewarswtf\devmaps\bigmap13.prt...Building visibility clusters...
done (0)
Creating default LDR cubemaps for env_cubemap using skybox materials:
   skybox/sky_day01_01*.vmt
 ! Run buildcubemaps in the engine to get the correct cube maps.
Creating default HDR cubemaps for env_cubemap using skybox materials:
   skybox/sky_day01_01*.vmt
 ! Run buildcubemaps in the engine to get the correct cube maps.
Finding displacement neighbors...
Finding lightmap sample positions...
Displacement Alpha : 0...1...2...3...4...5...6...7...8...9...10
Building Physics collision data...
done (2) (1015547 bytes)
Placing detail props : 0...1...2...3...4...5...6...7...8...9...10
Compacting texture/material tables...
Reduced 941 texinfos to 705
Reduced 16 texdatas to 15 (395 bytes to 374)
Writing E:\Program Files (x86)\Steam\steamapps\sourcemods\crimewarswtf\devmaps\bigmap13.bsp
9 seconds elapsed



8 threads
reading e:\program files (x86)\steam\steamapps\sourcemods\crimewarswtf\devmaps\bigmap13.bsp
reading e:\program files (x86)\steam\steamapps\sourcemods\crimewarswtf\devmaps\bigmap13.prt
2920 portalclusters
8286 numportals
0...1...2...3...4...5...6...7...8...9...100...1...2...3...4...5...


[Reading texlights from 'lights.rad']
[45 texlights parsed from 'lights.rad']

Loading e:\program files (x86)\steam\steamapps\sourcemods\crimewarswtf\devmaps\bigmap13.bsp
No vis information, direct lighting only.
24703 faces
18 degenerate faces
39316636 square feet [5661595648.00 square inches]
0 Displacements
0 Square Feet [0.00 Square Inches]
0 direct lights
0...1...2...3...4...5...6...7...8...9...10Build Patch/Sample Hash Table(s).....Done<2.3326 sec>
0...1...2...3...4...5...6...7...8...9...10FinalLightFace Done
0 of 0 (0% of) surface lights went in leaf ambient cubes.
0...1...2...3...4...5...6...7...8...9...10Writing leaf ambient...done
Ready to Finish

Object names       Objects/Maxobjs  Memory / Maxmem  Fullness 
------------       ---------------  ---------------  -------- 
models                 517/1024        24816/49152    (50.5%) 
brushes               2479/8192        29748/98304    (30.3%) 
brushsides           14874/65536      118992/524288   (22.7%) 
planes                1108/65536       22160/1310720  ( 1.7%) 
vertexes             34940/65536      419280/786432   (53.3%) 
nodes                10693/65536      342176/2097152  (16.3%) 
texinfos               705/12288       50760/884736   ( 5.7%) 
texdata                 15/2048          480/65536    ( 0.7%) 
dispinfos                0/0               0/0        ( 0.0%) 
disp_verts               0/0               0/0        ( 0.0%) 
disp_tris                0/0               0/0        ( 0.0%) 
disp_lmsamples           0/0               0/0        ( 0.0%) 
faces                24703/65536     1383368/3670016  (37.7%) 
hdr faces                0/65536           0/3670016  ( 0.0%) 
origfaces             8934/65536      500304/3670016  (13.6%) 
leaves               11211/65536      358752/2097152  (17.1%) 
leaffaces            25629/65536       51258/131072   (39.1%) 
leafbrushes           7175/65536       14350/131072   (10.9%) 
areas                    2/256            16/2048     ( 0.8%) 
surfedges           150933/512000     603732/2048000  (29.5%) 
edges                85297/256000     341188/1024000  (33.3%) 
LDR worldlights          0/8192            0/720896   ( 0.0%) 
HDR worldlights          0/8192            0/720896   ( 0.0%) 
leafwaterdata            0/32768           0/393216   ( 0.0%) 
waterstrips           1421/32768       14210/327680   ( 4.3%) 
waterverts               0/65536           0/786432   ( 0.0%) 
waterindices         45540/65536       91080/131072   (69.5%) 
cubemapsamples           0/1024            0/16384    ( 0.0%) 
overlays                 0/512             0/180224   ( 0.0%) 
LDR lightdata         [variable]    20782872/0        ( 0.0%) 
HDR lightdata         [variable]           0/0        ( 0.0%) 
visdata               [variable]           0/16777216 ( 0.0%) 
entdata               [variable]      267036/393216   (67.9%) 
LDR ambient table    11211/65536       44844/262144   (17.1%) 
HDR ambient table    11211/65536       44844/262144   (17.1%) 
LDR leaf ambient      6016/65536      168448/1835008  ( 9.2%) 
HDR leaf ambient     11211/65536      313908/1835008  (17.1%) 
occluders                0/0               0/0        ( 0.0%) 
occluder polygons        0/0               0/0        ( 0.0%) 
occluder vert ind        0/0               0/0        ( 0.0%) 
detail props          [variable]           1/12       ( 8.3%) 
static props          [variable]           1/12       ( 8.3%) 
pakfile               [variable]      105663/0        ( 0.0%) 
physics               [variable]     1015547/4194304  (24.2%) 
physics terrain       [variable]           2/1048576  ( 0.0%) 

Level flags = 0

Total triangle count: 65791
Writing e:\program files (x86)\steam\steamapps\sourcemods\crimewarswtf\devmaps\bigmap13.bsp
1 minute, 42 seconds elapsed



[Reading texlights from 'lights.rad']
[45 texlights parsed from 'lights.rad']

Loading e:\program files (x86)\steam\steamapps\sourcemods\crimewarswtf\devmaps\bigmap13.bsp
No vis information, direct lighting only.
24703 faces
18 degenerate faces
39316636 square feet [5661595648.00 square inches]
0 Displacements
0 Square Feet [0.00 Square Inches]
0 direct lights
0...1...2...3...4...5...6...7...8...9...10Build Patch/Sample Hash Table(s).....Done<2.3478 sec>
0...1...2...3...4...5...6...7...8...9...10FinalLightFace Done
0 of 0 (0% of) surface lights went in leaf ambient cubes.
0...