


materialPath: D:\Program Files (x86)\Steam\SteamApps\sourcemods\Crimewars2013\materials
Loading D:\Program Files (x86)\Steam\SteamApps\sourcemods\crimewarswtf5\devmaps\bigmap6_3_ctf7.vmf
material "brick/brickwall003d" not found.
Material not found!: BRICK/BRICKWALL003D
ConVarRef mat_reduceparticles doesn't point to an existing ConVar
material "cs_havana/white" not found.
Material not found!: CS_HAVANA/WHITE
Could not locate 'GameData' key in d:\program files (x86)\steam\steamapps\sourcemods\crimewars2013\gameinfo.txt
fixing up env_cubemap materials on brush sides...
0...1...2...3...4...5...6...7...8...9...10**** leaked ****
Entity func_door (1200.00 -1088.00 -16011.40) leaked!
Processing areas...done (0)
Building Faces...done (0)
FixTjuncs...
PruneNodes...
WriteBSP...
done (0)
*** Error: Skybox vtf files for skybox/sky_day01_01 weren't compiled with the same size texture and/or same flags!
Can't load skybox file skybox/sky_day01_01 to build the default cubemap!
*** Error: Skybox vtf files for skybox/sky_day01_01 weren't compiled with the same size texture and/or same flags!
Can't load skybox file skybox/sky_day01_01 to build the default cubemap!
Finding displacement neighbors...
Finding lightmap sample positions...
Displacement Alpha : 0...1...2...3...4...5...6...7...8...9...10
Building Physics collision data...
done (0) (191173 bytes)
Placing detail props : 0...1...2...3...4...5...6...7...8...9...10
Compacting texture/material tables...
Reduced 763 texinfos to 585
Reduced 34 texdatas to 34 (808 bytes to 808)
Writing D:\Program Files (x86)\Steam\SteamApps\sourcemods\crimewarswtf5\devmaps\bigmap6_3_ctf7.bsp
0 seconds elapsed



6 threads
reading d:\program files (x86)\steam\steamapps\sourcemods\crimewarswtf5\devmaps\bigmap6_3_ctf7.bsp
reading d:\program files (x86)\steam\steamapps\sourcemods\crimewarswtf5\devmaps\bigmap6_3_ctf7.prt
LoadPortals: couldn't read d:\program files (x86)\steam\steamapps\sourcemods\crimewarswtf5\devmaps\bigmap6_3_ctf7.prt



Could not find lights.rad in lights.rad.
Trying VRAD BIN directory instead...
Warning: Couldn't open texlight file I:\SteamLibrary\steamapps\common\Source SDK Base 2013 Multiplayer\bin\lights.rad.
Loading d:\program files (x86)\steam\steamapps\sourcemods\crimewarswtf5\devmaps\bigmap6_3_ctf7.bsp
No vis information, direct lighting only.
13819 faces
40430828 square feet [5822039040.00 square inches]
0 Displacements
0 Square Feet [0.00 Square Inches]
9 direct lights
0...1...2...3...4...5...6...7...8...9...10Build Patch/Sample Hash Table(s).....Done<0.5511 sec>
0...1...2...3...4...5...6...7...8...9...10FinalLightFace Done
0 of 0 (0% of) surface lights went in leaf ambient cubes.
0...1...2...3...4...5...6...7...8...9...10Writing leaf ambient...done
Ready to Finish

Object names       Objects/Maxobjs  Memory / Maxmem  Fullness 
------------       ---------------  ---------------  -------- 
models                  80/1024         3840/49152    ( 7.8%) 
brushes                448/8192         5376/98304    ( 5.5%) 
brushsides            2947/65536       23576/524288   ( 4.5%) 
planes                2450/65536       49000/1310720  ( 3.7%) 
vertexes             17710/65536      212520/786432   (27.0%) 
nodes                 7874/65536      251968/2097152  (12.0%) 
texinfos               585/12288       42120/884736   ( 4.8%) 
texdata                 34/2048         1088/65536    ( 1.7%) 
dispinfos                0/0               0/0        ( 0.0%) 
disp_verts               0/0               0/0        ( 0.0%) 
disp_tris                0/0               0/0        ( 0.0%) 
disp_lmsamples           0/0               0/0        ( 0.0%) 
faces                13819/65536      773864/3670016  (21.1%) 
hdr faces                0/65536           0/3670016  ( 0.0%) 
origfaces             2044/65536      114464/3670016  ( 3.1%) 
leaves                7955/65536      254560/2097152  (12.1%) 
leaffaces            15093/65536       30186/131072   (23.0%) 
leafbrushes           2899/65536        5798/131072   ( 4.4%) 
areas                    5/256            40/2048     ( 2.0%) 
surfedges            66422/512000     265688/2048000  (13.0%) 
edges                34357/256000     137428/1024000  (13.4%) 
LDR worldlights          9/8192          792/720896   ( 0.1%) 
HDR worldlights          0/8192            0/720896   ( 0.0%) 
leafwaterdata            0/32768           0/393216   ( 0.0%) 
waterstrips            301/32768        3010/327680   ( 0.9%) 
waterverts               0/65536           0/786432   ( 0.0%) 
waterindices          4479/65536        8958/131072   ( 6.8%) 
cubemapsamples           0/1024            0/16384    ( 0.0%) 
overlays                 0/512             0/180224   ( 0.0%) 
LDR lightdata         [variable]    26239632/0        ( 0.0%) 
HDR lightdata         [variable]           0/0        ( 0.0%) 
visdata               [variable]           0/16777216 ( 0.0%) 
entdata               [variable]       86583/393216   (22.0%) 
LDR ambient table     7955/65536       31820/262144   (12.1%) 
HDR ambient table     7955/65536       31820/262144   (12.1%) 
LDR leaf ambient     12218/65536      342104/1835008  (18.6%) 
HDR leaf ambient      7955/65536      222740/1835008  (12.1%) 
occluders                0/0               0/0        ( 0.0%) 
occluder polygons        0/0               0/0        ( 0.0%) 
occluder vert ind        0/0               0/0        ( 0.0%) 
detail props          [variable]           1/12       ( 8.3%) 
static props          [variable]           1/12       ( 8.3%) 
pakfile               [variable]          54/0        ( 0.0%) 
physics               [variable]      191173/4194304  ( 4.6%) 
physics terrain       [variable]           2/1048576  ( 0.0%) 

Level flags = 0

Total triangle count: 30472
Writing d:\program files (x86)\steam\steamapps\sourcemods\crimewarswtf5\devmaps\bigmap6_3_ctf7.bsp
59 seconds elapsed



Could not find lights.rad in lights.rad.
Trying VRAD BIN directory instead...
Warning: Couldn't open texlight file I:\SteamLibrary\steamapps\common\Source SDK Base 2013 Multiplayer\bin\lights.rad.
Loading d:\program files (x86)\steam\steamapps\sourcemods\crimewarswtf5\devmaps\bigmap6_3_ctf7.bsp
No vis information, direct lighting only.
13819 faces
40430828 square feet [5822039040.00 square inches]
0 Displacements
0 Square Feet [0.00 Square Inches]
9 direct lights
0...1...2...3...4...5...6...7...8...9...10Build Patch/Sample Hash Table(s).....Done<0.6064 sec>
0...1...2...3...4...5...6...7...8...9...10FinalLightFace Done
0 of 0 (0% of) surface lights went in leaf ambient cubes.
0...1...2...3...4...5...6...7...8...9...10Writing leaf ambient...done
Ready to Finish

Object names       Objects/Maxobjs  Memory / Maxmem  Fullness 
------------       ---------------  ---------------  -------- 
models                  80/1024         3840/49152    ( 7.8%) 
brushes                448/8192         5376/98304    ( 5.5%) 
brushsides            2947/65536       23576/524288   ( 4.5%) 
planes                2450/65536       49000/1310720  ( 3.7%) 
vertexes             17710/65536      212520/786432   (27.0%) 
nodes                 7874/65536      251968/2097152  (12.0%) 
texinfos               585/12288       42120/884736   ( 4.8%) 
texdata                 34/2048         1088/65536    ( 1.7%) 
dispinfos                0/0               0/0        ( 0.0%) 
disp_verts               0/0               0/0        ( 0.0%) 
disp_tris                0/0               0/0        ( 0.0%) 
disp_lmsamples           0/0               0/0        ( 0.0%) 
faces                13819/65536      773864/3670016  (21.1%) 
hdr faces            13819/65536      773864/3670016  (21.1%) 
origfaces             2044/65536      114464/3670016  ( 3.1%) 
leaves                7955/65536      254560/2097152  (12.1%) 
leaffaces            15093/65536       30186/131072   (23.0%) 
leafbrushes           2899/65536        5798/131072   ( 4.4%) 
areas                    5/256            40/2048     ( 2.0%) 
surfedges            66422/512000     265688/2048000  (13.0%) 
edges                34357/256000     137428/1024000  (13.4%) 
LDR worldlights          9/8192          792/720896   ( 0.1%) 
HDR worldlights          9/8192          792/720896   ( 0.1%) 
leafwaterdata            0/32768           0/393216   ( 0.0%) 
waterstrips            301/32768        3010/327680   ( 0.9%) 
waterverts               0/65536           0/786432   ( 0.0%) 
waterindices          4479/65536        8958/131072   ( 6.8%) 
cubemapsamples           0/1024            0/16384    ( 0.0%) 
overlays                 0/512             0/180224   ( 0.0%) 
LDR lightdata         [variable]    26239632/0        ( 0.0%) 
HDR lightdata         [variable]    26239632/0        ( 0.0%) 
visdata               [variable]           0/16777216 ( 0.0%) 
entdata               [variable]       86583/393216   (22.0%) 
LDR ambient table     7955/65536       31820/262144   (12.1%) 
HDR ambient table     7955/65536       31820/262144   (12.1%) 
LDR leaf ambient     12218/65536      342104/1835008  (18.6%) 
HDR leaf ambient     22718/65536      636104/1835008  (34.7%) 
occluders                0/0               0/0        ( 0.0%) 
occluder polygons        0/0               0/0        ( 0.0%) 
occluder vert ind        0/0               0/0        ( 0.0%) 
detail props          [variable]           1/12       ( 8.3%) 
static props          [variable]           1/12       ( 8.3%) 
pakfile               [variable]          54/0        ( 0.0%) 
physics               [variable]      191173/4194304  ( 4.6%) 
physics terrain       [variable]           2/1048576  ( 0.0%) 

Level flags = 0

Total triangle count: 30472
Writing d:\program files (x86)\steam\steamapps\sourcemods\crimewarswtf5\devmaps\bigmap6_3_ctf7.bsp
59 seconds elapsed
