


materialPath: e:\program files (x86)\steam\steamapps\sourcemods\crimewarswtf\materials
Loading E:\Program Files (x86)\Steam\steamapps\sourcemods\crimewarswtf\devmaps\bigmap18.vmf
fixing up env_cubemap materials on brush sides...
0...1...2...3...4...5...6...7...8...9...100...1...2...3...4...5...6...7...8...9...10Processing areas...done (0)
Building Faces...done (0)
Chop Details...done (0)
Find Visible Detail Sides...done (0)
Merging details...done (0)
FixTjuncs...
PruneNodes...
WriteBSP...
done (3)
writing E:\Program Files (x86)\Steam\steamapps\sourcemods\crimewarswtf\devmaps\bigmap18.prt...Building visibility clusters...
done (0)
Creating default LDR cubemaps for env_cubemap using skybox materials:
   skybox/sky_day01_01*.vmt
 ! Run buildcubemaps in the engine to get the correct cube maps.
Creating default HDR cubemaps for env_cubemap using skybox materials:
   skybox/sky_day01_01*.vmt
 ! Run buildcubemaps in the engine to get the correct cube maps.
Finding displacement neighbors...
Finding lightmap sample positions...
Displacement Alpha : 0...1...2...3...4...5...6...7...8...9...10
Building Physics collision data...
done (2) (1029718 bytes)
Placing detail props : 0...1...2...3...4...5...6...7...8...9...10
Compacting texture/material tables...
Reduced 1095 texinfos to 876
Reduced 20 texdatas to 19 (509 bytes to 488)
Writing E:\Program Files (x86)\Steam\steamapps\sourcemods\crimewarswtf\devmaps\bigmap18.bsp
9 seconds elapsed
