


materialPath: D:\Program Files (x86)\Steam\SteamApps\sourcemods\CrimeWars2013\materials
Loading D:\Program Files (x86)\Steam\SteamApps\sourcemods\crimewarswtf5\devmaps\bridge38.vmf
ConVarRef mat_reduceparticles doesn't point to an existing ConVar
Could not locate 'GameData' key in d:\program files (x86)\steam\steamapps\sourcemods\crimewars2013\gameinfo.txt
fixing up env_cubemap materials on brush sides...
0...1...2...3...4...5...6...7...8...9...100...1...2...3...4...5...6...7...8...9...10Processing areas...done (0)
Building Faces...done (0)
Chop Details...done (0)
Find Visible Detail Sides...
Merged 10 detail faces...done (0)
Merging details...done (0)
FixTjuncs...
PruneNodes...
WriteBSP...
done (1)
writing D:\Program Files (x86)\Steam\SteamApps\sourcemods\crimewarswtf5\devmaps\bridge38.prt...Building visibility clusters...
done (0)
Finding displacement neighbors...
Finding lightmap sample positions...
Displacement Alpha : 0...1...2...3...4...5...6...7...8...9...10
Building Physics collision data...
Can't shrink brush 1176, plane 847 (0.00, -1.00, 0.00)
Can't shrink brush 1176, plane 848 (0.00, 1.00, 0.00)
Can't shrink brush 1177, plane 847 (0.00, -1.00, 0.00)
Can't shrink brush 1177, plane 848 (0.00, 1.00, 0.00)
Can't shrink brush 1178, plane 847 (0.00, -1.00, 0.00)
Can't shrink brush 1178, plane 848 (0.00, 1.00, 0.00)
Can't shrink brush 1179, plane 847 (0.00, -1.00, 0.00)
Can't shrink brush 1179, plane 848 (0.00, 1.00, 0.00)
Can't shrink brush 1180, plane 847 (0.00, -1.00, 0.00)
Can't shrink brush 1180, plane 848 (0.00, 1.00, 0.00)
Can't shrink brush 1181, plane 847 (0.00, -1.00, 0.00)
Can't shrink brush 1181, plane 848 (0.00, 1.00, 0.00)
Can't shrink brush 1182, plane 847 (0.00, -1.00, 0.00)
Can't shrink brush 1182, plane 848 (0.00, 1.00, 0.00)
Can't shrink brush 1183, plane 847 (0.00, -1.00, 0.00)
Can't shrink brush 1183, plane 848 (0.00, 1.00, 0.00)
Can't shrink brush 1184, plane 847 (0.00, -1.00, 0.00)
Can't shrink brush 1184, plane 848 (0.00, 1.00, 0.00)
Can't shrink brush 1185, plane 847 (0.00, -1.00, 0.00)
Can't shrink brush 1185, plane 848 (0.00, 1.00, 0.00)
Can't shrink brush 1186, plane 847 (0.00, -1.00, 0.00)
Can't shrink brush 1186, plane 848 (0.00, 1.00, 0.00)
Can't shrink brush 1187, plane 847 (0.00, -1.00, 0.00)
Can't shrink brush 1187, plane 848 (0.00, 1.00, 0.00)
Can't shrink brush 1188, plane 847 (0.00, -1.00, 0.00)
Can't shrink brush 1188, plane 848 (0.00, 1.00, 0.00)
Can't shrink brush 1189, plane 847 (0.00, -1.00, 0.00)
Can't shrink brush 1189, plane 848 (0.00, 1.00, 0.00)
Can't shrink brush 1190, plane 847 (0.00, -1.00, 0.00)
Can't shrink brush 1190, plane 848 (0.00, 1.00, 0.00)
Can't shrink brush 1191, plane 847 (0.00, -1.00, 0.00)
Can't shrink brush 1191, plane 848 (0.00, 1.00, 0.00)
Can't shrink brush 1192, plane 847 (0.00, -1.00, 0.00)
Can't shrink brush 1192, plane 848 (0.00, 1.00, 0.00)
Can't shrink brush 1193, plane 847 (0.00, -1.00, 0.00)
Can't shrink brush 1193, plane 848 (0.00, 1.00, 0.00)
Can't shrink brush 1194, plane 847 (0.00, -1.00, 0.00)
Can't shrink brush 1194, plane 848 (0.00, 1.00, 0.00)
Can't shrink brush 1195, plane 847 (0.00, -1.00, 0.00)
Can't shrink brush 1195, plane 848 (0.00, 1.00, 0.00)
Can't shrink brush 1196, plane 847 (0.00, -1.00, 0.00)
Can't shrink brush 1196, plane 848 (0.00, 1.00, 0.00)
Can't shrink brush 1197, plane 847 (0.00, -1.00, 0.00)
Can't shrink brush 1197, plane 848 (0.00, 1.00, 0.00)
Can't shrink brush 1198, plane 847 (0.00, -1.00, 0.00)
Can't shrink brush 1198, plane 848 (0.00, 1.00, 0.00)
Can't shrink brush 1199, plane 847 (0.00, -1.00, 0.00)
Can't shrink brush 1199, plane 848 (0.00, 1.00, 0.00)
Can't shrink brush 1200, plane 847 (0.00, -1.00, 0.00)
Can't shrink brush 1200, plane 848 (0.00, 1.00, 0.00)
Can't shrink brush 1201, plane 847 (0.00, -1.00, 0.00)
Can't shrink brush 1201, plane 848 (0.00, 1.00, 0.00)
Can't shrink brush 1202, plane 847 (0.00, -1.00, 0.00)
Can't shrink brush 1202, plane 848 (0.00, 1.00, 0.00)
Can't shrink brush 1203, plane 847 (0.00, -1.00, 0.00)
Can't shrink brush 1203, plane 848 (0.00, 1.00, 0.00)
Can't shrink brush 1204, plane 847 (0.00, -1.00, 0.00)
Can't shrink brush 1204, plane 848 (0.00, 1.00, 0.00)
Can't shrink brush 1205, plane 847 (0.00, -1.00, 0.00)
Can't shrink brush 1205, plane 848 (0.00, 1.00, 0.00)
Can't shrink brush 1206, plane 847 (0.00, -1.00, 0.00)
Can't shrink brush 1206, plane 848 (0.00, 1.00, 0.00)
Can't shrink brush 1207, plane 847 (0.00, -1.00, 0.00)
Can't shrink brush 1207, plane 848 (0.00, 1.00, 0.00)
Can't shrink brush 1208, plane 847 (0.00, -1.00, 0.00)
Can't shrink brush 1208, plane 848 (0.00, 1.00, 0.00)
Can't shrink brush 1209, plane 847 (0.00, -1.00, 0.00)
Can't shrink brush 1209, plane 848 (0.00, 1.00, 0.00)
Can't shrink brush 1210, plane 847 (0.00, -1.00, 0.00)
Can't shrink brush 1210, plane 848 (0.00, 1.00, 0.00)
Can't shrink brush 1211, plane 847 (0.00, -1.00, 0.00)
Can't shrink brush 1211, plane 848 (0.00, 1.00, 0.00)
Can't shrink brush 1212, plane 847 (0.00, -1.00, 0.00)
Can't shrink brush 1212, plane 848 (0.00, 1.00, 0.00)
Can't shrink brush 1213, plane 847 (0.00, -1.00, 0.00)
Can't shrink brush 1213, plane 848 (0.00, 1.00, 0.00)
Can't shrink brush 1214, plane 847 (0.00, -1.00, 0.00)
Can't shrink brush 1214, plane 848 (0.00, 1.00, 0.00)
Can't shrink brush 1215, plane 847 (0.00, -1.00, 0.00)
Can't shrink brush 1215, plane 848 (0.00, 1.00, 0.00)
Can't shrink brush 1216, plane 847 (0.00, -1.00, 0.00)
Can't shrink brush 1216, plane 848 (0.00, 1.00, 0.00)
Can't shrink brush 1217, plane 847 (0.00, -1.00, 0.00)
Can't shrink brush 1217, plane 848 (0.00, 1.00, 0.00)
Can't shrink brush 1218, plane 847 (0.00, -1.00, 0.00)
Can't shrink brush 1218, plane 848 (0.00, 1.00, 0.00)
Can't shrink brush 1219, plane 847 (0.00, -1.00, 0.00)
Can't shrink brush 1219, plane 848 (0.00, 1.00, 0.00)
Can't shrink brush 1220, plane 847 (0.00, -1.00, 0.00)
Can't shrink brush 1220, plane 848 (0.00, 1.00, 0.00)
Can't shrink brush 1221, plane 847 (0.00, -1.00, 0.00)
Can't shrink brush 1221, plane 848 (0.00, 1.00, 0.00)
Can't shrink brush 1222, plane 847 (0.00, -1.00, 0.00)
Can't shrink brush 1222, plane 848 (0.00, 1.00, 0.00)
Can't shrink brush 1223, plane 847 (0.00, -1.00, 0.00)
Can't shrink brush 1223, plane 848 (0.00, 1.00, 0.00)
Can't shrink brush 1224, plane 847 (0.00, -1.00, 0.00)
Can't shrink brush 1224, plane 848 (0.00, 1.00, 0.00)
Can't shrink brush 1225, plane 847 (0.00, -1.00, 0.00)
Can't shrink brush 1225, plane 848 (0.00, 1.00, 0.00)
Can't shrink brush 1226, plane 847 (0.00, -1.00, 0.00)
Can't shrink brush 1226, plane 848 (0.00, 1.00, 0.00)
Can't shrink brush 1227, plane 847 (0.00, -1.00, 0.00)
Can't shrink brush 1227, plane 848 (0.00, 1.00, 0.00)
Can't shrink brush 1228, plane 847 (0.00, -1.00, 0.00)
Can't shrink brush 1228, plane 848 (0.00, 1.00, 0.00)
Can't shrink brush 1229, plane 847 (0.00, -1.00, 0.00)
Can't shrink brush 1229, plane 848 (0.00, 1.00, 0.00)
Can't shrink brush 1230, plane 847 (0.00, -1.00, 0.00)
Can't shrink brush 1230, plane 848 (0.00, 1.00, 0.00)
Can't shrink brush 1231, plane 847 (0.00, -1.00, 0.00)
Can't shrink brush 1231, plane 848 (0.00, 1.00, 0.00)
Can't shrink brush 1232, plane 847 (0.00, -1.00, 0.00)
Can't shrink brush 1232, plane 848 (0.00, 1.00, 0.00)
Can't shrink brush 1233, plane 847 (0.00, -1.00, 0.00)
Can't shrink brush 1233, plane 848 (0.00, 1.00, 0.00)
Can't shrink brush 1234, plane 847 (0.00, -1.00, 0.00)
Can't shrink brush 1234, plane 848 (0.00, 1.00, 0.00)
Can't shrink brush 1235, plane 847 (0.00, -1.00, 0.00)
Can't shrink brush 1235, plane 848 (0.00, 1.00, 0.00)
Can't shrink brush 1236, plane 847 (0.00, -1.00, 0.00)
Can't shrink brush 1236, plane 848 (0.00, 1.00, 0.00)
Can't shrink brush 1237, plane 847 (0.00, -1.00, 0.00)
Can't shrink brush 1237, plane 848 (0.00, 1.00, 0.00)
Can't shrink brush 1238, plane 847 (0.00, -1.00, 0.00)
Can't shrink brush 1238, plane 848 (0.00, 1.00, 0.00)
Can't shrink brush 1239, plane 847 (0.00, -1.00, 0.00)
Can't shrink brush 1239, plane 848 (0.00, 1.00, 0.00)
Can't shrink brush 1240, plane 847 (0.00, -1.00, 0.00)
Can't shrink brush 1240, plane 848 (0.00, 1.00, 0.00)
Can't shrink brush 1241, plane 847 (0.00, -1.00, 0.00)
Can't shrink brush 1241, plane 848 (0.00, 1.00, 0.00)
Can't shrink brush 1242, plane 847 (0.00, -1.00, 0.00)
Can't shrink brush 1242, plane 848 (0.00, 1.00, 0.00)
Can't shrink brush 1243, plane 847 (0.00, -1.00, 0.00)
Can't shrink brush 1243, plane 848 (0.00, 1.00, 0.00)
Can't shrink brush 1244, plane 847 (0.00, -1.00, 0.00)
Can't shrink brush 1244, plane 848 (0.00, 1.00, 0.00)
Can't shrink brush 1245, plane 847 (0.00, -1.00, 0.00)
Can't shrink brush 1245, plane 848 (0.00, 1.00, 0.00)
Can't shrink brush 1246, plane 847 (0.00, -1.00, 0.00)
Can't shrink brush 1246, plane 848 (0.00, 1.00, 0.00)
Can't shrink brush 1247, plane 847 (0.00, -1.00, 0.00)
Can't shrink brush 1247, plane 848 (0.00, 1.00, 0.00)
Can't shrink brush 1248, plane 863 (0.00, -1.00, 0.00)
Can't shrink brush 1248, plane 864 (0.00, 1.00, 0.00)
Can't shrink brush 1249, plane 847 (0.00, -1.00, 0.00)
Can't shrink brush 1249, plane 848 (0.00, 1.00, 0.00)
Can't shrink brush 1250, plane 847 (0.00, -1.00, 0.00)
Can't shrink brush 1250, plane 848 (0.00, 1.00, 0.00)
Can't shrink brush 1251, plane 847 (0.00, -1.00, 0.00)
Can't shrink brush 1251, plane 848 (0.00, 1.00, 0.00)
Can't shrink brush 1252, plane 847 (0.00, -1.00, 0.00)
Can't shrink brush 1252, plane 848 (0.00, 1.00, 0.00)
Can't shrink brush 1253, plane 847 (0.00, -1.00, 0.00)
Can't shrink brush 1253, plane 848 (0.00, 1.00, 0.00)
Can't shrink brush 1254, plane 847 (0.00, -1.00, 0.00)
Can't shrink brush 1254, plane 848 (0.00, 1.00, 0.00)
Can't shrink brush 1255, plane 847 (0.00, -1.00, 0.00)
Can't shrink brush 1255, plane 848 (0.00, 1.00, 0.00)
Can't shrink brush 1256, plane 847 (0.00, -1.00, 0.00)
Can't shrink brush 1256, plane 848 (0.00, 1.00, 0.00)
Can't shrink brush 1257, plane 847 (0.00, -1.00, 0.00)
Can't shrink brush 1257, plane 848 (0.00, 1.00, 0.00)
Can't shrink brush 1258, plane 847 (0.00, -1.00, 0.00)
Can't shrink brush 1258, plane 848 (0.00, 1.00, 0.00)
Can't shrink brush 1259, plane 847 (0.00, -1.00, 0.00)
Can't shrink brush 1259, plane 848 (0.00, 1.00, 0.00)
Can't shrink brush 1260, plane 847 (0.00, -1.00, 0.00)
Can't shrink brush 1260, plane 848 (0.00, 1.00, 0.00)
Can't shrink brush 1261, plane 847 (0.00, -1.00, 0.00)
Can't shrink brush 1261, plane 848 (0.00, 1.00, 0.00)
Can't shrink brush 1262, plane 847 (0.00, -1.00, 0.00)
Can't shrink brush 1262, plane 848 (0.00, 1.00, 0.00)
Can't shrink brush 1263, plane 847 (0.00, -1.00, 0.00)
Can't shrink brush 1263, plane 848 (0.00, 1.00, 0.00)
Can't shrink brush 1264, plane 847 (0.00, -1.00, 0.00)
Can't shrink brush 1264, plane 848 (0.00, 1.00, 0.00)
Can't shrink brush 1265, plane 847 (0.00, -1.00, 0.00)
Can't shrink brush 1265, plane 848 (0.00, 1.00, 0.00)
Can't shrink brush 1266, plane 847 (0.00, -1.00, 0.00)
Can't shrink brush 1266, plane 848 (0.00, 1.00, 0.00)
Can't shrink brush 1267, plane 847 (0.00, -1.00, 0.00)
Can't shrink brush 1267, plane 848 (0.00, 1.00, 0.00)
Can't shrink brush 1268, plane 847 (0.00, -1.00, 0.00)
Can't shrink brush 1268, plane 848 (0.00, 1.00, 0.00)
Can't shrink brush 1269, plane 847 (0.00, -1.00, 0.00)
Can't shrink brush 1269, plane 848 (0.00, 1.00, 0.00)
Can't shrink brush 1270, plane 847 (0.00, -1.00, 0.00)
Can't shrink brush 1270, plane 848 (0.00, 1.00, 0.00)
Can't shrink brush 1271, plane 847 (0.00, -1.00, 0.00)
Can't shrink brush 1271, plane 848 (0.00, 1.00, 0.00)
Can't shrink brush 1272, plane 847 (0.00, -1.00, 0.00)
Can't shrink brush 1272, plane 848 (0.00, 1.00, 0.00)
Can't shrink brush 1273, plane 847 (0.00, -1.00, 0.00)
Can't shrink brush 1273, plane 848 (0.00, 1.00, 0.00)
Can't shrink brush 1274, plane 847 (0.00, -1.00, 0.00)
Can't shrink brush 1274, plane 848 (0.00, 1.00, 0.00)
Can't shrink brush 1275, plane 847 (0.00, -1.00, 0.00)
Can't shrink brush 1275, plane 848 (0.00, 1.00, 0.00)
Can't shrink brush 1276, plane 847 (0.00, -1.00, 0.00)
Can't shrink brush 1276, plane 848 (0.00, 1.00, 0.00)
Can't shrink brush 1277, plane 847 (0.00, -1.00, 0.00)
Can't shrink brush 1277, plane 848 (0.00, 1.00, 0.00)
Can't shrink brush 1278, plane 847 (0.00, -1.00, 0.00)
Can't shrink brush 1278, plane 848 (0.00, 1.00, 0.00)
Can't shrink brush 1279, plane 847 (0.00, -1.00, 0.00)
Can't shrink brush 1279, plane 848 (0.00, 1.00, 0.00)
Can't shrink brush 1280, plane 847 (0.00, -1.00, 0.00)
Can't shrink brush 1280, plane 848 (0.00, 1.00, 0.00)
Can't shrink brush 1281, plane 847 (0.00, -1.00, 0.00)
Can't shrink brush 1281, plane 848 (0.00, 1.00, 0.00)
Can't shrink brush 1282, plane 847 (0.00, -1.00, 0.00)
Can't shrink brush 1282, plane 848 (0.00, 1.00, 0.00)
Can't shrink brush 1283, plane 847 (0.00, -1.00, 0.00)
Can't shrink brush 1283, plane 848 (0.00, 1.00, 0.00)
Can't shrink brush 1284, plane 847 (0.00, -1.00, 0.00)
Can't shrink brush 1284, plane 848 (0.00, 1.00, 0.00)
Can't shrink brush 1285, plane 847 (0.00, -1.00, 0.00)
Can't shrink brush 1285, plane 848 (0.00, 1.00, 0.00)
Can't shrink brush 1286, plane 847 (0.00, -1.00, 0.00)
Can't shrink brush 1286, plane 848 (0.00, 1.00, 0.00)
Can't shrink brush 1287, plane 847 (0.00, -1.00, 0.00)
Can't shrink brush 1287, plane 848 (0.00, 1.00, 0.00)
Can't shrink brush 1288, plane 847 (0.00, -1.00, 0.00)
Can't shrink brush 1288, plane 848 (0.00, 1.00, 0.00)
Can't shrink brush 1289, plane 847 (0.00, -1.00, 0.00)
Can't shrink brush 1289, plane 848 (0.00, 1.00, 0.00)
Can't shrink brush 1290, plane 847 (0.00, -1.00, 0.00)
Can't shrink brush 1290, plane 848 (0.00, 1.00, 0.00)
Can't shrink brush 1291, plane 847 (0.00, -1.00, 0.00)
Can't shrink brush 1291, plane 848 (0.00, 1.00, 0.00)
Can't shrink brush 1292, plane 847 (0.00, -1.00, 0.00)
Can't shrink brush 1292, plane 848 (0.00, 1.00, 0.00)
Can't shrink brush 1293, plane 847 (0.00, -1.00, 0.00)
Can't shrink brush 1293, plane 848 (0.00, 1.00, 0.00)
Can't shrink brush 1294, plane 847 (0.00, -1.00, 0.00)
Can't shrink brush 1294, plane 848 (0.00, 1.00, 0.00)
Can't shrink brush 1295, plane 847 (0.00, -1.00, 0.00)
Can't shrink brush 1295, plane 848 (0.00, 1.00, 0.00)
Can't shrink brush 1296, plane 847 (0.00, -1.00, 0.00)
Can't shrink brush 1296, plane 848 (0.00, 1.00, 0.00)
Can't shrink brush 1297, plane 847 (0.00, -1.00, 0.00)
Can't shrink brush 1297, plane 848 (0.00, 1.00, 0.00)
Can't shrink brush 1298, plane 847 (0.00, -1.00, 0.00)
Can't shrink brush 1298, plane 848 (0.00, 1.00, 0.00)
Can't shrink brush 1299, plane 847 (0.00, -1.00, 0.00)
Can't shrink brush 1299, plane 848 (0.00, 1.00, 0.00)
Can't shrink brush 1300, plane 871 (-1.00, 0.00, 0.00)
Can't shrink brush 1300, plane 872 (1.00, 0.00, 0.00)
Can't shrink brush 1301, plane 871 (-1.00, 0.00, 0.00)
Can't shrink brush 1301, plane 872 (1.00, 0.00, 0.00)
Can't shrink brush 1302, plane 871 (-1.00, 0.00, 0.00)
Can't shrink brush 1302, plane 872 (1.00, 0.00, 0.00)
Can't shrink brush 1303, plane 871 (-1.00, 0.00, 0.00)
Can't shrink brush 1303, plane 872 (1.00, 0.00, 0.00)
Can't shrink brush 1304, plane 871 (-1.00, 0.00, 0.00)
Can't shrink brush 1304, plane 872 (1.00, 0.00, 0.00)
Can't shrink brush 1305, plane 871 (-1.00, 0.00, 0.00)
Can't shrink brush 1305, plane 872 (1.00, 0.00, 0.00)
Can't shrink brush 1306, plane 871 (-1.00, 0.00, 0.00)
Can't shrink brush 1306, plane 872 (1.00, 0.00, 0.00)
Can't shrink brush 1307, plane 871 (-1.00, 0.00, 0.00)
Can't shrink brush 1307, plane 872 (1.00, 0.00, 0.00)
Can't shrink brush 1308, plane 871 (-1.00, 0.00, 0.00)
Can't shrink brush 1308, plane 872 (1.00, 0.00, 0.00)
Can't shrink brush 1309, plane 871 (-1.00, 0.00, 0.00)
Can't shrink brush 1309, plane 872 (1.00, 0.00, 0.00)
Can't shrink brush 1310, plane 871 (-1.00, 0.00, 0.00)
Can't shrink brush 1310, plane 872 (1.00, 0.00, 0.00)
Can't shrink brush 1311, plane 871 (-1.00, 0.00, 0.00)
Can't shrink brush 1311, plane 872 (1.00, 0.00, 0.00)
Can't shrink brush 1312, plane 871 (-1.00, 0.00, 0.00)
Can't shrink brush 1312, plane 872 (1.00, 0.00, 0.00)
Can't shrink brush 1313, plane 871 (-1.00, 0.00, 0.00)
Can't shrink brush 1313, plane 872 (1.00, 0.00, 0.00)
Can't shrink brush 1314, plane 871 (-1.00, 0.00, 0.00)
Can't shrink brush 1314, plane 872 (1.00, 0.00, 0.00)
Can't shrink brush 1315, plane 871 (-1.00, 0.00, 0.00)
Can't shrink brush 1315, plane 872 (1.00, 0.00, 0.00)
Can't shrink brush 1316, plane 871 (-1.00, 0.00, 0.00)
Can't shrink brush 1316, plane 872 (1.00, 0.00, 0.00)
Can't shrink brush 1317, plane 871 (-1.00, 0.00, 0.00)
Can't shrink brush 1317, plane 872 (1.00, 0.00, 0.00)
Can't shrink brush 1318, plane 871 (-1.00, 0.00, 0.00)
Can't shrink brush 1318, plane 872 (1.00, 0.00, 0.00)
Can't shrink brush 1319, plane 871 (-1.00, 0.00, 0.00)
Can't shrink brush 1319, plane 872 (1.00, 0.00, 0.00)
Can't shrink brush 1320, plane 871 (-1.00, 0.00, 0.00)
Can't shrink brush 1320, plane 872 (1.00, 0.00, 0.00)
Can't shrink brush 1321, plane 871 (-1.00, 0.00, 0.00)
Can't shrink brush 1321, plane 872 (1.00, 0.00, 0.00)
Can't shrink brush 1322, plane 871 (-1.00, 0.00, 0.00)
Can't shrink brush 1322, plane 872 (1.00, 0.00, 0.00)
Can't shrink brush 1323, plane 871 (-1.00, 0.00, 0.00)
Can't shrink brush 1323, plane 872 (1.00, 0.00, 0.00)
Can't shrink brush 1324, plane 871 (-1.00, 0.00, 0.00)
Can't shrink brush 1324, plane 872 (1.00, 0.00, 0.00)
Can't shrink brush 1325, plane 871 (-1.00, 0.00, 0.00)
Can't shrink brush 1325, plane 872 (1.00, 0.00, 0.00)
Can't shrink brush 1326, plane 871 (-1.00, 0.00, 0.00)
Can't shrink brush 1326, plane 872 (1.00, 0.00, 0.00)
Can't shrink brush 1327, plane 871 (-1.00, 0.00, 0.00)
Can't shrink brush 1327, plane 872 (1.00, 0.00, 0.00)
Can't shrink brush 1328, plane 871 (-1.00, 0.00, 0.00)
Can't shrink brush 1328, plane 872 (1.00, 0.00, 0.00)
Can't shrink brush 1329, plane 871 (-1.00, 0.00, 0.00)
Can't shrink brush 1329, plane 872 (1.00, 0.00, 0.00)
Can't shrink brush 1330, plane 871 (-1.00, 0.00, 0.00)
Can't shrink brush 1330, plane 872 (1.00, 0.00, 0.00)
Can't shrink brush 1331, plane 871 (-1.00, 0.00, 0.00)
Can't shrink brush 1331, plane 872 (1.00, 0.00, 0.00)
Can't shrink brush 1332, plane 871 (-1.00, 0.00, 0.00)
Can't shrink brush 1332, plane 872 (1.00, 0.00, 0.00)
Can't shrink brush 1333, plane 871 (-1.00, 0.00, 0.00)
Can't shrink brush 1333, plane 872 (1.00, 0.00, 0.00)
Can't shrink brush 1334, plane 871 (-1.00, 0.00, 0.00)
Can't shrink brush 1334, plane 872 (1.00, 0.00, 0.00)
Can't shrink brush 1335, plane 871 (-1.00, 0.00, 0.00)
Can't shrink brush 1335, plane 872 (1.00, 0.00, 0.00)
Can't shrink brush 1336, plane 871 (-1.00, 0.00, 0.00)
Can't shrink brush 1336, plane 872 (1.00, 0.00, 0.00)
Can't shrink brush 1337, plane 871 (-1.00, 0.00, 0.00)
Can't shrink brush 1337, plane 872 (1.00, 0.00, 0.00)
Can't shrink brush 1338, plane 871 (-1.00, 0.00, 0.00)
Can't shrink brush 1338, plane 872 (1.00, 0.00, 0.00)
Can't shrink brush 1339, plane 871 (-1.00, 0.00, 0.00)
Can't shrink brush 1339, plane 872 (1.00, 0.00, 0.00)
Can't shrink brush 1340, plane 871 (-1.00, 0.00, 0.00)
Can't shrink brush 1340, plane 872 (1.00, 0.00, 0.00)
Can't shrink brush 1341, plane 871 (-1.00, 0.00, 0.00)
Can't shrink brush 1341, plane 872 (1.00, 0.00, 0.00)
Can't shrink brush 1342, plane 871 (-1.00, 0.00, 0.00)
Can't shrink brush 1342, plane 872 (1.00, 0.00, 0.00)
Can't shrink brush 1343, plane 871 (-1.00, 0.00, 0.00)
Can't shrink brush 1343, plane 872 (1.00, 0.00, 0.00)
Can't shrink brush 1344, plane 871 (-1.00, 0.00, 0.00)
Can't shrink brush 1344, plane 872 (1.00, 0.00, 0.00)
Can't shrink brush 1345, plane 871 (-1.00, 0.00, 0.00)
Can't shrink brush 1345, plane 872 (1.00, 0.00, 0.00)
Can't shrink brush 1346, plane 871 (-1.00, 0.00, 0.00)
Can't shrink brush 1346, plane 872 (1.00, 0.00, 0.00)
Can't shrink brush 1347, plane 871 (-1.00, 0.00, 0.00)
Can't shrink brush 1347, plane 872 (1.00, 0.00, 0.00)
Can't shrink brush 1348, plane 871 (-1.00, 0.00, 0.00)
Can't shrink brush 1348, plane 872 (1.00, 0.00, 0.00)
Can't shrink brush 1349, plane 871 (-1.00, 0.00, 0.00)
Can't shrink brush 1349, plane 872 (1.00, 0.00, 0.00)
Can't shrink brush 1350, plane 871 (-1.00, 0.00, 0.00)
Can't shrink brush 1350, plane 872 (1.00, 0.00, 0.00)
Can't shrink brush 1351, plane 871 (-1.00, 0.00, 0.00)
Can't shrink brush 1351, plane 872 (1.00, 0.00, 0.00)
Can't shrink brush 1352, plane 871 (-1.00, 0.00, 0.00)
Can't shrink brush 1352, plane 872 (1.00, 0.00, 0.00)
Can't shrink brush 1353, plane 871 (-1.00, 0.00, 0.00)
Can't shrink brush 1353, plane 872 (1.00, 0.00, 0.00)
Can't shrink brush 1354, plane 871 (-1.00, 0.00, 0.00)
Can't shrink brush 1354, plane 872 (1.00, 0.00, 0.00)
Can't shrink brush 1355, plane 871 (-1.00, 0.00, 0.00)
Can't shrink brush 1355, plane 872 (1.00, 0.00, 0.00)
Can't shrink brush 1356, plane 871 (-1.00, 0.00, 0.00)
Can't shrink brush 1356, plane 872 (1.00, 0.00, 0.00)
Can't shrink brush 1357, plane 871 (-1.00, 0.00, 0.00)
Can't shrink brush 1357, plane 872 (1.00, 0.00, 0.00)
Can't shrink brush 1358, plane 871 (-1.00, 0.00, 0.00)
Can't shrink brush 1358, plane 872 (1.00, 0.00, 0.00)
Can't shrink brush 1359, plane 871 (-1.00, 0.00, 0.00)
Can't shrink brush 1359, plane 872 (1.00, 0.00, 0.00)
Can't shrink brush 1360, plane 871 (-1.00, 0.00, 0.00)
Can't shrink brush 1360, plane 872 (1.00, 0.00, 0.00)
Can't shrink brush 1361, plane 871 (-1.00, 0.00, 0.00)
Can't shrink brush 1361, plane 872 (1.00, 0.00, 0.00)
Can't shrink brush 1362, plane 871 (-1.00, 0.00, 0.00)
Can't shrink brush 1362, plane 872 (1.00, 0.00, 0.00)
Can't shrink brush 1363, plane 871 (-1.00, 0.00, 0.00)
Can't shrink brush 1363, plane 872 (1.00, 0.00, 0.00)
Can't shrink brush 1364, plane 871 (-1.00, 0.00, 0.00)
Can't shrink brush 1364, plane 872 (1.00, 0.00, 0.00)
Can't shrink brush 1365, plane 871 (-1.00, 0.00, 0.00)
Can't shrink brush 1365, plane 872 (1.00, 0.00, 0.00)
Can't shrink brush 1366, plane 871 (-1.00, 0.00, 0.00)
Can't shrink brush 1366, plane 872 (1.00, 0.00, 0.00)
Can't shrink brush 1367, plane 871 (-1.00, 0.00, 0.00)
Can't shrink brush 1367, plane 872 (1.00, 0.00, 0.00)
Can't shrink brush 1368, plane 871 (-1.00, 0.00, 0.00)
Can't shrink brush 1368, plane 872 (1.00, 0.00, 0.00)
Can't shrink brush 1369, plane 871 (-1.00, 0.00, 0.00)
Can't shrink brush 1369, plane 872 (1.00, 0.00, 0.00)
Can't shrink brush 1370, plane 871 (-1.00, 0.00, 0.00)
Can't shrink brush 1370, plane 872 (1.00, 0.00, 0.00)
Can't shrink brush 1371, plane 871 (-1.00, 0.00, 0.00)
Can't shrink brush 1371, plane 872 (1.00, 0.00, 0.00)
Can't shrink brush 1372, plane 871 (-1.00, 0.00, 0.00)
Can't shrink brush 1372, plane 872 (1.00, 0.00, 0.00)
Can't shrink brush 1373, plane 871 (-1.00, 0.00, 0.00)
Can't shrink brush 1373, plane 872 (1.00, 0.00, 0.00)
Can't shrink brush 1374, plane 871 (-1.00, 0.00, 0.00)
Can't shrink brush 1374, plane 872 (1.00, 0.00, 0.00)
Can't shrink brush 1375, plane 871 (-1.00, 0.00, 0.00)
Can't shrink brush 1375, plane 872 (1.00, 0.00, 0.00)
Can't shrink brush 1376, plane 879 (-1.00, 0.00, 0.00)
Can't shrink brush 1376, plane 880 (1.00, 0.00, 0.00)
Can't shrink brush 1377, plane 871 (-1.00, 0.00, 0.00)
Can't shrink brush 1377, plane 872 (1.00, 0.00, 0.00)
Can't shrink brush 1378, plane 871 (-1.00, 0.00, 0.00)
Can't shrink brush 1378, plane 872 (1.00, 0.00, 0.00)
Can't shrink brush 1379, plane 871 (-1.00, 0.00, 0.00)
Can't shrink brush 1379, plane 872 (1.00, 0.00, 0.00)
Can't shrink brush 1380, plane 871 (-1.00, 0.00, 0.00)
Can't shrink brush 1380, plane 872 (1.00, 0.00, 0.00)
Can't shrink brush 1381, plane 871 (-1.00, 0.00, 0.00)
Can't shrink brush 1381, plane 872 (1.00, 0.00, 0.00)
Can't shrink brush 1382, plane 871 (-1.00, 0.00, 0.00)
Can't shrink brush 1382, plane 872 (1.00, 0.00, 0.00)
Can't shrink brush 1383, plane 871 (-1.00, 0.00, 0.00)
Can't shrink brush 1383, plane 872 (1.00, 0.00, 0.00)
Can't shrink brush 1384, plane 871 (-1.00, 0.00, 0.00)
Can't shrink brush 1384, plane 872 (1.00, 0.00, 0.00)
Can't shrink brush 1385, plane 871 (-1.00, 0.00, 0.00)
Can't shrink brush 1385, plane 872 (1.00, 0.00, 0.00)
Can't shrink brush 1386, plane 871 (-1.00, 0.00, 0.00)
Can't shrink brush 1386, plane 872 (1.00, 0.00, 0.00)
Can't shrink brush 1387, plane 871 (-1.00, 0.00, 0.00)
Can't shrink brush 1387, plane 872 (1.00, 0.00, 0.00)
Can't shrink brush 1388, plane 871 (-1.00, 0.00, 0.00)
Can't shrink brush 1388, plane 872 (1.00, 0.00, 0.00)
Can't shrink brush 1389, plane 871 (-1.00, 0.00, 0.00)
Can't shrink brush 1389, plane 872 (1.00, 0.00, 0.00)
Can't shrink brush 1390, plane 871 (-1.00, 0.00, 0.00)
Can't shrink brush 1390, plane 872 (1.00, 0.00, 0.00)
Can't shrink brush 1391, plane 871 (-1.00, 0.00, 0.00)
Can't shrink brush 1391, plane 872 (1.00, 0.00, 0.00)
Can't shrink brush 1392, plane 871 (-1.00, 0.00, 0.00)
Can't shrink brush 1392, plane 872 (1.00, 0.00, 0.00)
Can't shrink brush 1393, plane 871 (-1.00, 0.00, 0.00)
Can't shrink brush 1393, plane 872 (1.00, 0.00, 0.00)
Can't shrink brush 1394, plane 871 (-1.00, 0.00, 0.00)
Can't shrink brush 1394, plane 872 (1.00, 0.00, 0.00)
Can't shrink brush 1395, plane 871 (-1.00, 0.00, 0.00)
Can't shrink brush 1395, plane 872 (1.00, 0.00, 0.00)
Can't shrink brush 1396, plane 871 (-1.00, 0.00, 0.00)
Can't shrink brush 1396, plane 872 (1.00, 0.00, 0.00)
Can't shrink brush 1397, plane 871 (-1.00, 0.00, 0.00)
Can't shrink brush 1397, plane 872 (1.00, 0.00, 0.00)
Can't shrink brush 1398, plane 871 (-1.00, 0.00, 0.00)
Can't shrink brush 1398, plane 872 (1.00, 0.00, 0.00)
Can't shrink brush 1399, plane 871 (-1.00, 0.00, 0.00)
Can't shrink brush 1399, plane 872 (1.00, 0.00, 0.00)
Can't shrink brush 1400, plane 871 (-1.00, 0.00, 0.00)
Can't shrink brush 1400, plane 872 (1.00, 0.00, 0.00)
Can't shrink brush 1401, plane 871 (-1.00, 0.00, 0.00)
Can't shrink brush 1401, plane 872 (1.00, 0.00, 0.00)
Can't shrink brush 1402, plane 871 (-1.00, 0.00, 0.00)
Can't shrink brush 1402, plane 872 (1.00, 0.00, 0.00)
Can't shrink brush 1403, plane 871 (-1.00, 0.00, 0.00)
Can't shrink brush 1403, plane 872 (1.00, 0.00, 0.00)
Can't shrink brush 1404, plane 871 (-1.00, 0.00, 0.00)
Can't shrink brush 1404, plane 872 (1.00, 0.00, 0.00)
Can't shrink brush 1405, plane 871 (-1.00, 0.00, 0.00)
Can't shrink brush 1405, plane 872 (1.00, 0.00, 0.00)
Can't shrink brush 1406, plane 871 (-1.00, 0.00, 0.00)
Can't shrink brush 1406, plane 872 (1.00, 0.00, 0.00)
Can't shrink brush 1407, plane 871 (-1.00, 0.00, 0.00)
Can't shrink brush 1407, plane 872 (1.00, 0.00, 0.00)
Can't shrink brush 1408, plane 871 (-1.00, 0.00, 0.00)
Can't shrink brush 1408, plane 872 (1.00, 0.00, 0.00)
Can't shrink brush 1409, plane 871 (-1.00, 0.00, 0.00)
Can't shrink brush 1409, plane 872 (1.00, 0.00, 0.00)
Can't shrink brush 1410, plane 871 (-1.00, 0.00, 0.00)
Can't shrink brush 1410, plane 872 (1.00, 0.00, 0.00)
Can't shrink brush 1411, plane 871 (-1.00, 0.00, 0.00)
Can't shrink brush 1411, plane 872 (1.00, 0.00, 0.00)
Can't shrink brush 1412, plane 871 (-1.00, 0.00, 0.00)
Can't shrink brush 1412, plane 872 (1.00, 0.00, 0.00)
Can't shrink brush 1413, plane 871 (-1.00, 0.00, 0.00)
Can't shrink brush 1413, plane 872 (1.00, 0.00, 0.00)
Can't shrink brush 1414, plane 871 (-1.00, 0.00, 0.00)
Can't shrink brush 1414, plane 872 (1.00, 0.00, 0.00)
Can't shrink brush 1415, plane 871 (-1.00, 0.00, 0.00)
Can't shrink brush 1415, plane 872 (1.00, 0.00, 0.00)
Can't shrink brush 1416, plane 871 (-1.00, 0.00, 0.00)
Can't shrink brush 1416, plane 872 (1.00, 0.00, 0.00)
Can't shrink brush 1417, plane 871 (-1.00, 0.00, 0.00)
Can't shrink brush 1417, plane 872 (1.00, 0.00, 0.00)
Can't shrink brush 1418, plane 871 (-1.00, 0.00, 0.00)
Can't shrink brush 1418, plane 872 (1.00, 0.00, 0.00)
Can't shrink brush 1419, plane 871 (-1.00, 0.00, 0.00)
Can't shrink brush 1419, plane 872 (1.00, 0.00, 0.00)
Can't shrink brush 1420, plane 871 (-1.00, 0.00, 0.00)
Can't shrink brush 1420, plane 872 (1.00, 0.00, 0.00)
Can't shrink brush 1421, plane 871 (-1.00, 0.00, 0.00)
Can't shrink brush 1421, plane 872 (1.00, 0.00, 0.00)
Can't shrink brush 1422, plane 871 (-1.00, 0.00, 0.00)
Can't shrink brush 1422, plane 872 (1.00, 0.00, 0.00)
Can't shrink brush 1423, plane 871 (-1.00, 0.00, 0.00)
Can't shrink brush 1423, plane 872 (1.00, 0.00, 0.00)
Can't shrink brush 1424, plane 871 (-1.00, 0.00, 0.00)
Can't shrink brush 1424, plane 872 (1.00, 0.00, 0.00)
Can't shrink brush 1425, plane 871 (-1.00, 0.00, 0.00)
Can't shrink brush 1425, plane 872 (1.00, 0.00, 0.00)
Can't shrink brush 1426, plane 871 (-1.00, 0.00, 0.00)
Can't shrink brush 1426, plane 872 (1.00, 0.00, 0.00)
Can't shrink brush 1427, plane 871 (-1.00, 0.00, 0.00)
Can't shrink brush 1427, plane 872 (1.00, 0.00, 0.00)
Can't shrink brush 1428, plane 871 (-1.00, 0.00, 0.00)
Can't shrink brush 1428, plane 872 (1.00, 0.00, 0.00)
Can't shrink brush 1429, plane 871 (-1.00, 0.00, 0.00)
Can't shrink brush 1429, plane 872 (1.00, 0.00, 0.00)
Can't shrink brush 1430, plane 871 (-1.00, 0.00, 0.00)
Can't shrink brush 1430, plane 872 (1.00, 0.00, 0.00)
Can't shrink brush 1431, plane 871 (-1.00, 0.00, 0.00)
Can't shrink brush 1431, plane 872 (1.00, 0.00, 0.00)
Can't shrink brush 1432, plane 871 (-1.00, 0.00, 0.00)
Can't shrink brush 1432, plane 872 (1.00, 0.00, 0.00)
Can't shrink brush 1433, plane 871 (-1.00, 0.00, 0.00)
Can't shrink brush 1433, plane 872 (1.00, 0.00, 0.00)
Can't shrink brush 1434, plane 871 (-1.00, 0.00, 0.00)
Can't shrink brush 1434, plane 872 (1.00, 0.00, 0.00)
Can't shrink brush 1435, plane 871 (-1.00, 0.00, 0.00)
Can't shrink brush 1435, plane 872 (1.00, 0.00, 0.00)
Can't shrink brush 1436, plane 871 (-1.00, 0.00, 0.00)
Can't shrink brush 1436, plane 872 (1.00, 0.00, 0.00)
Can't shrink brush 1437, plane 871 (-1.00, 0.00, 0.00)
Can't shrink brush 1437, plane 872 (1.00, 0.00, 0.00)
Can't shrink brush 1438, plane 871 (-1.00, 0.00, 0.00)
Can't shrink brush 1438, plane 872 (1.00, 0.00, 0.00)
Can't shrink brush 1439, plane 871 (-1.00, 0.00, 0.00)
Can't shrink brush 1439, plane 872 (1.00, 0.00, 0.00)
Can't shrink brush 1440, plane 871 (-1.00, 0.00, 0.00)
Can't shrink brush 1440, plane 872 (1.00, 0.00, 0.00)
Can't shrink brush 1441, plane 871 (-1.00, 0.00, 0.00)
Can't shrink brush 1441, plane 872 (1.00, 0.00, 0.00)
Can't shrink brush 1442, plane 871 (-1.00, 0.00, 0.00)
Can't shrink brush 1442, plane 872 (1.00, 0.00, 0.00)
Can't shrink brush 1443, plane 871 (-1.00, 0.00, 0.00)
Can't shrink brush 1443, plane 872 (1.00, 0.00, 0.00)
Can't shrink brush 1444, plane 871 (-1.00, 0.00, 0.00)
Can't shrink brush 1444, plane 872 (1.00, 0.00, 0.00)
Can't shrink brush 1445, plane 871 (-1.00, 0.00, 0.00)
Can't shrink brush 1445, plane 872 (1.00, 0.00, 0.00)
Can't shrink brush 1446, plane 871 (-1.00, 0.00, 0.00)
Can't shrink brush 1446, plane 872 (1.00, 0.00, 0.00)
Can't shrink brush 1447, plane 871 (-1.00, 0.00, 0.00)
Can't shrink brush 1447, plane 872 (1.00, 0.00, 0.00)
Can't shrink brush 1448, plane 871 (-1.00, 0.00, 0.00)
Can't shrink brush 1448, plane 872 (1.00, 0.00, 0.00)
Can't shrink brush 1449, plane 871 (-1.00, 0.00, 0.00)
Can't shrink brush 1449, plane 872 (1.00, 0.00, 0.00)
Can't shrink brush 1450, plane 871 (-1.00, 0.00, 0.00)
Can't shrink brush 1450, plane 872 (1.00, 0.00, 0.00)
Can't shrink brush 1451, plane 871 (-1.00, 0.00, 0.00)
Can't shrink brush 1451, plane 872 (1.00, 0.00, 0.00)
Can't shrink brush 1452, plane 871 (-1.00, 0.00, 0.00)
Can't shrink brush 1452, plane 872 (1.00, 0.00, 0.00)
Can't shrink brush 1453, plane 871 (-1.00, 0.00, 0.00)
Can't shrink brush 1453, plane 872 (1.00, 0.00, 0.00)
Can't shrink brush 1454, plane 871 (-1.00, 0.00, 0.00)
Can't shrink brush 1454, plane 872 (1.00, 0.00, 0.00)
Can't shrink brush 1455, plane 871 (-1.00, 0.00, 0.00)
Can't shrink brush 1455, plane 872 (1.00, 0.00, 0.00)
Can't shrink brush 1456, plane 871 (-1.00, 0.00, 0.00)
Can't shrink brush 1456, plane 872 (1.00, 0.00, 0.00)
Can't shrink brush 1457, plane 871 (-1.00, 0.00, 0.00)
Can't shrink brush 1457, plane 872 (1.00, 0.00, 0.00)
Can't shrink brush 1458, plane 871 (-1.00, 0.00, 0.00)
Can't shrink brush 1458, plane 872 (1.00, 0.00, 0.00)
Can't shrink brush 1459, plane 871 (-1.00, 0.00, 0.00)
Can't shrink brush 1459, plane 872 (1.00, 0.00, 0.00)
Can't shrink brush 1460, plane 871 (-1.00, 0.00, 0.00)
Can't shrink brush 1460, plane 872 (1.00, 0.00, 0.00)
Can't shrink brush 1461, plane 871 (-1.00, 0.00, 0.00)
Can't shrink brush 1461, plane 872 (1.00, 0.00, 0.00)
Can't shrink brush 1462, plane 871 (-1.00, 0.00, 0.00)
Can't shrink brush 1462, plane 872 (1.00, 0.00, 0.00)
Can't shrink brush 1463, plane 871 (-1.00, 0.00, 0.00)
Can't shrink brush 1463, plane 872 (1.00, 0.00, 0.00)
Can't shrink brush 1464, plane 871 (-1.00, 0.00, 0.00)
Can't shrink brush 1464, plane 872 (1.00, 0.00, 0.00)
Can't shrink brush 1465, plane 871 (-1.00, 0.00, 0.00)
Can't shrink brush 1465, plane 872 (1.00, 0.00, 0.00)
Can't shrink brush 1466, plane 871 (-1.00, 0.00, 0.00)
Can't shrink brush 1466, plane 872 (1.00, 0.00, 0.00)
Can't shrink brush 1467, plane 871 (-1.00, 0.00, 0.00)
Can't shrink brush 1467, plane 872 (1.00, 0.00, 0.00)
Can't shrink brush 1468, plane 871 (-1.00, 0.00, 0.00)
Can't shrink brush 1468, plane 872 (1.00, 0.00, 0.00)
Can't shrink brush 1469, plane 871 (-1.00, 0.00, 0.00)
Can't shrink brush 1469, plane 872 (1.00, 0.00, 0.00)
Can't shrink brush 1470, plane 871 (-1.00, 0.00, 0.00)
Can't shrink brush 1470, plane 872 (1.00, 0.00, 0.00)
Can't shrink brush 1471, plane 871 (-1.00, 0.00, 0.00)
Can't shrink brush 1471, plane 872 (1.00, 0.00, 0.00)
Can't shrink brush 1472, plane 871 (-1.00, 0.00, 0.00)
Can't shrink brush 1472, plane 872 (1.00, 0.00, 0.00)
Can't shrink brush 1473, plane 871 (-1.00, 0.00, 0.00)
Can't shrink brush 1473, plane 872 (1.00, 0.00, 0.00)
Can't shrink brush 1474, plane 871 (-1.00, 0.00, 0.00)
Can't shrink brush 1474, plane 872 (1.00, 0.00, 0.00)
Can't shrink brush 1475, plane 871 (-1.00, 0.00, 0.00)
Can't shrink brush 1475, plane 872 (1.00, 0.00, 0.00)
Can't shrink brush 1476, plane 871 (-1.00, 0.00, 0.00)
Can't shrink brush 1476, plane 872 (1.00, 0.00, 0.00)
Can't shrink brush 1477, plane 871 (-1.00, 0.00, 0.00)
Can't shrink brush 1477, plane 872 (1.00, 0.00, 0.00)
Can't shrink brush 1478, plane 871 (-1.00, 0.00, 0.00)
Can't shrink brush 1478, plane 872 (1.00, 0.00, 0.00)
Can't shrink brush 1479, plane 871 (-1.00, 0.00, 0.00)
Can't shrink brush 1479, plane 872 (1.00, 0.00, 0.00)
Can't shrink brush 1480, plane 871 (-1.00, 0.00, 0.00)
Can't shrink brush 1480, plane 872 (1.00, 0.00, 0.00)
Can't shrink brush 1481, plane 871 (-1.00, 0.00, 0.00)
Can't shrink brush 1481, plane 872 (1.00, 0.00, 0.00)
Can't shrink brush 1482, plane 871 (-1.00, 0.00, 0.00)
Can't shrink brush 1482, plane 872 (1.00, 0.00, 0.00)
Can't shrink brush 1483, plane 871 (-1.00, 0.00, 0.00)
Can't shrink brush 1483, plane 872 (1.00, 0.00, 0.00)
Can't shrink brush 1484, plane 871 (-1.00, 0.00, 0.00)
Can't shrink brush 1484, plane 872 (1.00, 0.00, 0.00)
Can't shrink brush 1485, plane 871 (-1.00, 0.00, 0.00)
Can't shrink brush 1485, plane 872 (1.00, 0.00, 0.00)
Can't shrink brush 1486, plane 871 (-1.00, 0.00, 0.00)
Can't shrink brush 1486, plane 872 (1.00, 0.00, 0.00)
Can't shrink brush 1487, plane 871 (-1.00, 0.00, 0.00)
Can't shrink brush 1487, plane 872 (1.00, 0.00, 0.00)
Can't shrink brush 1488, plane 871 (-1.00, 0.00, 0.00)
Can't shrink brush 1488, plane 872 (1.00, 0.00, 0.00)
Can't shrink brush 1489, plane 871 (-1.00, 0.00, 0.00)
Can't shrink brush 1489, plane 872 (1.00, 0.00, 0.00)
Can't shrink brush 1490, plane 871 (-1.00, 0.00, 0.00)
Can't shrink brush 1490, plane 872 (1.00, 0.00, 0.00)
Can't shrink brush 1491, plane 871 (-1.00, 0.00, 0.00)
Can't shrink brush 1491, plane 872 (1.00, 0.00, 0.00)
Can't shrink brush 1492, plane 871 (-1.00, 0.00, 0.00)
Can't shrink brush 1492, plane 872 (1.00, 0.00, 0.00)
Can't shrink brush 1493, plane 871 (-1.00, 0.00, 0.00)
Can't shrink brush 1493, plane 872 (1.00, 0.00, 0.00)
Can't shrink brush 1494, plane 871 (-1.00, 0.00, 0.00)
Can't shrink brush 1494, plane 872 (1.00, 0.00, 0.00)
Can't shrink brush 1495, plane 871 (-1.00, 0.00, 0.00)
Can't shrink brush 1495, plane 872 (1.00, 0.00, 0.00)
Can't shrink brush 1496, plane 871 (-1.00, 0.00, 0.00)
Can't shrink brush 1496, plane 872 (1.00, 0.00, 0.00)
Can't shrink brush 1497, plane 871 (-1.00, 0.00, 0.00)
Can't shrink brush 1497, plane 872 (1.00, 0.00, 0.00)
Can't shrink brush 1498, plane 871 (-1.00, 0.00, 0.00)
Can't shrink brush 1498, plane 872 (1.00, 0.00, 0.00)
Can't shrink brush 1499, plane 871 (-1.00, 0.00, 0.00)
Can't shrink brush 1499, plane 872 (1.00, 0.00, 0.00)
Can't shrink brush 1500, plane 871 (-1.00, 0.00, 0.00)
Can't shrink brush 1500, plane 872 (1.00, 0.00, 0.00)
Can't shrink brush 1501, plane 871 (-1.00, 0.00, 0.00)
Can't shrink brush 1501, plane 872 (1.00, 0.00, 0.00)
Can't shrink brush 1502, plane 871 (-1.00, 0.00, 0.00)
Can't shrink brush 1502, plane 872 (1.00, 0.00, 0.00)
Can't shrink brush 1503, plane 871 (-1.00, 0.00, 0.00)
Can't shrink brush 1503, plane 872 (1.00, 0.00, 0.00)
Can't shrink brush 1504, plane 891 (-1.00, 0.00, 0.00)
Can't shrink brush 1504, plane 892 (1.00, 0.00, 0.00)
Can't shrink brush 1505, plane 871 (-1.00, 0.00, 0.00)
Can't shrink brush 1505, plane 872 (1.00, 0.00, 0.00)
Can't shrink brush 1506, plane 871 (-1.00, 0.00, 0.00)
Can't shrink brush 1506, plane 872 (1.00, 0.00, 0.00)
Can't shrink brush 1507, plane 871 (-1.00, 0.00, 0.00)
Can't shrink brush 1507, plane 872 (1.00, 0.00, 0.00)
Can't shrink brush 1508, plane 871 (-1.00, 0.00, 0.00)
Can't shrink brush 1508, plane 872 (1.00, 0.00, 0.00)
Can't shrink brush 1509, plane 871 (-1.00, 0.00, 0.00)
Can't shrink brush 1509, plane 872 (1.00, 0.00, 0.00)
Can't shrink brush 1510, plane 871 (-1.00, 0.00, 0.00)
Can't shrink brush 1510, plane 872 (1.00, 0.00, 0.00)
Can't shrink brush 1511, plane 871 (-1.00, 0.00, 0.00)
Can't shrink brush 1511, plane 872 (1.00, 0.00, 0.00)
Can't shrink brush 1512, plane 871 (-1.00, 0.00, 0.00)
Can't shrink brush 1512, plane 872 (1.00, 0.00, 0.00)
Can't shrink brush 1513, plane 871 (-1.00, 0.00, 0.00)
Can't shrink brush 1513, plane 872 (1.00, 0.00, 0.00)
Can't shrink brush 1514, plane 871 (-1.00, 0.00, 0.00)
Can't shrink brush 1514, plane 872 (1.00, 0.00, 0.00)
Can't shrink brush 1515, plane 871 (-1.00, 0.00, 0.00)
Can't shrink brush 1515, plane 872 (1.00, 0.00, 0.00)
Can't shrink brush 1516, plane 871 (-1.00, 0.00, 0.00)
Can't shrink brush 1516, plane 872 (1.00, 0.00, 0.00)
Can't shrink brush 1517, plane 871 (-1.00, 0.00, 0.00)
Can't shrink brush 1517, plane 872 (1.00, 0.00, 0.00)
Can't shrink brush 1518, plane 871 (-1.00, 0.00, 0.00)
Can't shrink brush 1518, plane 872 (1.00, 0.00, 0.00)
Can't shrink brush 1519, plane 871 (-1.00, 0.00, 0.00)
Can't shrink brush 1519, plane 872 (1.00, 0.00, 0.00)
Can't shrink brush 1520, plane 871 (-1.00, 0.00, 0.00)
Can't shrink brush 1520, plane 872 (1.00, 0.00, 0.00)
Can't shrink brush 1521, plane 871 (-1.00, 0.00, 0.00)
Can't shrink brush 1521, plane 872 (1.00, 0.00, 0.00)
Can't shrink brush 1522, plane 871 (-1.00, 0.00, 0.00)
Can't shrink brush 1522, plane 872 (1.00, 0.00, 0.00)
Can't shrink brush 1523, plane 871 (-1.00, 0.00, 0.00)
Can't shrink brush 1523, plane 872 (1.00, 0.00, 0.00)
Can't shrink brush 1524, plane 871 (-1.00, 0.00, 0.00)
Can't shrink brush 1524, plane 872 (1.00, 0.00, 0.00)
Can't shrink brush 1525, plane 871 (-1.00, 0.00, 0.00)
Can't shrink brush 1525, plane 872 (1.00, 0.00, 0.00)
Can't shrink brush 1526, plane 871 (-1.00, 0.00, 0.00)
Can't shrink brush 1526, plane 872 (1.00, 0.00, 0.00)
Can't shrink brush 1527, plane 871 (-1.00, 0.00, 0.00)
Can't shrink brush 1527, plane 872 (1.00, 0.00, 0.00)
Can't shrink brush 1528, plane 871 (-1.00, 0.00, 0.00)
Can't shrink brush 1528, plane 872 (1.00, 0.00, 0.00)
Can't shrink brush 1529, plane 871 (-1.00, 0.00, 0.00)
Can't shrink brush 1529, plane 872 (1.00, 0.00, 0.00)
Can't shrink brush 1530, plane 871 (-1.00, 0.00, 0.00)
Can't shrink brush 1530, plane 872 (1.00, 0.00, 0.00)
Can't shrink brush 1531, plane 871 (-1.00, 0.00, 0.00)
Can't shrink brush 1531, plane 872 (1.00, 0.00, 0.00)
Can't shrink brush 1532, plane 871 (-1.00, 0.00, 0.00)
Can't shrink brush 1532, plane 872 (1.00, 0.00, 0.00)
Can't shrink brush 1533, plane 871 (-1.00, 0.00, 0.00)
Can't shrink brush 1533, plane 872 (1.00, 0.00, 0.00)
Can't shrink brush 1534, plane 871 (-1.00, 0.00, 0.00)
Can't shrink brush 1534, plane 872 (1.00, 0.00, 0.00)
Can't shrink brush 1535, plane 871 (-1.00, 0.00, 0.00)
Can't shrink brush 1535, plane 872 (1.00, 0.00, 0.00)
Can't shrink brush 1536, plane 871 (-1.00, 0.00, 0.00)
Can't shrink brush 1536, plane 872 (1.00, 0.00, 0.00)
Can't shrink brush 1537, plane 871 (-1.00, 0.00, 0.00)
Can't shrink brush 1537, plane 872 (1.00, 0.00, 0.00)
Can't shrink brush 1538, plane 871 (-1.00, 0.00, 0.00)
Can't shrink brush 1538, plane 872 (1.00, 0.00, 0.00)
Can't shrink brush 1539, plane 871 (-1.00, 0.00, 0.00)
Can't shrink brush 1539, plane 872 (1.00, 0.00, 0.00)
Can't shrink brush 1540, plane 871 (-1.00, 0.00, 0.00)
Can't shrink brush 1540, plane 872 (1.00, 0.00, 0.00)
Can't shrink brush 1541, plane 871 (-1.00, 0.00, 0.00)
Can't shrink brush 1541, plane 872 (1.00, 0.00, 0.00)
Can't shrink brush 1542, plane 871 (-1.00, 0.00, 0.00)
Can't shrink brush 1542, plane 872 (1.00, 0.00, 0.00)
Can't shrink brush 1543, plane 871 (-1.00, 0.00, 0.00)
Can't shrink brush 1543, plane 872 (1.00, 0.00, 0.00)
Can't shrink brush 1544, plane 871 (-1.00, 0.00, 0.00)
Can't shrink brush 1544, plane 872 (1.00, 0.00, 0.00)
Can't shrink brush 1545, plane 871 (-1.00, 0.00, 0.00)
Can't shrink brush 1545, plane 872 (1.00, 0.00, 0.00)
Can't shrink brush 1546, plane 871 (-1.00, 0.00, 0.00)
Can't shrink brush 1546, plane 872 (1.00, 0.00, 0.00)
Can't shrink brush 1547, plane 871 (-1.00, 0.00, 0.00)
Can't shrink brush 1547, plane 872 (1.00, 0.00, 0.00)
Can't shrink brush 1548, plane 871 (-1.00, 0.00, 0.00)
Can't shrink brush 1548, plane 872 (1.00, 0.00, 0.00)
Can't shrink brush 1549, plane 871 (-1.00, 0.00, 0.00)
Can't shrink brush 1549, plane 872 (1.00, 0.00, 0.00)
Can't shrink brush 1550, plane 871 (-1.00, 0.00, 0.00)
Can't shrink brush 1550, plane 872 (1.00, 0.00, 0.00)
Can't shrink brush 1551, plane 871 (-1.00, 0.00, 0.00)
Can't shrink brush 1551, plane 872 (1.00, 0.00, 0.00)
Can't shrink brush 1552, plane 871 (-1.00, 0.00, 0.00)
Can't shrink brush 1552, plane 872 (1.00, 0.00, 0.00)
Can't shrink brush 1553, plane 871 (-1.00, 0.00, 0.00)
Can't shrink brush 1553, plane 872 (1.00, 0.00, 0.00)
Can't shrink brush 1554, plane 871 (-1.00, 0.00, 0.00)
Can't shrink brush 1554, plane 872 (1.00, 0.00, 0.00)
Can't shrink brush 1555, plane 871 (-1.00, 0.00, 0.00)
Can't shrink brush 1555, plane 872 (1.00, 0.00, 0.00)
Can't shrink brush 1556, plane 847 (0.00, -1.00, 0.00)
Can't shrink brush 1556, plane 848 (0.00, 1.00, 0.00)
Can't shrink brush 1557, plane 847 (0.00, -1.00, 0.00)
Can't shrink brush 1557, plane 848 (0.00, 1.00, 0.00)
Can't shrink brush 1558, plane 847 (0.00, -1.00, 0.00)
Can't shrink brush 1558, plane 848 (0.00, 1.00, 0.00)
Can't shrink brush 1559, plane 847 (0.00, -1.00, 0.00)
Can't shrink brush 1559, plane 848 (0.00, 1.00, 0.00)
Can't shrink brush 1560, plane 847 (0.00, -1.00, 0.00)
Can't shrink brush 1560, plane 848 (0.00, 1.00, 0.00)
Can't shrink brush 1561, plane 847 (0.00, -1.00, 0.00)
Can't shrink brush 1561, plane 848 (0.00, 1.00, 0.00)
Can't shrink brush 1562, plane 847 (0.00, -1.00, 0.00)
Can't shrink brush 1562, plane 848 (0.00, 1.00, 0.00)
Can't shrink brush 1563, plane 847 (0.00, -1.00, 0.00)
Can't shrink brush 1563, plane 848 (0.00, 1.00, 0.00)
Can't shrink brush 1564, plane 847 (0.00, -1.00, 0.00)
Can't shrink brush 1564, plane 848 (0.00, 1.00, 0.00)
Can't shrink brush 1565, plane 847 (0.00, -1.00, 0.00)
Can't shrink brush 1565, plane 848 (0.00, 1.00, 0.00)
Can't shrink brush 1566, plane 847 (0.00, -1.00, 0.00)
Can't shrink brush 1566, plane 848 (0.00, 1.00, 0.00)
Can't shrink brush 1567, plane 847 (0.00, -1.00, 0.00)
Can't shrink brush 1567, plane 848 (0.00, 1.00, 0.00)
Can't shrink brush 1568, plane 847 (0.00, -1.00, 0.00)
Can't shrink brush 1568, plane 848 (0.00, 1.00, 0.00)
Can't shrink brush 1569, plane 847 (0.00, -1.00, 0.00)
Can't shrink brush 1569, plane 848 (0.00, 1.00, 0.00)
Can't shrink brush 1570, plane 847 (0.00, -1.00, 0.00)
Can't shrink brush 1570, plane 848 (0.00, 1.00, 0.00)
Can't shrink brush 1571, plane 847 (0.00, -1.00, 0.00)
Can't shrink brush 1571, plane 848 (0.00, 1.00, 0.00)
Can't shrink brush 1572, plane 847 (0.00, -1.00, 0.00)
Can't shrink brush 1572, plane 848 (0.00, 1.00, 0.00)
Can't shrink brush 1573, plane 847 (0.00, -1.00, 0.00)
Can't shrink brush 1573, plane 848 (0.00, 1.00, 0.00)
Can't shrink brush 1574, plane 847 (0.00, -1.00, 0.00)
Can't shrink brush 1574, plane 848 (0.00, 1.00, 0.00)
Can't shrink brush 1575, plane 847 (0.00, -1.00, 0.00)
Can't shrink brush 1575, plane 848 (0.00, 1.00, 0.00)
Can't shrink brush 1576, plane 847 (0.00, -1.00, 0.00)
Can't shrink brush 1576, plane 848 (0.00, 1.00, 0.00)
Can't shrink brush 1577, plane 847 (0.00, -1.00, 0.00)
Can't shrink brush 1577, plane 848 (0.00, 1.00, 0.00)
Can't shrink brush 1578, plane 847 (0.00, -1.00, 0.00)
Can't shrink brush 1578, plane 848 (0.00, 1.00, 0.00)
Can't shrink brush 1579, plane 847 (0.00, -1.00, 0.00)
Can't shrink brush 1579, plane 848 (0.00, 1.00, 0.00)
Can't shrink brush 1580, plane 847 (0.00, -1.00, 0.00)
Can't shrink brush 1580, plane 848 (0.00, 1.00, 0.00)
Can't shrink brush 1581, plane 847 (0.00, -1.00, 0.00)
Can't shrink brush 1581, plane 848 (0.00, 1.00, 0.00)
Can't shrink brush 1582, plane 847 (0.00, -1.00, 0.00)
Can't shrink brush 1582, plane 848 (0.00, 1.00, 0.00)
Can't shrink brush 1583, plane 847 (0.00, -1.00, 0.00)
Can't shrink brush 1583, plane 848 (0.00, 1.00, 0.00)
Can't shrink brush 1584, plane 847 (0.00, -1.00, 0.00)
Can't shrink brush 1584, plane 848 (0.00, 1.00, 0.00)
Can't shrink brush 1585, plane 847 (0.00, -1.00, 0.00)
Can't shrink brush 1585, plane 848 (0.00, 1.00, 0.00)
Can't shrink brush 1586, plane 847 (0.00, -1.00, 0.00)
Can't shrink brush 1586, plane 848 (0.00, 1.00, 0.00)
Can't shrink brush 1587, plane 847 (0.00, -1.00, 0.00)
Can't shrink brush 1587, plane 848 (0.00, 1.00, 0.00)
Can't shrink brush 1588, plane 847 (0.00, -1.00, 0.00)
Can't shrink brush 1588, plane 848 (0.00, 1.00, 0.00)
Can't shrink brush 1589, plane 847 (0.00, -1.00, 0.00)
Can't shrink brush 1589, plane 848 (0.00, 1.00, 0.00)
Can't shrink brush 1590, plane 847 (0.00, -1.00, 0.00)
Can't shrink brush 1590, plane 848 (0.00, 1.00, 0.00)
Can't shrink brush 1591, plane 847 (0.00, -1.00, 0.00)
Can't shrink brush 1591, plane 848 (0.00, 1.00, 0.00)
Can't shrink brush 1592, plane 847 (0.00, -1.00, 0.00)
Can't shrink brush 1592, plane 848 (0.00, 1.00, 0.00)
Can't shrink brush 1593, plane 847 (0.00, -1.00, 0.00)
Can't shrink brush 1593, plane 848 (0.00, 1.00, 0.00)
Can't shrink brush 1594, plane 847 (0.00, -1.00, 0.00)
Can't shrink brush 1594, plane 848 (0.00, 1.00, 0.00)
Can't shrink brush 1595, plane 847 (0.00, -1.00, 0.00)
Can't shrink brush 1595, plane 848 (0.00, 1.00, 0.00)
Can't shrink brush 1596, plane 847 (0.00, -1.00, 0.00)
Can't shrink brush 1596, plane 848 (0.00, 1.00, 0.00)
Can't shrink brush 1597, plane 847 (0.00, -1.00, 0.00)
Can't shrink brush 1597, plane 848 (0.00, 1.00, 0.00)
Can't shrink brush 1598, plane 847 (0.00, -1.00, 0.00)
Can't shrink brush 1598, plane 848 (0.00, 1.00, 0.00)
Can't shrink brush 1599, plane 847 (0.00, -1.00, 0.00)
Can't shrink brush 1599, plane 848 (0.00, 1.00, 0.00)
Can't shrink brush 1600, plane 847 (0.00, -1.00, 0.00)
Can't shrink brush 1600, plane 848 (0.00, 1.00, 0.00)
Can't shrink brush 1601, plane 847 (0.00, -1.00, 0.00)
Can't shrink brush 1601, plane 848 (0.00, 1.00, 0.00)
Can't shrink brush 1602, plane 847 (0.00, -1.00, 0.00)
Can't shrink brush 1602, plane 848 (0.00, 1.00, 0.00)
Can't shrink brush 1603, plane 847 (0.00, -1.00, 0.00)
Can't shrink brush 1603, plane 848 (0.00, 1.00, 0.00)
Can't shrink brush 1604, plane 847 (0.00, -1.00, 0.00)
Can't shrink brush 1604, plane 848 (0.00, 1.00, 0.00)
Can't shrink brush 1605, plane 847 (0.00, -1.00, 0.00)
Can't shrink brush 1605, plane 848 (0.00, 1.00, 0.00)
Can't shrink brush 1606, plane 847 (0.00, -1.00, 0.00)
Can't shrink brush 1606, plane 848 (0.00, 1.00, 0.00)
Can't shrink brush 1607, plane 847 (0.00, -1.00, 0.00)
Can't shrink brush 1607, plane 848 (0.00, 1.00, 0.00)
Can't shrink brush 1608, plane 847 (0.00, -1.00, 0.00)
Can't shrink brush 1608, plane 848 (0.00, 1.00, 0.00)
Can't shrink brush 1609, plane 847 (0.00, -1.00, 0.00)
Can't shrink brush 1609, plane 848 (0.00, 1.00, 0.00)
Can't shrink brush 1610, plane 847 (0.00, -1.00, 0.00)
Can't shrink brush 1610, plane 848 (0.00, 1.00, 0.00)
Can't shrink brush 1611, plane 847 (0.00, -1.00, 0.00)
Can't shrink brush 1611, plane 848 (0.00, 1.00, 0.00)
Can't shrink brush 1612, plane 847 (0.00, -1.00, 0.00)
Can't shrink brush 1612, plane 848 (0.00, 1.00, 0.00)
Can't shrink brush 1613, plane 847 (0.00, -1.00, 0.00)
Can't shrink brush 1613, plane 848 (0.00, 1.00, 0.00)
Can't shrink brush 1614, plane 847 (0.00, -1.00, 0.00)
Can't shrink brush 1614, plane 848 (0.00, 1.00, 0.00)
Can't shrink brush 1615, plane 847 (0.00, -1.00, 0.00)
Can't shrink brush 1615, plane 848 (0.00, 1.00, 0.00)
Can't shrink brush 1616, plane 847 (0.00, -1.00, 0.00)
Can't shrink brush 1616, plane 848 (0.00, 1.00, 0.00)
Can't shrink brush 1617, plane 847 (0.00, -1.00, 0.00)
Can't shrink brush 1617, plane 848 (0.00, 1.00, 0.00)
Can't shrink brush 1618, plane 847 (0.00, -1.00, 0.00)
Can't shrink brush 1618, plane 848 (0.00, 1.00, 0.00)
Can't shrink brush 1619, plane 847 (0.00, -1.00, 0.00)
Can't shrink brush 1619, plane 848 (0.00, 1.00, 0.00)
Can't shrink brush 1620, plane 847 (0.00, -1.00, 0.00)
Can't shrink brush 1620, plane 848 (0.00, 1.00, 0.00)
Can't shrink brush 1621, plane 847 (0.00, -1.00, 0.00)
Can't shrink brush 1621, plane 848 (0.00, 1.00, 0.00)
Can't shrink brush 1622, plane 847 (0.00, -1.00, 0.00)
Can't shrink brush 1622, plane 848 (0.00, 1.00, 0.00)
Can't shrink brush 1623, plane 847 (0.00, -1.00, 0.00)
Can't shrink brush 1623, plane 848 (0.00, 1.00, 0.00)
Can't shrink brush 1624, plane 847 (0.00, -1.00, 0.00)
Can't shrink brush 1624, plane 848 (0.00, 1.00, 0.00)
Can't shrink brush 1625, plane 847 (0.00, -1.00, 0.00)
Can't shrink brush 1625, plane 848 (0.00, 1.00, 0.00)
Can't shrink brush 1626, plane 847 (0.00, -1.00, 0.00)
Can't shrink brush 1626, plane 848 (0.00, 1.00, 0.00)
Can't shrink brush 1627, plane 847 (0.00, -1.00, 0.00)
Can't shrink brush 1627, plane 848 (0.00, 1.00, 0.00)
Can't shrink brush 1628, plane 847 (0.00, -1.00, 0.00)
Can't shrink brush 1628, plane 848 (0.00, 1.00, 0.00)
Can't shrink brush 1629, plane 847 (0.00, -1.00, 0.00)
Can't shrink brush 1629, plane 848 (0.00, 1.00, 0.00)
Can't shrink brush 1630, plane 847 (0.00, -1.00, 0.00)
Can't shrink brush 1630, plane 848 (0.00, 1.00, 0.00)
Can't shrink brush 1631, plane 847 (0.00, -1.00, 0.00)
Can't shrink brush 1631, plane 848 (0.00, 1.00, 0.00)
Can't shrink brush 1632, plane 907 (0.00, -1.00, 0.00)
Can't shrink brush 1632, plane 908 (0.00, 1.00, 0.00)
Can't shrink brush 1633, plane 847 (0.00, -1.00, 0.00)
Can't shrink brush 1633, plane 848 (0.00, 1.00, 0.00)
Can't shrink brush 1634, plane 847 (0.00, -1.00, 0.00)
Can't shrink brush 1634, plane 848 (0.00, 1.00, 0.00)
Can't shrink brush 1635, plane 847 (0.00, -1.00, 0.00)
Can't shrink brush 1635, plane 848 (0.00, 1.00, 0.00)
Can't shrink brush 1636, plane 847 (0.00, -1.00, 0.00)
Can't shrink brush 1636, plane 848 (0.00, 1.00, 0.00)
Can't shrink brush 1637, plane 847 (0.00, -1.00, 0.00)
Can't shrink brush 1637, plane 848 (0.00, 1.00, 0.00)
Can't shrink brush 1638, plane 847 (0.00, -1.00, 0.00)
Can't shrink brush 1638, plane 848 (0.00, 1.00, 0.00)
Can't shrink brush 1639, plane 847 (0.00, -1.00, 0.00)
Can't shrink brush 1639, plane 848 (0.00, 1.00, 0.00)
Can't shrink brush 1640, plane 847 (0.00, -1.00, 0.00)
Can't shrink brush 1640, plane 848 (0.00, 1.00, 0.00)
Can't shrink brush 1641, plane 847 (0.00, -1.00, 0.00)
Can't shrink brush 1641, plane 848 (0.00, 1.00, 0.00)
Can't shrink brush 1642, plane 847 (0.00, -1.00, 0.00)
Can't shrink brush 1642, plane 848 (0.00, 1.00, 0.00)
Can't shrink brush 1643, plane 847 (0.00, -1.00, 0.00)
Can't shrink brush 1643, plane 848 (0.00, 1.00, 0.00)
Can't shrink brush 1644, plane 847 (0.00, -1.00, 0.00)
Can't shrink brush 1644, plane 848 (0.00, 1.00, 0.00)
Can't shrink brush 1645, plane 847 (0.00, -1.00, 0.00)
Can't shrink brush 1645, plane 848 (0.00, 1.00, 0.00)
Can't shrink brush 1646, plane 847 (0.00, -1.00, 0.00)
Can't shrink brush 1646, plane 848 (0.00, 1.00, 0.00)
Can't shrink brush 1647, plane 847 (0.00, -1.00, 0.00)
Can't shrink brush 1647, plane 848 (0.00, 1.00, 0.00)
Can't shrink brush 1648, plane 847 (0.00, -1.00, 0.00)
Can't shrink brush 1648, plane 848 (0.00, 1.00, 0.00)
Can't shrink brush 1649, plane 847 (0.00, -1.00, 0.00)
Can't shrink brush 1649, plane 848 (0.00, 1.00, 0.00)
Can't shrink brush 1650, plane 847 (0.00, -1.00, 0.00)
Can't shrink brush 1650, plane 848 (0.00, 1.00, 0.00)
Can't shrink brush 1651, plane 847 (0.00, -1.00, 0.00)
Can't shrink brush 1651, plane 848 (0.00, 1.00, 0.00)
Can't shrink brush 1652, plane 847 (0.00, -1.00, 0.00)
Can't shrink brush 1652, plane 848 (0.00, 1.00, 0.00)
Can't shrink brush 1653, plane 847 (0.00, -1.00, 0.00)
Can't shrink brush 1653, plane 848 (0.00, 1.00, 0.00)
Can't shrink brush 1654, plane 847 (0.00, -1.00, 0.00)
Can't shrink brush 1654, plane 848 (0.00, 1.00, 0.00)
Can't shrink brush 1655, plane 847 (0.00, -1.00, 0.00)
Can't shrink brush 1655, plane 848 (0.00, 1.00, 0.00)
Can't shrink brush 1656, plane 847 (0.00, -1.00, 0.00)
Can't shrink brush 1656, plane 848 (0.00, 1.00, 0.00)
Can't shrink brush 1657, plane 847 (0.00, -1.00, 0.00)
Can't shrink brush 1657, plane 848 (0.00, 1.00, 0.00)
Can't shrink brush 1658, plane 847 (0.00, -1.00, 0.00)
Can't shrink brush 1658, plane 848 (0.00, 1.00, 0.00)
Can't shrink brush 1659, plane 847 (0.00, -1.00, 0.00)
Can't shrink brush 1659, plane 848 (0.00, 1.00, 0.00)
Can't shrink brush 1660, plane 847 (0.00, -1.00, 0.00)
Can't shrink brush 1660, plane 848 (0.00, 1.00, 0.00)
Can't shrink brush 1661, plane 847 (0.00, -1.00, 0.00)
Can't shrink brush 1661, plane 848 (0.00, 1.00, 0.00)
Can't shrink brush 1662, plane 847 (0.00, -1.00, 0.00)
Can't shrink brush 1662, plane 848 (0.00, 1.00, 0.00)
Can't shrink brush 1663, plane 847 (0.00, -1.00, 0.00)
Can't shrink brush 1663, plane 848 (0.00, 1.00, 0.00)
Can't shrink brush 1664, plane 847 (0.00, -1.00, 0.00)
Can't shrink brush 1664, plane 848 (0.00, 1.00, 0.00)
Can't shrink brush 1665, plane 847 (0.00, -1.00, 0.00)
Can't shrink brush 1665, plane 848 (0.00, 1.00, 0.00)
Can't shrink brush 1666, plane 847 (0.00, -1.00, 0.00)
Can't shrink brush 1666, plane 848 (0.00, 1.00, 0.00)
Can't shrink brush 1667, plane 847 (0.00, -1.00, 0.00)
Can't shrink brush 1667, plane 848 (0.00, 1.00, 0.00)
Can't shrink brush 1668, plane 847 (0.00, -1.00, 0.00)
Can't shrink brush 1668, plane 848 (0.00, 1.00, 0.00)
Can't shrink brush 1669, plane 847 (0.00, -1.00, 0.00)
Can't shrink brush 1669, plane 848 (0.00, 1.00, 0.00)
Can't shrink brush 1670, plane 847 (0.00, -1.00, 0.00)
Can't shrink brush 1670, plane 848 (0.00, 1.00, 0.00)
Can't shrink brush 1671, plane 847 (0.00, -1.00, 0.00)
Can't shrink brush 1671, plane 848 (0.00, 1.00, 0.00)
Can't shrink brush 1672, plane 847 (0.00, -1.00, 0.00)
Can't shrink brush 1672, plane 848 (0.00, 1.00, 0.00)
Can't shrink brush 1673, plane 847 (0.00, -1.00, 0.00)
Can't shrink brush 1673, plane 848 (0.00, 1.00, 0.00)
Can't shrink brush 1674, plane 847 (0.00, -1.00, 0.00)
Can't shrink brush 1674, plane 848 (0.00, 1.00, 0.00)
Can't shrink brush 1675, plane 847 (0.00, -1.00, 0.00)
Can't shrink brush 1675, plane 848 (0.00, 1.00, 0.00)
Can't shrink brush 1676, plane 847 (0.00, -1.00, 0.00)
Can't shrink brush 1676, plane 848 (0.00, 1.00, 0.00)
Can't shrink brush 1677, plane 847 (0.00, -1.00, 0.00)
Can't shrink brush 1677, plane 848 (0.00, 1.00, 0.00)
Can't shrink brush 1678, plane 847 (0.00, -1.00, 0.00)
Can't shrink brush 1678, plane 848 (0.00, 1.00, 0.00)
Can't shrink brush 1679, plane 847 (0.00, -1.00, 0.00)
Can't shrink brush 1679, plane 848 (0.00, 1.00, 0.00)
Can't shrink brush 1680, plane 847 (0.00, -1.00, 0.00)
Can't shrink brush 1680, plane 848 (0.00, 1.00, 0.00)
Can't shrink brush 1681, plane 847 (0.00, -1.00, 0.00)
Can't shrink brush 1681, plane 848 (0.00, 1.00, 0.00)
Can't shrink brush 1682, plane 847 (0.00, -1.00, 0.00)
Can't shrink brush 1682, plane 848 (0.00, 1.00, 0.00)
Can't shrink brush 1683, plane 847 (0.00, -1.00, 0.00)
Can't shrink brush 1683, plane 848 (0.00, 1.00, 0.00)
done (2) (721078 bytes)
Error loading studio model ""!
Error! prop_static using model "models/props_cans/barqcan1a.mdl", which must be used on a dynamic entity (i.e. prop_physics). Deleted.
Error loading studio model "models/props_cans/barqcan1a.mdl"!
Error! prop_static using model "models/props_silo/barrelwarning.mdl", which must be used on a dynamic entity (i.e. prop_physics). Deleted.
Error loading studio model "models/props_silo/barrelwarning.mdl"!
Error! prop_static using model "models/props_interiors/vendingmachinesoda01a.mdl", which must be used on a dynamic entity (i.e. prop_physics). Deleted.
Error loading studio model "models/props_interiors/vendingmachinesoda01a.mdl"!
Error! To use model "models/foodnhouseholditems/mcdburgerboxempty.mdl"
      with prop_static, it must be compiled with $staticprop!
Error loading studio model "models/foodnhouseholditems/mcdburgerboxempty.mdl"!
Error! To use model "models/bgb17.mdl"
      with prop_static, it must be compiled with $staticprop!
Error loading studio model "models/bgb17.mdl"!
Error! prop_static using model "models/props/cs_office/computer_monitor.mdl", which must be used on a dynamic entity (i.e. prop_physics). Deleted.
Error loading studio model "models/props/cs_office/computer_monitor.mdl"!
Error! prop_static using model "models/props/cs_office/sierramist01.mdl", which must be used on a dynamic entity (i.e. prop_physics). Deleted.
Error loading studio model "models/props/cs_office/sierramist01.mdl"!
Error! To use model "models/foodnhouseholditems/toffifee.mdl"
      with prop_static, it must be compiled with $staticprop!
Error loading studio model "models/foodnhouseholditems/toffifee.mdl"!
Placing detail props : 0...1...2...3...4...5...6...7...8...9...10
Compacting texture/material tables...
Reduced 1262 texinfos to 976
Reduced 24 texdatas to 24 (572 bytes to 572)
Writing D:\Program Files (x86)\Steam\SteamApps\sourcemods\crimewarswtf5\devmaps\bridge38.bsp
6 seconds elapsed



6 threads
reading d:\program files (x86)\steam\steamapps\sourcemods\crimewarswtf5\devmaps\bridge38.bsp
reading d:\program files (x86)\steam\steamapps\sourcemods\crimewarswtf5\devmaps\bridge38.prt
2354 portalclusters
5283 numportals
0...1...2...3...4...5...6...7...8...9...100...1...2...3...4...5...6...7...8...9