


materialPath: D:\Program Files (x86)\Steam\SteamApps\sourcemods\CrimeWars2013\materials
Loading D:\Program Files (x86)\Steam\SteamApps\sourcemods\crimewarswtf5\devmaps\bridge14.vmf
Could not locate 'GameData' key in d:\program files (x86)\steam\steamapps\sourcemods\crimewars2013\gameinfo.txt
fixing up env_cubemap materials on brush sides...
0...1...2...3...4...5...6...7...8...9...100...1...2...3...4...5...6...7...8...9...10Processing areas...done (0)
Building Faces...done (0)
Chop Details...done (0)
Find Visible Detail Sides...done (0)
Merging details...done (0)
FixTjuncs...
PruneNodes...
WriteBSP...
done (1)
writing D:\Program Files (x86)\Steam\SteamApps\sourcemods\crimewarswtf5\devmaps\bridge14.prt...Building visibility clusters...
done (0)
Finding displacement neighbors...
Finding lightmap sample positions...
Displacement Alpha : 0...1...2...3...4...5...6...7...8...9...10
Building Physics collision data...
Can't shrink brush 1160, plane 827 (0.00, -1.00, 0.00)
Can't shrink brush 1160, plane 828 (0.00, 1.00, 0.00)
Can't shrink brush 1161, plane 827 (0.00, -1.00, 0.00)
Can't shrink brush 1161, plane 828 (0.00, 1.00, 0.00)
Can't shrink brush 1162, plane 827 (0.00, -1.00, 0.00)
Can't shrink brush 1162, plane 828 (0.00, 1.00, 0.00)
Can't shrink brush 1163, plane 827 (0.00, -1.00, 0.00)
Can't shrink brush 1163, plane 828 (0.00, 1.00, 0.00)
Can't shrink brush 1164, plane 827 (0.00, -1.00, 0.00)
Can't shrink brush 1164, plane 828 (0.00, 1.00, 0.00)
Can't shrink brush 1165, plane 827 (0.00, -1.00, 0.00)
Can't shrink brush 1165, plane 828 (0.00, 1.00, 0.00)
Can't shrink brush 1166, plane 827 (0.00, -1.00, 0.00)
Can't shrink brush 1166, plane 828 (0.00, 1.00, 0.00)
Can't shrink brush 1167, plane 827 (0.00, -1.00, 0.00)
Can't shrink brush 1167, plane 828 (0.00, 1.00, 0.00)
Can't shrink brush 1168, plane 827 (0.00, -1.00, 0.00)
Can't shrink brush 1168, plane 828 (0.00, 1.00, 0.00)
Can't shrink brush 1169, plane 827 (0.00, -1.00, 0.00)
Can't shrink brush 1169, plane 828 (0.00, 1.00, 0.00)
Can't shrink brush 1170, plane 827 (0.00, -1.00, 0.00)
Can't shrink brush 1170, plane 828 (0.00, 1.00, 0.00)
Can't shrink brush 1171, plane 827 (0.00, -1.00, 0.00)
Can't shrink brush 1171, plane 828 (0.00, 1.00, 0.00)
Can't shrink brush 1172, plane 827 (0.00, -1.00, 0.00)
Can't shrink brush 1172, plane 828 (0.00, 1.00, 0.00)
Can't shrink brush 1173, plane 827 (0.00, -1.00, 0.00)
Can't shrink brush 1173, plane 828 (0.00, 1.00, 0.00)
Can't shrink brush 1174, plane 827 (0.00, -1.00, 0.00)
Can't shrink brush 1174, plane 828 (0.00, 1.00, 0.00)
Can't shrink brush 1175, plane 827 (0.00, -1.00, 0.00)
Can't shrink brush 1175, plane 828 (0.00, 1.00, 0.00)
Can't shrink brush 1176, plane 827 (0.00, -1.00, 0.00)
Can't shrink brush 1176, plane 828 (0.00, 1.00, 0.00)
Can't shrink brush 1177, plane 827 (0.00, -1.00, 0.00)
Can't shrink brush 1177, plane 828 (0.00, 1.00, 0.00)
Can't shrink brush 1178, plane 827 (0.00, -1.00, 0.00)
Can't shrink brush 1178, plane 828 (0.00, 1.00, 0.00)
Can't shrink brush 1179, plane 827 (0.00, -1.00, 0.00)
Can't shrink brush 1179, plane 828 (0.00, 1.00, 0.00)
Can't shrink brush 1180, plane 827 (0.00, -1.00, 0.00)
Can't shrink brush 1180, plane 828 (0.00, 1.00, 0.00)
Can't shrink brush 1181, plane 827 (0.00, -1.00, 0.00)
Can't shrink brush 1181, plane 828 (0.00, 1.00, 0.00)
Can't shrink brush 1182, plane 827 (0.00, -1.00, 0.00)
Can't shrink brush 1182, plane 828 (0.00, 1.00, 0.00)
Can't shrink brush 1183, plane 827 (0.00, -1.00, 0.00)
Can't shrink brush 1183, plane 828 (0.00, 1.00, 0.00)
Can't shrink brush 1184, plane 827 (0.00, -1.00, 0.00)
Can't shrink brush 1184, plane 828 (0.00, 1.00, 0.00)
Can't shrink brush 1185, plane 827 (0.00, -1.00, 0.00)
Can't shrink brush 1185, plane 828 (0.00, 1.00, 0.00)
Can't shrink brush 1186, plane 827 (0.00, -1.00, 0.00)
Can't shrink brush 1186, plane 828 (0.00, 1.00, 0.00)
Can't shrink brush 1187, plane 827 (0.00, -1.00, 0.00)
Can't shrink brush 1187, plane 828 (0.00, 1.00, 0.00)
Can't shrink brush 1188, plane 827 (0.00, -1.00, 0.00)
Can't shrink brush 1188, plane 828 (0.00, 1.00, 0.00)
Can't shrink brush 1189, plane 827 (0.00, -1.00, 0.00)
Can't shrink brush 1189, plane 828 (0.00, 1.00, 0.00)
Can't shrink brush 1190, plane 827 (0.00, -1.00, 0.00)
Can't shrink brush 1190, plane 828 (0.00, 1.00, 0.00)
Can't shrink brush 1191, plane 827 (0.00, -1.00, 0.00)
Can't shrink brush 1191, plane 828 (0.00, 1.00, 0.00)
Can't shrink brush 1192, plane 827 (0.00, -1.00, 0.00)
Can't shrink brush 1192, plane 828 (0.00, 1.00, 0.00)
Can't shrink brush 1193, plane 827 (0.00, -1.00, 0.00)
Can't shrink brush 1193, plane 828 (0.00, 1.00, 0.00)
Can't shrink brush 1194, plane 827 (0.00, -1.00, 0.00)
Can't shrink brush 1194, plane 828 (0.00, 1.00, 0.00)
Can't shrink brush 1195, plane 827 (0.00, -1.00, 0.00)
Can't shrink brush 1195, plane 828 (0.00, 1.00, 0.00)
Can't shrink brush 1196, plane 827 (0.00, -1.00, 0.00)
Can't shrink brush 1196, plane 828 (0.00, 1.00, 0.00)
Can't shrink brush 1197, plane 827 (0.00, -1.00, 0.00)
Can't shrink brush 1197, plane 828 (0.00, 1.00, 0.00)
Can't shrink brush 1198, plane 827 (0.00, -1.00, 0.00)
Can't shrink brush 1198, plane 828 (0.00, 1.00, 0.00)
Can't shrink brush 1199, plane 827 (0.00, -1.00, 0.00)
Can't shrink brush 1199, plane 828 (0.00, 1.00, 0.00)
Can't shrink brush 1200, plane 827 (0.00, -1.00, 0.00)
Can't shrink brush 1200, plane 828 (0.00, 1.00, 0.00)
Can't shrink brush 1201, plane 827 (0.00, -1.00, 0.00)
Can't shrink brush 1201, plane 828 (0.00, 1.00, 0.00)
Can't shrink brush 1202, plane 827 (0.00, -1.00, 0.00)
Can't shrink brush 1202, plane 828 (0.00, 1.00, 0.00)
Can't shrink brush 1203, plane 827 (0.00, -1.00, 0.00)
Can't shrink brush 1203, plane 828 (0.00, 1.00, 0.00)
Can't shrink brush 1204, plane 827 (0.00, -1.00, 0.00)
Can't shrink brush 1204, plane 828 (0.00, 1.00, 0.00)
Can't shrink brush 1205, plane 827 (0.00, -1.00, 0.00)
Can't shrink brush 1205, plane 828 (0.00, 1.00, 0.00)
Can't shrink brush 1206, plane 827 (0.00, -1.00, 0.00)
Can't shrink brush 1206, plane 828 (0.00, 1.00, 0.00)
Can't shrink brush 1207, plane 827 (0.00, -1.00, 0.00)
Can't shrink brush 1207, plane 828 (0.00, 1.00, 0.00)
Can't shrink brush 1208, plane 827 (0.00, -1.00, 0.00)
Can't shrink brush 1208, plane 828 (0.00, 1.00, 0.00)
Can't shrink brush 1209, plane 827 (0.00, -1.00, 0.00)
Can't shrink brush 1209, plane 828 (0.00, 1.00, 0.00)
Can't shrink brush 1210, plane 827 (0.00, -1.00, 0.00)
Can't shrink brush 1210, plane 828 (0.00, 1.00, 0.00)
Can't shrink brush 1211, plane 827 (0.00, -1.00, 0.00)
Can't shrink brush 1211, plane 828 (0.00, 1.00, 0.00)
Can't shrink brush 1212, plane 827 (0.00, -1.00, 0.00)
Can't shrink brush 1212, plane 828 (0.00, 1.00, 0.00)
Can't shrink brush 1213, plane 827 (0.00, -1.00, 0.00)
Can't shrink brush 1213, plane 828 (0.00, 1.00, 0.00)
Can't shrink brush 1214, plane 827 (0.00, -1.00, 0.00)
Can't shrink brush 1214, plane 828 (0.00, 1.00, 0.00)
Can't shrink brush 1215, plane 827 (0.00, -1.00, 0.00)
Can't shrink brush 1215, plane 828 (0.00, 1.00, 0.00)
Can't shrink brush 1216, plane 827 (0.00, -1.00, 0.00)
Can't shrink brush 1216, plane 828 (0.00, 1.00, 0.00)
Can't shrink brush 1217, plane 827 (0.00, -1.00, 0.00)
Can't shrink brush 1217, plane 828 (0.00, 1.00, 0.00)
Can't shrink brush 1218, plane 827 (0.00, -1.00, 0.00)
Can't shrink brush 1218, plane 828 (0.00, 1.00, 0.00)
Can't shrink brush 1219, plane 827 (0.00, -1.00, 0.00)
Can't shrink brush 1219, plane 828 (0.00, 1.00, 0.00)
Can't shrink brush 1220, plane 827 (0.00, -1.00, 0.00)
Can't shrink brush 1220, plane 828 (0.00, 1.00, 0.00)
Can't shrink brush 1221, plane 827 (0.00, -1.00, 0.00)
Can't shrink brush 1221, plane 828 (0.00, 1.00, 0.00)
Can't shrink brush 1222, plane 827 (0.00, -1.00, 0.00)
Can't shrink brush 1222, plane 828 (0.00, 1.00, 0.00)
Can't shrink brush 1223, plane 827 (0.00, -1.00, 0.00)
Can't shrink brush 1223, plane 828 (0.00, 1.00, 0.00)
Can't shrink brush 1224, plane 827 (0.00, -1.00, 0.00)
Can't shrink brush 1224, plane 828 (0.00, 1.00, 0.00)
Can't shrink brush 1225, plane 827 (0.00, -1.00, 0.00)
Can't shrink brush 1225, plane 828 (0.00, 1.00, 0.00)
Can't shrink brush 1226, plane 827 (0.00, -1.00, 0.00)
Can't shrink brush 1226, plane 828 (0.00, 1.00, 0.00)
Can't shrink brush 1227, plane 827 (0.00, -1.00, 0.00)
Can't shrink brush 1227, plane 828 (0.00, 1.00, 0.00)
Can't shrink brush 1228, plane 827 (0.00, -1.00, 0.00)
Can't shrink brush 1228, plane 828 (0.00, 1.00, 0.00)
Can't shrink brush 1229, plane 827 (0.00, -1.00, 0.00)
Can't shrink brush 1229, plane 828 (0.00, 1.00, 0.00)
Can't shrink brush 1230, plane 827 (0.00, -1.00, 0.00)
Can't shrink brush 1230, plane 828 (0.00, 1.00, 0.00)
Can't shrink brush 1231, plane 827 (0.00, -1.00, 0.00)
Can't shrink brush 1231, plane 828 (0.00, 1.00, 0.00)
Can't shrink brush 1232, plane 843 (0.00, -1.00, 0.00)
Can't shrink brush 1232, plane 844 (0.00, 1.00, 0.00)
Can't shrink brush 1233, plane 827 (0.00, -1.00, 0.00)
Can't shrink brush 1233, plane 828 (0.00, 1.00, 0.00)
Can't shrink brush 1234, plane 827 (0.00, -1.00, 0.00)
Can't shrink brush 1234, plane 828 (0.00, 1.00, 0.00)
Can't shrink brush 1235, plane 827 (0.00, -1.00, 0.00)
Can't shrink brush 1235, plane 828 (0.00, 1.00, 0.00)
Can't shrink brush 1236, plane 827 (0.00, -1.00, 0.00)
Can't shrink brush 1236, plane 828 (0.00, 1.00, 0.00)
Can't shrink brush 1237, plane 827 (0.00, -1.00, 0.00)
Can't shrink brush 1237, plane 828 (0.00, 1.00, 0.00)
Can't shrink brush 1238, plane 827 (0.00, -1.00, 0.00)
Can't shrink brush 1238, plane 828 (0.00, 1.00, 0.00)
Can't shrink brush 1239, plane 827 (0.00, -1.00, 0.00)
Can't shrink brush 1239, plane 828 (0.00, 1.00, 0.00)
Can't shrink brush 1240, plane 827 (0.00, -1.00, 0.00)
Can't shrink brush 1240, plane 828 (0.00, 1.00, 0.00)
Can't shrink brush 1241, plane 827 (0.00, -1.00, 0.00)
Can't shrink brush 1241, plane 828 (0.00, 1.00, 0.00)
Can't shrink brush 1242, plane 827 (0.00, -1.00, 0.00)
Can't shrink brush 1242, plane 828 (0.00, 1.00, 0.00)
Can't shrink brush 1243, plane 827 (0.00, -1.00, 0.00)
Can't shrink brush 1243, plane 828 (0.00, 1.00, 0.00)
Can't shrink brush 1244, plane 827 (0.00, -1.00, 0.00)
Can't shrink brush 1244, plane 828 (0.00, 1.00, 0.00)
Can't shrink brush 1245, plane 827 (0.00, -1.00, 0.00)
Can't shrink brush 1245, plane 828 (0.00, 1.00, 0.00)
Can't shrink brush 1246, plane 827 (0.00, -1.00, 0.00)
Can't shrink brush 1246, plane 828 (0.00, 1.00, 0.00)
Can't shrink brush 1247, plane 827 (0.00, -1.00, 0.00)
Can't shrink brush 1247, plane 828 (0.00, 1.00, 0.00)
Can't shrink brush 1248, plane 827 (0.00, -1.00, 0.00)
Can't shrink brush 1248, plane 828 (0.00, 1.00, 0.00)
Can't shrink brush 1249, plane 827 (0.00, -1.00, 0.00)
Can't shrink brush 1249, plane 828 (0.00, 1.00, 0.00)
Can't shrink brush 1250, plane 827 (0.00, -1.00, 0.00)
Can't shrink brush 1250, plane 828 (0.00, 1.00, 0.00)
Can't shrink brush 1251, plane 827 (0.00, -1.00, 0.00)
Can't shrink brush 1251, plane 828 (0.00, 1.00, 0.00)
Can't shrink brush 1252, plane 827 (0.00, -1.00, 0.00)
Can't shrink brush 1252, plane 828 (0.00, 1.00, 0.00)
Can't shrink brush 1253, plane 827 (0.00, -1.00, 0.00)
Can't shrink brush 1253, plane 828 (0.00, 1.00, 0.00)
Can't shrink brush 1254, plane 827 (0.00, -1.00, 0.00)
Can't shrink brush 1254, plane 828 (0.00, 1.00, 0.00)
Can't shrink brush 1255, plane 827 (0.00, -1.00, 0.00)
Can't shrink brush 1255, plane 828 (0.00, 1.00, 0.00)
Can't shrink brush 1256, plane 827 (0.00, -1.00, 0.00)
Can't shrink brush 1256, plane 828 (0.00, 1.00, 0.00)
Can't shrink brush 1257, plane 827 (0.00, -1.00, 0.00)
Can't shrink brush 1257, plane 828 (0.00, 1.00, 0.00)
Can't shrink brush 1258, plane 827 (0.00, -1.00, 0.00)
Can't shrink brush 1258, plane 828 (0.00, 1.00, 0.00)
Can't shrink brush 1259, plane 827 (0.00, -1.00, 0.00)
Can't shrink brush 1259, plane 828 (0.00, 1.00, 0.00)
Can't shrink brush 1260, plane 827 (0.00, -1.00, 0.00)
Can't shrink brush 1260, plane 828 (0.00, 1.00, 0.00)
Can't shrink brush 1261, plane 827 (0.00, -1.00, 0.00)
Can't shrink brush 1261, plane 828 (0.00, 1.00, 0.00)
Can't shrink brush 1262, plane 827 (0.00, -1.00, 0.00)
Can't shrink brush 1262, plane 828 (0.00, 1.00, 0.00)
Can't shrink brush 1263, plane 827 (0.00, -1.00, 0.00)
Can't shrink brush 1263, plane 828 (0.00, 1.00, 0.00)
Can't shrink brush 1264, plane 827 (0.00, -1.00, 0.00)
Can't shrink brush 1264, plane 828 (0.00, 1.00, 0.00)
Can't shrink brush 1265, plane 827 (0.00, -1.00, 0.00)
Can't shrink brush 1265, plane 828 (0.00, 1.00, 0.00)
Can't shrink brush 1266, plane 827 (0.00, -1.00, 0.00)
Can't shrink brush 1266, plane 828 (0.00, 1.00, 0.00)
Can't shrink brush 1267, plane 827 (0.00, -1.00, 0.00)
Can't shrink brush 1267, plane 828 (0.00, 1.00, 0.00)
Can't shrink brush 1268, plane 827 (0.00, -1.00, 0.00)
Can't shrink brush 1268, plane 828 (0.00, 1.00, 0.00)
Can't shrink brush 1269, plane 827 (0.00, -1.00, 0.00)
Can't shrink brush 1269, plane 828 (0.00, 1.00, 0.00)
Can't shrink brush 1270, plane 827 (0.00, -1.00, 0.00)
Can't shrink brush 1270, plane 828 (0.00, 1.00, 0.00)
Can't shrink brush 1271, plane 827 (0.00, -1.00, 0.00)
Can't shrink brush 1271, plane 828 (0.00, 1.00, 0.00)
Can't shrink brush 1272, plane 827 (0.00, -1.00, 0.00)
Can't shrink brush 1272, plane 828 (0.00, 1.00, 0.00)
Can't shrink brush 1273, plane 827 (0.00, -1.00, 0.00)
Can't shrink brush 1273, plane 828 (0.00, 1.00, 0.00)
Can't shrink brush 1274, plane 827 (0.00, -1.00, 0.00)
Can't shrink brush 1274, plane 828 (0.00, 1.00, 0.00)
Can't shrink brush 1275, plane 827 (0.00, -1.00, 0.00)
Can't shrink brush 1275, plane 828 (0.00, 1.00, 0.00)
Can't shrink brush 1276, plane 827 (0.00, -1.00, 0.00)
Can't shrink brush 1276, plane 828 (0.00, 1.00, 0.00)
Can't shrink brush 1277, plane 827 (0.00, -1.00, 0.00)
Can't shrink brush 1277, plane 828 (0.00, 1.00, 0.00)
Can't shrink brush 1278, plane 827 (0.00, -1.00, 0.00)
Can't shrink brush 1278, plane 828 (0.00, 1.00, 0.00)
Can't shrink brush 1279, plane 827 (0.00, -1.00, 0.00)
Can't shrink brush 1279, plane 828 (0.00, 1.00, 0.00)
Can't shrink brush 1280, plane 827 (0.00, -1.00, 0.00)
Can't shrink brush 1280, plane 828 (0.00, 1.00, 0.00)
Can't shrink brush 1281, plane 827 (0.00, -1.00, 0.00)
Can't shrink brush 1281, plane 828 (0.00, 1.00, 0.00)
Can't shrink brush 1282, plane 827 (0.00, -1.00, 0.00)
Can't shrink brush 1282, plane 828 (0.00, 1.00, 0.00)
Can't shrink brush 1283, plane 827 (0.00, -1.00, 0.00)
Can't shrink brush 1283, plane 828 (0.00, 1.00, 0.00)
Can't shrink brush 1284, plane 851 (-1.00, 0.00, 0.00)
Can't shrink brush 1284, plane 852 (1.00, 0.00, 0.00)
Can't shrink brush 1285, plane 851 (-1.00, 0.00, 0.00)
Can't shrink brush 1285, plane 852 (1.00, 0.00, 0.00)
Can't shrink brush 1286, plane 851 (-1.00, 0.00, 0.00)
Can't shrink brush 1286, plane 852 (1.00, 0.00, 0.00)
Can't shrink brush 1287, plane 851 (-1.00, 0.00, 0.00)
Can't shrink brush 1287, plane 852 (1.00, 0.00, 0.00)
Can't shrink brush 1288, plane 851 (-1.00, 0.00, 0.00)
Can't shrink brush 1288, plane 852 (1.00, 0.00, 0.00)
Can't shrink brush 1289, plane 851 (-1.00, 0.00, 0.00)
Can't shrink brush 1289, plane 852 (1.00, 0.00, 0.00)
Can't shrink brush 1290, plane 851 (-1.00, 0.00, 0.00)
Can't shrink brush 1290, plane 852 (1.00, 0.00, 0.00)
Can't shrink brush 1291, plane 851 (-1.00, 0.00, 0.00)
Can't shrink brush 1291, plane 852 (1.00, 0.00, 0.00)
Can't shrink brush 1292, plane 851 (-1.00, 0.00, 0.00)
Can't shrink brush 1292, plane 852 (1.00, 0.00, 0.00)
Can't shrink brush 1293, plane 851 (-1.00, 0.00, 0.00)
Can't shrink brush 1293, plane 852 (1.00, 0.00, 0.00)
Can't shrink brush 1294, plane 851 (-1.00, 0.00, 0.00)
Can't shrink brush 1294, plane 852 (1.00, 0.00, 0.00)
Can't shrink brush 1295, plane 851 (-1.00, 0.00, 0.00)
Can't shrink brush 1295, plane 852 (1.00, 0.00, 0.00)
Can't shrink brush 1296, plane 851 (-1.00, 0.00, 0.00)
Can't shrink brush 1296, plane 852 (1.00, 0.00, 0.00)
Can't shrink brush 1297, plane 851 (-1.00, 0.00, 0.00)
Can't shrink brush 1297, plane 852 (1.00, 0.00, 0.00)
Can't shrink brush 1298, plane 851 (-1.00, 0.00, 0.00)
Can't shrink brush 1298, plane 852 (1.00, 0.00, 0.00)
Can't shrink brush 1299, plane 851 (-1.00, 0.00, 0.00)
Can't shrink brush 1299, plane 852 (1.00, 0.00, 0.00)
Can't shrink brush 1300, plane 851 (-1.00, 0.00, 0.00)
Can't shrink brush 1300, plane 852 (1.00, 0.00, 0.00)
Can't shrink brush 1301, plane 851 (-1.00, 0.00, 0.00)
Can't shrink brush 1301, plane 852 (1.00, 0.00, 0.00)
Can't shrink brush 1302, plane 851 (-1.00, 0.00, 0.00)
Can't shrink brush 1302, plane 852 (1.00, 0.00, 0.00)
Can't shrink brush 1303, plane 851 (-1.00, 0.00, 0.00)
Can't shrink brush 1303, plane 852 (1.00, 0.00, 0.00)
Can't shrink brush 1304, plane 851 (-1.00, 0.00, 0.00)
Can't shrink brush 1304, plane 852 (1.00, 0.00, 0.00)
Can't shrink brush 1305, plane 851 (-1.00, 0.00, 0.00)
Can't shrink brush 1305, plane 852 (1.00, 0.00, 0.00)
Can't shrink brush 1306, plane 851 (-1.00, 0.00, 0.00)
Can't shrink brush 1306, plane 852 (1.00, 0.00, 0.00)
Can't shrink brush 1307, plane 851 (-1.00, 0.00, 0.00)
Can't shrink brush 1307, plane 852 (1.00, 0.00, 0.00)
Can't shrink brush 1308, plane 851 (-1.00, 0.00, 0.00)
Can't shrink brush 1308, plane 852 (1.00, 0.00, 0.00)
Can't shrink brush 1309, plane 851 (-1.00, 0.00, 0.00)
Can't shrink brush 1309, plane 852 (1.00, 0.00, 0.00)
Can't shrink brush 1310, plane 851 (-1.00, 0.00, 0.00)
Can't shrink brush 1310, plane 852 (1.00, 0.00, 0.00)
Can't shrink brush 1311, plane 851 (-1.00, 0.00, 0.00)
Can't shrink brush 1311, plane 852 (1.00, 0.00, 0.00)
Can't shrink brush 1312, plane 851 (-1.00, 0.00, 0.00)
Can't shrink brush 1312, plane 852 (1.00, 0.00, 0.00)
Can't shrink brush 1313, plane 851 (-1.00, 0.00, 0.00)
Can't shrink brush 1313, plane 852 (1.00, 0.00, 0.00)
Can't shrink brush 1314, plane 851 (-1.00, 0.00, 0.00)
Can't shrink brush 1314, plane 852 (1.00, 0.00, 0.00)
Can't shrink brush 1315, plane 851 (-1.00, 0.00, 0.00)
Can't shrink brush 1315, plane 852 (1.00, 0.00, 0.00)
Can't shrink brush 1316, plane 851 (-1.00, 0.00, 0.00)
Can't shrink brush 1316, plane 852 (1.00, 0.00, 0.00)
Can't shrink brush 1317, plane 851 (-1.00, 0.00, 0.00)
Can't shrink brush 1317, plane 852 (1.00, 0.00, 0.00)
Can't shrink brush 1318, plane 851 (-1.00, 0.00, 0.00)
Can't shrink brush 1318, plane 852 (1.00, 0.00, 0.00)
Can't shrink brush 1319, plane 851 (-1.00, 0.00, 0.00)
Can't shrink brush 1319, plane 852 (1.00, 0.00, 0.00)
Can't shrink brush 1320, plane 851 (-1.00, 0.00, 0.00)
Can't shrink brush 1320, plane 852 (1.00, 0.00, 0.00)
Can't shrink brush 1321, plane 851 (-1.00, 0.00, 0.00)
Can't shrink brush 1321, plane 852 (1.00, 0.00, 0.00)
Can't shrink brush 1322, plane 851 (-1.00, 0.00, 0.00)
Can't shrink brush 1322, plane 852 (1.00, 0.00, 0.00)
Can't shrink brush 1323, plane 851 (-1.00, 0.00, 0.00)
Can't shrink brush 1323, plane 852 (1.00, 0.00, 0.00)
Can't shrink brush 1324, plane 851 (-1.00, 0.00, 0.00)
Can't shrink brush 1324, plane 852 (1.00, 0.00, 0.00)
Can't shrink brush 1325, plane 851 (-1.00, 0.00, 0.00)
Can't shrink brush 1325, plane 852 (1.00, 0.00, 0.00)
Can't shrink brush 1326, plane 851 (-1.00, 0.00, 0.00)
Can't shrink brush 1326, plane 852 (1.00, 0.00, 0.00)
Can't shrink brush 1327, plane 851 (-1.00, 0.00, 0.00)
Can't shrink brush 1327, plane 852 (1.00, 0.00, 0.00)
Can't shrink brush 1328, plane 851 (-1.00, 0.00, 0.00)
Can't shrink brush 1328, plane 852 (1.00, 0.00, 0.00)
Can't shrink brush 1329, plane 851 (-1.00, 0.00, 0.00)
Can't shrink brush 1329, plane 852 (1.00, 0.00, 0.00)
Can't shrink brush 1330, plane 851 (-1.00, 0.00, 0.00)
Can't shrink brush 1330, plane 852 (1.00, 0.00, 0.00)
Can't shrink brush 1331, plane 851 (-1.00, 0.00, 0.00)
Can't shrink brush 1331, plane 852 (1.00, 0.00, 0.00)
Can't shrink brush 1332, plane 851 (-1.00, 0.00, 0.00)
Can't shrink brush 1332, plane 852 (1.00, 0.00, 0.00)
Can't shrink brush 1333, plane 851 (-1.00, 0.00, 0.00)
Can't shrink brush 1333, plane 852 (1.00, 0.00, 0.00)
Can't shrink brush 1334, plane 851 (-1.00, 0.00, 0.00)
Can't shrink brush 1334, plane 852 (1.00, 0.00, 0.00)
Can't shrink brush 1335, plane 851 (-1.00, 0.00, 0.00)
Can't shrink brush 1335, plane 852 (1.00, 0.00, 0.00)
Can't shrink brush 1336, plane 851 (-1.00, 0.00, 0.00)
Can't shrink brush 1336, plane 852 (1.00, 0.00, 0.00)
Can't shrink brush 1337, plane 851 (-1.00, 0.00, 0.00)
Can't shrink brush 1337, plane 852 (1.00, 0.00, 0.00)
Can't shrink brush 1338, plane 851 (-1.00, 0.00, 0.00)
Can't shrink brush 1338, plane 852 (1.00, 0.00, 0.00)
Can't shrink brush 1339, plane 851 (-1.00, 0.00, 0.00)
Can't shrink brush 1339, plane 852 (1.00, 0.00, 0.00)
Can't shrink brush 1340, plane 851 (-1.00, 0.00, 0.00)
Can't shrink brush 1340, plane 852 (1.00, 0.00, 0.00)
Can't shrink brush 1341, plane 851 (-1.00, 0.00, 0.00)
Can't shrink brush 1341, plane 852 (1.00, 0.00, 0.00)
Can't shrink brush 1342, plane 851 (-1.00, 0.00, 0.00)
Can't shrink brush 1342, plane 852 (1.00, 0.00, 0.00)
Can't shrink brush 1343, plane 851 (-1.00, 0.00, 0.00)
Can't shrink brush 1343, plane 852 (1.00, 0.00, 0.00)
Can't shrink brush 1344, plane 851 (-1.00, 0.00, 0.00)
Can't shrink brush 1344, plane 852 (1.00, 0.00, 0.00)
Can't shrink brush 1345, plane 851 (-1.00, 0.00, 0.00)
Can't shrink brush 1345, plane 852 (1.00, 0.00, 0.00)
Can't shrink brush 1346, plane 851 (-1.00, 0.00, 0.00)
Can't shrink brush 1346, plane 852 (1.00, 0.00, 0.00)
Can't shrink brush 1347, plane 851 (-1.00, 0.00, 0.00)
Can't shrink brush 1347, plane 852 (1.00, 0.00, 0.00)
Can't shrink brush 1348, plane 851 (-1.00, 0.00, 0.00)
Can't shrink brush 1348, plane 852 (1.00, 0.00, 0.00)
Can't shrink brush 1349, plane 851 (-1.00, 0.00, 0.00)
Can't shrink brush 1349, plane 852 (1.00, 0.00, 0.00)
Can't shrink brush 1350, plane 851 (-1.00, 0.00, 0.00)
Can't shrink brush 1350, plane 852 (1.00, 0.00, 0.00)
Can't shrink brush 1351, plane 851 (-1.00, 0.00, 0.00)
Can't shrink brush 1351, plane 852 (1.00, 0.00, 0.00)
Can't shrink brush 1352, plane 851 (-1.00, 0.00, 0.00)
Can't shrink brush 1352, plane 852 (1.00, 0.00, 0.00)
Can't shrink brush 1353, plane 851 (-1.00, 0.00, 0.00)
Can't shrink brush 1353, plane 852 (1.00, 0.00, 0.00)
Can't shrink brush 1354, plane 851 (-1.00, 0.00, 0.00)
Can't shrink brush 1354, plane 852 (1.00, 0.00, 0.00)
Can't shrink brush 1355, plane 851 (-1.00, 0.00, 0.00)
Can't shrink brush 1355, plane 852 (1.00, 0.00, 0.00)
Can't shrink brush 1356, plane 851 (-1.00, 0.00, 0.00)
Can't shrink brush 1356, plane 852 (1.00, 0.00, 0.00)
Can't shrink brush 1357, plane 851 (-1.00, 0.00, 0.00)
Can't shrink brush 1357, plane 852 (1.00, 0.00, 0.00)
Can't shrink brush 1358, plane 851 (-1.00, 0.00, 0.00)
Can't shrink brush 1358, plane 852 (1.00, 0.00, 0.00)
Can't shrink brush 1359, plane 851 (-1.00, 0.00, 0.00)
Can't shrink brush 1359, plane 852 (1.00, 0.00, 0.00)
Can't shrink brush 1360, plane 859 (-1.00, 0.00, 0.00)
Can't shrink brush 1360, plane 860 (1.00, 0.00, 0.00)
Can't shrink brush 1361, plane 851 (-1.00, 0.00, 0.00)
Can't shrink brush 1361, plane 852 (1.00, 0.00, 0.00)
Can't shrink brush 1362, plane 851 (-1.00, 0.00, 0.00)
Can't shrink brush 1362, plane 852 (1.00, 0.00, 0.00)
Can't shrink brush 1363, plane 851 (-1.00, 0.00, 0.00)
Can't shrink brush 1363, plane 852 (1.00, 0.00, 0.00)
Can't shrink brush 1364, plane 851 (-1.00, 0.00, 0.00)
Can't shrink brush 1364, plane 852 (1.00, 0.00, 0.00)
Can't shrink brush 1365, plane 851 (-1.00, 0.00, 0.00)
Can't shrink brush 1365, plane 852 (1.00, 0.00, 0.00)
Can't shrink brush 1366, plane 851 (-1.00, 0.00, 0.00)
Can't shrink brush 1366, plane 852 (1.00, 0.00, 0.00)
Can't shrink brush 1367, plane 851 (-1.00, 0.00, 0.00)
Can't shrink brush 1367, plane 852 (1.00, 0.00, 0.00)
Can't shrink brush 1368, plane 851 (-1.00, 0.00, 0.00)
Can't shrink brush 1368, plane 852 (1.00, 0.00, 0.00)
Can't shrink brush 1369, plane 851 (-1.00, 0.00, 0.00)
Can't shrink brush 1369, plane 852 (1.00, 0.00, 0.00)
Can't shrink brush 1370, plane 851 (-1.00, 0.00, 0.00)
Can't shrink brush 1370, plane 852 (1.00, 0.00, 0.00)
Can't shrink brush 1371, plane 851 (-1.00, 0.00, 0.00)
Can't shrink brush 1371, plane 852 (1.00, 0.00, 0.00)
Can't shrink brush 1372, plane 851 (-1.00, 0.00, 0.00)
Can't shrink brush 1372, plane 852 (1.00, 0.00, 0.00)
Can't shrink brush 1373, plane 851 (-1.00, 0.00, 0.00)
Can't shrink brush 1373, plane 852 (1.00, 0.00, 0.00)
Can't shrink brush 1374, plane 851 (-1.00, 0.00, 0.00)
Can't shrink brush 1374, plane 852 (1.00, 0.00, 0.00)
Can't shrink brush 1375, plane 851 (-1.00, 0.00, 0.00)
Can't shrink brush 1375, plane 852 (1.00, 0.00, 0.00)
Can't shrink brush 1376, plane 851 (-1.00, 0.00, 0.00)
Can't shrink brush 1376, plane 852 (1.00, 0.00, 0.00)
Can't shrink brush 1377, plane 851 (-1.00, 0.00, 0.00)
Can't shrink brush 1377, plane 852 (1.00, 0.00, 0.00)
Can't shrink brush 1378, plane 851 (-1.00, 0.00, 0.00)
Can't shrink brush 1378, plane 852 (1.00, 0.00, 0.00)
Can't shrink brush 1379, plane 851 (-1.00, 0.00, 0.00)
Can't shrink brush 1379, plane 852 (1.00, 0.00, 0.00)
Can't shrink brush 1380, plane 851 (-1.00, 0.00, 0.00)
Can't shrink brush 1380, plane 852 (1.00, 0.00, 0.00)
Can't shrink brush 1381, plane 851 (-1.00, 0.00, 0.00)
Can't shrink brush 1381, plane 852 (1.00, 0.00, 0.00)
Can't shrink brush 1382, plane 851 (-1.00, 0.00, 0.00)
Can't shrink brush 1382, plane 852 (1.00, 0.00, 0.00)
Can't shrink brush 1383, plane 851 (-1.00, 0.00, 0.00)
Can't shrink brush 1383, plane 852 (1.00, 0.00, 0.00)
Can't shrink brush 1384, plane 851 (-1.00, 0.00, 0.00)
Can't shrink brush 1384, plane 852 (1.00, 0.00, 0.00)
Can't shrink brush 1385, plane 851 (-1.00, 0.00, 0.00)
Can't shrink brush 1385, plane 852 (1.00, 0.00, 0.00)
Can't shrink brush 1386, plane 851 (-1.00, 0.00, 0.00)
Can't shrink brush 1386, plane 852 (1.00, 0.00, 0.00)
Can't shrink brush 1387, plane 851 (-1.00, 0.00, 0.00)
Can't shrink brush 1387, plane 852 (1.00, 0.00, 0.00)
Can't shrink brush 1388, plane 851 (-1.00, 0.00, 0.00)
Can't shrink brush 1388, plane 852 (1.00, 0.00, 0.00)
Can't shrink brush 1389, plane 851 (-1.00, 0.00, 0.00)
Can't shrink brush 1389, plane 852 (1.00, 0.00, 0.00)
Can't shrink brush 1390, plane 851 (-1.00, 0.00, 0.00)
Can't shrink brush 1390, plane 852 (1.00, 0.00, 0.00)
Can't shrink brush 1391, plane 851 (-1.00, 0.00, 0.00)
Can't shrink brush 1391, plane 852 (1.00, 0.00, 0.00)
Can't shrink brush 1392, plane 851 (-1.00, 0.00, 0.00)
Can't shrink brush 1392, plane 852 (1.00, 0.00, 0.00)
Can't shrink brush 1393, plane 851 (-1.00, 0.00, 0.00)
Can't shrink brush 1393, plane 852 (1.00, 0.00, 0.00)
Can't shrink brush 1394, plane 851 (-1.00, 0.00, 0.00)
Can't shrink brush 1394, plane 852 (1.00, 0.00, 0.00)
Can't shrink brush 1395, plane 851 (-1.00, 0.00, 0.00)
Can't shrink brush 1395, plane 852 (1.00, 0.00, 0.00)
Can't shrink brush 1396, plane 851 (-1.00, 0.00, 0.00)
Can't shrink brush 1396, plane 852 (1.00, 0.00, 0.00)
Can't shrink brush 1397, plane 851 (-1.00, 0.00, 0.00)
Can't shrink brush 1397, plane 852 (1.00, 0.00, 0.00)
Can't shrink brush 1398, plane 851 (-1.00, 0.00, 0.00)
Can't shrink brush 1398, plane 852 (1.00, 0.00, 0.00)
Can't shrink brush 1399, plane 851 (-1.00, 0.00, 0.00)
Can't shrink brush 1399, plane 852 (1.00, 0.00, 0.00)
Can't shrink brush 1400, plane 851 (-1.00, 0.00, 0.00)
Can't shrink brush 1400, plane 852 (1.00, 0.00, 0.00)
Can't shrink brush 1401, plane 851 (-1.00, 0.00, 0.00)
Can't shrink brush 1401, plane 852 (1.00, 0.00, 0.00)
Can't shrink brush 1402, plane 851 (-1.00, 0.00, 0.00)
Can't shrink brush 1402, plane 852 (1.00, 0.00, 0.00)
Can't shrink brush 1403, plane 851 (-1.00, 0.00, 0.00)
Can't shrink brush 1403, plane 852 (1.00, 0.00, 0.00)
Can't shrink brush 1404, plane 851 (-1.00, 0.00, 0.00)
Can't shrink brush 1404, plane 852 (1.00, 0.00, 0.00)
Can't shrink brush 1405, plane 851 (-1.00, 0.00, 0.00)
Can't shrink brush 1405, plane 852 (1.00, 0.00, 0.00)
Can't shrink brush 1406, plane 851 (-1.00, 0.00, 0.00)
Can't shrink brush 1406, plane 852 (1.00, 0.00, 0.00)
Can't shrink brush 1407, plane 851 (-1.00, 0.00, 0.00)
Can't shrink brush 1407, plane 852 (1.00, 0.00, 0.00)
Can't shrink brush 1408, plane 851 (-1.00, 0.00, 0.00)
Can't shrink brush 1408, plane 852 (1.00, 0.00, 0.00)
Can't shrink brush 1409, plane 851 (-1.00, 0.00, 0.00)
Can't shrink brush 1409, plane 852 (1.00, 0.00, 0.00)
Can't shrink brush 1410, plane 851 (-1.00, 0.00, 0.00)
Can't shrink brush 1410, plane 852 (1.00, 0.00, 0.00)
Can't shrink brush 1411, plane 851 (-1.00, 0.00, 0.00)
Can't shrink brush 1411, plane 852 (1.00, 0.00, 0.00)
Can't shrink brush 1412, plane 851 (-1.00, 0.00, 0.00)
Can't shrink brush 1412, plane 852 (1.00, 0.00, 0.00)
Can't shrink brush 1413, plane 851 (-1.00, 0.00, 0.00)
Can't shrink brush 1413, plane 852 (1.00, 0.00, 0.00)
Can't shrink brush 1414, plane 851 (-1.00, 0.00, 0.00)
Can't shrink brush 1414, plane 852 (1.00, 0.00, 0.00)
Can't shrink brush 1415, plane 851 (-1.00, 0.00, 0.00)
Can't shrink brush 1415, plane 852 (1.00, 0.00, 0.00)
Can't shrink brush 1416, plane 851 (-1.00, 0.00, 0.00)
Can't shrink brush 1416, plane 852 (1.00, 0.00, 0.00)
Can't shrink brush 1417, plane 851 (-1.00, 0.00, 0.00)
Can't shrink brush 1417, plane 852 (1.00, 0.00, 0.00)
Can't shrink brush 1418, plane 851 (-1.00, 0.00, 0.00)
Can't shrink brush 1418, plane 852 (1.00, 0.00, 0.00)
Can't shrink brush 1419, plane 851 (-1.00, 0.00, 0.00)
Can't shrink brush 1419, plane 852 (1.00, 0.00, 0.00)
Can't shrink brush 1420, plane 851 (-1.00, 0.00, 0.00)
Can't shrink brush 1420, plane 852 (1.00, 0.00, 0.00)
Can't shrink brush 1421, plane 851 (-1.00, 0.00, 0.00)
Can't shrink brush 1421, plane 852 (1.00, 0.00, 0.00)
Can't shrink brush 1422, plane 851 (-1.00, 0.00, 0.00)
Can't shrink brush 1422, plane 852 (1.00, 0.00, 0.00)
Can't shrink brush 1423, plane 851 (-1.00, 0.00, 0.00)
Can't shrink brush 1423, plane 852 (1.00, 0.00, 0.00)
Can't shrink brush 1424, plane 851 (-1.00, 0.00, 0.00)
Can't shrink brush 1424, plane 852 (1.00, 0.00, 0.00)
Can't shrink brush 1425, plane 851 (-1.00, 0.00, 0.00)
Can't shrink brush 1425, plane 852 (1.00, 0.00, 0.00)
Can't shrink brush 1426, plane 851 (-1.00, 0.00, 0.00)
Can't shrink brush 1426, plane 852 (1.00, 0.00, 0.00)
Can't shrink brush 1427, plane 851 (-1.00, 0.00, 0.00)
Can't shrink brush 1427, plane 852 (1.00, 0.00, 0.00)
Can't shrink brush 1428, plane 851 (-1.00, 0.00, 0.00)
Can't shrink brush 1428, plane 852 (1.00, 0.00, 0.00)
Can't shrink brush 1429, plane 851 (-1.00, 0.00, 0.00)
Can't shrink brush 1429, plane 852 (1.00, 0.00, 0.00)
Can't shrink brush 1430, plane 851 (-1.00, 0.00, 0.00)
Can't shrink brush 1430, plane 852 (1.00, 0.00, 0.00)
Can't shrink brush 1431, plane 851 (-1.00, 0.00, 0.00)
Can't shrink brush 1431, plane 852 (1.00, 0.00, 0.00)
Can't shrink brush 1432, plane 851 (-1.00, 0.00, 0.00)
Can't shrink brush 1432, plane 852 (1.00, 0.00, 0.00)
Can't shrink brush 1433, plane 851 (-1.00, 0.00, 0.00)
Can't shrink brush 1433, plane 852 (1.00, 0.00, 0.00)
Can't shrink brush 1434, plane 851 (-1.00, 0.00, 0.00)
Can't shrink brush 1434, plane 852 (1.00, 0.00, 0.00)
Can't shrink brush 1435, plane 851 (-1.00, 0.00, 0.00)
Can't shrink brush 1435, plane 852 (1.00, 0.00, 0.00)
Can't shrink brush 1436, plane 851 (-1.00, 0.00, 0.00)
Can't shrink brush 1436, plane 852 (1.00, 0.00, 0.00)
Can't shrink brush 1437, plane 851 (-1.00, 0.00, 0.00)
Can't shrink brush 1437, plane 852 (1.00, 0.00, 0.00)
Can't shrink brush 1438, plane 851 (-1.00, 0.00, 0.00)
Can't shrink brush 1438, plane 852 (1.00, 0.00, 0.00)
Can't shrink brush 1439, plane 851 (-1.00, 0.00, 0.00)
Can't shrink brush 1439, plane 852 (1.00, 0.00, 0.00)
Can't shrink brush 1440, plane 851 (-1.00, 0.00, 0.00)
Can't shrink brush 1440, plane 852 (1.00, 0.00, 0.00)
Can't shrink brush 1441, plane 851 (-1.00, 0.00, 0.00)
Can't shrink brush 1441, plane 852 (1.00, 0.00, 0.00)
Can't shrink brush 1442, plane 851 (-1.00, 0.00, 0.00)
Can't shrink brush 1442, plane 852 (1.00, 0.00, 0.00)
Can't shrink brush 1443, plane 851 (-1.00, 0.00, 0.00)
Can't shrink brush 1443, plane 852 (1.00, 0.00, 0.00)
Can't shrink brush 1444, plane 851 (-1.00, 0.00, 0.00)
Can't shrink brush 1444, plane 852 (1.00, 0.00, 0.00)
Can't shrink brush 1445, plane 851 (-1.00, 0.00, 0.00)
Can't shrink brush 1445, plane 852 (1.00, 0.00, 0.00)
Can't shrink brush 1446, plane 851 (-1.00, 0.00, 0.00)
Can't shrink brush 1446, plane 852 (1.00, 0.00, 0.00)
Can't shrink brush 1447, plane 851 (-1.00, 0.00, 0.00)
Can't shrink brush 1447, plane 852 (1.00, 0.00, 0.00)
Can't shrink brush 1448, plane 851 (-1.00, 0.00, 0.00)
Can't shrink brush 1448, plane 852 (1.00, 0.00, 0.00)
Can't shrink brush 1449, plane 851 (-1.00, 0.00, 0.00)
Can't shrink brush 1449, plane 852 (1.00, 0.00, 0.00)
Can't shrink brush 1450, plane 851 (-1.00, 0.00, 0.00)
Can't shrink brush 1450, plane 852 (1.00, 0.00, 0.00)
Can't shrink brush 1451, plane 851 (-1.00, 0.00, 0.00)
Can't shrink brush 1451, plane 852 (1.00, 0.00, 0.00)
Can't shrink brush 1452, plane 851 (-1.00, 0.00, 0.00)
Can't shrink brush 1452, plane 852 (1.00, 0.00, 0.00)
Can't shrink brush 1453, plane 851 (-1.00, 0.00, 0.00)
Can't shrink brush 1453, plane 852 (1.00, 0.00, 0.00)
Can't shrink brush 1454, plane 851 (-1.00, 0.00, 0.00)
Can't shrink brush 1454, plane 852 (1.00, 0.00, 0.00)
Can't shrink brush 1455, plane 851 (-1.00, 0.00, 0.00)
Can't shrink brush 1455, plane 852 (1.00, 0.00, 0.00)
Can't shrink brush 1456, plane 851 (-1.00, 0.00, 0.00)
Can't shrink brush 1456, plane 852 (1.00, 0.00, 0.00)
Can't shrink brush 1457, plane 851 (-1.00, 0.00, 0.00)
Can't shrink brush 1457, plane 852 (1.00, 0.00, 0.00)
Can't shrink brush 1458, plane 851 (-1.00, 0.00, 0.00)
Can't shrink brush 1458, plane 852 (1.00, 0.00, 0.00)
Can't shrink brush 1459, plane 851 (-1.00, 0.00, 0.00)
Can't shrink brush 1459, plane 852 (1.00, 0.00, 0.00)
Can't shrink brush 1460, plane 851 (-1.00, 0.00, 0.00)
Can't shrink brush 1460, plane 852 (1.00, 0.00, 0.00)
Can't shrink brush 1461, plane 851 (-1.00, 0.00, 0.00)
Can't shrink brush 1461, plane 852 (1.00, 0.00, 0.00)
Can't shrink brush 1462, plane 851 (-1.00, 0.00, 0.00)
Can't shrink brush 1462, plane 852 (1.00, 0.00, 0.00)
Can't shrink brush 1463, plane 851 (-1.00, 0.00, 0.00)
Can't shrink brush 1463, plane 852 (1.00, 0.00, 0.00)
Can't shrink brush 1464, plane 851 (-1.00, 0.00, 0.00)
Can't shrink brush 1464, plane 852 (1.00, 0.00, 0.00)
Can't shrink brush 1465, plane 851 (-1.00, 0.00, 0.00)
Can't shrink brush 1465, plane 852 (1.00, 0.00, 0.00)
Can't shrink brush 1466, plane 851 (-1.00, 0.00, 0.00)
Can't shrink brush 1466, plane 852 (1.00, 0.00, 0.00)
Can't shrink brush 1467, plane 851 (-1.00, 0.00, 0.00)
Can't shrink brush 1467, plane 852 (1.00, 0.00, 0.00)
Can't shrink brush 1468, plane 851 (-1.00, 0.00, 0.00)
Can't shrink brush 1468, plane 852 (1.00, 0.00, 0.00)
Can't shrink brush 1469, plane 851 (-1.00, 0.00, 0.00)
Can't shrink brush 1469, plane 852 (1.00, 0.00, 0.00)
Can't shrink brush 1470, plane 851 (-1.00, 0.00, 0.00)
Can't shrink brush 1470, plane 852 (1.00, 0.00, 0.00)
Can't shrink brush 1471, plane 851 (-1.00, 0.00, 0.00)
Can't shrink brush 1471, plane 852 (1.00, 0.00, 0.00)
Can't shrink brush 1472, plane 851 (-1.00, 0.00, 0.00)
Can't shrink brush 1472, plane 852 (1.00, 0.00, 0.00)
Can't shrink brush 1473, plane 851 (-1.00, 0.00, 0.00)
Can't shrink brush 1473, plane 852 (1.00, 0.00, 0.00)
Can't shrink brush 1474, plane 851 (-1.00, 0.00, 0.00)
Can't shrink brush 1474, plane 852 (1.00, 0.00, 0.00)
Can't shrink brush 1475, plane 851 (-1.00, 0.00, 0.00)
Can't shrink brush 1475, plane 852 (1.00, 0.00, 0.00)
Can't shrink brush 1476, plane 851 (-1.00, 0.00, 0.00)
Can't shrink brush 1476, plane 852 (1.00, 0.00, 0.00)
Can't shrink brush 1477, plane 851 (-1.00, 0.00, 0.00)
Can't shrink brush 1477, plane 852 (1.00, 0.00, 0.00)
Can't shrink brush 1478, plane 851 (-1.00, 0.00, 0.00)
Can't shrink brush 1478, plane 852 (1.00, 0.00, 0.00)
Can't shrink brush 1479, plane 851 (-1.00, 0.00, 0.00)
Can't shrink brush 1479, plane 852 (1.00, 0.00, 0.00)
Can't shrink brush 1480, plane 851 (-1.00, 0.00, 0.00)
Can't shrink brush 1480, plane 852 (1.00, 0.00, 0.00)
Can't shrink brush 1481, plane 851 (-1.00, 0.00, 0.00)
Can't shrink brush 1481, plane 852 (1.00, 0.00, 0.00)
Can't shrink brush 1482, plane 851 (-1.00, 0.00, 0.00)
Can't shrink brush 1482, plane 852 (1.00, 0.00, 0.00)
Can't shrink brush 1483, plane 851 (-1.00, 0.00, 0.00)
Can't shrink brush 1483, plane 852 (1.00, 0.00, 0.00)
Can't shrink brush 1484, plane 851 (-1.00, 0.00, 0.00)
Can't shrink brush 1484, plane 852 (1.00, 0.00, 0.00)
Can't shrink brush 1485, plane 851 (-1.00, 0.00, 0.00)
Can't shrink brush 1485, plane 852 (1.00, 0.00, 0.00)
Can't shrink brush 1486, plane 851 (-1.00, 0.00, 0.00)
Can't shrink brush 1486, plane 852 (1.00, 0.00, 0.00)
Can't shrink brush 1487, plane 851 (-1.00, 0.00, 0.00)
Can't shrink brush 1487, plane 852 (1.00, 0.00, 0.00)
Can't shrink brush 1488, plane 871 (-1.00, 0.00, 0.00)
Can't shrink brush 1488, plane 872 (1.00, 0.00, 0.00)
Can't shrink brush 1489, plane 851 (-1.00, 0.00, 0.00)
Can't shrink brush 1489, plane 852 (1.00, 0.00, 0.00)
Can't shrink brush 1490, plane 851 (-1.00, 0.00, 0.00)
Can't shrink brush 1490, plane 852 (1.00, 0.00, 0.00)
Can't shrink brush 1491, plane 851 (-1.00, 0.00, 0.00)
Can't shrink brush 1491, plane 852 (1.00, 0.00, 0.00)
Can't shrink brush 1492, plane 851 (-1.00, 0.00, 0.00)
Can't shrink brush 1492, plane 852 (1.00, 0.00, 0.00)
Can't shrink brush 1493, plane 851 (-1.00, 0.00, 0.00)
Can't shrink brush 1493, plane 852 (1.00, 0.00, 0.00)
Can't shrink brush 1494, plane 851 (-1.00, 0.00, 0.00)
Can't shrink brush 1494, plane 852 (1.00, 0.00, 0.00)
Can't shrink brush 1495, plane 851 (-1.00, 0.00, 0.00)
Can't shrink brush 1495, plane 852 (1.00, 0.00, 0.00)
Can't shrink brush 1496, plane 851 (-1.00, 0.00, 0.00)
Can't shrink brush 1496, plane 852 (1.00, 0.00, 0.00)
Can't shrink brush 1497, plane 851 (-1.00, 0.00, 0.00)
Can't shrink brush 1497, plane 852 (1.00, 0.00, 0.00)
Can't shrink brush 1498, plane 851 (-1.00, 0.00, 0.00)
Can't shrink brush 1498, plane 852 (1.00, 0.00, 0.00)
Can't shrink brush 1499, plane 851 (-1.00, 0.00, 0.00)
Can't shrink brush 1499, plane 852 (1.00, 0.00, 0.00)
Can't shrink brush 1500, plane 851 (-1.00, 0.00, 0.00)
Can't shrink brush 1500, plane 852 (1.00, 0.00, 0.00)
Can't shrink brush 1501, plane 851 (-1.00, 0.00, 0.00)
Can't shrink brush 1501, plane 852 (1.00, 0.00, 0.00)
Can't shrink brush 1502, plane 851 (-1.00, 0.00, 0.00)
Can't shrink brush 1502, plane 852 (1.00, 0.00, 0.00)
Can't shrink brush 1503, plane 851 (-1.00, 0.00, 0.00)
Can't shrink brush 1503, plane 852 (1.00, 0.00, 0.00)
Can't shrink brush 1504, plane 851 (-1.00, 0.00, 0.00)
Can't shrink brush 1504, plane 852 (1.00, 0.00, 0.00)
Can't shrink brush 1505, plane 851 (-1.00, 0.00, 0.00)
Can't shrink brush 1505, plane 852 (1.00, 0.00, 0.00)
Can't shrink brush 1506, plane 851 (-1.00, 0.00, 0.00)
Can't shrink brush 1506, plane 852 (1.00, 0.00, 0.00)
Can't shrink brush 1507, plane 851 (-1.00, 0.00, 0.00)
Can't shrink brush 1507, plane 852 (1.00, 0.00, 0.00)
Can't shrink brush 1508, plane 851 (-1.00, 0.00, 0.00)
Can't shrink brush 1508, plane 852 (1.00, 0.00, 0.00)
Can't shrink brush 1509, plane 851 (-1.00, 0.00, 0.00)
Can't shrink brush 1509, plane 852 (1.00, 0.00, 0.00)
Can't shrink brush 1510, plane 851 (-1.00, 0.00, 0.00)
Can't shrink brush 1510, plane 852 (1.00, 0.00, 0.00)
Can't shrink brush 1511, plane 851 (-1.00, 0.00, 0.00)
Can't shrink brush 1511, plane 852 (1.00, 0.00, 0.00)
Can't shrink brush 1512, plane 851 (-1.00, 0.00, 0.00)
Can't shrink brush 1512, plane 852 (1.00, 0.00, 0.00)
Can't shrink brush 1513, plane 851 (-1.00, 0.00, 0.00)
Can't shrink brush 1513, plane 852 (1.00, 0.00, 0.00)
Can't shrink brush 1514, plane 851 (-1.00, 0.00, 0.00)
Can't shrink brush 1514, plane 852 (1.00, 0.00, 0.00)
Can't shrink brush 1515, plane 851 (-1.00, 0.00, 0.00)
Can't shrink brush 1515, plane 852 (1.00, 0.00, 0.00)
Can't shrink brush 1516, plane 851 (-1.00, 0.00, 0.00)
Can't shrink brush 1516, plane 852 (1.00, 0.00, 0.00)
Can't shrink brush 1517, plane 851 (-1.00, 0.00, 0.00)
Can't shrink brush 1517, plane 852 (1.00, 0.00, 0.00)
Can't shrink brush 1518, plane 851 (-1.00, 0.00, 0.00)
Can't shrink brush 1518, plane 852 (1.00, 0.00, 0.00)
Can't shrink brush 1519, plane 851 (-1.00, 0.00, 0.00)
Can't shrink brush 1519, plane 852 (1.00, 0.00, 0.00)
Can't shrink brush 1520, plane 851 (-1.00, 0.00, 0.00)
Can't shrink brush 1520, plane 852 (1.00, 0.00, 0.00)
Can't shrink brush 1521, plane 851 (-1.00, 0.00, 0.00)
Can't shrink brush 1521, plane 852 (1.00, 0.00, 0.00)
Can't shrink brush 1522, plane 851 (-1.00, 0.00, 0.00)
Can't shrink brush 1522, plane 852 (1.00, 0.00, 0.00)
Can't shrink brush 1523, plane 851 (-1.00, 0.00, 0.00)
Can't shrink brush 1523, plane 852 (1.00, 0.00, 0.00)
Can't shrink brush 1524, plane 851 (-1.00, 0.00, 0.00)
Can't shrink brush 1524, plane 852 (1.00, 0.00, 0.00)
Can't shrink brush 1525, plane 851 (-1.00, 0.00, 0.00)
Can't shrink brush 1525, plane 852 (1.00, 0.00, 0.00)
Can't shrink brush 1526, plane 851 (-1.00, 0.00, 0.00)
Can't shrink brush 1526, plane 852 (1.00, 0.00, 0.00)
Can't shrink brush 1527, plane 851 (-1.00, 0.00, 0.00)
Can't shrink brush 1527, plane 852 (1.00, 0.00, 0.00)
Can't shrink brush 1528, plane 851 (-1.00, 0.00, 0.00)
Can't shrink brush 1528, plane 852 (1.00, 0.00, 0.00)
Can't shrink brush 1529, plane 851 (-1.00, 0.00, 0.00)
Can't shrink brush 1529, plane 852 (1.00, 0.00, 0.00)
Can't shrink brush 1530, plane 851 (-1.00, 0.00, 0.00)
Can't shrink brush 1530, plane 852 (1.00, 0.00, 0.00)
Can't shrink brush 1531, plane 851 (-1.00, 0.00, 0.00)
Can't shrink brush 1531, plane 852 (1.00, 0.00, 0.00)
Can't shrink brush 1532, plane 851 (-1.00, 0.00, 0.00)
Can't shrink brush 1532, plane 852 (1.00, 0.00, 0.00)
Can't shrink brush 1533, plane 851 (-1.00, 0.00, 0.00)
Can't shrink brush 1533, plane 852 (1.00, 0.00, 0.00)
Can't shrink brush 1534, plane 851 (-1.00, 0.00, 0.00)
Can't shrink brush 1534, plane 852 (1.00, 0.00, 0.00)
Can't shrink brush 1535, plane 851 (-1.00, 0.00, 0.00)
Can't shrink brush 1535, plane 852 (1.00, 0.00, 0.00)
Can't shrink brush 1536, plane 851 (-1.00, 0.00, 0.00)
Can't shrink brush 1536, plane 852 (1.00, 0.00, 0.00)
Can't shrink brush 1537, plane 851 (-1.00, 0.00, 0.00)
Can't shrink brush 1537, plane 852 (1.00, 0.00, 0.00)
Can't shrink brush 1538, plane 851 (-1.00, 0.00, 0.00)
Can't shrink brush 1538, plane 852 (1.00, 0.00, 0.00)
Can't shrink brush 1539, plane 851 (-1.00, 0.00, 0.00)
Can't shrink brush 1539, plane 852 (1.00, 0.00, 0.00)
Can't shrink brush 1540, plane 827 (0.00, -1.00, 0.00)
Can't shrink brush 1540, plane 828 (0.00, 1.00, 0.00)
Can't shrink brush 1541, plane 827 (0.00, -1.00, 0.00)
Can't shrink brush 1541, plane 828 (0.00, 1.00, 0.00)
Can't shrink brush 1542, plane 827 (0.00, -1.00, 0.00)
Can't shrink brush 1542, plane 828 (0.00, 1.00, 0.00)
Can't shrink brush 1543, plane 827 (0.00, -1.00, 0.00)
Can't shrink brush 1543, plane 828 (0.00, 1.00, 0.00)
Can't shrink brush 1544, plane 827 (0.00, -1.00, 0.00)
Can't shrink brush 1544, plane 828 (0.00, 1.00, 0.00)
Can't shrink brush 1545, plane 827 (0.00, -1.00, 0.00)
Can't shrink brush 1545, plane 828 (0.00, 1.00, 0.00)
Can't shrink brush 1546, plane 827 (0.00, -1.00, 0.00)
Can't shrink brush 1546, plane 828 (0.00, 1.00, 0.00)
Can't shrink brush 1547, plane 827 (0.00, -1.00, 0.00)
Can't shrink brush 1547, plane 828 (0.00, 1.00, 0.00)
Can't shrink brush 1548, plane 827 (0.00, -1.00, 0.00)
Can't shrink brush 1548, plane 828 (0.00, 1.00, 0.00)
Can't shrink brush 1549, plane 827 (0.00, -1.00, 0.00)
Can't shrink brush 1549, plane 828 (0.00, 1.00, 0.00)
Can't shrink brush 1550, plane 827 (0.00, -1.00, 0.00)
Can't shrink brush 1550, plane 828 (0.00, 1.00, 0.00)
Can't shrink brush 1551, plane 827 (0.00, -1.00, 0.00)
Can't shrink brush 1551, plane 828 (0.00, 1.00, 0.00)
Can't shrink brush 1552, plane 827 (0.00, -1.00, 0.00)
Can't shrink brush 1552, plane 828 (0.00, 1.00, 0.00)
Can't shrink brush 1553, plane 827 (0.00, -1.00, 0.00)
Can't shrink brush 1553, plane 828 (0.00, 1.00, 0.00)
Can't shrink brush 1554, plane 827 (0.00, -1.00, 0.00)
Can't shrink brush 1554, plane 828 (0.00, 1.00, 0.00)
Can't shrink brush 1555, plane 827 (0.00, -1.00, 0.00)
Can't shrink brush 1555, plane 828 (0.00, 1.00, 0.00)
Can't shrink brush 1556, plane 827 (0.00, -1.00, 0.00)
Can't shrink brush 1556, plane 828 (0.00, 1.00, 0.00)
Can't shrink brush 1557, plane 827 (0.00, -1.00, 0.00)
Can't shrink brush 1557, plane 828 (0.00, 1.00, 0.00)
Can't shrink brush 1558, plane 827 (0.00, -1.00, 0.00)
Can't shrink brush 1558, plane 828 (0.00, 1.00, 0.00)
Can't shrink brush 1559, plane 827 (0.00, -1.00, 0.00)
Can't shrink brush 1559, plane 828 (0.00, 1.00, 0.00)
Can't shrink brush 1560, plane 827 (0.00, -1.00, 0.00)
Can't shrink brush 1560, plane 828 (0.00, 1.00, 0.00)
Can't shrink brush 1561, plane 827 (0.00, -1.00, 0.00)
Can't shrink brush 1561, plane 828 (0.00, 1.00, 0.00)
Can't shrink brush 1562, plane 827 (0.00, -1.00, 0.00)
Can't shrink brush 1562, plane 828 (0.00, 1.00, 0.00)
Can't shrink brush 1563, plane 827 (0.00, -1.00, 0.00)
Can't shrink brush 1563, plane 828 (0.00, 1.00, 0.00)
Can't shrink brush 1564, plane 827 (0.00, -1.00, 0.00)
Can't shrink brush 1564, plane 828 (0.00, 1.00, 0.00)
Can't shrink brush 1565, plane 827 (0.00, -1.00, 0.00)
Can't shrink brush 1565, plane 828 (0.00, 1.00, 0.00)
Can't shrink brush 1566, plane 827 (0.00, -1.00, 0.00)
Can't shrink brush 1566, plane 828 (0.00, 1.00, 0.00)
Can't shrink brush 1567, plane 827 (0.00, -1.00, 0.00)
Can't shrink brush 1567, plane 828 (0.00, 1.00, 0.00)
Can't shrink brush 1568, plane 827 (0.00, -1.00, 0.00)
Can't shrink brush 1568, plane 828 (0.00, 1.00, 0.00)
Can't shrink brush 1569, plane 827 (0.00, -1.00, 0.00)
Can't shrink brush 1569, plane 828 (0.00, 1.00, 0.00)
Can't shrink brush 1570, plane 827 (0.00, -1.00, 0.00)
Can't shrink brush 1570, plane 828 (0.00, 1.00, 0.00)
Can't shrink brush 1571, plane 827 (0.00, -1.00, 0.00)
Can't shrink brush 1571, plane 828 (0.00, 1.00, 0.00)
Can't shrink brush 1572, plane 827 (0.00, -1.00, 0.00)
Can't shrink brush 1572, plane 828 (0.00, 1.00, 0.00)
Can't shrink brush 1573, plane 827 (0.00, -1.00, 0.00)
Can't shrink brush 1573, plane 828 (0.00, 1.00, 0.00)
Can't shrink brush 1574, plane 827 (0.00, -1.00, 0.00)
Can't shrink brush 1574, plane 828 (0.00, 1.00, 0.00)
Can't shrink brush 1575, plane 827 (0.00, -1.00, 0.00)
Can't shrink brush 1575, plane 828 (0.00, 1.00, 0.00)
Can't shrink brush 1576, plane 827 (0.00, -1.00, 0.00)
Can't shrink brush 1576, plane 828 (0.00, 1.00, 0.00)
Can't shrink brush 1577, plane 827 (0.00, -1.00, 0.00)
Can't shrink brush 1577, plane 828 (0.00, 1.00, 0.00)
Can't shrink brush 1578, plane 827 (0.00, -1.00, 0.00)
Can't shrink brush 1578, plane 828 (0.00, 1.00, 0.00)
Can't shrink brush 1579, plane 827 (0.00, -1.00, 0.00)
Can't shrink brush 1579, plane 828 (0.00, 1.00, 0.00)
Can't shrink brush 1580, plane 827 (0.00, -1.00, 0.00)
Can't shrink brush 1580, plane 828 (0.00, 1.00, 0.00)
Can't shrink brush 1581, plane 827 (0.00, -1.00, 0.00)
Can't shrink brush 1581, plane 828 (0.00, 1.00, 0.00)
Can't shrink brush 1582, plane 827 (0.00, -1.00, 0.00)
Can't shrink brush 1582, plane 828 (0.00, 1.00, 0.00)
Can't shrink brush 1583, plane 827 (0.00, -1.00, 0.00)
Can't shrink brush 1583, plane 828 (0.00, 1.00, 0.00)
Can't shrink brush 1584, plane 827 (0.00, -1.00, 0.00)
Can't shrink brush 1584, plane 828 (0.00, 1.00, 0.00)
Can't shrink brush 1585, plane 827 (0.00, -1.00, 0.00)
Can't shrink brush 1585, plane 828 (0.00, 1.00, 0.00)
Can't shrink brush 1586, plane 827 (0.00, -1.00, 0.00)
Can't shrink brush 1586, plane 828 (0.00, 1.00, 0.00)
Can't shrink brush 1587, plane 827 (0.00, -1.00, 0.00)
Can't shrink brush 1587, plane 828 (0.00, 1.00, 0.00)
Can't shrink brush 1588, plane 827 (0.00, -1.00, 0.00)
Can't shrink brush 1588, plane 828 (0.00, 1.00, 0.00)
Can't shrink brush 1589, plane 827 (0.00, -1.00, 0.00)
Can't shrink brush 1589, plane 828 (0.00, 1.00, 0.00)
Can't shrink brush 1590, plane 827 (0.00, -1.00, 0.00)
Can't shrink brush 1590, plane 828 (0.00, 1.00, 0.00)
Can't shrink brush 1591, plane 827 (0.00, -1.00, 0.00)
Can't shrink brush 1591, plane 828 (0.00, 1.00, 0.00)
Can't shrink brush 1592, plane 827 (0.00, -1.00, 0.00)
Can't shrink brush 1592, plane 828 (0.00, 1.00, 0.00)
Can't shrink brush 1593, plane 827 (0.00, -1.00, 0.00)
Can't shrink brush 1593, plane 828 (0.00, 1.00, 0.00)
Can't shrink brush 1594, plane 827 (0.00, -1.00, 0.00)
Can't shrink brush 1594, plane 828 (0.00, 1.00, 0.00)
Can't shrink brush 1595, plane 827 (0.00, -1.00, 0.00)
Can't shrink brush 1595, plane 828 (0.00, 1.00, 0.00)
Can't shrink brush 1596, plane 827 (0.00, -1.00, 0.00)
Can't shrink brush 1596, plane 828 (0.00, 1.00, 0.00)
Can't shrink brush 1597, plane 827 (0.00, -1.00, 0.00)
Can't shrink brush 1597, plane 828 (0.00, 1.00, 0.00)
Can't shrink brush 1598, plane 827 (0.00, -1.00, 0.00)
Can't shrink brush 1598, plane 828 (0.00, 1.00, 0.00)
Can't shrink brush 1599, plane 827 (0.00, -1.00, 0.00)
Can't shrink brush 1599, plane 828 (0.00, 1.00, 0.00)
Can't shrink brush 1600, plane 827 (0.00, -1.00, 0.00)
Can't shrink brush 1600, plane 828 (0.00, 1.00, 0.00)
Can't shrink brush 1601, plane 827 (0.00, -1.00, 0.00)
Can't shrink brush 1601, plane 828 (0.00, 1.00, 0.00)
Can't shrink brush 1602, plane 827 (0.00, -1.00, 0.00)
Can't shrink brush 1602, plane 828 (0.00, 1.00, 0.00)
Can't shrink brush 1603, plane 827 (0.00, -1.00, 0.00)
Can't shrink brush 1603, plane 828 (0.00, 1.00, 0.00)
Can't shrink brush 1604, plane 827 (0.00, -1.00, 0.00)
Can't shrink brush 1604, plane 828 (0.00, 1.00, 0.00)
Can't shrink brush 1605, plane 827 (0.00, -1.00, 0.00)
Can't shrink brush 1605, plane 828 (0.00, 1.00, 0.00)
Can't shrink brush 1606, plane 827 (0.00, -1.00, 0.00)
Can't shrink brush 1606, plane 828 (0.00, 1.00, 0.00)
Can't shrink brush 1607, plane 827 (0.00, -1.00, 0.00)
Can't shrink brush 1607, plane 828 (0.00, 1.00, 0.00)
Can't shrink brush 1608, plane 827 (0.00, -1.00, 0.00)
Can't shrink brush 1608, plane 828 (0.00, 1.00, 0.00)
Can't shrink brush 1609, plane 827 (0.00, -1.00, 0.00)
Can't shrink brush 1609, plane 828 (0.00, 1.00, 0.00)
Can't shrink brush 1610, plane 827 (0.00, -1.00, 0.00)
Can't shrink brush 1610, plane 828 (0.00, 1.00, 0.00)
Can't shrink brush 1611, plane 827 (0.00, -1.00, 0.00)
Can't shrink brush 1611, plane 828 (0.00, 1.00, 0.00)
Can't shrink brush 1612, plane 827 (0.00, -1.00, 0.00)
Can't shrink brush 1612, plane 828 (0.00, 1.00, 0.00)
Can't shrink brush 1613, plane 827 (0.00, -1.00, 0.00)
Can't shrink brush 1613, plane 828 (0.00, 1.00, 0.00)
Can't shrink brush 1614, plane 827 (0.00, -1.00, 0.00)
Can't shrink brush 1614, plane 828 (0.00, 1.00, 0.00)
Can't shrink brush 1615, plane 827 (0.00, -1.00, 0.00)
Can't shrink brush 1615, plane 828 (0.00, 1.00, 0.00)
Can't shrink brush 1616, plane 887 (0.00, -1.00, 0.00)
Can't shrink brush 1616, plane 888 (0.00, 1.00, 0.00)
Can't shrink brush 1617, plane 827 (0.00, -1.00, 0.00)
Can't shrink brush 1617, plane 828 (0.00, 1.00, 0.00)
Can't shrink brush 1618, plane 827 (0.00, -1.00, 0.00)
Can't shrink brush 1618, plane 828 (0.00, 1.00, 0.00)
Can't shrink brush 1619, plane 827 (0.00, -1.00, 0.00)
Can't shrink brush 1619, plane 828 (0.00, 1.00, 0.00)
Can't shrink brush 1620, plane 827 (0.00, -1.00, 0.00)
Can't shrink brush 1620, plane 828 (0.00, 1.00, 0.00)
Can't shrink brush 1621, plane 827 (0.00, -1.00, 0.00)
Can't shrink brush 1621, plane 828 (0.00, 1.00, 0.00)
Can't shrink brush 1622, plane 827 (0.00, -1.00, 0.00)
Can't shrink brush 1622, plane 828 (0.00, 1.00, 0.00)
Can't shrink brush 1623, plane 827 (0.00, -1.00, 0.00)
Can't shrink brush 1623, plane 828 (0.00, 1.00, 0.00)
Can't shrink brush 1624, plane 827 (0.00, -1.00, 0.00)
Can't shrink brush 1624, plane 828 (0.00, 1.00, 0.00)
Can't shrink brush 1625, plane 827 (0.00, -1.00, 0.00)
Can't shrink brush 1625, plane 828 (0.00, 1.00, 0.00)
Can't shrink brush 1626, plane 827 (0.00, -1.00, 0.00)
Can't shrink brush 1626, plane 828 (0.00, 1.00, 0.00)
Can't shrink brush 1627, plane 827 (0.00, -1.00, 0.00)
Can't shrink brush 1627, plane 828 (0.00, 1.00, 0.00)
Can't shrink brush 1628, plane 827 (0.00, -1.00, 0.00)
Can't shrink brush 1628, plane 828 (0.00, 1.00, 0.00)
Can't shrink brush 1629, plane 827 (0.00, -1.00, 0.00)
Can't shrink brush 1629, plane 828 (0.00, 1.00, 0.00)
Can't shrink brush 1630, plane 827 (0.00, -1.00, 0.00)
Can't shrink brush 1630, plane 828 (0.00, 1.00, 0.00)
Can't shrink brush 1631, plane 827 (0.00, -1.00, 0.00)
Can't shrink brush 1631, plane 828 (0.00, 1.00, 0.00)
Can't shrink brush 1632, plane 827 (0.00, -1.00, 0.00)
Can't shrink brush 1632, plane 828 (0.00, 1.00, 0.00)
Can't shrink brush 1633, plane 827 (0.00, -1.00, 0.00)
Can't shrink brush 1633, plane 828 (0.00, 1.00, 0.00)
Can't shrink brush 1634, plane 827 (0.00, -1.00, 0.00)
Can't shrink brush 1634, plane 828 (0.00, 1.00, 0.00)
Can't shrink brush 1635, plane 827 (0.00, -1.00, 0.00)
Can't shrink brush 1635, plane 828 (0.00, 1.00, 0.00)
Can't shrink brush 1636, plane 827 (0.00, -1.00, 0.00)
Can't shrink brush 1636, plane 828 (0.00, 1.00, 0.00)
Can't shrink brush 1637, plane 827 (0.00, -1.00, 0.00)
Can't shrink brush 1637, plane 828 (0.00, 1.00, 0.00)
Can't shrink brush 1638, plane 827 (0.00, -1.00, 0.00)
Can't shrink brush 1638, plane 828 (0.00, 1.00, 0.00)
Can't shrink brush 1639, plane 827 (0.00, -1.00, 0.00)
Can't shrink brush 1639, plane 828 (0.00, 1.00, 0.00)
Can't shrink brush 1640, plane 827 (0.00, -1.00, 0.00)
Can't shrink brush 1640, plane 828 (0.00, 1.00, 0.00)
Can't shrink brush 1641, plane 827 (0.00, -1.00, 0.00)
Can't shrink brush 1641, plane 828 (0.00, 1.00, 0.00)
Can't shrink brush 1642, plane 827 (0.00, -1.00, 0.00)
Can't shrink brush 1642, plane 828 (0.00, 1.00, 0.00)
Can't shrink brush 1643, plane 827 (0.00, -1.00, 0.00)
Can't shrink brush 1643, plane 828 (0.00, 1.00, 0.00)
Can't shrink brush 1644, plane 827 (0.00, -1.00, 0.00)
Can't shrink brush 1644, plane 828 (0.00, 1.00, 0.00)
Can't shrink brush 1645, plane 827 (0.00, -1.00, 0.00)
Can't shrink brush 1645, plane 828 (0.00, 1.00, 0.00)
Can't shrink brush 1646, plane 827 (0.00, -1.00, 0.00)
Can't shrink brush 1646, plane 828 (0.00, 1.00, 0.00)
Can't shrink brush 1647, plane 827 (0.00, -1.00, 0.00)
Can't shrink brush 1647, plane 828 (0.00, 1.00, 0.00)
Can't shrink brush 1648, plane 827 (0.00, -1.00, 0.00)
Can't shrink brush 1648, plane 828 (0.00, 1.00, 0.00)
Can't shrink brush 1649, plane 827 (0.00, -1.00, 0.00)
Can't shrink brush 1649, plane 828 (0.00, 1.00, 0.00)
Can't shrink brush 1650, plane 827 (0.00, -1.00, 0.00)
Can't shrink brush 1650, plane 828 (0.00, 1.00, 0.00)
Can't shrink brush 1651, plane 827 (0.00, -1.00, 0.00)
Can't shrink brush 1651, plane 828 (0.00, 1.00, 0.00)
Can't shrink brush 1652, plane 827 (0.00, -1.00, 0.00)
Can't shrink brush 1652, plane 828 (0.00, 1.00, 0.00)
Can't shrink brush 1653, plane 827 (0.00, -1.00, 0.00)
Can't shrink brush 1653, plane 828 (0.00, 1.00, 0.00)
Can't shrink brush 1654, plane 827 (0.00, -1.00, 0.00)
Can't shrink brush 1654, plane 828 (0.00, 1.00, 0.00)
Can't shrink brush 1655, plane 827 (0.00, -1.00, 0.00)
Can't shrink brush 1655, plane 828 (0.00, 1.00, 0.00)
Can't shrink brush 1656, plane 827 (0.00, -1.00, 0.00)
Can't shrink brush 1656, plane 828 (0.00, 1.00, 0.00)
Can't shrink brush 1657, plane 827 (0.00, -1.00, 0.00)
Can't shrink brush 1657, plane 828 (0.00, 1.00, 0.00)
Can't shrink brush 1658, plane 827 (0.00, -1.00, 0.00)
Can't shrink brush 1658, plane 828 (0.00, 1.00, 0.00)
Can't shrink brush 1659, plane 827 (0.00, -1.00, 0.00)
Can't shrink brush 1659, plane 828 (0.00, 1.00, 0.00)
Can't shrink brush 1660, plane 827 (0.00, -1.00, 0.00)
Can't shrink brush 1660, plane 828 (0.00, 1.00, 0.00)
Can't shrink brush 1661, plane 827 (0.00, -1.00, 0.00)
Can't shrink brush 1661, plane 828 (0.00, 1.00, 0.00)
Can't shrink brush 1662, plane 827 (0.00, -1.00, 0.00)
Can't shrink brush 1662, plane 828 (0.00, 1.00, 0.00)
Can't shrink brush 1663, plane 827 (0.00, -1.00, 0.00)
Can't shrink brush 1663, plane 828 (0.00, 1.00, 0.00)
Can't shrink brush 1664, plane 827 (0.00, -1.00, 0.00)
Can't shrink brush 1664, plane 828 (0.00, 1.00, 0.00)
Can't shrink brush 1665, plane 827 (0.00, -1.00, 0.00)
Can't shrink brush 1665, plane 828 (0.00, 1.00, 0.00)
Can't shrink brush 1666, plane 827 (0.00, -1.00, 0.00)
Can't shrink brush 1666, plane 828 (0.00, 1.00, 0.00)
Can't shrink brush 1667, plane 827 (0.00, -1.00, 0.00)
Can't shrink brush 1667, plane 828 (0.00, 1.00, 0.00)
done (1) (699679 bytes)
Error loading studio model ""!
Placing detail props : 0...1...2...3...4...5...6...7...8...9...10
Compacting texture/material tables...
Reduced 1095 texinfos to 867
Reduced 20 texdatas to 20 (507 bytes to 507)
Writing D:\Program Files (x86)\Steam\SteamApps\sourcemods\crimewarswtf5\devmaps\bridge14.bsp
4 seconds elapsed
