


materialPath: D:\Program Files (x86)\Steam\SteamApps\sourcemods\Crimewars2013\materials
Loading D:\Program Files (x86)\Steam\SteamApps\sourcemods\crimewarswtf5\devmaps\bridge48.vmf
ConVarRef mat_reduceparticles doesn't point to an existing ConVar
Could not locate 'GameData' key in d:\program files (x86)\steam\steamapps\sourcemods\crimewars2013\gameinfo.txt
Patching WVT material: maps/bridge48/dev/dev_blendmeasure_wvt_patch
fixing up env_cubemap materials on brush sides...
0...1...2...3...4...5...6...7...8...9...100...1...2...3...4...5...6...7...8...9...10Processing areas...done (0)
Building Faces...done (0)
Chop Details...done (0)
Find Visible Detail Sides...
Merged 8 detail faces...done (0)
Merging details...done (0)
FixTjuncs...
PruneNodes...
WriteBSP...
done (0)
writing D:\Program Files (x86)\Steam\SteamApps\sourcemods\crimewarswtf5\devmaps\bridge48.prt...Building visibility clusters...
done (0)
*** Error: Skybox vtf files for skybox/sky_day01_01 weren't compiled with the same size texture and/or same flags!
Can't load skybox file skybox/sky_day01_01 to build the default cubemap!
*** Error: Skybox vtf files for skybox/sky_day01_01 weren't compiled with the same size texture and/or same flags!
Can't load skybox file skybox/sky_day01_01 to build the default cubemap!
Finding displacement neighbors...
Finding lightmap sample positions...
Displacement Alpha : 0...1...2...3...4...5...6...7...8...9...10
Building Physics collision data...
done (1) (890962 bytes)
Error loading studio model ""!
Error! prop_static using model "models/props_cans/barqcan1a.mdl", which must be used on a dynamic entity (i.e. prop_physics). Deleted.
Error loading studio model "models/props_cans/barqcan1a.mdl"!
Error! prop_static using model "models/props_silo/barrelwarning.mdl", which must be used on a dynamic entity (i.e. prop_physics). Deleted.
Error loading studio model "models/props_silo/barrelwarning.mdl"!
Error! prop_static using model "models/props_interiors/vendingmachinesoda01a.mdl", which must be used on a dynamic entity (i.e. prop_physics). Deleted.
Error loading studio model "models/props_interiors/vendingmachinesoda01a.mdl"!
Error! To use model "models/foodnhouseholditems/mcdburgerboxempty.mdl"
      with prop_static, it must be compiled with $staticprop!
Error loading studio model "models/foodnhouseholditems/mcdburgerboxempty.mdl"!
Error! To use model "models/bgb17.mdl"
      with prop_static, it must be compiled with $staticprop!
Error loading studio model "models/bgb17.mdl"!
Error! prop_static using model "models/props/cs_office/computer_monitor.mdl", which must be used on a dynamic entity (i.e. prop_physics). Deleted.
Error loading studio model "models/props/cs_office/computer_monitor.mdl"!
Error! prop_static using model "models/props/cs_office/sierramist01.mdl", which must be used on a dynamic entity (i.e. prop_physics). Deleted.
Error loading studio model "models/props/cs_office/sierramist01.mdl"!
Error! To use model "models/foodnhouseholditems/toffifee.mdl"
      with prop_static, it must be compiled with $staticprop!
Error loading studio model "models/foodnhouseholditems/toffifee.mdl"!
Error! To use model "models/fallout new vegas/craps_table.mdl"
      with prop_static, it must be compiled with $staticprop!
Error loading studio model "models/fallout new vegas/craps_table.mdl"!
Error! To use model "models/haxxer/me2_props/crate_large.mdl"
      with prop_static, it must be compiled with $staticprop!
Error loading studio model "models/haxxer/me2_props/crate_large.mdl"!
Error! To use model "models/haxxer/normandy/mainframe.mdl"
      with prop_static, it must be compiled with $staticprop!
Error loading studio model "models/haxxer/normandy/mainframe.mdl"!
Placing detail props : 0...1...2...3...4...5...6...7...8...9...10
Compacting texture/material tables...
Reduced 2927 texinfos to 1922
Reduced 93 texdatas to 82 (2815 bytes to 2465)
Writing D:\Program Files (x86)\Steam\SteamApps\sourcemods\crimewarswtf5\devmaps\bridge48.bsp
3 seconds elapsed
