


materialPath: D:\Program Files (x86)\Steam\SteamApps\sourcemods\CrimeWars2013\materials
Loading D:\Program Files (x86)\Steam\SteamApps\sourcemods\crimewarswtf5\devmaps\bridge34.vmf
ConVarRef mat_reduceparticles doesn't point to an existing ConVar
Could not locate 'GameData' key in d:\program files (x86)\steam\steamapps\sourcemods\crimewars2013\gameinfo.txt
fixing up env_cubemap materials on brush sides...
0...1...2...3...4...5...6...7...8...9...100...1...2...3...4...5...6...7...8...9...10Processing areas...done (0)
Building Faces...done (0)
FixTjuncs...
PruneNodes...
WriteBSP...
done (0)
writing D:\Program Files (x86)\Steam\SteamApps\sourcemods\crimewarswtf5\devmaps\bridge34.prt...Building visibility clusters...
done (0)
Finding displacement neighbors...
Finding lightmap sample positions...
Displacement Alpha : 0...1...2...3...4...5...6...7...8...9...10
Building Physics collision data...
done (1) (45107 bytes)
Error loading studio model ""!
Error! prop_static using model "models/props_cans/barqcan1a.mdl", which must be used on a dynamic entity (i.e. prop_physics). Deleted.
Error loading studio model "models/props_cans/barqcan1a.mdl"!
Error! prop_static using model "models/props_silo/barrelwarning.mdl", which must be used on a dynamic entity (i.e. prop_physics). Deleted.
Error loading studio model "models/props_silo/barrelwarning.mdl"!
Error! prop_static using model "models/props_interiors/vendingmachinesoda01a.mdl", which must be used on a dynamic entity (i.e. prop_physics). Deleted.
Error loading studio model "models/props_interiors/vendingmachinesoda01a.mdl"!
Error! To use model "models/foodnhouseholditems/mcdburgerboxempty.mdl"
      with prop_static, it must be compiled with $staticprop!
Error loading studio model "models/foodnhouseholditems/mcdburgerboxempty.mdl"!
Error! To use model "models/bgb17.mdl"
      with prop_static, it must be compiled with $staticprop!
Error loading studio model "models/bgb17.mdl"!
Error! prop_static using model "models/props/cs_office/computer_monitor.mdl", which must be used on a dynamic entity (i.e. prop_physics). Deleted.
Error loading studio model "models/props/cs_office/computer_monitor.mdl"!
Error! prop_static using model "models/props/cs_office/sierramist01.mdl", which must be used on a dynamic entity (i.e. prop_physics). Deleted.
Error loading studio model "models/props/cs_office/sierramist01.mdl"!
Error! To use model "models/foodnhouseholditems/toffifee.mdl"
      with prop_static, it must be compiled with $staticprop!
Error loading studio model "models/foodnhouseholditems/toffifee.mdl"!
Placing detail props : 0...1...2...3...4...5...6...7...8...9...10
Compacting texture/material tables...
Reduced 233 texinfos to 154
Reduced 14 texdatas to 14 (330 bytes to 330)
Writing D:\Program Files (x86)\Steam\SteamApps\sourcemods\crimewarswtf5\devmaps\bridge34.bsp
2 seconds elapsed



6 threads
reading d:\program files (x86)\steam\steamapps\sourcemods\crimewarswtf5\devmaps\bridge34.bsp
reading d:\program files (x86)\steam\steamapps\sourcemods\crimewarswtf5\devmaps\bridge34.prt
1461 portalclusters
3413 numportals
0...1...2...3...4...5...6...7...8...9...100...1...2...3...4...5...6..