


materialPath: D:\Program Files (x86)\Steam\SteamApps\sourcemods\CrimeWars2013\materials
Loading D:\Program Files (x86)\Steam\SteamApps\sourcemods\crimewarswtf5\devmaps\bridge10.vmf
Could not locate 'GameData' key in d:\program files (x86)\steam\steamapps\sourcemods\crimewars2013\gameinfo.txt
fixing up env_cubemap materials on brush sides...
0...1...2...3...4...5...6...7...8...9...100...1...2...3...4...5...6...7...8...9...10Processing areas...done (0)
Building Faces...done (1)
Chop Details...done (0)
Find Visible Detail Sides...done (0)
Merging details...done (0)
FixTjuncs...
PruneNodes...
WriteBSP...
done (5)
writing D:\Program Files (x86)\Steam\SteamApps\sourcemods\crimewarswtf5\devmaps\bridge10.prt...Building visibility clusters...
done (0)
Finding displacement neighbors...
Finding lightmap sample positions...
Displacement Alpha : 0...1...2...3...4...5...6...7...8...9...10
Building Physics collision data...
Can't shrink brush 2020, plane 1157 (0.00, -1.00, 0.00)
Can't shrink brush 2020, plane 1158 (0.00, 1.00, 0.00)
Can't shrink brush 2021, plane 1157 (0.00, -1.00, 0.00)
Can't shrink brush 2021, plane 1158 (0.00, 1.00, 0.00)
Can't shrink brush 2022, plane 1157 (0.00, -1.00, 0.00)
Can't shrink brush 2022, plane 1158 (0.00, 1.00, 0.00)
Can't shrink brush 2023, plane 1157 (0.00, -1.00, 0.00)
Can't shrink brush 2023, plane 1158 (0.00, 1.00, 0.00)
Can't shrink brush 2024, plane 1157 (0.00, -1.00, 0.00)
Can't shrink brush 2024, plane 1158 (0.00, 1.00, 0.00)
Can't shrink brush 2025, plane 1157 (0.00, -1.00, 0.00)
Can't shrink brush 2025, plane 1158 (0.00, 1.00, 0.00)
Can't shrink brush 2026, plane 1157 (0.00, -1.00, 0.00)
Can't shrink brush 2026, plane 1158 (0.00, 1.00, 0.00)
Can't shrink brush 2027, plane 1157 (0.00, -1.00, 0.00)
Can't shrink brush 2027, plane 1158 (0.00, 1.00, 0.00)
Can't shrink brush 2028, plane 1157 (0.00, -1.00, 0.00)
Can't shrink brush 2028, plane 1158 (0.00, 1.00, 0.00)
Can't shrink brush 2029, plane 1157 (0.00, -1.00, 0.00)
Can't shrink brush 2029, plane 1158 (0.00, 1.00, 0.00)
Can't shrink brush 2030, plane 1157 (0.00, -1.00, 0.00)
Can't shrink brush 2030, plane 1158 (0.00, 1.00, 0.00)
Can't shrink brush 2031, plane 1157 (0.00, -1.00, 0.00)
Can't shrink brush 2031, plane 1158 (0.00, 1.00, 0.00)
Can't shrink brush 2032, plane 1157 (0.00, -1.00, 0.00)
Can't shrink brush 2032, plane 1158 (0.00, 1.00, 0.00)
Can't shrink brush 2033, plane 1157 (0.00, -1.00, 0.00)
Can't shrink brush 2033, plane 1158 (0.00, 1.00, 0.00)
Can't shrink brush 2034, plane 1157 (0.00, -1.00, 0.00)
Can't shrink brush 2034, plane 1158 (0.00, 1.00, 0.00)
Can't shrink brush 2035, plane 1157 (0.00, -1.00, 0.00)
Can't shrink brush 2035, plane 1158 (0.00, 1.00, 0.00)
Can't shrink brush 2036, plane 1157 (0.00, -1.00, 0.00)
Can't shrink brush 2036, plane 1158 (0.00, 1.00, 0.00)
Can't shrink brush 2037, plane 1157 (0.00, -1.00, 0.00)
Can't shrink brush 2037, plane 1158 (0.00, 1.00, 0.00)
Can't shrink brush 2038, plane 1157 (0.00, -1.00, 0.00)
Can't shrink brush 2038, plane 1158 (0.00, 1.00, 0.00)
Can't shrink brush 2039, plane 1157 (0.00, -1.00, 0.00)
Can't shrink brush 2039, plane 1158 (0.00, 1.00, 0.00)
Can't shrink brush 2040, plane 1157 (0.00, -1.00, 0.00)
Can't shrink brush 2040, plane 1158 (0.00, 1.00, 0.00)
Can't shrink brush 2041, plane 1157 (0.00, -1.00, 0.00)
Can't shrink brush 2041, plane 1158 (0.00, 1.00, 0.00)
Can't shrink brush 2042, plane 1157 (0.00, -1.00, 0.00)
Can't shrink brush 2042, plane 1158 (0.00, 1.00, 0.00)
Can't shrink brush 2043, plane 1157 (0.00, -1.00, 0.00)
Can't shrink brush 2043, plane 1158 (0.00, 1.00, 0.00)
Can't shrink brush 2044, plane 1157 (0.00, -1.00, 0.00)
Can't shrink brush 2044, plane 1158 (0.00, 1.00, 0.00)
Can't shrink brush 2045, plane 1157 (0.00, -1.00, 0.00)
Can't shrink brush 2045, plane 1158 (0.00, 1.00, 0.00)
Can't shrink brush 2046, plane 1157 (0.00, -1.00, 0.00)
Can't shrink brush 2046, plane 1158 (0.00, 1.00, 0.00)
Can't shrink brush 2047, plane 1157 (0.00, -1.00, 0.00)
Can't shrink brush 2047, plane 1158 (0.00, 1.00, 0.00)
Can't shrink brush 2048, plane 1157 (0.00, -1.00, 0.00)
Can't shrink brush 2048, plane 1158 (0.00, 1.00, 0.00)
Can't shrink brush 2049, plane 1157 (0.00, -1.00, 0.00)
Can't shrink brush 2049, plane 1158 (0.00, 1.00, 0.00)
Can't shrink brush 2050, plane 1157 (0.00, -1.00, 0.00)
Can't shrink brush 2050, plane 1158 (0.00, 1.00, 0.00)
Can't shrink brush 2051, plane 1157 (0.00, -1.00, 0.00)
Can't shrink brush 2051, plane 1158 (0.00, 1.00, 0.00)
Can't shrink brush 2052, plane 1157 (0.00, -1.00, 0.00)
Can't shrink brush 2052, plane 1158 (0.00, 1.00, 0.00)
Can't shrink brush 2053, plane 1157 (0.00, -1.00, 0.00)
Can't shrink brush 2053, plane 1158 (0.00, 1.00, 0.00)
Can't shrink brush 2054, plane 1157 (0.00, -1.00, 0.00)
Can't shrink brush 2054, plane 1158 (0.00, 1.00, 0.00)
Can't shrink brush 2055, plane 1157 (0.00, -1.00, 0.00)
Can't shrink brush 2055, plane 1158 (0.00, 1.00, 0.00)
Can't shrink brush 2056, plane 1157 (0.00, -1.00, 0.00)
Can't shrink brush 2056, plane 1158 (0.00, 1.00, 0.00)
Can't shrink brush 2057, plane 1157 (0.00, -1.00, 0.00)
Can't shrink brush 2057, plane 1158 (0.00, 1.00, 0.00)
Can't shrink brush 2058, plane 1157 (0.00, -1.00, 0.00)
Can't shrink brush 2058, plane 1158 (0.00, 1.00, 0.00)
Can't shrink brush 2059, plane 1157 (0.00, -1.00, 0.00)
Can't shrink brush 2059, plane 1158 (0.00, 1.00, 0.00)
Can't shrink brush 2060, plane 1157 (0.00, -1.00, 0.00)
Can't shrink brush 2060, plane 1158 (0.00, 1.00, 0.00)
Can't shrink brush 2061, plane 1157 (0.00, -1.00, 0.00)
Can't shrink brush 2061, plane 1158 (0.00, 1.00, 0.00)
Can't shrink brush 2062, plane 1157 (0.00, -1.00, 0.00)
Can't shrink brush 2062, plane 1158 (0.00, 1.00, 0.00)
Can't shrink brush 2063, plane 1157 (0.00, -1.00, 0.00)
Can't shrink brush 2063, plane 1158 (0.00, 1.00, 0.00)
Can't shrink brush 2064, plane 1157 (0.00, -1.00, 0.00)
Can't shrink brush 2064, plane 1158 (0.00, 1.00, 0.00)
Can't shrink brush 2065, plane 1157 (0.00, -1.00, 0.00)
Can't shrink brush 2065, plane 1158 (0.00, 1.00, 0.00)
Can't shrink brush 2066, plane 1157 (0.00, -1.00, 0.00)
Can't shrink brush 2066, plane 1158 (0.00, 1.00, 0.00)
Can't shrink brush 2067, plane 1157 (0.00, -1.00, 0.00)
Can't shrink brush 2067, plane 1158 (0.00, 1.00, 0.00)
Can't shrink brush 2068, plane 1157 (0.00, -1.00, 0.00)
Can't shrink brush 2068, plane 1158 (0.00, 1.00, 0.00)
Can't shrink brush 2069, plane 1157 (0.00, -1.00, 0.00)
Can't shrink brush 2069, plane 1158 (0.00, 1.00, 0.00)
Can't shrink brush 2070, plane 1157 (0.00, -1.00, 0.00)
Can't shrink brush 2070, plane 1158 (0.00, 1.00, 0.00)
Can't shrink brush 2071, plane 1157 (0.00, -1.00, 0.00)
Can't shrink brush 2071, plane 1158 (0.00, 1.00, 0.00)
Can't shrink brush 2072, plane 1157 (0.00, -1.00, 0.00)
Can't shrink brush 2072, plane 1158 (0.00, 1.00, 0.00)
Can't shrink brush 2073, plane 1157 (0.00, -1.00, 0.00)
Can't shrink brush 2073, plane 1158 (0.00, 1.00, 0.00)
Can't shrink brush 2074, plane 1157 (0.00, -1.00, 0.00)
Can't shrink brush 2074, plane 1158 (0.00, 1.00, 0.00)
Can't shrink brush 2075, plane 1157 (0.00, -1.00, 0.00)
Can't shrink brush 2075, plane 1158 (0.00, 1.00, 0.00)
Can't shrink brush 2076, plane 1157 (0.00, -1.00, 0.00)
Can't shrink brush 2076, plane 1158 (0.00, 1.00, 0.00)
Can't shrink brush 2077, plane 1157 (0.00, -1.00, 0.00)
Can't shrink brush 2077, plane 1158 (0.00, 1.00, 0.00)
Can't shrink brush 2078, plane 1157 (0.00, -1.00, 0.00)
Can't shrink brush 2078, plane 1158 (0.00, 1.00, 0.00)
Can't shrink brush 2079, plane 1157 (0.00, -1.00, 0.00)
Can't shrink brush 2079, plane 1158 (0.00, 1.00, 0.00)
Can't shrink brush 2080, plane 1157 (0.00, -1.00, 0.00)
Can't shrink brush 2080, plane 1158 (0.00, 1.00, 0.00)
Can't shrink brush 2081, plane 1157 (0.00, -1.00, 0.00)
Can't shrink brush 2081, plane 1158 (0.00, 1.00, 0.00)
Can't shrink brush 2082, plane 1157 (0.00, -1.00, 0.00)
Can't shrink brush 2082, plane 1158 (0.00, 1.00, 0.00)
Can't shrink brush 2083, plane 1157 (0.00, -1.00, 0.00)
Can't shrink brush 2083, plane 1158 (0.00, 1.00, 0.00)
Can't shrink brush 2084, plane 1157 (0.00, -1.00, 0.00)
Can't shrink brush 2084, plane 1158 (0.00, 1.00, 0.00)
Can't shrink brush 2085, plane 1157 (0.00, -1.00, 0.00)
Can't shrink brush 2085, plane 1158 (0.00, 1.00, 0.00)
Can't shrink brush 2086, plane 1157 (0.00, -1.00, 0.00)
Can't shrink brush 2086, plane 1158 (0.00, 1.00, 0.00)
Can't shrink brush 2087, plane 1157 (0.00, -1.00, 0.00)
Can't shrink brush 2087, plane 1158 (0.00, 1.00, 0.00)
Can't shrink brush 2088, plane 1157 (0.00, -1.00, 0.00)
Can't shrink brush 2088, plane 1158 (0.00, 1.00, 0.00)
Can't shrink brush 2089, plane 1157 (0.00, -1.00, 0.00)
Can't shrink brush 2089, plane 1158 (0.00, 1.00, 0.00)
Can't shrink brush 2090, plane 1157 (0.00, -1.00, 0.00)
Can't shrink brush 2090, plane 1158 (0.00, 1.00, 0.00)
Can't shrink brush 2091, plane 1157 (0.00, -1.00, 0.00)
Can't shrink brush 2091, plane 1158 (0.00, 1.00, 0.00)
Can't shrink brush 2092, plane 1173 (0.00, -1.00, 0.00)
Can't shrink brush 2092, plane 1174 (0.00, 1.00, 0.00)
Can't shrink brush 2093, plane 1157 (0.00, -1.00, 0.00)
Can't shrink brush 2093, plane 1158 (0.00, 1.00, 0.00)
Can't shrink brush 2094, plane 1157 (0.00, -1.00, 0.00)
Can't shrink brush 2094, plane 1158 (0.00, 1.00, 0.00)
Can't shrink brush 2095, plane 1157 (0.00, -1.00, 0.00)
Can't shrink brush 2095, plane 1158 (0.00, 1.00, 0.00)
Can't shrink brush 2096, plane 1157 (0.00, -1.00, 0.00)
Can't shrink brush 2096, plane 1158 (0.00, 1.00, 0.00)
Can't shrink brush 2097, plane 1157 (0.00, -1.00, 0.00)
Can't shrink brush 2097, plane 1158 (0.00, 1.00, 0.00)
Can't shrink brush 2098, plane 1157 (0.00, -1.00, 0.00)
Can't shrink brush 2098, plane 1158 (0.00, 1.00, 0.00)
Can't shrink brush 2099, plane 1157 (0.00, -1.00, 0.00)
Can't shrink brush 2099, plane 1158 (0.00, 1.00, 0.00)
Can't shrink brush 2100, plane 1157 (0.00, -1.00, 0.00)
Can't shrink brush 2100, plane 1158 (0.00, 1.00, 0.00)
Can't shrink brush 2101, plane 1157 (0.00, -1.00, 0.00)
Can't shrink brush 2101, plane 1158 (0.00, 1.00, 0.00)
Can't shrink brush 2102, plane 1157 (0.00, -1.00, 0.00)
Can't shrink brush 2102, plane 1158 (0.00, 1.00, 0.00)
Can't shrink brush 2103, plane 1157 (0.00, -1.00, 0.00)
Can't shrink brush 2103, plane 1158 (0.00, 1.00, 0.00)
Can't shrink brush 2104, plane 1157 (0.00, -1.00, 0.00)
Can't shrink brush 2104, plane 1158 (0.00, 1.00, 0.00)
Can't shrink brush 2105, plane 1157 (0.00, -1.00, 0.00)
Can't shrink brush 2105, plane 1158 (0.00, 1.00, 0.00)
Can't shrink brush 2106, plane 1157 (0.00, -1.00, 0.00)
Can't shrink brush 2106, plane 1158 (0.00, 1.00, 0.00)
Can't shrink brush 2107, plane 1157 (0.00, -1.00, 0.00)
Can't shrink brush 2107, plane 1158 (0.00, 1.00, 0.00)
Can't shrink brush 2108, plane 1157 (0.00, -1.00, 0.00)
Can't shrink brush 2108, plane 1158 (0.00, 1.00, 0.00)
Can't shrink brush 2109, plane 1157 (0.00, -1.00, 0.00)
Can't shrink brush 2109, plane 1158 (0.00, 1.00, 0.00)
Can't shrink brush 2110, plane 1157 (0.00, -1.00, 0.00)
Can't shrink brush 2110, plane 1158 (0.00, 1.00, 0.00)
Can't shrink brush 2111, plane 1157 (0.00, -1.00, 0.00)
Can't shrink brush 2111, plane 1158 (0.00, 1.00, 0.00)
Can't shrink brush 2112, plane 1157 (0.00, -1.00, 0.00)
Can't shrink brush 2112, plane 1158 (0.00, 1.00, 0.00)
Can't shrink brush 2113, plane 1157 (0.00, -1.00, 0.00)
Can't shrink brush 2113, plane 1158 (0.00, 1.00, 0.00)
Can't shrink brush 2114, plane 1157 (0.00, -1.00, 0.00)
Can't shrink brush 2114, plane 1158 (0.00, 1.00, 0.00)
Can't shrink brush 2115, plane 1157 (0.00, -1.00, 0.00)
Can't shrink brush 2115, plane 1158 (0.00, 1.00, 0.00)
Can't shrink brush 2116, plane 1157 (0.00, -1.00, 0.00)
Can't shrink brush 2116, plane 1158 (0.00, 1.00, 0.00)
Can't shrink brush 2117, plane 1157 (0.00, -1.00, 0.00)
Can't shrink brush 2117, plane 1158 (0.00, 1.00, 0.00)
Can't shrink brush 2118, plane 1157 (0.00, -1.00, 0.00)
Can't shrink brush 2118, plane 1158 (0.00, 1.00, 0.00)
Can't shrink brush 2119, plane 1157 (0.00, -1.00, 0.00)
Can't shrink brush 2119, plane 1158 (0.00, 1.00, 0.00)
Can't shrink brush 2120, plane 1157 (0.00, -1.00, 0.00)
Can't shrink brush 2120, plane 1158 (0.00, 1.00, 0.00)
Can't shrink brush 2121, plane 1157 (0.00, -1.00, 0.00)
Can't shrink brush 2121, plane 1158 (0.00, 1.00, 0.00)
Can't shrink brush 2122, plane 1157 (0.00, -1.00, 0.00)
Can't shrink brush 2122, plane 1158 (0.00, 1.00, 0.00)
Can't shrink brush 2123, plane 1157 (0.00, -1.00, 0.00)
Can't shrink brush 2123, plane 1158 (0.00, 1.00, 0.00)
Can't shrink brush 2124, plane 1157 (0.00, -1.00, 0.00)
Can't shrink brush 2124, plane 1158 (0.00, 1.00, 0.00)
Can't shrink brush 2125, plane 1157 (0.00, -1.00, 0.00)
Can't shrink brush 2125, plane 1158 (0.00, 1.00, 0.00)
Can't shrink brush 2126, plane 1157 (0.00, -1.00, 0.00)
Can't shrink brush 2126, plane 1158 (0.00, 1.00, 0.00)
Can't shrink brush 2127, plane 1157 (0.00, -1.00, 0.00)
Can't shrink brush 2127, plane 1158 (0.00, 1.00, 0.00)
Can't shrink brush 2128, plane 1157 (0.00, -1.00, 0.00)
Can't shrink brush 2128, plane 1158 (0.00, 1.00, 0.00)
Can't shrink brush 2129, plane 1157 (0.00, -1.00, 0.00)
Can't shrink brush 2129, plane 1158 (0.00, 1.00, 0.00)
Can't shrink brush 2130, plane 1157 (0.00, -1.00, 0.00)
Can't shrink brush 2130, plane 1158 (0.00, 1.00, 0.00)
Can't shrink brush 2131, plane 1157 (0.00, -1.00, 0.00)
Can't shrink brush 2131, plane 1158 (0.00, 1.00, 0.00)
Can't shrink brush 2132, plane 1157 (0.00, -1.00, 0.00)
Can't shrink brush 2132, plane 1158 (0.00, 1.00, 0.00)
Can't shrink brush 2133, plane 1157 (0.00, -1.00, 0.00)
Can't shrink brush 2133, plane 1158 (0.00, 1.00, 0.00)
Can't shrink brush 2134, plane 1157 (0.00, -1.00, 0.00)
Can't shrink brush 2134, plane 1158 (0.00, 1.00, 0.00)
Can't shrink brush 2135, plane 1157 (0.00, -1.00, 0.00)
Can't shrink brush 2135, plane 1158 (0.00, 1.00, 0.00)
Can't shrink brush 2136, plane 1157 (0.00, -1.00, 0.00)
Can't shrink brush 2136, plane 1158 (0.00, 1.00, 0.00)
Can't shrink brush 2137, plane 1157 (0.00, -1.00, 0.00)
Can't shrink brush 2137, plane 1158 (0.00, 1.00, 0.00)
Can't shrink brush 2138, plane 1157 (0.00, -1.00, 0.00)
Can't shrink brush 2138, plane 1158 (0.00, 1.00, 0.00)
Can't shrink brush 2139, plane 1157 (0.00, -1.00, 0.00)
Can't shrink brush 2139, plane 1158 (0.00, 1.00, 0.00)
Can't shrink brush 2140, plane 1157 (0.00, -1.00, 0.00)
Can't shrink brush 2140, plane 1158 (0.00, 1.00, 0.00)
Can't shrink brush 2141, plane 1157 (0.00, -1.00, 0.00)
Can't shrink brush 2141, plane 1158 (0.00, 1.00, 0.00)
Can't shrink brush 2142, plane 1157 (0.00, -1.00, 0.00)
Can't shrink brush 2142, plane 1158 (0.00, 1.00, 0.00)
Can't shrink brush 2143, plane 1157 (0.00, -1.00, 0.00)
Can't shrink brush 2143, plane 1158 (0.00, 1.00, 0.00)
Can't shrink brush 2144, plane 1181 (-1.00, 0.00, 0.00)
Can't shrink brush 2144, plane 1182 (1.00, 0.00, 0.00)
Can't shrink brush 2145, plane 1181 (-1.00, 0.00, 0.00)
Can't shrink brush 2145, plane 1182 (1.00, 0.00, 0.00)
Can't shrink brush 2146, plane 1181 (-1.00, 0.00, 0.00)
Can't shrink brush 2146, plane 1182 (1.00, 0.00, 0.00)
Can't shrink brush 2147, plane 1181 (-1.00, 0.00, 0.00)
Can't shrink brush 2147, plane 1182 (1.00, 0.00, 0.00)
Can't shrink brush 2148, plane 1181 (-1.00, 0.00, 0.00)
Can't shrink brush 2148, plane 1182 (1.00, 0.00, 0.00)
Can't shrink brush 2149, plane 1181 (-1.00, 0.00, 0.00)
Can't shrink brush 2149, plane 1182 (1.00, 0.00, 0.00)
Can't shrink brush 2150, plane 1181 (-1.00, 0.00, 0.00)
Can't shrink brush 2150, plane 1182 (1.00, 0.00, 0.00)
Can't shrink brush 2151, plane 1181 (-1.00, 0.00, 0.00)
Can't shrink brush 2151, plane 1182 (1.00, 0.00, 0.00)
Can't shrink brush 2152, plane 1181 (-1.00, 0.00, 0.00)
Can't shrink brush 2152, plane 1182 (1.00, 0.00, 0.00)
Can't shrink brush 2153, plane 1181 (-1.00, 0.00, 0.00)
Can't shrink brush 2153, plane 1182 (1.00, 0.00, 0.00)
Can't shrink brush 2154, plane 1181 (-1.00, 0.00, 0.00)
Can't shrink brush 2154, plane 1182 (1.00, 0.00, 0.00)
Can't shrink brush 2155, plane 1181 (-1.00, 0.00, 0.00)
Can't shrink brush 2155, plane 1182 (1.00, 0.00, 0.00)
Can't shrink brush 2156, plane 1181 (-1.00, 0.00, 0.00)
Can't shrink brush 2156, plane 1182 (1.00, 0.00, 0.00)
Can't shrink brush 2157, plane 1181 (-1.00, 0.00, 0.00)
Can't shrink brush 2157, plane 1182 (1.00, 0.00, 0.00)
Can't shrink brush 2158, plane 1181 (-1.00, 0.00, 0.00)
Can't shrink brush 2158, plane 1182 (1.00, 0.00, 0.00)
Can't shrink brush 2159, plane 1181 (-1.00, 0.00, 0.00)
Can't shrink brush 2159, plane 1182 (1.00, 0.00, 0.00)
Can't shrink brush 2160, plane 1181 (-1.00, 0.00, 0.00)
Can't shrink brush 2160, plane 1182 (1.00, 0.00, 0.00)
Can't shrink brush 2161, plane 1181 (-1.00, 0.00, 0.00)
Can't shrink brush 2161, plane 1182 (1.00, 0.00, 0.00)
Can't shrink brush 2162, plane 1181 (-1.00, 0.00, 0.00)
Can't shrink brush 2162, plane 1182 (1.00, 0.00, 0.00)
Can't shrink brush 2163, plane 1181 (-1.00, 0.00, 0.00)
Can't shrink brush 2163, plane 1182 (1.00, 0.00, 0.00)
Can't shrink brush 2164, plane 1181 (-1.00, 0.00, 0.00)
Can't shrink brush 2164, plane 1182 (1.00, 0.00, 0.00)
Can't shrink brush 2165, plane 1181 (-1.00, 0.00, 0.00)
Can't shrink brush 2165, plane 1182 (1.00, 0.00, 0.00)
Can't shrink brush 2166, plane 1181 (-1.00, 0.00, 0.00)
Can't shrink brush 2166, plane 1182 (1.00, 0.00, 0.00)
Can't shrink brush 2167, plane 1181 (-1.00, 0.00, 0.00)
Can't shrink brush 2167, plane 1182 (1.00, 0.00, 0.00)
Can't shrink brush 2168, plane 1181 (-1.00, 0.00, 0.00)
Can't shrink brush 2168, plane 1182 (1.00, 0.00, 0.00)
Can't shrink brush 2169, plane 1181 (-1.00, 0.00, 0.00)
Can't shrink brush 2169, plane 1182 (1.00, 0.00, 0.00)
Can't shrink brush 2170, plane 1181 (-1.00, 0.00, 0.00)
Can't shrink brush 2170, plane 1182 (1.00, 0.00, 0.00)
Can't shrink brush 2171, plane 1181 (-1.00, 0.00, 0.00)
Can't shrink brush 2171, plane 1182 (1.00, 0.00, 0.00)
Can't shrink brush 2172, plane 1181 (-1.00, 0.00, 0.00)
Can't shrink brush 2172, plane 1182 (1.00, 0.00, 0.00)
Can't shrink brush 2173, plane 1181 (-1.00, 0.00, 0.00)
Can't shrink brush 2173, plane 1182 (1.00, 0.00, 0.00)
Can't shrink brush 2174, plane 1181 (-1.00, 0.00, 0.00)
Can't shrink brush 2174, plane 1182 (1.00, 0.00, 0.00)
Can't shrink brush 2175, plane 1181 (-1.00, 0.00, 0.00)
Can't shrink brush 2175, plane 1182 (1.00, 0.00, 0.00)
Can't shrink brush 2176, plane 1181 (-1.00, 0.00, 0.00)
Can't shrink brush 2176, plane 1182 (1.00, 0.00, 0.00)
Can't shrink brush 2177, plane 1181 (-1.00, 0.00, 0.00)
Can't shrink brush 2177, plane 1182 (1.00, 0.00, 0.00)
Can't shrink brush 2178, plane 1181 (-1.00, 0.00, 0.00)
Can't shrink brush 2178, plane 1182 (1.00, 0.00, 0.00)
Can't shrink brush 2179, plane 1181 (-1.00, 0.00, 0.00)
Can't shrink brush 2179, plane 1182 (1.00, 0.00, 0.00)
Can't shrink brush 2180, plane 1181 (-1.00, 0.00, 0.00)
Can't shrink brush 2180, plane 1182 (1.00, 0.00, 0.00)
Can't shrink brush 2181, plane 1181 (-1.00, 0.00, 0.00)
Can't shrink brush 2181, plane 1182 (1.00, 0.00, 0.00)
Can't shrink brush 2182, plane 1181 (-1.00, 0.00, 0.00)
Can't shrink brush 2182, plane 1182 (1.00, 0.00, 0.00)
Can't shrink brush 2183, plane 1181 (-1.00, 0.00, 0.00)
Can't shrink brush 2183, plane 1182 (1.00, 0.00, 0.00)
Can't shrink brush 2184, plane 1181 (-1.00, 0.00, 0.00)
Can't shrink brush 2184, plane 1182 (1.00, 0.00, 0.00)
Can't shrink brush 2185, plane 1181 (-1.00, 0.00, 0.00)
Can't shrink brush 2185, plane 1182 (1.00, 0.00, 0.00)
Can't shrink brush 2186, plane 1181 (-1.00, 0.00, 0.00)
Can't shrink brush 2186, plane 1182 (1.00, 0.00, 0.00)
Can't shrink brush 2187, plane 1181 (-1.00, 0.00, 0.00)
Can't shrink brush 2187, plane 1182 (1.00, 0.00, 0.00)
Can't shrink brush 2188, plane 1181 (-1.00, 0.00, 0.00)
Can't shrink brush 2188, plane 1182 (1.00, 0.00, 0.00)
Can't shrink brush 2189, plane 1181 (-1.00, 0.00, 0.00)
Can't shrink brush 2189, plane 1182 (1.00, 0.00, 0.00)
Can't shrink brush 2190, plane 1181 (-1.00, 0.00, 0.00)
Can't shrink brush 2190, plane 1182 (1.00, 0.00, 0.00)
Can't shrink brush 2191, plane 1181 (-1.00, 0.00, 0.00)
Can't shrink brush 2191, plane 1182 (1.00, 0.00, 0.00)
Can't shrink brush 2192, plane 1181 (-1.00, 0.00, 0.00)
Can't shrink brush 2192, plane 1182 (1.00, 0.00, 0.00)
Can't shrink brush 2193, plane 1181 (-1.00, 0.00, 0.00)
Can't shrink brush 2193, plane 1182 (1.00, 0.00, 0.00)
Can't shrink brush 2194, plane 1181 (-1.00, 0.00, 0.00)
Can't shrink brush 2194, plane 1182 (1.00, 0.00, 0.00)
Can't shrink brush 2195, plane 1181 (-1.00, 0.00, 0.00)
Can't shrink brush 2195, plane 1182 (1.00, 0.00, 0.00)
Can't shrink brush 2196, plane 1181 (-1.00, 0.00, 0.00)
Can't shrink brush 2196, plane 1182 (1.00, 0.00, 0.00)
Can't shrink brush 2197, plane 1181 (-1.00, 0.00, 0.00)
Can't shrink brush 2197, plane 1182 (1.00, 0.00, 0.00)
Can't shrink brush 2198, plane 1181 (-1.00, 0.00, 0.00)
Can't shrink brush 2198, plane 1182 (1.00, 0.00, 0.00)
Can't shrink brush 2199, plane 1181 (-1.00, 0.00, 0.00)
Can't shrink brush 2199, plane 1182 (1.00, 0.00, 0.00)
Can't shrink brush 2200, plane 1181 (-1.00, 0.00, 0.00)
Can't shrink brush 2200, plane 1182 (1.00, 0.00, 0.00)
Can't shrink brush 2201, plane 1181 (-1.00, 0.00, 0.00)
Can't shrink brush 2201, plane 1182 (1.00, 0.00, 0.00)
Can't shrink brush 2202, plane 1181 (-1.00, 0.00, 0.00)
Can't shrink brush 2202, plane 1182 (1.00, 0.00, 0.00)
Can't shrink brush 2203, plane 1181 (-1.00, 0.00, 0.00)
Can't shrink brush 2203, plane 1182 (1.00, 0.00, 0.00)
Can't shrink brush 2204, plane 1181 (-1.00, 0.00, 0.00)
Can't shrink brush 2204, plane 1182 (1.00, 0.00, 0.00)
Can't shrink brush 2205, plane 1181 (-1.00, 0.00, 0.00)
Can't shrink brush 2205, plane 1182 (1.00, 0.00, 0.00)
Can't shrink brush 2206, plane 1181 (-1.00, 0.00, 0.00)
Can't shrink brush 2206, plane 1182 (1.00, 0.00, 0.00)
Can't shrink brush 2207, plane 1181 (-1.00, 0.00, 0.00)
Can't shrink brush 2207, plane 1182 (1.00, 0.00, 0.00)
Can't shrink brush 2208, plane 1181 (-1.00, 0.00, 0.00)
Can't shrink brush 2208, plane 1182 (1.00, 0.00, 0.00)
Can't shrink brush 2209, plane 1181 (-1.00, 0.00, 0.00)
Can't shrink brush 2209, plane 1182 (1.00, 0.00, 0.00)
Can't shrink brush 2210, plane 1181 (-1.00, 0.00, 0.00)
Can't shrink brush 2210, plane 1182 (1.00, 0.00, 0.00)
Can't shrink brush 2211, plane 1181 (-1.00, 0.00, 0.00)
Can't shrink brush 2211, plane 1182 (1.00, 0.00, 0.00)
Can't shrink brush 2212, plane 1181 (-1.00, 0.00, 0.00)
Can't shrink brush 2212, plane 1182 (1.00, 0.00, 0.00)
Can't shrink brush 2213, plane 1181 (-1.00, 0.00, 0.00)
Can't shrink brush 2213, plane 1182 (1.00, 0.00, 0.00)
Can't shrink brush 2214, plane 1181 (-1.00, 0.00, 0.00)
Can't shrink brush 2214, plane 1182 (1.00, 0.00, 0.00)
Can't shrink brush 2215, plane 1181 (-1.00, 0.00, 0.00)
Can't shrink brush 2215, plane 1182 (1.00, 0.00, 0.00)
Can't shrink brush 2216, plane 1181 (-1.00, 0.00, 0.00)
Can't shrink brush 2216, plane 1182 (1.00, 0.00, 0.00)
Can't shrink brush 2217, plane 1181 (-1.00, 0.00, 0.00)
Can't shrink brush 2217, plane 1182 (1.00, 0.00, 0.00)
Can't shrink brush 2218, plane 1181 (-1.00, 0.00, 0.00)
Can't shrink brush 2218, plane 1182 (1.00, 0.00, 0.00)
Can't shrink brush 2219, plane 1181 (-1.00, 0.00, 0.00)
Can't shrink brush 2219, plane 1182 (1.00, 0.00, 0.00)
Can't shrink brush 2220, plane 1189 (-1.00, 0.00, 0.00)
Can't shrink brush 2220, plane 1190 (1.00, 0.00, 0.00)
Can't shrink brush 2221, plane 1181 (-1.00, 0.00, 0.00)
Can't shrink brush 2221, plane 1182 (1.00, 0.00, 0.00)
Can't shrink brush 2222, plane 1181 (-1.00, 0.00, 0.00)
Can't shrink brush 2222, plane 1182 (1.00, 0.00, 0.00)
Can't shrink brush 2223, plane 1181 (-1.00, 0.00, 0.00)
Can't shrink brush 2223, plane 1182 (1.00, 0.00, 0.00)
Can't shrink brush 2224, plane 1181 (-1.00, 0.00, 0.00)
Can't shrink brush 2224, plane 1182 (1.00, 0.00, 0.00)
Can't shrink brush 2225, plane 1181 (-1.00, 0.00, 0.00)
Can't shrink brush 2225, plane 1182 (1.00, 0.00, 0.00)
Can't shrink brush 2226, plane 1181 (-1.00, 0.00, 0.00)
Can't shrink brush 2226, plane 1182 (1.00, 0.00, 0.00)
Can't shrink brush 2227, plane 1181 (-1.00, 0.00, 0.00)
Can't shrink brush 2227, plane 1182 (1.00, 0.00, 0.00)
Can't shrink brush 2228, plane 1181 (-1.00, 0.00, 0.00)
Can't shrink brush 2228, plane 1182 (1.00, 0.00, 0.00)
Can't shrink brush 2229, plane 1181 (-1.00, 0.00, 0.00)
Can't shrink brush 2229, plane 1182 (1.00, 0.00, 0.00)
Can't shrink brush 2230, plane 1181 (-1.00, 0.00, 0.00)
Can't shrink brush 2230, plane 1182 (1.00, 0.00, 0.00)
Can't shrink brush 2231, plane 1181 (-1.00, 0.00, 0.00)
Can't shrink brush 2231, plane 1182 (1.00, 0.00, 0.00)
Can't shrink brush 2232, plane 1181 (-1.00, 0.00, 0.00)
Can't shrink brush 2232, plane 1182 (1.00, 0.00, 0.00)
Can't shrink brush 2233, plane 1181 (-1.00, 0.00, 0.00)
Can't shrink brush 2233, plane 1182 (1.00, 0.00, 0.00)
Can't shrink brush 2234, plane 1181 (-1.00, 0.00, 0.00)
Can't shrink brush 2234, plane 1182 (1.00, 0.00, 0.00)
Can't shrink brush 2235, plane 1181 (-1.00, 0.00, 0.00)
Can't shrink brush 2235, plane 1182 (1.00, 0.00, 0.00)
Can't shrink brush 2236, plane 1181 (-1.00, 0.00, 0.00)
Can't shrink brush 2236, plane 1182 (1.00, 0.00, 0.00)
Can't shrink brush 2237, plane 1181 (-1.00, 0.00, 0.00)
Can't shrink brush 2237, plane 1182 (1.00, 0.00, 0.00)
Can't shrink brush 2238, plane 1181 (-1.00, 0.00, 0.00)
Can't shrink brush 2238, plane 1182 (1.00, 0.00, 0.00)
Can't shrink brush 2239, plane 1181 (-1.00, 0.00, 0.00)
Can't shrink brush 2239, plane 1182 (1.00, 0.00, 0.00)
Can't shrink brush 2240, plane 1181 (-1.00, 0.00, 0.00)
Can't shrink brush 2240, plane 1182 (1.00, 0.00, 0.00)
Can't shrink brush 2241, plane 1181 (-1.00, 0.00, 0.00)
Can't shrink brush 2241, plane 1182 (1.00, 0.00, 0.00)
Can't shrink brush 2242, plane 1181 (-1.00, 0.00, 0.00)
Can't shrink brush 2242, plane 1182 (1.00, 0.00, 0.00)
Can't shrink brush 2243, plane 1181 (-1.00, 0.00, 0.00)
Can't shrink brush 2243, plane 1182 (1.00, 0.00, 0.00)
Can't shrink brush 2244, plane 1181 (-1.00, 0.00, 0.00)
Can't shrink brush 2244, plane 1182 (1.00, 0.00, 0.00)
Can't shrink brush 2245, plane 1181 (-1.00, 0.00, 0.00)
Can't shrink brush 2245, plane 1182 (1.00, 0.00, 0.00)
Can't shrink brush 2246, plane 1181 (-1.00, 0.00, 0.00)
Can't shrink brush 2246, plane 1182 (1.00, 0.00, 0.00)
Can't shrink brush 2247, plane 1181 (-1.00, 0.00, 0.00)
Can't shrink brush 2247, plane 1182 (1.00, 0.00, 0.00)
Can't shrink brush 2248, plane 1181 (-1.00, 0.00, 0.00)
Can't shrink brush 2248, plane 1182 (1.00, 0.00, 0.00)
Can't shrink brush 2249, plane 1181 (-1.00, 0.00, 0.00)
Can't shrink brush 2249, plane 1182 (1.00, 0.00, 0.00)
Can't shrink brush 2250, plane 1181 (-1.00, 0.00, 0.00)
Can't shrink brush 2250, plane 1182 (1.00, 0.00, 0.00)
Can't shrink brush 2251, plane 1181 (-1.00, 0.00, 0.00)
Can't shrink brush 2251, plane 1182 (1.00, 0.00, 0.00)
Can't shrink brush 2252, plane 1181 (-1.00, 0.00, 0.00)
Can't shrink brush 2252, plane 1182 (1.00, 0.00, 0.00)
Can't shrink brush 2253, plane 1181 (-1.00, 0.00, 0.00)
Can't shrink brush 2253, plane 1182 (1.00, 0.00, 0.00)
Can't shrink brush 2254, plane 1181 (-1.00, 0.00, 0.00)
Can't shrink brush 2254, plane 1182 (1.00, 0.00, 0.00)
Can't shrink brush 2255, plane 1181 (-1.00, 0.00, 0.00)
Can't shrink brush 2255, plane 1182 (1.00, 0.00, 0.00)
Can't shrink brush 2256, plane 1181 (-1.00, 0.00, 0.00)
Can't shrink brush 2256, plane 1182 (1.00, 0.00, 0.00)
Can't shrink brush 2257, plane 1181 (-1.00, 0.00, 0.00)
Can't shrink brush 2257, plane 1182 (1.00, 0.00, 0.00)
Can't shrink brush 2258, plane 1181 (-1.00, 0.00, 0.00)
Can't shrink brush 2258, plane 1182 (1.00, 0.00, 0.00)
Can't shrink brush 2259, plane 1181 (-1.00, 0.00, 0.00)
Can't shrink brush 2259, plane 1182 (1.00, 0.00, 0.00)
Can't shrink brush 2260, plane 1181 (-1.00, 0.00, 0.00)
Can't shrink brush 2260, plane 1182 (1.00, 0.00, 0.00)
Can't shrink brush 2261, plane 1181 (-1.00, 0.00, 0.00)
Can't shrink brush 2261, plane 1182 (1.00, 0.00, 0.00)
Can't shrink brush 2262, plane 1181 (-1.00, 0.00, 0.00)
Can't shrink brush 2262, plane 1182 (1.00, 0.00, 0.00)
Can't shrink brush 2263, plane 1181 (-1.00, 0.00, 0.00)
Can't shrink brush 2263, plane 1182 (1.00, 0.00, 0.00)
Can't shrink brush 2264, plane 1181 (-1.00, 0.00, 0.00)
Can't shrink brush 2264, plane 1182 (1.00, 0.00, 0.00)
Can't shrink brush 2265, plane 1181 (-1.00, 0.00, 0.00)
Can't shrink brush 2265, plane 1182 (1.00, 0.00, 0.00)
Can't shrink brush 2266, plane 1181 (-1.00, 0.00, 0.00)
Can't shrink brush 2266, plane 1182 (1.00, 0.00, 0.00)
Can't shrink brush 2267, plane 1181 (-1.00, 0.00, 0.00)
Can't shrink brush 2267, plane 1182 (1.00, 0.00, 0.00)
Can't shrink brush 2268, plane 1181 (-1.00, 0.00, 0.00)
Can't shrink brush 2268, plane 1182 (1.00, 0.00, 0.00)
Can't shrink brush 2269, plane 1181 (-1.00, 0.00, 0.00)
Can't shrink brush 2269, plane 1182 (1.00, 0.00, 0.00)
Can't shrink brush 2270, plane 1181 (-1.00, 0.00, 0.00)
Can't shrink brush 2270, plane 1182 (1.00, 0.00, 0.00)
Can't shrink brush 2271, plane 1181 (-1.00, 0.00, 0.00)
Can't shrink brush 2271, plane 1182 (1.00, 0.00, 0.00)
Can't shrink brush 2272, plane 1181 (-1.00, 0.00, 0.00)
Can't shrink brush 2272, plane 1182 (1.00, 0.00, 0.00)
Can't shrink brush 2273, plane 1181 (-1.00, 0.00, 0.00)
Can't shrink brush 2273, plane 1182 (1.00, 0.00, 0.00)
Can't shrink brush 2274, plane 1181 (-1.00, 0.00, 0.00)
Can't shrink brush 2274, plane 1182 (1.00, 0.00, 0.00)
Can't shrink brush 2275, plane 1181 (-1.00, 0.00, 0.00)
Can't shrink brush 2275, plane 1182 (1.00, 0.00, 0.00)
Can't shrink brush 2276, plane 1181 (-1.00, 0.00, 0.00)
Can't shrink brush 2276, plane 1182 (1.00, 0.00, 0.00)
Can't shrink brush 2277, plane 1181 (-1.00, 0.00, 0.00)
Can't shrink brush 2277, plane 1182 (1.00, 0.00, 0.00)
Can't shrink brush 2278, plane 1181 (-1.00, 0.00, 0.00)
Can't shrink brush 2278, plane 1182 (1.00, 0.00, 0.00)
Can't shrink brush 2279, plane 1181 (-1.00, 0.00, 0.00)
Can't shrink brush 2279, plane 1182 (1.00, 0.00, 0.00)
Can't shrink brush 2280, plane 1181 (-1.00, 0.00, 0.00)
Can't shrink brush 2280, plane 1182 (1.00, 0.00, 0.00)
Can't shrink brush 2281, plane 1181 (-1.00, 0.00, 0.00)
Can't shrink brush 2281, plane 1182 (1.00, 0.00, 0.00)
Can't shrink brush 2282, plane 1181 (-1.00, 0.00, 0.00)
Can't shrink brush 2282, plane 1182 (1.00, 0.00, 0.00)
Can't shrink brush 2283, plane 1181 (-1.00, 0.00, 0.00)
Can't shrink brush 2283, plane 1182 (1.00, 0.00, 0.00)
Can't shrink brush 2284, plane 1181 (-1.00, 0.00, 0.00)
Can't shrink brush 2284, plane 1182 (1.00, 0.00, 0.00)
Can't shrink brush 2285, plane 1181 (-1.00, 0.00, 0.00)
Can't shrink brush 2285, plane 1182 (1.00, 0.00, 0.00)
Can't shrink brush 2286, plane 1181 (-1.00, 0.00, 0.00)
Can't shrink brush 2286, plane 1182 (1.00, 0.00, 0.00)
Can't shrink brush 2287, plane 1181 (-1.00, 0.00, 0.00)
Can't shrink brush 2287, plane 1182 (1.00, 0.00, 0.00)
Can't shrink brush 2288, plane 1181 (-1.00, 0.00, 0.00)
Can't shrink brush 2288, plane 1182 (1.00, 0.00, 0.00)
Can't shrink brush 2289, plane 1181 (-1.00, 0.00, 0.00)
Can't shrink brush 2289, plane 1182 (1.00, 0.00, 0.00)
Can't shrink brush 2290, plane 1181 (-1.00, 0.00, 0.00)
Can't shrink brush 2290, plane 1182 (1.00, 0.00, 0.00)
Can't shrink brush 2291, plane 1181 (-1.00, 0.00, 0.00)
Can't shrink brush 2291, plane 1182 (1.00, 0.00, 0.00)
Can't shrink brush 2292, plane 1181 (-1.00, 0.00, 0.00)
Can't shrink brush 2292, plane 1182 (1.00, 0.00, 0.00)
Can't shrink brush 2293, plane 1181 (-1.00, 0.00, 0.00)
Can't shrink brush 2293, plane 1182 (1.00, 0.00, 0.00)
Can't shrink brush 2294, plane 1181 (-1.00, 0.00, 0.00)
Can't shrink brush 2294, plane 1182 (1.00, 0.00, 0.00)
Can't shrink brush 2295, plane 1181 (-1.00, 0.00, 0.00)
Can't shrink brush 2295, plane 1182 (1.00, 0.00, 0.00)
Can't shrink brush 2296, plane 1181 (-1.00, 0.00, 0.00)
Can't shrink brush 2296, plane 1182 (1.00, 0.00, 0.00)
Can't shrink brush 2297, plane 1181 (-1.00, 0.00, 0.00)
Can't shrink brush 2297, plane 1182 (1.00, 0.00, 0.00)
Can't shrink brush 2298, plane 1181 (-1.00, 0.00, 0.00)
Can't shrink brush 2298, plane 1182 (1.00, 0.00, 0.00)
Can't shrink brush 2299, plane 1181 (-1.00, 0.00, 0.00)
Can't shrink brush 2299, plane 1182 (1.00, 0.00, 0.00)
Can't shrink brush 2300, plane 1181 (-1.00, 0.00, 0.00)
Can't shrink brush 2300, plane 1182 (1.00, 0.00, 0.00)
Can't shrink brush 2301, plane 1181 (-1.00, 0.00, 0.00)
Can't shrink brush 2301, plane 1182 (1.00, 0.00, 0.00)
Can't shrink brush 2302, plane 1181 (-1.00, 0.00, 0.00)
Can't shrink brush 2302, plane 1182 (1.00, 0.00, 0.00)
Can't shrink brush 2303, plane 1181 (-1.00, 0.00, 0.00)
Can't shrink brush 2303, plane 1182 (1.00, 0.00, 0.00)
Can't shrink brush 2304, plane 1181 (-1.00, 0.00, 0.00)
Can't shrink brush 2304, plane 1182 (1.00, 0.00, 0.00)
Can't shrink brush 2305, plane 1181 (-1.00, 0.00, 0.00)
Can't shrink brush 2305, plane 1182 (1.00, 0.00, 0.00)
Can't shrink brush 2306, plane 1181 (-1.00, 0.00, 0.00)
Can't shrink brush 2306, plane 1182 (1.00, 0.00, 0.00)
Can't shrink brush 2307, plane 1181 (-1.00, 0.00, 0.00)
Can't shrink brush 2307, plane 1182 (1.00, 0.00, 0.00)
Can't shrink brush 2308, plane 1181 (-1.00, 0.00, 0.00)
Can't shrink brush 2308, plane 1182 (1.00, 0.00, 0.00)
Can't shrink brush 2309, plane 1181 (-1.00, 0.00, 0.00)
Can't shrink brush 2309, plane 1182 (1.00, 0.00, 0.00)
Can't shrink brush 2310, plane 1181 (-1.00, 0.00, 0.00)
Can't shrink brush 2310, plane 1182 (1.00, 0.00, 0.00)
Can't shrink brush 2311, plane 1181 (-1.00, 0.00, 0.00)
Can't shrink brush 2311, plane 1182 (1.00, 0.00, 0.00)
Can't shrink brush 2312, plane 1181 (-1.00, 0.00, 0.00)
Can't shrink brush 2312, plane 1182 (1.00, 0.00, 0.00)
Can't shrink brush 2313, plane 1181 (-1.00, 0.00, 0.00)
Can't shrink brush 2313, plane 1182 (1.00, 0.00, 0.00)
Can't shrink brush 2314, plane 1181 (-1.00, 0.00, 0.00)
Can't shrink brush 2314, plane 1182 (1.00, 0.00, 0.00)
Can't shrink brush 2315, plane 1181 (-1.00, 0.00, 0.00)
Can't shrink brush 2315, plane 1182 (1.00, 0.00, 0.00)
Can't shrink brush 2316, plane 1181 (-1.00, 0.00, 0.00)
Can't shrink brush 2316, plane 1182 (1.00, 0.00, 0.00)
Can't shrink brush 2317, plane 1181 (-1.00, 0.00, 0.00)
Can't shrink brush 2317, plane 1182 (1.00, 0.00, 0.00)
Can't shrink brush 2318, plane 1181 (-1.00, 0.00, 0.00)
Can't shrink brush 2318, plane 1182 (1.00, 0.00, 0.00)
Can't shrink brush 2319, plane 1181 (-1.00, 0.00, 0.00)
Can't shrink brush 2319, plane 1182 (1.00, 0.00, 0.00)
Can't shrink brush 2320, plane 1181 (-1.00, 0.00, 0.00)
Can't shrink brush 2320, plane 1182 (1.00, 0.00, 0.00)
Can't shrink brush 2321, plane 1181 (-1.00, 0.00, 0.00)
Can't shrink brush 2321, plane 1182 (1.00, 0.00, 0.00)
Can't shrink brush 2322, plane 1181 (-1.00, 0.00, 0.00)
Can't shrink brush 2322, plane 1182 (1.00, 0.00, 0.00)
Can't shrink brush 2323, plane 1181 (-1.00, 0.00, 0.00)
Can't shrink brush 2323, plane 1182 (1.00, 0.00, 0.00)
Can't shrink brush 2324, plane 1181 (-1.00, 0.00, 0.00)
Can't shrink brush 2324, plane 1182 (1.00, 0.00, 0.00)
Can't shrink brush 2325, plane 1181 (-1.00, 0.00, 0.00)
Can't shrink brush 2325, plane 1182 (1.00, 0.00, 0.00)
Can't shrink brush 2326, plane 1181 (-1.00, 0.00, 0.00)
Can't shrink brush 2326, plane 1182 (1.00, 0.00, 0.00)
Can't shrink brush 2327, plane 1181 (-1.00, 0.00, 0.00)
Can't shrink brush 2327, plane 1182 (1.00, 0.00, 0.00)
Can't shrink brush 2328, plane 1181 (-1.00, 0.00, 0.00)
Can't shrink brush 2328, plane 1182 (1.00, 0.00, 0.00)
Can't shrink brush 2329, plane 1181 (-1.00, 0.00, 0.00)
Can't shrink brush 2329, plane 1182 (1.00, 0.00, 0.00)
Can't shrink brush 2330, plane 1181 (-1.00, 0.00, 0.00)
Can't shrink brush 2330, plane 1182 (1.00, 0.00, 0.00)
Can't shrink brush 2331, plane 1181 (-1.00, 0.00, 0.00)
Can't shrink brush 2331, plane 1182 (1.00, 0.00, 0.00)
Can't shrink brush 2332, plane 1181 (-1.00, 0.00, 0.00)
Can't shrink brush 2332, plane 1182 (1.00, 0.00, 0.00)
Can't shrink brush 2333, plane 1181 (-1.00, 0.00, 0.00)
Can't shrink brush 2333, plane 1182 (1.00, 0.00, 0.00)
Can't shrink brush 2334, plane 1181 (-1.00, 0.00, 0.00)
Can't shrink brush 2334, plane 1182 (1.00, 0.00, 0.00)
Can't shrink brush 2335, plane 1181 (-1.00, 0.00, 0.00)
Can't shrink brush 2335, plane 1182 (1.00, 0.00, 0.00)
Can't shrink brush 2336, plane 1181 (-1.00, 0.00, 0.00)
Can't shrink brush 2336, plane 1182 (1.00, 0.00, 0.00)
Can't shrink brush 2337, plane 1181 (-1.00, 0.00, 0.00)
Can't shrink brush 2337, plane 1182 (1.00, 0.00, 0.00)
Can't shrink brush 2338, plane 1181 (-1.00, 0.00, 0.00)
Can't shrink brush 2338, plane 1182 (1.00, 0.00, 0.00)
Can't shrink brush 2339, plane 1181 (-1.00, 0.00, 0.00)
Can't shrink brush 2339, plane 1182 (1.00, 0.00, 0.00)
Can't shrink brush 2340, plane 1181 (-1.00, 0.00, 0.00)
Can't shrink brush 2340, plane 1182 (1.00, 0.00, 0.00)
Can't shrink brush 2341, plane 1181 (-1.00, 0.00, 0.00)
Can't shrink brush 2341, plane 1182 (1.00, 0.00, 0.00)
Can't shrink brush 2342, plane 1181 (-1.00, 0.00, 0.00)
Can't shrink brush 2342, plane 1182 (1.00, 0.00, 0.00)
Can't shrink brush 2343, plane 1181 (-1.00, 0.00, 0.00)
Can't shrink brush 2343, plane 1182 (1.00, 0.00, 0.00)
Can't shrink brush 2344, plane 1181 (-1.00, 0.00, 0.00)
Can't shrink brush 2344, plane 1182 (1.00, 0.00, 0.00)
Can't shrink brush 2345, plane 1181 (-1.00, 0.00, 0.00)
Can't shrink brush 2345, plane 1182 (1.00, 0.00, 0.00)
Can't shrink brush 2346, plane 1181 (-1.00, 0.00, 0.00)
Can't shrink brush 2346, plane 1182 (1.00, 0.00, 0.00)
Can't shrink brush 2347, plane 1181 (-1.00, 0.00, 0.00)
Can't shrink brush 2347, plane 1182 (1.00, 0.00, 0.00)
Can't shrink brush 2348, plane 1201 (-1.00, 0.00, 0.00)
Can't shrink brush 2348, plane 1202 (1.00, 0.00, 0.00)
Can't shrink brush 2349, plane 1181 (-1.00, 0.00, 0.00)
Can't shrink brush 2349, plane 1182 (1.00, 0.00, 0.00)
Can't shrink brush 2350, plane 1181 (-1.00, 0.00, 0.00)
Can't shrink brush 2350, plane 1182 (1.00, 0.00, 0.00)
Can't shrink brush 2351, plane 1181 (-1.00, 0.00, 0.00)
Can't shrink brush 2351, plane 1182 (1.00, 0.00, 0.00)
Can't shrink brush 2352, plane 1181 (-1.00, 0.00, 0.00)
Can't shrink brush 2352, plane 1182 (1.00, 0.00, 0.00)
Can't shrink brush 2353, plane 1181 (-1.00, 0.00, 0.00)
Can't shrink brush 2353, plane 1182 (1.00, 0.00, 0.00)
Can't shrink brush 2354, plane 1181 (-1.00, 0.00, 0.00)
Can't shrink brush 2354, plane 1182 (1.00, 0.00, 0.00)
Can't shrink brush 2355, plane 1181 (-1.00, 0.00, 0.00)
Can't shrink brush 2355, plane 1182 (1.00, 0.00, 0.00)
Can't shrink brush 2356, plane 1181 (-1.00, 0.00, 0.00)
Can't shrink brush 2356, plane 1182 (1.00, 0.00, 0.00)
Can't shrink brush 2357, plane 1181 (-1.00, 0.00, 0.00)
Can't shrink brush 2357, plane 1182 (1.00, 0.00, 0.00)
Can't shrink brush 2358, plane 1181 (-1.00, 0.00, 0.00)
Can't shrink brush 2358, plane 1182 (1.00, 0.00, 0.00)
Can't shrink brush 2359, plane 1181 (-1.00, 0.00, 0.00)
Can't shrink brush 2359, plane 1182 (1.00, 0.00, 0.00)
Can't shrink brush 2360, plane 1181 (-1.00, 0.00, 0.00)
Can't shrink brush 2360, plane 1182 (1.00, 0.00, 0.00)
Can't shrink brush 2361, plane 1181 (-1.00, 0.00, 0.00)
Can't shrink brush 2361, plane 1182 (1.00, 0.00, 0.00)
Can't shrink brush 2362, plane 1181 (-1.00, 0.00, 0.00)
Can't shrink brush 2362, plane 1182 (1.00, 0.00, 0.00)
Can't shrink brush 2363, plane 1181 (-1.00, 0.00, 0.00)
Can't shrink brush 2363, plane 1182 (1.00, 0.00, 0.00)
Can't shrink brush 2364, plane 1181 (-1.00, 0.00, 0.00)
Can't shrink brush 2364, plane 1182 (1.00, 0.00, 0.00)
Can't shrink brush 2365, plane 1181 (-1.00, 0.00, 0.00)
Can't shrink brush 2365, plane 1182 (1.00, 0.00, 0.00)
Can't shrink brush 2366, plane 1181 (-1.00, 0.00, 0.00)
Can't shrink brush 2366, plane 1182 (1.00, 0.00, 0.00)
Can't shrink brush 2367, plane 1181 (-1.00, 0.00, 0.00)
Can't shrink brush 2367, plane 1182 (1.00, 0.00, 0.00)
Can't shrink brush 2368, plane 1181 (-1.00, 0.00, 0.00)
Can't shrink brush 2368, plane 1182 (1.00, 0.00, 0.00)
Can't shrink brush 2369, plane 1181 (-1.00, 0.00, 0.00)
Can't shrink brush 2369, plane 1182 (1.00, 0.00, 0.00)
Can't shrink brush 2370, plane 1181 (-1.00, 0.00, 0.00)
Can't shrink brush 2370, plane 1182 (1.00, 0.00, 0.00)
Can't shrink brush 2371, plane 1181 (-1.00, 0.00, 0.00)
Can't shrink brush 2371, plane 1182 (1.00, 0.00, 0.00)
Can't shrink brush 2372, plane 1181 (-1.00, 0.00, 0.00)
Can't shrink brush 2372, plane 1182 (1.00, 0.00, 0.00)
Can't shrink brush 2373, plane 1181 (-1.00, 0.00, 0.00)
Can't shrink brush 2373, plane 1182 (1.00, 0.00, 0.00)
Can't shrink brush 2374, plane 1181 (-1.00, 0.00, 0.00)
Can't shrink brush 2374, plane 1182 (1.00, 0.00, 0.00)
Can't shrink brush 2375, plane 1181 (-1.00, 0.00, 0.00)
Can't shrink brush 2375, plane 1182 (1.00, 0.00, 0.00)
Can't shrink brush 2376, plane 1181 (-1.00, 0.00, 0.00)
Can't shrink brush 2376, plane 1182 (1.00, 0.00, 0.00)
Can't shrink brush 2377, plane 1181 (-1.00, 0.00, 0.00)
Can't shrink brush 2377, plane 1182 (1.00, 0.00, 0.00)
Can't shrink brush 2378, plane 1181 (-1.00, 0.00, 0.00)
Can't shrink brush 2378, plane 1182 (1.00, 0.00, 0.00)
Can't shrink brush 2379, plane 1181 (-1.00, 0.00, 0.00)
Can't shrink brush 2379, plane 1182 (1.00, 0.00, 0.00)
Can't shrink brush 2380, plane 1181 (-1.00, 0.00, 0.00)
Can't shrink brush 2380, plane 1182 (1.00, 0.00, 0.00)
Can't shrink brush 2381, plane 1181 (-1.00, 0.00, 0.00)
Can't shrink brush 2381, plane 1182 (1.00, 0.00, 0.00)
Can't shrink brush 2382, plane 1181 (-1.00, 0.00, 0.00)
Can't shrink brush 2382, plane 1182 (1.00, 0.00, 0.00)
Can't shrink brush 2383, plane 1181 (-1.00, 0.00, 0.00)
Can't shrink brush 2383, plane 1182 (1.00, 0.00, 0.00)
Can't shrink brush 2384, plane 1181 (-1.00, 0.00, 0.00)
Can't shrink brush 2384, plane 1182 (1.00, 0.00, 0.00)
Can't shrink brush 2385, plane 1181 (-1.00, 0.00, 0.00)
Can't shrink brush 2385, plane 1182 (1.00, 0.00, 0.00)
Can't shrink brush 2386, plane 1181 (-1.00, 0.00, 0.00)
Can't shrink brush 2386, plane 1182 (1.00, 0.00, 0.00)
Can't shrink brush 2387, plane 1181 (-1.00, 0.00, 0.00)
Can't shrink brush 2387, plane 1182 (1.00, 0.00, 0.00)
Can't shrink brush 2388, plane 1181 (-1.00, 0.00, 0.00)
Can't shrink brush 2388, plane 1182 (1.00, 0.00, 0.00)
Can't shrink brush 2389, plane 1181 (-1.00, 0.00, 0.00)
Can't shrink brush 2389, plane 1182 (1.00, 0.00, 0.00)
Can't shrink brush 2390, plane 1181 (-1.00, 0.00, 0.00)
Can't shrink brush 2390, plane 1182 (1.00, 0.00, 0.00)
Can't shrink brush 2391, plane 1181 (-1.00, 0.00, 0.00)
Can't shrink brush 2391, plane 1182 (1.00, 0.00, 0.00)
Can't shrink brush 2392, plane 1181 (-1.00, 0.00, 0.00)
Can't shrink brush 2392, plane 1182 (1.00, 0.00, 0.00)
Can't shrink brush 2393, plane 1181 (-1.00, 0.00, 0.00)
Can't shrink brush 2393, plane 1182 (1.00, 0.00, 0.00)
Can't shrink brush 2394, plane 1181 (-1.00, 0.00, 0.00)
Can't shrink brush 2394, plane 1182 (1.00, 0.00, 0.00)
Can't shrink brush 2395, plane 1181 (-1.00, 0.00, 0.00)
Can't shrink brush 2395, plane 1182 (1.00, 0.00, 0.00)
Can't shrink brush 2396, plane 1181 (-1.00, 0.00, 0.00)
Can't shrink brush 2396, plane 1182 (1.00, 0.00, 0.00)
Can't shrink brush 2397, plane 1181 (-1.00, 0.00, 0.00)
Can't shrink brush 2397, plane 1182 (1.00, 0.00, 0.00)
Can't shrink brush 2398, plane 1181 (-1.00, 0.00, 0.00)
Can't shrink brush 2398, plane 1182 (1.00, 0.00, 0.00)
Can't shrink brush 2399, plane 1181 (-1.00, 0.00, 0.00)
Can't shrink brush 2399, plane 1182 (1.00, 0.00, 0.00)
Can't shrink brush 2400, plane 1157 (0.00, -1.00, 0.00)
Can't shrink brush 2400, plane 1158 (0.00, 1.00, 0.00)
Can't shrink brush 2401, plane 1157 (0.00, -1.00, 0.00)
Can't shrink brush 2401, plane 1158 (0.00, 1.00, 0.00)
Can't shrink brush 2402, plane 1157 (0.00, -1.00, 0.00)
Can't shrink brush 2402, plane 1158 (0.00, 1.00, 0.00)
Can't shrink brush 2403, plane 1157 (0.00, -1.00, 0.00)
Can't shrink brush 2403, plane 1158 (0.00, 1.00, 0.00)
Can't shrink brush 2404, plane 1157 (0.00, -1.00, 0.00)
Can't shrink brush 2404, plane 1158 (0.00, 1.00, 0.00)
Can't shrink brush 2405, plane 1157 (0.00, -1.00, 0.00)
Can't shrink brush 2405, plane 1158 (0.00, 1.00, 0.00)
Can't shrink brush 2406, plane 1157 (0.00, -1.00, 0.00)
Can't shrink brush 2406, plane 1158 (0.00, 1.00, 0.00)
Can't shrink brush 2407, plane 1157 (0.00, -1.00, 0.00)
Can't shrink brush 2407, plane 1158 (0.00, 1.00, 0.00)
Can't shrink brush 2408, plane 1157 (0.00, -1.00, 0.00)
Can't shrink brush 2408, plane 1158 (0.00, 1.00, 0.00)
Can't shrink brush 2409, plane 1157 (0.00, -1.00, 0.00)
Can't shrink brush 2409, plane 1158 (0.00, 1.00, 0.00)
Can't shrink brush 2410, plane 1157 (0.00, -1.00, 0.00)
Can't shrink brush 2410, plane 1158 (0.00, 1.00, 0.00)
Can't shrink brush 2411, plane 1157 (0.00, -1.00, 0.00)
Can't shrink brush 2411, plane 1158 (0.00, 1.00, 0.00)
Can't shrink brush 2412, plane 1157 (0.00, -1.00, 0.00)
Can't shrink brush 2412, plane 1158 (0.00, 1.00, 0.00)
Can't shrink brush 2413, plane 1157 (0.00, -1.00, 0.00)
Can't shrink brush 2413, plane 1158 (0.00, 1.00, 0.00)
Can't shrink brush 2414, plane 1157 (0.00, -1.00, 0.00)
Can't shrink brush 2414, plane 1158 (0.00, 1.00, 0.00)
Can't shrink brush 2415, plane 1157 (0.00, -1.00, 0.00)
Can't shrink brush 2415, plane 1158 (0.00, 1.00, 0.00)
Can't shrink brush 2416, plane 1157 (0.00, -1.00, 0.00)
Can't shrink brush 2416, plane 1158 (0.00, 1.00, 0.00)
Can't shrink brush 2417, plane 1157 (0.00, -1.00, 0.00)
Can't shrink brush 2417, plane 1158 (0.00, 1.00, 0.00)
Can't shrink brush 2418, plane 1157 (0.00, -1.00, 0.00)
Can't shrink brush 2418, plane 1158 (0.00, 1.00, 0.00)
Can't shrink brush 2419, plane 1157 (0.00, -1.00, 0.00)
Can't shrink brush 2419, plane 1158 (0.00, 1.00, 0.00)
Can't shrink brush 2420, plane 1157 (0.00, -1.00, 0.00)
Can't shrink brush 2420, plane 1158 (0.00, 1.00, 0.00)
Can't shrink brush 2421, plane 1157 (0.00, -1.00, 0.00)
Can't shrink brush 2421, plane 1158 (0.00, 1.00, 0.00)
Can't shrink brush 2422, plane 1157 (0.00, -1.00, 0.00)
Can't shrink brush 2422, plane 1158 (0.00, 1.00, 0.00)
Can't shrink brush 2423, plane 1157 (0.00, -1.00, 0.00)
Can't shrink brush 2423, plane 1158 (0.00, 1.00, 0.00)
Can't shrink brush 2424, plane 1157 (0.00, -1.00, 0.00)
Can't shrink brush 2424, plane 1158 (0.00, 1.00, 0.00)
Can't shrink brush 2425, plane 1157 (0.00, -1.00, 0.00)
Can't shrink brush 2425, plane 1158 (0.00, 1.00, 0.00)
Can't shrink brush 2426, plane 1157 (0.00, -1.00, 0.00)
Can't shrink brush 2426, plane 1158 (0.00, 1.00, 0.00)
Can't shrink brush 2427, plane 1157 (0.00, -1.00, 0.00)
Can't shrink brush 2427, plane 1158 (0.00, 1.00, 0.00)
Can't shrink brush 2428, plane 1157 (0.00, -1.00, 0.00)
Can't shrink brush 2428, plane 1158 (0.00, 1.00, 0.00)
Can't shrink brush 2429, plane 1157 (0.00, -1.00, 0.00)
Can't shrink brush 2429, plane 1158 (0.00, 1.00, 0.00)
Can't shrink brush 2430, plane 1157 (0.00, -1.00, 0.00)
Can't shrink brush 2430, plane 1158 (0.00, 1.00, 0.00)
Can't shrink brush 2431, plane 1157 (0.00, -1.00, 0.00)
Can't shrink brush 2431, plane 1158 (0.00, 1.00, 0.00)
Can't shrink brush 2432, plane 1157 (0.00, -1.00, 0.00)
Can't shrink brush 2432, plane 1158 (0.00, 1.00, 0.00)
Can't shrink brush 2433, plane 1157 (0.00, -1.00, 0.00)
Can't shrink brush 2433, plane 1158 (0.00, 1.00, 0.00)
Can't shrink brush 2434, plane 1157 (0.00, -1.00, 0.00)
Can't shrink brush 2434, plane 1158 (0.00, 1.00, 0.00)
Can't shrink brush 2435, plane 1157 (0.00, -1.00, 0.00)
Can't shrink brush 2435, plane 1158 (0.00, 1.00, 0.00)
Can't shrink brush 2436, plane 1157 (0.00, -1.00, 0.00)
Can't shrink brush 2436, plane 1158 (0.00, 1.00, 0.00)
Can't shrink brush 2437, plane 1157 (0.00, -1.00, 0.00)
Can't shrink brush 2437, plane 1158 (0.00, 1.00, 0.00)
Can't shrink brush 2438, plane 1157 (0.00, -1.00, 0.00)
Can't shrink brush 2438, plane 1158 (0.00, 1.00, 0.00)
Can't shrink brush 2439, plane 1157 (0.00, -1.00, 0.00)
Can't shrink brush 2439, plane 1158 (0.00, 1.00, 0.00)
Can't shrink brush 2440, plane 1157 (0.00, -1.00, 0.00)
Can't shrink brush 2440, plane 1158 (0.00, 1.00, 0.00)
Can't shrink brush 2441, plane 1157 (0.00, -1.00, 0.00)
Can't shrink brush 2441, plane 1158 (0.00, 1.00, 0.00)
Can't shrink brush 2442, plane 1157 (0.00, -1.00, 0.00)
Can't shrink brush 2442, plane 1158 (0.00, 1.00, 0.00)
Can't shrink brush 2443, plane 1157 (0.00, -1.00, 0.00)
Can't shrink brush 2443, plane 1158 (0.00, 1.00, 0.00)
Can't shrink brush 2444, plane 1157 (0.00, -1.00, 0.00)
Can't shrink brush 2444, plane 1158 (0.00, 1.00, 0.00)
Can't shrink brush 2445, plane 1157 (0.00, -1.00, 0.00)
Can't shrink brush 2445, plane 1158 (0.00, 1.00, 0.00)
Can't shrink brush 2446, plane 1157 (0.00, -1.00, 0.00)
Can't shrink brush 2446, plane 1158 (0.00, 1.00, 0.00)
Can't shrink brush 2447, plane 1157 (0.00, -1.00, 0.00)
Can't shrink brush 2447, plane 1158 (0.00, 1.00, 0.00)
Can't shrink brush 2448, plane 1157 (0.00, -1.00, 0.00)
Can't shrink brush 2448, plane 1158 (0.00, 1.00, 0.00)
Can't shrink brush 2449, plane 1157 (0.00, -1.00, 0.00)
Can't shrink brush 2449, plane 1158 (0.00, 1.00, 0.00)
Can't shrink brush 2450, plane 1157 (0.00, -1.00, 0.00)
Can't shrink brush 2450, plane 1158 (0.00, 1.00, 0.00)
Can't shrink brush 2451, plane 1157 (0.00, -1.00, 0.00)
Can't shrink brush 2451, plane 1158 (0.00, 1.00, 0.00)
Can't shrink brush 2452, plane 1157 (0.00, -1.00, 0.00)
Can't shrink brush 2452, plane 1158 (0.00, 1.00, 0.00)
Can't shrink brush 2453, plane 1157 (0.00, -1.00, 0.00)
Can't shrink brush 2453, plane 1158 (0.00, 1.00, 0.00)
Can't shrink brush 2454, plane 1157 (0.00, -1.00, 0.00)
Can't shrink brush 2454, plane 1158 (0.00, 1.00, 0.00)
Can't shrink brush 2455, plane 1157 (0.00, -1.00, 0.00)
Can't shrink brush 2455, plane 1158 (0.00, 1.00, 0.00)
Can't shrink brush 2456, plane 1157 (0.00, -1.00, 0.00)
Can't shrink brush 2456, plane 1158 (0.00, 1.00, 0.00)
Can't shrink brush 2457, plane 1157 (0.00, -1.00, 0.00)
Can't shrink brush 2457, plane 1158 (0.00, 1.00, 0.00)
Can't shrink brush 2458, plane 1157 (0.00, -1.00, 0.00)
Can't shrink brush 2458, plane 1158 (0.00, 1.00, 0.00)
Can't shrink brush 2459, plane 1157 (0.00, -1.00, 0.00)
Can't shrink brush 2459, plane 1158 (0.00, 1.00, 0.00)
Can't shrink brush 2460, plane 1157 (0.00, -1.00, 0.00)
Can't shrink brush 2460, plane 1158 (0.00, 1.00, 0.00)
Can't shrink brush 2461, plane 1157 (0.00, -1.00, 0.00)
Can't shrink brush 2461, plane 1158 (0.00, 1.00, 0.00)
Can't shrink brush 2462, plane 1157 (0.00, -1.00, 0.00)
Can't shrink brush 2462, plane 1158 (0.00, 1.00, 0.00)
Can't shrink brush 2463, plane 1157 (0.00, -1.00, 0.00)
Can't shrink brush 2463, plane 1158 (0.00, 1.00, 0.00)
Can't shrink brush 2464, plane 1157 (0.00, -1.00, 0.00)
Can't shrink brush 2464, plane 1158 (0.00, 1.00, 0.00)
Can't shrink brush 2465, plane 1157 (0.00, -1.00, 0.00)
Can't shrink brush 2465, plane 1158 (0.00, 1.00, 0.00)
Can't shrink brush 2466, plane 1157 (0.00, -1.00, 0.00)
Can't shrink brush 2466, plane 1158 (0.00, 1.00, 0.00)
Can't shrink brush 2467, plane 1157 (0.00, -1.00, 0.00)
Can't shrink brush 2467, plane 1158 (0.00, 1.00, 0.00)
Can't shrink brush 2468, plane 1157 (0.00, -1.00, 0.00)
Can't shrink brush 2468, plane 1158 (0.00, 1.00, 0.00)
Can't shrink brush 2469, plane 1157 (0.00, -1.00, 0.00)
Can't shrink brush 2469, plane 1158 (0.00, 1.00, 0.00)
Can't shrink brush 2470, plane 1157 (0.00, -1.00, 0.00)
Can't shrink brush 2470, plane 1158 (0.00, 1.00, 0.00)
Can't shrink brush 2471, plane 1157 (0.00, -1.00, 0.00)
Can't shrink brush 2471, plane 1158 (0.00, 1.00, 0.00)
Can't shrink brush 2472, plane 1157 (0.00, -1.00, 0.00)
Can't shrink brush 2472, plane 1158 (0.00, 1.00, 0.00)
Can't shrink brush 2473, plane 1157 (0.00, -1.00, 0.00)
Can't shrink brush 2473, plane 1158 (0.00, 1.00, 0.00)
Can't shrink brush 2474, plane 1157 (0.00, -1.00, 0.00)
Can't shrink brush 2474, plane 1158 (0.00, 1.00, 0.00)
Can't shrink brush 2475, plane 1157 (0.00, -1.00, 0.00)
Can't shrink brush 2475, plane 1158 (0.00, 1.00, 0.00)
Can't shrink brush 2476, plane 1217 (0.00, -1.00, 0.00)
Can't shrink brush 2476, plane 1218 (0.00, 1.00, 0.00)
Can't shrink brush 2477, plane 1157 (0.00, -1.00, 0.00)
Can't shrink brush 2477, plane 1158 (0.00, 1.00, 0.00)
Can't shrink brush 2478, plane 1157 (0.00, -1.00, 0.00)
Can't shrink brush 2478, plane 1158 (0.00, 1.00, 0.00)
Can't shrink brush 2479, plane 1157 (0.00, -1.00, 0.00)
Can't shrink brush 2479, plane 1158 (0.00, 1.00, 0.00)
Can't shrink brush 2480, plane 1157 (0.00, -1.00, 0.00)
Can't shrink brush 2480, plane 1158 (0.00, 1.00, 0.00)
Can't shrink brush 2481, plane 1157 (0.00, -1.00, 0.00)
Can't shrink brush 2481, plane 1158 (0.00, 1.00, 0.00)
Can't shrink brush 2482, plane 1157 (0.00, -1.00, 0.00)
Can't shrink brush 2482, plane 1158 (0.00, 1.00, 0.00)
Can't shrink brush 2483, plane 1157 (0.00, -1.00, 0.00)
Can't shrink brush 2483, plane 1158 (0.00, 1.00, 0.00)
Can't shrink brush 2484, plane 1157 (0.00, -1.00, 0.00)
Can't shrink brush 2484, plane 1158 (0.00, 1.00, 0.00)
Can't shrink brush 2485, plane 1157 (0.00, -1.00, 0.00)
Can't shrink brush 2485, plane 1158 (0.00, 1.00, 0.00)
Can't shrink brush 2486, plane 1157 (0.00, -1.00, 0.00)
Can't shrink brush 2486, plane 1158 (0.00, 1.00, 0.00)
Can't shrink brush 2487, plane 1157 (0.00, -1.00, 0.00)
Can't shrink brush 2487, plane 1158 (0.00, 1.00, 0.00)
Can't shrink brush 2488, plane 1157 (0.00, -1.00, 0.00)
Can't shrink brush 2488, plane 1158 (0.00, 1.00, 0.00)
Can't shrink brush 2489, plane 1157 (0.00, -1.00, 0.00)
Can't shrink brush 2489, plane 1158 (0.00, 1.00, 0.00)
Can't shrink brush 2490, plane 1157 (0.00, -1.00, 0.00)
Can't shrink brush 2490, plane 1158 (0.00, 1.00, 0.00)
Can't shrink brush 2491, plane 1157 (0.00, -1.00, 0.00)
Can't shrink brush 2491, plane 1158 (0.00, 1.00, 0.00)
Can't shrink brush 2492, plane 1157 (0.00, -1.00, 0.00)
Can't shrink brush 2492, plane 1158 (0.00, 1.00, 0.00)
Can't shrink brush 2493, plane 1157 (0.00, -1.00, 0.00)
Can't shrink brush 2493, plane 1158 (0.00, 1.00, 0.00)
Can't shrink brush 2494, plane 1157 (0.00, -1.00, 0.00)
Can't shrink brush 2494, plane 1158 (0.00, 1.00, 0.00)
Can't shrink brush 2495, plane 1157 (0.00, -1.00, 0.00)
Can't shrink brush 2495, plane 1158 (0.00, 1.00, 0.00)
Can't shrink brush 2496, plane 1157 (0.00, -1.00, 0.00)
Can't shrink brush 2496, plane 1158 (0.00, 1.00, 0.00)
Can't shrink brush 2497, plane 1157 (0.00, -1.00, 0.00)
Can't shrink brush 2497, plane 1158 (0.00, 1.00, 0.00)
Can't shrink brush 2498, plane 1157 (0.00, -1.00, 0.00)
Can't shrink brush 2498, plane 1158 (0.00, 1.00, 0.00)
Can't shrink brush 2499, plane 1157 (0.00, -1.00, 0.00)
Can't shrink brush 2499, plane 1158 (0.00, 1.00, 0.00)
Can't shrink brush 2500, plane 1157 (0.00, -1.00, 0.00)
Can't shrink brush 2500, plane 1158 (0.00, 1.00, 0.00)
Can't shrink brush 2501, plane 1157 (0.00, -1.00, 0.00)
Can't shrink brush 2501, plane 1158 (0.00, 1.00, 0.00)
Can't shrink brush 2502, plane 1157 (0.00, -1.00, 0.00)
Can't shrink brush 2502, plane 1158 (0.00, 1.00, 0.00)
Can't shrink brush 2503, plane 1157 (0.00, -1.00, 0.00)
Can't shrink brush 2503, plane 1158 (0.00, 1.00, 0.00)
Can't shrink brush 2504, plane 1157 (0.00, -1.00, 0.00)
Can't shrink brush 2504, plane 1158 (0.00, 1.00, 0.00)
Can't shrink brush 2505, plane 1157 (0.00, -1.00, 0.00)
Can't shrink brush 2505, plane 1158 (0.00, 1.00, 0.00)
Can't shrink brush 2506, plane 1157 (0.00, -1.00, 0.00)
Can't shrink brush 2506, plane 1158 (0.00, 1.00, 0.00)
Can't shrink brush 2507, plane 1157 (0.00, -1.00, 0.00)
Can't shrink brush 2507, plane 1158 (0.00, 1.00, 0.00)
Can't shrink brush 2508, plane 1157 (0.00, -1.00, 0.00)
Can't shrink brush 2508, plane 1158 (0.00, 1.00, 0.00)
Can't shrink brush 2509, plane 1157 (0.00, -1.00, 0.00)
Can't shrink brush 2509, plane 1158 (0.00, 1.00, 0.00)
Can't shrink brush 2510, plane 1157 (0.00, -1.00, 0.00)
Can't shrink brush 2510, plane 1158 (0.00, 1.00, 0.00)
Can't shrink brush 2511, plane 1157 (0.00, -1.00, 0.00)
Can't shrink brush 2511, plane 1158 (0.00, 1.00, 0.00)
Can't shrink brush 2512, plane 1157 (0.00, -1.00, 0.00)
Can't shrink brush 2512, plane 1158 (0.00, 1.00, 0.00)
Can't shrink brush 2513, plane 1157 (0.00, -1.00, 0.00)
Can't shrink brush 2513, plane 1158 (0.00, 1.00, 0.00)
Can't shrink brush 2514, plane 1157 (0.00, -1.00, 0.00)
Can't shrink brush 2514, plane 1158 (0.00, 1.00, 0.00)
Can't shrink brush 2515, plane 1157 (0.00, -1.00, 0.00)
Can't shrink brush 2515, plane 1158 (0.00, 1.00, 0.00)
Can't shrink brush 2516, plane 1157 (0.00, -1.00, 0.00)
Can't shrink brush 2516, plane 1158 (0.00, 1.00, 0.00)
Can't shrink brush 2517, plane 1157 (0.00, -1.00, 0.00)
Can't shrink brush 2517, plane 1158 (0.00, 1.00, 0.00)
Can't shrink brush 2518, plane 1157 (0.00, -1.00, 0.00)
Can't shrink brush 2518, plane 1158 (0.00, 1.00, 0.00)
Can't shrink brush 2519, plane 1157 (0.00, -1.00, 0.00)
Can't shrink brush 2519, plane 1158 (0.00, 1.00, 0.00)
Can't shrink brush 2520, plane 1157 (0.00, -1.00, 0.00)
Can't shrink brush 2520, plane 1158 (0.00, 1.00, 0.00)
Can't shrink brush 2521, plane 1157 (0.00, -1.00, 0.00)
Can't shrink brush 2521, plane 1158 (0.00, 1.00, 0.00)
Can't shrink brush 2522, plane 1157 (0.00, -1.00, 0.00)
Can't shrink brush 2522, plane 1158 (0.00, 1.00, 0.00)
Can't shrink brush 2523, plane 1157 (0.00, -1.00, 0.00)
Can't shrink brush 2523, plane 1158 (0.00, 1.00, 0.00)
Can't shrink brush 2524, plane 1157 (0.00, -1.00, 0.00)
Can't shrink brush 2524, plane 1158 (0.00, 1.00, 0.00)
Can't shrink brush 2525, plane 1157 (0.00, -1.00, 0.00)
Can't shrink brush 2525, plane 1158 (0.00, 1.00, 0.00)
Can't shrink brush 2526, plane 1157 (0.00, -1.00, 0.00)
Can't shrink brush 2526, plane 1158 (0.00, 1.00, 0.00)
Can't shrink brush 2527, plane 1157 (0.00, -1.00, 0.00)
Can't shrink brush 2527, plane 1158 (0.00, 1.00, 0.00)
done (2) (1033675 bytes)
Error loading studio model ""!
Placing detail props : 0...1...2...3...4...5...6...7...8...9...10
Compacting texture/material tables...
Reduced 1116 texinfos to 891
Reduced 21 texdatas to 20 (529 bytes to 508)
Writing D:\Program Files (x86)\Steam\SteamApps\sourcemods\crimewarswtf5\devmaps\bridge10.bsp
12 seconds elapsed
