PRT1
12
17
4 0 2 (1728 0 832 ) (1024 0 832 ) (1024 0 -768 ) (1728 0 -768 ) 
4 0 1 (1024 0 -768 ) (1024 0 832 ) (1024 704 832 ) (1024 704 -768 ) 
4 1 6 (0 0 -768 ) (0 0 832 ) (0 704 832 ) (0 704 -768 ) 
4 1 3 (1024 0 -768 ) (1024 0 832 ) (0 0 832 ) (0 0 -768 ) 
4 2 4 (1728 -1024 832 ) (1024 -1024 832 ) (1024 -1024 -768 ) (1728 -1024 -768 ) 
4 2 3 (1024 0 832 ) (1024 0 -768 ) (1024 -1024 -768 ) (1024 -1024 832 ) 
4 3 8 (0 -1024 -768 ) (0 -1024 832 ) (0 0 832 ) (0 0 -768 ) 
4 3 5 (0 -1024 832 ) (0 -1024 -768 ) (1024 -1024 -768 ) (1024 -1024 832 ) 
4 4 5 (1024 -1024 832 ) (1024 -1024 -768 ) (1024 -1536 -768 ) (1024 -1536 832 ) 
4 5 10 (0 -1536 832 ) (0 -1024 832 ) (0 -1024 -768 ) (0 -1536 -768 ) 
4 6 8 (0 0 -768 ) (0 0 832 ) (-1024 0 832 ) (-1024 0 -768 ) 
4 6 7 (-1024 0 -768 ) (-1024 0 832 ) (-1024 704 832 ) (-1024 704 -768 ) 
4 7 9 (-1024 0 -768 ) (-1024 0 832 ) (-1792 0 832 ) (-1792 0 -768 ) 
4 8 10 (0 -1024 -768 ) (0 -1024 832 ) (-1024 -1024 832 ) (-1024 -1024 -768 ) 
4 8 9 (-1024 -1024 -768 ) (-1024 -1024 832 ) (-1024 0 832 ) (-1024 0 -768 ) 
4 9 11 (-1024 -1024 -768 ) (-1024 -1024 832 ) (-1792 -1024 832 ) (-1792 -1024 -768 ) 
4 10 11 (-1024 -1024 832 ) (-1024 -1024 -768 ) (-1024 -1536 -768 ) (-1024 -1536 832 ) 
