PRT1
324
1054
4 0 28 (2048 2048 224 ) (2048 2048 64 ) (2208 2048 64 ) (2208 2048 224 ) 
4 0 27 (2208 2048 64 ) (2464 2048 64 ) (2464 2048 224 ) (2208 2048 224 ) 
4 0 23 (2232 2048 352 ) (2048 2048 352 ) (2048 2048 224 ) (2232 2048 224 ) 
4 0 22 (2464 2048 352 ) (2232 2048 352 ) (2232 2048 224 ) (2464 2048 224 ) 
4 0 21 (2912 2048 64 ) (2912 2048 352 ) (2464 2048 352 ) (2464 2048 64 ) 
4 0 19 (2496 2048 1472 ) (2048 2048 1472 ) (2048 2048 352 ) (2496 2048 352 ) 
4 0 18 (2912 2048 352 ) (2912 2048 1472 ) (2496 2048 1472 ) (2496 2048 352 ) 
4 0 3 (2048 2048 64 ) (2048 2048 1472 ) (2048 2400 1472 ) (2048 2400 64 ) 
4 1 4 (448 4096 1475.969971 ) (0 4096 1475.969971 ) (0 4096 -626.028992 ) (448 4096 -626.028992 ) 
4 1 2 (0 4096 -626.028992 ) (0 4096 1475.969971 ) (0 5024 1475.969971 ) (0 5024 -626.028992 ) 
4 2 264 (-1024 4096 -626.028992 ) (-1024 4096 1475.969971 ) (-1024 5024 1475.969971 ) (-1024 5024 -626.028992 ) 
4 2 6 (-640 4096 1475.969971 ) (-896 4096 1475.969971 ) (-896 4096 -626.028992 ) (-640 4096 -626.028992 ) 
4 2 5 (0 4096 -626.028992 ) (0 4096 1475.969971 ) (-640 4096 1475.969971 ) (-640 4096 -626.028992 ) 
4 2 7 (-896 4096 1475.969971 ) (-1024 4096 1475.969971 ) (-1024 4096 -626.028992 ) (-896 4096 -626.028992 ) 
4 3 96 (1024 2048 384 ) (1024 2048 64 ) (1040 2048 64 ) (1040 2048 384 ) 
3 3 93 (1256 2048 64 ) (1984 2048 64 ) (1984 2048 384 ) 
4 3 89 (1312 2048 88.615387 ) (1440 2048 144.879120 ) (1440 2048 384 ) (1312 2048 384 ) 
3 3 88 (1440 2048 144.879120 ) (1984 2048 384 ) (1440 2048 384 ) 
5 3 92 (1040 2048 64 ) (1256 2048 64 ) (1312 2048 88.615387 ) (1312 2048 384 ) (1040 2048 384 ) 
4 3 85 (1984 2048 64 ) (2016 2048 64 ) (2016 2048 384 ) (1984 2048 384 ) 
4 3 78 (2016 2048 1472 ) (1024 2048 1472 ) (1024 2048 384 ) (2016 2048 384 ) 
4 3 70 (2048 2048 64 ) (2048 2048 224 ) (2044 2048 224 ) (2044 2048 64 ) 
4 3 73 (2044 2048 224 ) (2016 2048 224 ) (2016 2048 64 ) (2044 2048 64 ) 
4 3 66 (2048 2048 224 ) (2048 2048 352 ) (2024 2048 352 ) (2024 2048 224 ) 
4 3 69 (2024 2048 352 ) (2016 2048 352 ) (2016 2048 224 ) (2024 2048 224 ) 
4 3 64 (2048 2048 352 ) (2048 2048 384 ) (2016 2048 384 ) (2016 2048 352 ) 
4 3 63 (2048 2048 384 ) (2048 2048 1472 ) (2016 2048 1472 ) (2016 2048 384 ) 
4 3 8 (1024 2048 64 ) (1024 2048 1472 ) (1024 2400 1472 ) (1024 2400 64 ) 
4 4 12 (0 3072 64 ) (0 3072 -626.028992 ) (448 3072 -626.028992 ) (448 3072 64 ) 
4 4 11 (0 3072 320 ) (0 3072 64 ) (448 3072 64 ) (448 3072 320 ) 
4 4 10 (0 3072 704 ) (0 3072 320 ) (448 3072 320 ) (448 3072 704 ) 
4 4 9 (448 3072 1475.969971 ) (0 3072 1475.969971 ) (0 3072 704 ) (448 3072 704 ) 
4 4 5 (0 4096 1475.969971 ) (0 4096 -626.028992 ) (0 3072 -626.028992 ) (0 3072 1475.969971 ) 
4 5 15 (0 3072 -626.028992 ) (0 3072 64 ) (-640 3072 64 ) (-640 3072 -626.028992 ) 
4 5 13 (0 3072 64 ) (0 3072 1475.969971 ) (-640 3072 1475.969971 ) (-640 3072 64 ) 
5 5 6 (-640 4096 -626.028992 ) (-640 3399.544434 -626.028992 ) (-640 3072 -438.860352 ) (-640 3072 1475.969971 ) (-640 4096 1475.969971 ) 
4 6 16 (-896 3072 64 ) (-896 3072 -438.860413 ) (-640 3072 -438.860352 ) (-640 3072 64 ) 
4 6 13 (-640 3072 1475.969971 ) (-896 3072 1475.969971 ) (-896 3072 64 ) (-640 3072 64 ) 
5 6 7 (-896 4096 -626.028992 ) (-896 3399.544434 -626.028992 ) (-896 3072 -438.860352 ) (-896 3072 1475.969971 ) (-896 4096 1475.969971 ) 
4 7 266 (-1024 3072 -626.028992 ) (-1024 3072 1475.969971 ) (-1024 4096 1475.969971 ) (-1024 4096 -626.028992 ) 
4 7 17 (-1024 3072 64 ) (-1024 3072 -626.028992 ) (-896 3072 -626.028992 ) (-896 3072 64 ) 
4 7 13 (-896 3072 1475.969971 ) (-1024 3072 1475.969971 ) (-1024 3072 64 ) (-896 3072 64 ) 
4 8 147 (644 2048 288 ) (640 2048 288 ) (640 2048 64 ) (644 2048 64 ) 
4 8 146 (736 2048 288 ) (644 2048 288 ) (644 2048 64 ) (736 2048 64 ) 
4 8 143 (1024 2048 64 ) (1024 2048 288 ) (736 2048 288 ) (736 2048 64 ) 
4 8 140 (644 2048 348.406006 ) (640 2048 348.406006 ) (640 2048 288 ) (644 2048 288 ) 
4 8 139 (720 2048 348.406006 ) (644 2048 348.406006 ) (644 2048 288 ) (720 2048 288 ) 
4 8 136 (1024 2048 288 ) (1024 2048 348.406006 ) (720 2048 348.406006 ) (720 2048 288 ) 
4 8 135 (1024 2048 348.406006 ) (1024 2048 1472 ) (640 2048 1472 ) (640 2048 348.406006 ) 
4 9 13 (0 3072 1475.969971 ) (0 3072 704 ) (0 2188 704 ) (0 2188 1475.969971 ) 
4 9 10 (0 2188 704 ) (0 3072 704 ) (448 3072 704 ) (448 2188 704 ) 
4 10 13 (0 3072 704 ) (0 3072 320 ) (0 2188 320 ) (0 2188 704 ) 
4 10 11 (0 2188 320 ) (0 3072 320 ) (448 3072 320 ) (448 2188 320 ) 
4 11 13 (0 3072 320 ) (0 3072 64 ) (0 2188 64 ) (0 2188 320 ) 
4 11 12 (0 2188 64 ) (0 3072 64 ) (448 3072 64 ) (448 2188 64 ) 
4 12 15 (0 3072 64 ) (0 3072 -626.028992 ) (0 2176 -626.028992 ) (0 2176 64 ) 
4 13 269 (-1024 3072 320 ) (-1024 3072 64 ) (-1024 2188 64 ) (-1024 2188 320 ) 
4 13 268 (-1024 3072 704 ) (-1024 3072 320 ) (-1024 2188 320 ) (-1024 2188 704 ) 
4 13 267 (-1024 3072 1475.969971 ) (-1024 3072 704 ) (-1024 2188 704 ) (-1024 2188 1475.969971 ) 
4 13 16 (-896 2191.996094 64 ) (-896 3072 64 ) (-640 3072 64 ) (-640 2191.996094 64 ) 
4 13 17 (-896 2188 64 ) (-1024 2188 64 ) (-1024 3072 64 ) (-896 3072 64 ) 
4 13 15 (0 3072 64 ) (0 2188 64 ) (-640 2188 64 ) (-640 3072 64 ) 
4 13 14 (-896 2188 64 ) (-640 2188 64 ) (-640 2188 320 ) (-896 2188 320 ) 
4 14 170 (-640 2048 320 ) (-896 2048 320 ) (-896 2048 64 ) (-640 2048 64 ) 
3 15 16 (-640 2191.996094 64 ) (-640 3072 64 ) (-640 3072 -438.860352 ) 
3 16 17 (-896 2191.996094 64 ) (-896 3072 64 ) (-896 3072 -438.860352 ) 
4 17 270 (-1024 2176 64 ) (-1024 3072 64 ) (-1024 3072 -626.028992 ) (-1024 2176 -626.028992 ) 
4 18 37 (2496 1120 352 ) (2912 1120 352 ) (2912 1120 1472 ) (2496 1120 1472 ) 
4 18 21 (2912 1120 352 ) (2496 1120 352 ) (2496 2048 352 ) (2912 2048 352 ) 
4 18 20 (2496 1120 384 ) (2496 1120 1472 ) (2496 1568 1472 ) (2496 1568 384 ) 
4 18 19 (2496 2048 352 ) (2496 1568 352 ) (2496 1568 1472 ) (2496 2048 1472 ) 
4 19 64 (2048 2048 384 ) (2048 2048 352 ) (2048 1568 352 ) (2048 1568 384 ) 
4 19 63 (2048 2048 1472 ) (2048 2048 384 ) (2048 1568 384 ) (2048 1568 1472 ) 
4 19 25 (2048 1568 352 ) (2048 1724 352 ) (2464 1724 352 ) (2464 1568 352 ) 
4 19 24 (2048 1724 352 ) (2048 1988 352 ) (2232 1988 352 ) (2232 1724 352 ) 
4 19 23 (2048 1988 352 ) (2048 2048 352 ) (2232 2048 352 ) (2232 1988 352 ) 
4 19 22 (2232 2048 352 ) (2464 2048 352 ) (2464 1724 352 ) (2232 1724 352 ) 
4 19 21 (2464 2048 352 ) (2496 2048 352 ) (2496 1568 352 ) (2464 1568 352 ) 
4 19 20 (2496 1568 384 ) (2496 1568 1472 ) (2048 1568 1472 ) (2048 1568 384 ) 
4 20 63 (2048 1120 384 ) (2048 1120 1472 ) (2048 1568 1472 ) (2048 1568 384 ) 
4 20 38 (2048 1120 1472 ) (2048 1120 384 ) (2496 1120 384 ) (2496 1120 1472 ) 
4 21 43 (2464 1120 64 ) (2912 1120 64 ) (2912 1120 352 ) (2464 1120 352 ) 
4 21 35 (2464 1120 96 ) (2464 1120 192 ) (2464 1408 192 ) (2464 1408 96 ) 
4 21 32 (2464 1760 64 ) (2464 1536 64 ) (2464 1536 224 ) (2464 1760 224 ) 
4 21 29 (2464 1952 64 ) (2464 1760 64 ) (2464 1760 224 ) (2464 1952 224 ) 
4 21 27 (2464 2048 64 ) (2464 1952 64 ) (2464 1952 224 ) (2464 2048 224 ) 
4 21 25 (2464 1536 352 ) (2464 1724 352 ) (2464 1724 224 ) (2464 1536 224 ) 
4 21 22 (2464 1724 352 ) (2464 2048 352 ) (2464 2048 224 ) (2464 1724 224 ) 
4 22 32 (2464 1760 224 ) (2464 1724 224 ) (2232 1724 224 ) (2232 1760 224 ) 
4 22 29 (2464 1952 224 ) (2464 1760 224 ) (2232 1760 224 ) (2232 1952 224 ) 
4 22 27 (2232 2048 224 ) (2464 2048 224 ) (2464 1952 224 ) (2232 1952 224 ) 
4 22 25 (2232 1724 224 ) (2464 1724 224 ) (2464 1724 352 ) (2232 1724 352 ) 
4 22 24 (2232 1724 236 ) (2232 1724 352 ) (2232 1988 352 ) (2232 1988 236 ) 
4 22 23 (2232 2048 224 ) (2232 1988 224 ) (2232 1988 352 ) (2232 2048 352 ) 
4 23 66 (2048 2048 352 ) (2048 2048 224 ) (2048 1988 224 ) (2048 1988 352 ) 
4 23 28 (2048 1988 224 ) (2048 2048 224 ) (2208 2048 224 ) (2208 1988 224 ) 
4 23 27 (2208 2048 224 ) (2232 2048 224 ) (2232 1988 224 ) (2208 1988 224 ) 
4 23 24 (2232 1988 236 ) (2232 1988 352 ) (2048 1988 352 ) (2048 1988 236 ) 
4 24 67 (2048 1724 236 ) (2048 1724 352 ) (2048 1988 352 ) (2048 1988 236 ) 
4 24 25 (2232 1724 236 ) (2232 1724 352 ) (2048 1724 352 ) (2048 1724 236 ) 
4 25 68 (2048 1724 224 ) (2048 1536 224 ) (2048 1536 352 ) (2048 1724 352 ) 
4 25 33 (2048 1536 224 ) (2048 1724 224 ) (2208 1724 224 ) (2208 1536 224 ) 
4 25 32 (2208 1724 224 ) (2464 1724 224 ) (2464 1536 224 ) (2208 1536 224 ) 
4 26 36 (2432 1408 352 ) (2048 1408 352 ) (2048 1408 224 ) (2432 1408 224 ) 
4 26 34 (2432 1408 224 ) (2048 1408 224 ) (2048 1504 224 ) (2432 1504 224 ) 
4 27 29 (2208 1952 64 ) (2464 1952 64 ) (2464 1952 224 ) (2208 1952 224 ) 
4 27 28 (2208 2048 64 ) (2208 1984 64 ) (2208 1984 224 ) (2208 2048 224 ) 
4 28 70 (2048 2048 224 ) (2048 2048 64 ) (2048 1984 64 ) (2048 1984 224 ) 
4 29 32 (2208 1760 64 ) (2464 1760 64 ) (2464 1760 224 ) (2208 1760 224 ) 
4 30 31 (2080 1888 64 ) (2080 1824 64 ) (2080 1824 192 ) (2080 1888 192 ) 
4 31 71 (2048 1888 64 ) (2048 1824 64 ) (2048 1824 192 ) (2048 1888 192 ) 
4 32 33 (2208 1728 64 ) (2208 1536 64 ) (2208 1536 224 ) (2208 1728 224 ) 
4 33 72 (2048 1728 64 ) (2048 1536 64 ) (2048 1536 224 ) (2048 1728 224 ) 
4 34 74 (2048 1504 64 ) (2048 1440 64 ) (2048 1440 192 ) (2048 1504 192 ) 
4 34 36 (2048 1408 64 ) (2432 1408 64 ) (2432 1408 224 ) (2048 1408 224 ) 
4 35 36 (2432 1408 192 ) (2432 1408 96 ) (2432 1120 96 ) (2432 1120 192 ) 
4 36 76 (2048 1184 64 ) (2048 1120 64 ) (2048 1120 192 ) (2048 1184 192 ) 
4 36 45 (2304 1120 128 ) (2304 1120 256 ) (2176 1120 256 ) (2176 1120 128 ) 
4 37 43 (2496 1120 352 ) (2912 1120 352 ) (2912 1056 352 ) (2496 1056 352 ) 
4 37 39 (2496 1056 352 ) (2912 1056 352 ) (2912 1056 1472 ) (2496 1056 1472 ) 
4 37 38 (2496 1056 384 ) (2496 1056 1472 ) (2496 1120 1472 ) (2496 1120 384 ) 
4 38 63 (2048 1056 1472 ) (2048 1120 1472 ) (2048 1120 384 ) (2048 1056 384 ) 
4 38 40 (2368 1056 1472 ) (2112 1056 1472 ) (2112 1056 384 ) (2368 1056 384 ) 
4 38 39 (2496 1056 384 ) (2496 1056 1472 ) (2368 1056 1472 ) (2368 1056 384 ) 
4 38 42 (2112 1056 1472 ) (2048 1056 1472 ) (2048 1056 384 ) (2112 1056 384 ) 
4 39 55 (2368 1024 384 ) (2368 1024 352 ) (2912 1024 352 ) (2912 1024 384 ) 
4 39 48 (2912 1024 1472 ) (2368 1024 1472 ) (2368 1024 384 ) (2912 1024 384 ) 
4 39 44 (2464 1024 352 ) (2368 1024 352 ) (2368 1056 352 ) (2464 1056 352 ) 
4 39 43 (2912 1024 352 ) (2464 1024 352 ) (2464 1056 352 ) (2912 1056 352 ) 
4 39 41 (2368 1056 384 ) (2368 1056 352 ) (2368 1024 352 ) (2368 1024 384 ) 
4 39 40 (2368 1056 1472 ) (2368 1056 384 ) (2368 1024 384 ) (2368 1024 1472 ) 
4 40 48 (2368 1024 1472 ) (2112 1024 1472 ) (2112 1024 384 ) (2368 1024 384 ) 
4 40 42 (2112 1056 1472 ) (2112 1056 384 ) (2112 1024 384 ) (2112 1024 1472 ) 
4 40 41 (2112 1024 384 ) (2112 1056 384 ) (2368 1056 384 ) (2368 1024 384 ) 
4 41 56 (2112 1024 384 ) (2112 1024 352 ) (2368 1024 352 ) (2368 1024 384 ) 
4 41 47 (2176 1024 352 ) (2112 1024 352 ) (2112 1056 352 ) (2176 1056 352 ) 
4 41 46 (2304 1024 352 ) (2176 1024 352 ) (2176 1056 352 ) (2304 1056 352 ) 
4 41 44 (2368 1024 352 ) (2304 1024 352 ) (2304 1056 352 ) (2368 1056 352 ) 
4 41 42 (2112 1056 384 ) (2112 1056 352 ) (2112 1024 352 ) (2112 1024 384 ) 
4 42 65 (2048 1024 352 ) (2048 1024 384 ) (2048 1056 384 ) (2048 1056 352 ) 
4 42 63 (2048 1024 384 ) (2048 1024 1472 ) (2048 1056 1472 ) (2048 1056 384 ) 
4 42 59 (2048 1024 384 ) (2048 1024 352 ) (2112 1024 352 ) (2112 1024 384 ) 
4 42 50 (2048 1024 416 ) (2048 1024 384 ) (2108 1024 384 ) (2108 1024 416 ) 
4 42 49 (2108 1024 1472 ) (2048 1024 1472 ) (2048 1024 416 ) (2108 1024 416 ) 
4 42 48 (2112 1024 1472 ) (2108 1024 1472 ) (2108 1024 384 ) (2112 1024 384 ) 
4 42 47 (2112 1024 352 ) (2048 1024 352 ) (2048 1056 352 ) (2112 1056 352 ) 
4 43 55 (2912 1024 352 ) (2464 1024 352 ) (2464 1024 64 ) (2912 1024 64 ) 
4 43 44 (2464 1024 352 ) (2464 1088 352 ) (2464 1088 64 ) (2464 1024 64 ) 
4 44 57 (2368 1024 352 ) (2304 1024 352 ) (2304 1024 64 ) (2368 1024 64 ) 
4 44 55 (2464 1024 352 ) (2368 1024 352 ) (2368 1024 64 ) (2464 1024 64 ) 
4 44 46 (2304 1024 352 ) (2304 1088 352 ) (2304 1088 64 ) (2304 1024 64 ) 
4 45 46 (2176 1088 256 ) (2176 1088 128 ) (2304 1088 128 ) (2304 1088 256 ) 
4 46 57 (2304 1024 352 ) (2176 1024 352 ) (2176 1024 64 ) (2304 1024 64 ) 
4 46 47 (2176 1024 352 ) (2176 1088 352 ) (2176 1088 64 ) (2176 1024 64 ) 
4 47 77 (2048 1024 64 ) (2048 1024 352 ) (2048 1088 352 ) (2048 1088 64 ) 
4 47 59 (2112 1024 352 ) (2048 1024 352 ) (2048 1024 64 ) (2112 1024 64 ) 
4 47 57 (2176 1024 352 ) (2112 1024 352 ) (2112 1024 64 ) (2176 1024 64 ) 
4 48 60 (2108 828 384 ) (2108 956 384 ) (2112 956 384 ) (2112 828 384 ) 
4 48 59 (2108 956 384 ) (2108 1024 384 ) (2112 1024 384 ) (2112 956 384 ) 
4 48 62 (2112 224 384 ) (2108 224 384 ) (2108 828 384 ) (2112 828 384 ) 
4 48 56 (2112 800 384 ) (2112 1024 384 ) (2368 1024 384 ) (2368 800 384 ) 
4 48 58 (2368 224 384 ) (2112 224 384 ) (2112 800 384 ) (2368 800 384 ) 
4 48 55 (2912 224 384 ) (2368 224 384 ) (2368 1024 384 ) (2912 1024 384 ) 
4 48 54 (2108 832 384 ) (2108 224 384 ) (2108 224 416 ) (2108 832 416 ) 
4 48 53 (2108 836 384 ) (2108 832 384 ) (2108 832 416 ) (2108 836 416 ) 
4 48 51 (2108 952 384 ) (2108 948 384 ) (2108 948 416 ) (2108 952 416 ) 
4 48 50 (2108 1024 384 ) (2108 952 384 ) (2108 952 416 ) (2108 1024 416 ) 
4 48 52 (2108 948 384 ) (2108 836 384 ) (2108 836 416 ) (2108 948 416 ) 
4 48 49 (2108 224 416 ) (2108 224 1472 ) (2108 1024 1472 ) (2108 1024 416 ) 
4 49 116 (2048 288 1472 ) (2048 824 1472 ) (2048 824 416 ) (2048 288 416 ) 
4 49 115 (2048 824 1472 ) (2048 832 1472 ) (2048 832 416 ) (2048 824 416 ) 
4 49 123 (2048 224 1472 ) (2048 288 1472 ) (2048 288 416 ) (2048 224 416 ) 
4 49 111 (2048 832 1472 ) (2048 836 1472 ) (2048 836 416 ) (2048 832 416 ) 
4 49 100 (2048 836 1472 ) (2048 1024 1472 ) (2048 1024 416 ) (2048 836 416 ) 
4 49 54 (2108 832 416 ) (2108 224 416 ) (2048 224 416 ) (2048 832 416 ) 
4 49 53 (2108 836 416 ) (2108 832 416 ) (2048 832 416 ) (2048 836 416 ) 
4 49 51 (2108 952 416 ) (2108 948 416 ) (2048 948 416 ) (2048 952 416 ) 
4 49 50 (2108 1024 416 ) (2108 952 416 ) (2048 952 416 ) (2048 1024 416 ) 
4 49 52 (2108 948 416 ) (2108 836 416 ) (2048 836 416 ) (2048 948 416 ) 
4 50 101 (2048 1024 416 ) (2048 1024 384 ) (2048 960 384 ) (2048 960 416 ) 
4 50 106 (2048 960 384 ) (2048 952 384 ) (2048 952 416 ) (2048 960 416 ) 
4 50 60 (2048 952 384 ) (2048 956 384 ) (2108 956 384 ) (2108 952 384 ) 
4 50 59 (2048 956 384 ) (2048 1024 384 ) (2108 1024 384 ) (2108 956 384 ) 
4 50 51 (2048 952 384 ) (2108 952 384 ) (2108 952 416 ) (2048 952 416 ) 
4 51 107 (2048 952 384 ) (2048 948 384 ) (2048 948 416 ) (2048 952 416 ) 
4 51 60 (2048 948 384 ) (2048 952 384 ) (2108 952 384 ) (2108 948 384 ) 
4 51 52 (2048 948 384 ) (2108 948 384 ) (2108 948 416 ) (2048 948 416 ) 
4 52 110 (2048 948 384 ) (2048 836 384 ) (2048 836 416 ) (2048 948 416 ) 
4 52 60 (2048 836 384 ) (2048 948 384 ) (2108 948 384 ) (2108 836 384 ) 
4 52 53 (2048 836 384 ) (2108 836 384 ) (2108 836 416 ) (2048 836 416 ) 
4 53 112 (2048 836 384 ) (2048 832 384 ) (2048 832 416 ) (2048 836 416 ) 
4 53 60 (2048 832 384 ) (2048 836 384 ) (2108 836 384 ) (2108 832 384 ) 
4 53 54 (2048 832 384 ) (2108 832 384 ) (2108 832 416 ) (2048 832 416 ) 
4 54 116 (2048 824 384 ) (2048 288 384 ) (2048 288 416 ) (2048 824 416 ) 
4 54 115 (2048 832 384 ) (2048 824 384 ) (2048 824 416 ) (2048 832 416 ) 
4 54 123 (2048 288 384 ) (2048 224 384 ) (2048 224 416 ) (2048 288 416 ) 
4 54 60 (2048 828 384 ) (2048 832 384 ) (2108 832 384 ) (2108 828 384 ) 
4 54 62 (2108 224 384 ) (2048 224 384 ) (2048 828 384 ) (2108 828 384 ) 
4 55 57 (2368 1024 64 ) (2368 800 64 ) (2368 800 352 ) (2368 1024 352 ) 
4 55 56 (2368 800 352 ) (2368 800 384 ) (2368 1024 384 ) (2368 1024 352 ) 
4 55 58 (2368 800 64 ) (2368 224 64 ) (2368 224 384 ) (2368 800 384 ) 
4 56 60 (2112 828 384 ) (2112 956 384 ) (2112 956 352 ) (2112 828 352 ) 
4 56 59 (2112 956 384 ) (2112 1024 384 ) (2112 1024 352 ) (2112 956 352 ) 
4 56 62 (2112 800 352 ) (2112 800 384 ) (2112 828 384 ) (2112 828 352 ) 
4 56 58 (2112 800 384 ) (2112 800 352 ) (2368 800 352 ) (2368 800 384 ) 
4 56 57 (2368 800 352 ) (2112 800 352 ) (2112 1024 352 ) (2368 1024 352 ) 
4 57 61 (2112 956 64 ) (2112 828 64 ) (2112 828 352 ) (2112 956 352 ) 
4 57 59 (2112 1024 64 ) (2112 956 64 ) (2112 956 352 ) (2112 1024 352 ) 
4 57 62 (2112 828 64 ) (2112 800 64 ) (2112 800 352 ) (2112 828 352 ) 
4 57 58 (2112 800 352 ) (2112 800 64 ) (2368 800 64 ) (2368 800 352 ) 
4 58 62 (2112 800 64 ) (2112 224 64 ) (2112 224 384 ) (2112 800 384 ) 
4 59 124 (2048 1024 384 ) (2048 1024 64 ) (2048 956 64 ) (2048 956 384 ) 
4 59 61 (2048 956 64 ) (2112 956 64 ) (2112 956 352 ) (2048 956 352 ) 
4 59 60 (2112 956 352 ) (2112 956 384 ) (2048 956 384 ) (2048 956 352 ) 
4 60 128 (2048 828 352 ) (2048 828 384 ) (2048 956 384 ) (2048 956 352 ) 
4 60 62 (2112 828 352 ) (2112 828 384 ) (2048 828 384 ) (2048 828 352 ) 
4 60 61 (2112 828 352 ) (2048 828 352 ) (2048 956 352 ) (2112 956 352 ) 
4 61 134 (2048 956 64 ) (2048 828 64 ) (2048 828 352 ) (2048 956 352 ) 
4 61 62 (2048 828 64 ) (2112 828 64 ) (2112 828 352 ) (2048 828 352 ) 
4 62 129 (2048 224 352 ) (2048 224 384 ) (2048 828 384 ) (2048 828 352 ) 
4 62 134 (2048 828 64 ) (2048 224 64 ) (2048 224 352 ) (2048 828 352 ) 
4 63 101 (2048 1024 384 ) (2048 1024 416 ) (2016 1024 416 ) (2016 1024 384 ) 
4 63 100 (2048 1024 416 ) (2048 1024 1472 ) (2016 1024 1472 ) (2016 1024 416 ) 
4 63 80 (2016 1024 384 ) (2016 1024 416 ) (2016 1624 416 ) (2016 1624 384 ) 
4 63 79 (2016 1024 416 ) (2016 1024 1472 ) (2016 1624 1472 ) (2016 1624 416 ) 
4 63 78 (2016 1624 1472 ) (2016 2048 1472 ) (2016 2048 384 ) (2016 1624 384 ) 
4 63 64 (2016 1568 384 ) (2016 2048 384 ) (2048 2048 384 ) (2048 1568 384 ) 
4 63 65 (2048 1024 384 ) (2016 1024 384 ) (2016 1056 384 ) (2048 1056 384 ) 
4 64 85 (2016 1568 384 ) (2016 2048 384 ) (2016 2048 352 ) (2016 1568 352 ) 
4 64 67 (2048 1988 352 ) (2048 1724 352 ) (2024 1724 352 ) (2024 1988 352 ) 
4 64 66 (2024 2048 352 ) (2048 2048 352 ) (2048 1988 352 ) (2024 1988 352 ) 
4 64 68 (2048 1724 352 ) (2048 1568 352 ) (2024 1568 352 ) (2024 1724 352 ) 
4 64 69 (2016 1568 352 ) (2016 2048 352 ) (2024 2048 352 ) (2024 1568 352 ) 
4 65 124 (2048 1024 352 ) (2048 1024 384 ) (2016 1024 384 ) (2016 1024 352 ) 
4 65 87 (2016 1024 352 ) (2016 1024 384 ) (2016 1056 384 ) (2016 1056 352 ) 
4 65 77 (2016 1024 352 ) (2016 1056 352 ) (2048 1056 352 ) (2048 1024 352 ) 
4 66 70 (2044 2048 224 ) (2048 2048 224 ) (2048 1988 224 ) (2044 1988 224 ) 
4 66 73 (2024 2048 224 ) (2044 2048 224 ) (2044 1988 224 ) (2024 1988 224 ) 
4 66 67 (2024 1988 352 ) (2024 1988 236 ) (2048 1988 236 ) (2048 1988 352 ) 
4 66 69 (2024 2048 224 ) (2024 1988 224 ) (2024 1988 352 ) (2024 2048 352 ) 
4 67 69 (2024 1724 236 ) (2024 1724 352 ) (2024 1988 352 ) (2024 1988 236 ) 
4 67 68 (2024 1724 352 ) (2024 1724 236 ) (2048 1724 236 ) (2048 1724 352 ) 
4 68 72 (2048 1724 224 ) (2048 1536 224 ) (2044 1536 224 ) (2044 1724 224 ) 
4 68 73 (2044 1536 224 ) (2024 1536 224 ) (2024 1724 224 ) (2044 1724 224 ) 
4 68 69 (2024 1724 224 ) (2024 1536 224 ) (2024 1536 352 ) (2024 1724 352 ) 
4 69 86 (2016 1536 352 ) (2016 1568 352 ) (2016 1568 224 ) (2016 1536 224 ) 
4 69 85 (2016 1568 352 ) (2016 2048 352 ) (2016 2048 224 ) (2016 1568 224 ) 
4 69 73 (2016 1536 224 ) (2016 2048 224 ) (2024 2048 224 ) (2024 1536 224 ) 
4 70 73 (2044 2048 64 ) (2044 1984 64 ) (2044 1984 224 ) (2044 2048 224 ) 
4 71 73 (2044 1952 64 ) (2044 1760 64 ) (2044 1760 224 ) (2044 1952 224 ) 
4 72 73 (2044 1728 64 ) (2044 1536 64 ) (2044 1536 224 ) (2044 1728 224 ) 
4 73 86 (2016 1568 64 ) (2016 1536 64 ) (2016 1536 224 ) (2016 1568 224 ) 
4 73 85 (2016 2048 64 ) (2016 1568 64 ) (2016 1568 224 ) (2016 2048 224 ) 
4 74 86 (2016 1504 64 ) (2016 1440 64 ) (2016 1440 192 ) (2016 1504 192 ) 
4 75 76 (2032 1120 192 ) (2024 1120 192 ) (2024 1184 192 ) (2032 1184 192 ) 
4 76 86 (2016 1184 64 ) (2016 1120 64 ) (2016 1120 192 ) (2016 1184 192 ) 
4 77 124 (2048 1024 64 ) (2048 1024 352 ) (2016 1024 352 ) (2016 1024 64 ) 
4 77 86 (2016 1088 64 ) (2016 1056 64 ) (2016 1056 352 ) (2016 1088 352 ) 
4 77 87 (2016 1056 64 ) (2016 1024 64 ) (2016 1024 352 ) (2016 1056 352 ) 
4 78 135 (1024 2048 1472 ) (1024 2048 384 ) (1024 1624 384 ) (1024 1624 1472 ) 
4 78 96 (1024 1624 384 ) (1024 2048 384 ) (1040 2048 384 ) (1040 1624 384 ) 
4 78 90 (1440 1628 384 ) (1440 1624 384 ) (1312 1624 384 ) (1312 1628 384 ) 
4 78 89 (1312 2048 384 ) (1440 2048 384 ) (1440 1628 384 ) (1312 1628 384 ) 
4 78 88 (1440 2048 384 ) (1984 2048 384 ) (1984 1624 384 ) (1440 1624 384 ) 
4 78 92 (1040 2048 384 ) (1312 2048 384 ) (1312 1624 384 ) (1040 1624 384 ) 
4 78 85 (1984 2048 384 ) (2016 2048 384 ) (2016 1624 384 ) (1984 1624 384 ) 
4 78 83 (1316 1624 384 ) (1320 1624 384 ) (1320 1624 416 ) (1316 1624 416 ) 
4 78 82 (1320 1624 384 ) (1432 1624 384 ) (1432 1624 416 ) (1320 1624 416 ) 
4 78 84 (1024 1624 384 ) (1316 1624 384 ) (1316 1624 416 ) (1024 1624 416 ) 
4 78 81 (1432 1624 384 ) (1436 1624 384 ) (1436 1624 416 ) (1432 1624 416 ) 
4 78 80 (1436 1624 384 ) (2016 1624 384 ) (2016 1624 416 ) (1436 1624 416 ) 
4 78 79 (2016 1624 416 ) (2016 1624 1472 ) (1024 1624 1472 ) (1024 1624 416 ) 
4 79 135 (1024 1024 416 ) (1024 1024 1472 ) (1024 1624 1472 ) (1024 1624 416 ) 
4 79 100 (1024 1024 1472 ) (1024 1024 416 ) (2016 1024 416 ) (2016 1024 1472 ) 
4 79 83 (1316 1624 416 ) (1320 1624 416 ) (1320 1024 416 ) (1316 1024 416 ) 
4 79 82 (1320 1624 416 ) (1432 1624 416 ) (1432 1024 416 ) (1320 1024 416 ) 
4 79 84 (1024 1624 416 ) (1316 1624 416 ) (1316 1024 416 ) (1024 1024 416 ) 
4 79 81 (1432 1624 416 ) (1436 1624 416 ) (1436 1024 416 ) (1432 1024 416 ) 
4 79 80 (1436 1624 416 ) (2016 1624 416 ) (2016 1024 416 ) (1436 1024 416 ) 
4 80 101 (1436 1024 384 ) (2016 1024 384 ) (2016 1024 416 ) (1436 1024 416 ) 
4 80 90 (1436 1624 384 ) (1440 1624 384 ) (1440 1024 384 ) (1436 1024 384 ) 
4 80 88 (1440 1624 384 ) (1984 1624 384 ) (1984 1024 384 ) (1440 1024 384 ) 
4 80 85 (1984 1624 384 ) (2016 1624 384 ) (2016 1568 384 ) (1984 1568 384 ) 
4 80 87 (2016 1056 384 ) (2016 1024 384 ) (1984 1024 384 ) (1984 1056 384 ) 
4 80 81 (1436 1024 416 ) (1436 1624 416 ) (1436 1624 384 ) (1436 1024 384 ) 
4 81 102 (1432 1024 384 ) (1436 1024 384 ) (1436 1024 416 ) (1432 1024 416 ) 
4 81 90 (1432 1624 384 ) (1436 1624 384 ) (1436 1024 384 ) (1432 1024 384 ) 
4 81 82 (1432 1024 416 ) (1432 1624 416 ) (1432 1624 384 ) (1432 1024 384 ) 
4 82 103 (1320 1024 384 ) (1432 1024 384 ) (1432 1024 416 ) (1320 1024 416 ) 
4 82 90 (1320 1624 384 ) (1432 1624 384 ) (1432 1024 384 ) (1320 1024 384 ) 
4 82 83 (1320 1024 416 ) (1320 1624 416 ) (1320 1624 384 ) (1320 1024 384 ) 
4 83 104 (1316 1024 384 ) (1320 1024 384 ) (1320 1024 416 ) (1316 1024 416 ) 
4 83 90 (1316 1624 384 ) (1320 1624 384 ) (1320 1024 384 ) (1316 1024 384 ) 
4 83 84 (1316 1024 416 ) (1316 1624 416 ) (1316 1624 384 ) (1316 1024 384 ) 
4 84 135 (1024 1624 384 ) (1024 1024 384 ) (1024 1024 416 ) (1024 1624 416 ) 
4 84 105 (1024 1024 416 ) (1024 1024 384 ) (1316 1024 384 ) (1316 1024 416 ) 
4 84 97 (1024 1071.760010 384 ) (1024 1520.760010 384 ) (1040 1520.760010 384 ) (1040 1071.760010 384 ) 
4 84 96 (1024 1520.760010 384 ) (1024 1624 384 ) (1040 1624 384 ) (1040 1520.760010 384 ) 
4 84 99 (1024 1024 384 ) (1024 1071.760010 384 ) (1040 1071.760010 384 ) (1040 1024 384 ) 
4 84 90 (1312 1624 384 ) (1316 1624 384 ) (1316 1024 384 ) (1312 1024 384 ) 
4 84 92 (1040 1624 384 ) (1312 1624 384 ) (1312 1024 384 ) (1040 1024 384 ) 
4 85 93 (1984 2048 64 ) (1984 1568 64 ) (1984 1568 384 ) (1984 2048 384 ) 
4 85 86 (1984 1568 352 ) (1984 1568 64 ) (2016 1568 64 ) (2016 1568 352 ) 
4 86 94 (1984 1440 64 ) (1984 1184 64 ) (1984 1184 352 ) (1984 1440 352 ) 
4 86 93 (1984 1568 64 ) (1984 1440 64 ) (1984 1440 352 ) (1984 1568 352 ) 
4 86 95 (1984 1184 64 ) (1984 1056 64 ) (1984 1056 352 ) (1984 1184 352 ) 
4 86 87 (1984 1056 352 ) (1984 1056 64 ) (2016 1056 64 ) (2016 1056 352 ) 
4 87 124 (1984 1024 64 ) (2016 1024 64 ) (2016 1024 384 ) (1984 1024 384 ) 
4 87 95 (1984 1056 64 ) (1984 1024 64 ) (1984 1024 384 ) (1984 1056 384 ) 
3 88 124 (1440 1024 144.879120 ) (1984 1024 384 ) (1440 1024 384 ) 
4 88 93 (1440 2048 144.879227 ) (1984 2048 384 ) (1984 1440 384 ) (1440 1440 144.879211 ) 
4 88 95 (1984 1184 384 ) (1984 1024 384 ) (1440 1024 144.879211 ) (1440 1184 144.879211 ) 
4 88 91 (1440 1628 144.880539 ) (1440 1024 144.880539 ) (1440 1024 352 ) (1440 1628 352 ) 
4 88 90 (1440 1024 352 ) (1440 1024 384 ) (1440 1628 384 ) (1440 1628 352 ) 
4 88 89 (1440 2048 144.880539 ) (1440 1628 144.880539 ) (1440 1628 384 ) (1440 2048 384 ) 
4 89 93 (1312 2048 88.615494 ) (1440 2048 144.879227 ) (1440 1628 144.879227 ) (1312 1628 88.615494 ) 
4 89 91 (1312 1628 352 ) (1312 1628 88.616333 ) (1440 1628 144.880539 ) (1440 1628 352 ) 
4 89 90 (1312 1628 384 ) (1312 1628 352 ) (1440 1628 352 ) (1440 1628 384 ) 
4 89 92 (1312 2048 88.616333 ) (1312 1628 88.616333 ) (1312 1628 384 ) (1312 2048 384 ) 
4 90 125 (1440 1024 352 ) (1440 1024 384 ) (1312 1024 384 ) (1312 1024 352 ) 
4 90 92 (1312 1024 352 ) (1312 1024 384 ) (1312 1628 384 ) (1312 1628 352 ) 
4 90 91 (1312 1024 352 ) (1312 1628 352 ) (1440 1628 352 ) (1440 1024 352 ) 
4 91 126 (1312 1024 88.615387 ) (1440 1024 144.879120 ) (1440 1024 352 ) (1312 1024 352 ) 
4 91 93 (1440 1628 144.879227 ) (1440 1440 144.879227 ) (1312 1440 88.615494 ) (1312 1628 88.615494 ) 
4 91 95 (1440 1184 144.879211 ) (1440 1024 144.879211 ) (1312 1024 88.615486 ) (1312 1184 88.615486 ) 
4 91 92 (1312 1628 88.616333 ) (1312 1024 88.616333 ) (1312 1024 352 ) (1312 1628 352 ) 
5 92 127 (1040 1024 64 ) (1256 1024 64 ) (1312 1024 88.615387 ) (1312 1024 384 ) (1040 1024 384 ) 
4 92 97 (1040 1071.760010 304 ) (1040 1071.760010 384 ) (1040 1520.760010 384 ) (1040 1520.760010 304 ) 
4 92 98 (1040 1520.760010 64 ) (1040 1071.760010 64 ) (1040 1071.760010 288 ) (1040 1520.760010 288 ) 
4 92 96 (1040 2048 64 ) (1040 1520.760010 64 ) (1040 1520.760010 384 ) (1040 2048 384 ) 
4 92 99 (1040 1071.760010 64 ) (1040 1024 64 ) (1040 1024 384 ) (1040 1071.760010 384 ) 
4 92 93 (1256 1440 64 ) (1256 2048 64 ) (1312 2048 88.615494 ) (1312 1440 88.615486 ) 
4 92 95 (1256 1024 64 ) (1256 1184 64 ) (1312 1184 88.615486 ) (1312 1024 88.615486 ) 
3 93 94 (1984 1440 64 ) (1984 1440 352 ) (1288 1440 64 ) 
3 94 95 (1984 1184 64 ) (1984 1184 352 ) (1288 1184 64 ) 
4 95 126 (1312 1024 64 ) (1440 1024 64 ) (1440 1024 144.879120 ) (1312 1024 88.615387 ) 
4 95 124 (1440 1024 64 ) (1984 1024 64 ) (1984 1024 384 ) (1440 1024 144.879120 ) 
3 95 127 (1256 1024 64 ) (1312 1024 64 ) (1312 1024 88.615387 ) 
4 96 143 (1024 2048 288 ) (1024 2048 64 ) (1024 1520.760010 64 ) (1024 1520.760010 288 ) 
4 96 136 (1024 2048 348.406006 ) (1024 2048 288 ) (1024 1520.760010 288 ) (1024 1520.760010 348.406006 ) 
4 96 135 (1024 2048 384 ) (1024 2048 348.406006 ) (1024 1520.760010 348.406006 ) (1024 1520.760010 384 ) 
4 96 97 (1040 1520.760010 304 ) (1040 1520.760010 384 ) (1024 1520.760010 384 ) (1024 1520.760010 304 ) 
4 96 98 (1024 1520.760010 64 ) (1040 1520.760010 64 ) (1040 1520.760010 288 ) (1024 1520.760010 288 ) 
4 97 137 (1024 1071.760010 304 ) (1024 1071.760010 348.406006 ) (1024 1520.760010 348.406006 ) (1024 1520.760010 304 ) 
4 97 135 (1024 1071.760010 348.406006 ) (1024 1071.760010 384 ) (1024 1520.760010 384 ) (1024 1520.760010 348.406006 ) 
4 97 99 (1040 1071.760010 304 ) (1040 1071.760010 384 ) (1024 1071.760010 384 ) (1024 1071.760010 304 ) 
4 98 145 (1024 1088 64 ) (1024 1071.760010 64 ) (1024 1071.760010 288 ) (1024 1088 288 ) 
4 98 143 (1024 1520.760010 64 ) (1024 1504 64 ) (1024 1504 288 ) (1024 1520.760010 288 ) 
4 98 144 (1024 1472 64 ) (1024 1120 64 ) (1024 1120 288 ) (1024 1472 288 ) 
4 98 99 (1024 1071.760010 64 ) (1040 1071.760010 64 ) (1040 1071.760010 288 ) (1024 1071.760010 288 ) 
4 99 145 (1024 1071.760010 64 ) (1024 1024 64 ) (1024 1024 288 ) (1024 1071.760010 288 ) 
4 99 138 (1024 1024 288 ) (1024 1024 348.406006 ) (1024 1071.760010 348.406006 ) (1024 1071.760010 288 ) 
4 99 135 (1024 1024 348.406006 ) (1024 1024 384 ) (1024 1071.760010 384 ) (1024 1071.760010 348.406006 ) 
4 99 127 (1024 1024 384 ) (1024 1024 64 ) (1040 1024 64 ) (1040 1024 384 ) 
4 100 172 (1024 836 1472 ) (1024 1024 1472 ) (1024 1024 416 ) (1024 836 416 ) 
4 100 111 (2048 836 416 ) (2048 836 1472 ) (1024 836 1472 ) (1024 836 416 ) 
4 100 108 (1308 952 416 ) (1444 952 416 ) (1444 948 416 ) (1308 948 416 ) 
4 100 107 (1444 952 416 ) (2048 952 416 ) (2048 948 416 ) (1444 948 416 ) 
4 100 109 (1024 948 416 ) (1024 952 416 ) (1308 952 416 ) (1308 948 416 ) 
4 100 110 (2048 836 416 ) (1024 836 416 ) (1024 948 416 ) (2048 948 416 ) 
4 100 104 (1316 1024 416 ) (1320 1024 416 ) (1320 960 416 ) (1316 960 416 ) 
4 100 103 (1320 1024 416 ) (1432 1024 416 ) (1432 960 416 ) (1320 960 416 ) 
4 100 105 (1024 960 416 ) (1024 1024 416 ) (1316 1024 416 ) (1316 960 416 ) 
4 100 102 (1432 1024 416 ) (1436 1024 416 ) (1436 960 416 ) (1432 960 416 ) 
4 100 101 (1436 1024 416 ) (2048 1024 416 ) (2048 960 416 ) (1436 960 416 ) 
4 100 106 (1024 952 416 ) (1024 960 416 ) (2048 960 416 ) (2048 952 416 ) 
4 101 125 (1436 1024 384 ) (1440 1024 384 ) (1440 960 384 ) (1436 960 384 ) 
4 101 124 (1440 1024 384 ) (2048 1024 384 ) (2048 960 384 ) (1440 960 384 ) 
4 101 106 (1436 960 384 ) (2048 960 384 ) (2048 960 416 ) (1436 960 416 ) 
4 101 102 (1436 1024 384 ) (1436 960 384 ) (1436 960 416 ) (1436 1024 416 ) 
4 102 125 (1432 1024 384 ) (1436 1024 384 ) (1436 960 384 ) (1432 960 384 ) 
4 102 103 (1432 1024 384 ) (1432 960 384 ) (1432 960 416 ) (1432 1024 416 ) 
4 102 106 (1432 960 384 ) (1436 960 384 ) (1436 960 416 ) (1432 960 416 ) 
4 103 125 (1320 1024 384 ) (1432 1024 384 ) (1432 960 384 ) (1320 960 384 ) 
4 103 106 (1320 960 384 ) (1432 960 384 ) (1432 960 416 ) (1320 960 416 ) 
4 103 104 (1320 1024 384 ) (1320 960 384 ) (1320 960 416 ) (1320 1024 416 ) 
4 104 125 (1316 1024 384 ) (1320 1024 384 ) (1320 960 384 ) (1316 960 384 ) 
4 104 105 (1316 1024 384 ) (1316 960 384 ) (1316 960 416 ) (1316 1024 416 ) 
4 104 106 (1316 960 384 ) (1320 960 384 ) (1320 960 416 ) (1316 960 416 ) 
4 105 173 (1024 1024 416 ) (1024 1024 384 ) (1024 960 384 ) (1024 960 416 ) 
4 105 125 (1312 1024 384 ) (1316 1024 384 ) (1316 960 384 ) (1312 960 384 ) 
4 105 127 (1024 960 384 ) (1024 1024 384 ) (1312 1024 384 ) (1312 960 384 ) 
4 105 106 (1024 960 384 ) (1316 960 384 ) (1316 960 416 ) (1024 960 416 ) 
4 106 173 (1024 960 384 ) (1024 952 384 ) (1024 952 416 ) (1024 960 416 ) 
4 106 132 (1024 952 384 ) (1024 956 384 ) (1312 956 384 ) (1312 952 384 ) 
4 106 130 (1312 956 384 ) (1440 956 384 ) (1440 952 384 ) (1312 952 384 ) 
4 106 128 (1440 956 384 ) (2048 956 384 ) (2048 952 384 ) (1440 952 384 ) 
4 106 125 (1312 960 384 ) (1440 960 384 ) (1440 956 384 ) (1312 956 384 ) 
4 106 124 (1440 960 384 ) (2048 960 384 ) (2048 956 384 ) (1440 956 384 ) 
4 106 127 (1024 956 384 ) (1024 960 384 ) (1312 960 384 ) (1312 956 384 ) 
4 106 108 (1308 952 384 ) (1444 952 384 ) (1444 952 416 ) (1308 952 416 ) 
4 106 107 (1444 952 384 ) (2048 952 384 ) (2048 952 416 ) (1444 952 416 ) 
4 106 109 (1024 952 384 ) (1308 952 384 ) (1308 952 416 ) (1024 952 416 ) 
4 107 128 (1444 952 384 ) (2048 952 384 ) (2048 948 384 ) (1444 948 384 ) 
4 107 110 (1444 948 384 ) (2048 948 384 ) (2048 948 416 ) (1444 948 416 ) 
4 107 108 (1444 952 416 ) (1444 952 384 ) (1444 948 384 ) (1444 948 416 ) 
4 108 132 (1308 952 384 ) (1312 952 384 ) (1312 948 384 ) (1308 948 384 ) 
4 108 130 (1312 952 384 ) (1440 952 384 ) (1440 948 384 ) (1312 948 384 ) 
4 108 128 (1440 952 384 ) (1444 952 384 ) (1444 948 384 ) (1440 948 384 ) 
4 108 109 (1308 952 416 ) (1308 952 384 ) (1308 948 384 ) (1308 948 416 ) 
4 108 110 (1308 948 384 ) (1444 948 384 ) (1444 948 416 ) (1308 948 416 ) 
4 109 174 (1024 952 384 ) (1024 948 384 ) (1024 948 416 ) (1024 952 416 ) 
4 109 132 (1024 948 384 ) (1024 952 384 ) (1308 952 384 ) (1308 948 384 ) 
4 109 110 (1024 948 384 ) (1308 948 384 ) (1308 948 416 ) (1024 948 416 ) 
4 110 175 (1024 948 384 ) (1024 836 384 ) (1024 836 416 ) (1024 948 416 ) 
4 110 132 (1024 836 384 ) (1024 948 384 ) (1312 948 384 ) (1312 836 384 ) 
4 110 130 (1312 948 384 ) (1440 948 384 ) (1440 836 384 ) (1312 836 384 ) 
4 110 128 (1440 948 384 ) (2048 948 384 ) (2048 836 384 ) (1440 836 384 ) 
4 110 114 (1024 836 384 ) (1308 836 384 ) (1308 836 416 ) (1024 836 416 ) 
4 110 113 (1308 836 384 ) (1444 836 384 ) (1444 836 416 ) (1308 836 416 ) 
4 110 112 (1444 836 384 ) (2048 836 384 ) (2048 836 416 ) (1444 836 416 ) 
4 111 172 (1024 832 1472 ) (1024 836 1472 ) (1024 836 416 ) (1024 832 416 ) 
4 111 115 (2048 832 416 ) (2048 832 1472 ) (1024 832 1472 ) (1024 832 416 ) 
4 111 114 (1308 832 416 ) (1024 832 416 ) (1024 836 416 ) (1308 836 416 ) 
4 111 113 (1444 832 416 ) (1308 832 416 ) (1308 836 416 ) (1444 836 416 ) 
4 111 112 (2048 832 416 ) (1444 832 416 ) (1444 836 416 ) (2048 836 416 ) 
4 112 128 (1444 836 384 ) (2048 836 384 ) (2048 832 384 ) (1444 832 384 ) 
4 112 115 (1444 832 384 ) (2048 832 384 ) (2048 832 416 ) (1444 832 416 ) 
4 112 113 (1444 832 384 ) (1444 832 416 ) (1444 836 416 ) (1444 836 384 ) 
4 113 132 (1308 836 384 ) (1312 836 384 ) (1312 832 384 ) (1308 832 384 ) 
4 113 130 (1312 836 384 ) (1440 836 384 ) (1440 832 384 ) (1312 832 384 ) 
4 113 128 (1440 836 384 ) (1444 836 384 ) (1444 832 384 ) (1440 832 384 ) 
4 113 115 (1308 832 384 ) (1444 832 384 ) (1444 832 416 ) (1308 832 416 ) 
4 113 114 (1308 832 384 ) (1308 832 416 ) (1308 836 416 ) (1308 836 384 ) 
4 114 176 (1024 836 416 ) (1024 836 384 ) (1024 832 384 ) (1024 832 416 ) 
4 114 132 (1024 832 384 ) (1024 836 384 ) (1308 836 384 ) (1308 832 384 ) 
4 114 115 (1024 832 384 ) (1308 832 384 ) (1308 832 416 ) (1024 832 416 ) 
4 115 177 (1024 832 416 ) (1024 832 384 ) (1024 824 384 ) (1024 824 416 ) 
4 115 172 (1024 824 1472 ) (1024 832 1472 ) (1024 832 416 ) (1024 824 416 ) 
4 115 133 (1024 824 384 ) (1024 828 384 ) (1312 828 384 ) (1312 824 384 ) 
4 115 132 (1024 828 384 ) (1024 832 384 ) (1312 832 384 ) (1312 828 384 ) 
4 115 130 (1312 832 384 ) (1440 832 384 ) (1440 824 384 ) (1312 824 384 ) 
4 115 129 (2048 828 384 ) (2048 824 384 ) (1440 824 384 ) (1440 828 384 ) 
4 115 128 (1440 832 384 ) (2048 832 384 ) (2048 828 384 ) (1440 828 384 ) 
4 115 121 (1316 824 384 ) (1320 824 384 ) (1320 824 416 ) (1316 824 416 ) 
4 115 120 (1320 824 416 ) (1320 824 1472 ) (1316 824 1472 ) (1316 824 416 ) 
4 115 119 (1320 824 384 ) (1432 824 384 ) (1432 824 1472 ) (1320 824 1472 ) 
4 115 122 (1024 824 384 ) (1316 824 384 ) (1316 824 1472 ) (1024 824 1472 ) 
4 115 118 (1432 824 384 ) (1436 824 384 ) (1436 824 448 ) (1432 824 448 ) 
4 115 117 (1436 824 448 ) (1436 824 1472 ) (1432 824 1472 ) (1432 824 448 ) 
4 115 116 (1436 824 384 ) (2048 824 384 ) (2048 824 1472 ) (1436 824 1472 ) 
4 116 130 (1436 824 384 ) (1440 824 384 ) (1440 288 384 ) (1436 288 384 ) 
4 116 129 (1440 824 384 ) (2048 824 384 ) (2048 288 384 ) (1440 288 384 ) 
4 116 118 (1436 824 448 ) (1436 824 384 ) (1436 288 384 ) (1436 288 448 ) 
4 116 117 (1436 824 1472 ) (1436 824 448 ) (1436 288 448 ) (1436 288 1472 ) 
4 116 123 (1436 288 384 ) (2048 288 384 ) (2048 288 1472 ) (1436 288 1472 ) 
4 117 119 (1432 824 1472 ) (1432 824 448 ) (1432 288 448 ) (1432 288 1472 ) 
4 117 123 (1436 288 448 ) (1436 288 1472 ) (1432 288 1472 ) (1432 288 448 ) 
4 117 118 (1432 288 448 ) (1432 824 448 ) (1436 824 448 ) (1436 288 448 ) 
4 118 130 (1432 824 384 ) (1436 824 384 ) (1436 288 384 ) (1432 288 384 ) 
4 118 119 (1432 824 448 ) (1432 824 384 ) (1432 288 384 ) (1432 288 448 ) 
4 118 123 (1432 288 384 ) (1436 288 384 ) (1436 288 448 ) (1432 288 448 ) 
4 119 130 (1320 824 384 ) (1432 824 384 ) (1432 288 384 ) (1320 288 384 ) 
4 119 121 (1320 824 416 ) (1320 824 384 ) (1320 288 384 ) (1320 288 416 ) 
4 119 120 (1320 824 1472 ) (1320 824 416 ) (1320 288 416 ) (1320 288 1472 ) 
4 119 123 (1320 288 384 ) (1432 288 384 ) (1432 288 1472 ) (1320 288 1472 ) 
4 120 123 (1320 288 416 ) (1320 288 1472 ) (1316 288 1472 ) (1316 288 416 ) 
4 120 122 (1316 824 1472 ) (1316 824 416 ) (1316 288 416 ) (1316 288 1472 ) 
4 120 121 (1316 288 416 ) (1316 824 416 ) (1320 824 416 ) (1320 288 416 ) 
4 121 130 (1316 824 384 ) (1320 824 384 ) (1320 288 384 ) (1316 288 384 ) 
4 121 123 (1316 288 384 ) (1320 288 384 ) (1320 288 416 ) (1316 288 416 ) 
4 121 122 (1316 824 416 ) (1316 824 384 ) (1316 288 384 ) (1316 288 416 ) 
4 122 189 (1024 288 1472 ) (1024 776 1472 ) (1024 776 384 ) (1024 288 384 ) 
4 122 177 (1024 824 416 ) (1024 824 384 ) (1024 776 384 ) (1024 776 416 ) 
4 122 172 (1024 776 1472 ) (1024 824 1472 ) (1024 824 416 ) (1024 776 416 ) 
4 122 133 (1024 288 384 ) (1024 824 384 ) (1312 824 384 ) (1312 288 384 ) 
4 122 130 (1312 824 384 ) (1316 824 384 ) (1316 288 384 ) (1312 288 384 ) 
4 122 123 (1024 288 384 ) (1316 288 384 ) (1316 288 1472 ) (1024 288 1472 ) 
4 123 189 (1024 224 384 ) (1024 224 1472 ) (1024 288 1472 ) (1024 288 384 ) 
4 123 133 (1312 224 384 ) (1024 224 384 ) (1024 288 384 ) (1312 288 384 ) 
4 123 131 (1440 224 384 ) (1312 224 384 ) (1312 284 384 ) (1440 284 384 ) 
4 123 130 (1312 284 384 ) (1312 288 384 ) (1440 288 384 ) (1440 284 384 ) 
4 123 129 (2048 224 384 ) (1440 224 384 ) (1440 288 384 ) (2048 288 384 ) 
4 124 128 (2048 956 352 ) (2048 956 384 ) (1440 956 384 ) (1440 956 352 ) 
4 124 134 (1440 956 64 ) (2048 956 64 ) (2048 956 352 ) (1440 956 352 ) 
4 124 126 (1440 1024 64 ) (1440 956 64 ) (1440 956 352 ) (1440 1024 352 ) 
4 124 125 (1440 956 352 ) (1440 956 384 ) (1440 1024 384 ) (1440 1024 352 ) 
4 125 130 (1440 956 352 ) (1440 956 384 ) (1312 956 384 ) (1312 956 352 ) 
4 125 127 (1312 956 352 ) (1312 956 384 ) (1312 1024 384 ) (1312 1024 352 ) 
4 125 126 (1312 956 352 ) (1312 1024 352 ) (1440 1024 352 ) (1440 956 352 ) 
4 126 134 (1312 956 64 ) (1440 956 64 ) (1440 956 352 ) (1312 956 352 ) 
4 126 127 (1312 1024 64 ) (1312 956 64 ) (1312 956 352 ) (1312 1024 352 ) 
4 127 188 (1024 1024 144 ) (1024 1024 64 ) (1024 956 64 ) (1024 956 144 ) 
4 127 187 (1024 1024 152 ) (1024 1024 144 ) (1024 956 144 ) (1024 956 152 ) 
4 127 184 (1024 1024 280 ) (1024 1024 152 ) (1024 956 152 ) (1024 956 280 ) 
4 127 183 (1024 1024 288 ) (1024 1024 280 ) (1024 956 280 ) (1024 956 288 ) 
4 127 179 (1024 956 384 ) (1024 1024 384 ) (1024 1024 288 ) (1024 956 288 ) 
4 127 132 (1312 956 352 ) (1312 956 384 ) (1024 956 384 ) (1024 956 352 ) 
4 127 134 (1024 956 64 ) (1312 956 64 ) (1312 956 352 ) (1024 956 352 ) 
4 128 130 (1440 956 384 ) (1440 956 352 ) (1440 828 352 ) (1440 828 384 ) 
4 128 134 (1440 828 352 ) (1440 956 352 ) (2048 956 352 ) (2048 828 352 ) 
4 128 129 (1440 828 384 ) (1440 828 352 ) (2048 828 352 ) (2048 828 384 ) 
4 129 131 (1440 284 352 ) (1440 224 352 ) (1440 224 384 ) (1440 284 384 ) 
4 129 130 (1440 828 352 ) (1440 284 352 ) (1440 284 384 ) (1440 828 384 ) 
4 129 134 (2048 224 352 ) (1440 224 352 ) (1440 828 352 ) (2048 828 352 ) 
4 130 133 (1312 828 352 ) (1312 284 352 ) (1312 284 384 ) (1312 828 384 ) 
4 130 132 (1312 956 384 ) (1312 956 352 ) (1312 828 352 ) (1312 828 384 ) 
4 130 134 (1312 284 352 ) (1312 956 352 ) (1440 956 352 ) (1440 284 352 ) 
4 130 131 (1312 284 384 ) (1312 284 352 ) (1440 284 352 ) (1440 284 384 ) 
4 131 133 (1312 284 352 ) (1312 224 352 ) (1312 224 384 ) (1312 284 384 ) 
4 131 134 (1440 224 352 ) (1312 224 352 ) (1312 284 352 ) (1440 284 352 ) 
4 132 180 (1024 828 384 ) (1024 956 384 ) (1024 956 352 ) (1024 828 352 ) 
4 132 134 (1024 828 352 ) (1024 956 352 ) (1312 956 352 ) (1312 828 352 ) 
4 132 133 (1024 828 352 ) (1312 828 352 ) (1312 828 384 ) (1024 828 384 ) 
4 133 189 (1024 224 352 ) (1024 224 384 ) (1024 776 384 ) (1024 776 352 ) 
4 133 182 (1024 776 384 ) (1024 828 384 ) (1024 828 352 ) (1024 776 352 ) 
4 133 134 (1312 224 352 ) (1024 224 352 ) (1024 828 352 ) (1312 828 352 ) 
4 134 192 (1024 224 64 ) (1024 224 144 ) (1024 776 144 ) (1024 776 64 ) 
4 134 189 (1024 224 144 ) (1024 224 352 ) (1024 776 352 ) (1024 776 144 ) 
4 134 188 (1024 956 144 ) (1024 956 64 ) (1024 776 64 ) (1024 776 144 ) 
4 134 187 (1024 956 152 ) (1024 956 144 ) (1024 776 144 ) (1024 776 152 ) 
4 134 184 (1024 956 280 ) (1024 956 152 ) (1024 776 152 ) (1024 776 280 ) 
4 134 183 (1024 956 288 ) (1024 956 280 ) (1024 776 280 ) (1024 776 288 ) 
4 134 181 (1024 828 352 ) (1024 956 352 ) (1024 956 288 ) (1024 828 288 ) 
4 134 182 (1024 776 352 ) (1024 828 352 ) (1024 828 288 ) (1024 776 288 ) 
4 135 179 (1024 1024 348.406006 ) (1024 1024 384 ) (640 1024 384 ) (640 1024 348.406006 ) 
4 135 173 (1024 1024 384 ) (1024 1024 416 ) (644 1024 416 ) (644 1024 384 ) 
4 135 172 (1024 1024 416 ) (1024 1024 1472 ) (644 1024 1472 ) (644 1024 416 ) 
4 135 178 (644 1024 1472 ) (640 1024 1472 ) (640 1024 384 ) (644 1024 384 ) 
4 135 153 (640 1472 704 ) (640 1472 348.406006 ) (640 1152 348.406006 ) (640 1152 704 ) 
4 135 141 (640 1492 348.406006 ) (640 1520 348.406006 ) (644 1520 348.406006 ) (644 1492 348.406006 ) 
4 135 140 (640 1520 348.406006 ) (640 2048 348.406006 ) (644 2048 348.406006 ) (644 1520 348.406006 ) 
4 135 142 (640 1024 348.406006 ) (640 1492 348.406006 ) (644 1492 348.406006 ) (644 1024 348.406006 ) 
4 135 139 (644 2048 348.406006 ) (720 2048 348.406006 ) (720 1024 348.406006 ) (644 1024 348.406006 ) 
4 135 137 (1024 1520.760010 348.406006 ) (1024 1071.760010 348.406006 ) (720 1071.760010 348.406006 ) (720 1520.760010 348.406006 ) 
4 135 136 (720 2048 348.406006 ) (1024 2048 348.406006 ) (1024 1520.760010 348.406006 ) (720 1520.760010 348.406006 ) 
4 135 138 (1024 1071.760010 348.406006 ) (1024 1024 348.406006 ) (720 1024 348.406006 ) (720 1071.760010 348.406006 ) 
4 136 146 (720 1520.760010 288 ) (720 2048 288 ) (736 2048 288 ) (736 1520.760010 288 ) 
4 136 143 (736 2048 288 ) (1024 2048 288 ) (1024 1520.760010 288 ) (736 1520.760010 288 ) 
4 136 139 (720 2048 288 ) (720 1520.760010 288 ) (720 1520.760010 348.406006 ) (720 2048 348.406006 ) 
4 136 137 (720 1520.760010 348.406006 ) (720 1520.760010 304 ) (1024 1520.760010 304 ) (1024 1520.760010 348.406006 ) 
4 137 139 (720 1071.760010 304 ) (720 1071.760010 348.406006 ) (720 1520.760010 348.406006 ) (720 1520.760010 304 ) 
4 137 138 (720 1071.760010 348.406006 ) (720 1071.760010 304 ) (1024 1071.760010 304 ) (1024 1071.760010 348.406006 ) 
4 138 179 (1024 1024 288 ) (1024 1024 348.406006 ) (720 1024 348.406006 ) (720 1024 288 ) 
4 138 151 (736 1024 288 ) (720 1024 288 ) (720 1032 288 ) (736 1032 288 ) 
4 138 146 (720 1032 288 ) (720 1071.760010 288 ) (736 1071.760010 288 ) (736 1032 288 ) 
4 138 145 (1024 1024 288 ) (736 1024 288 ) (736 1071.760010 288 ) (1024 1071.760010 288 ) 
4 138 139 (720 1071.760010 288 ) (720 1024 288 ) (720 1024 348.406006 ) (720 1071.760010 348.406006 ) 
4 139 179 (720 1024 348.406006 ) (644 1024 348.406006 ) (644 1024 288 ) (720 1024 288 ) 
4 139 151 (720 1024 288 ) (664 1024 288 ) (664 1032 288 ) (720 1032 288 ) 
4 139 146 (644 1032 288 ) (644 2048 288 ) (720 2048 288 ) (720 1032 288 ) 
4 139 141 (644 1520 288 ) (644 1492 288 ) (644 1492 348.406006 ) (644 1520 348.406006 ) 
4 139 140 (644 2048 288 ) (644 1520 288 ) (644 1520 348.406006 ) (644 2048 348.406006 ) 
4 139 142 (644 1492 288 ) (644 1024 288 ) (644 1024 348.406006 ) (644 1492 348.406006 ) 
4 140 147 (640 1520 288 ) (640 2048 288 ) (644 2048 288 ) (644 1520 288 ) 
4 140 141 (640 1520 288 ) (644 1520 288 ) (644 1520 348.406006 ) (640 1520 348.406006 ) 
4 141 148 (640 1492 288 ) (640 1520 288 ) (644 1520 288 ) (644 1492 288 ) 
4 141 142 (640 1492 288 ) (644 1492 288 ) (644 1492 348.406006 ) (640 1492 348.406006 ) 
4 142 179 (644 1024 348.406006 ) (640 1024 348.406006 ) (640 1024 288 ) (644 1024 288 ) 
4 142 153 (640 1152 348.406006 ) (640 1472 348.406006 ) (640 1472 288 ) (640 1152 288 ) 
4 142 150 (640 1032 288 ) (640 1492 288 ) (644 1492 288 ) (644 1032 288 ) 
4 143 146 (736 2048 64 ) (736 1504 64 ) (736 1504 288 ) (736 2048 288 ) 
4 144 146 (736 1472 64 ) (736 1120 64 ) (736 1120 288 ) (736 1472 288 ) 
4 145 188 (1024 1024 64 ) (1024 1024 144 ) (736 1024 144 ) (736 1024 64 ) 
4 145 187 (1024 1024 144 ) (1024 1024 152 ) (736 1024 152 ) (736 1024 144 ) 
4 145 184 (1024 1024 152 ) (1024 1024 280 ) (736 1024 280 ) (736 1024 152 ) 
4 145 183 (1024 1024 280 ) (1024 1024 288 ) (736 1024 288 ) (736 1024 280 ) 
4 145 151 (736 1032 64 ) (736 1024 64 ) (736 1024 288 ) (736 1032 288 ) 
4 145 146 (736 1088 64 ) (736 1032 64 ) (736 1032 288 ) (736 1088 288 ) 
4 146 152 (644 1032 64 ) (664 1032 64 ) (664 1032 144 ) (644 1032 144 ) 
4 146 151 (664 1032 64 ) (736 1032 64 ) (736 1032 288 ) (664 1032 288 ) 
4 146 149 (644 1520 64 ) (644 1492 64 ) (644 1492 76.405602 ) (644 1520 76.405602 ) 
4 146 148 (644 1492 76.405602 ) (644 1492 288 ) (644 1520 288 ) (644 1520 76.405602 ) 
4 146 147 (644 2048 64 ) (644 1520 64 ) (644 1520 288 ) (644 2048 288 ) 
4 146 150 (644 1492 64 ) (644 1032 64 ) (644 1032 288 ) (644 1492 288 ) 
4 147 149 (640 1520 64 ) (644 1520 64 ) (644 1520 76.405602 ) (640 1520 76.405602 ) 
4 147 148 (644 1520 76.405602 ) (644 1520 288 ) (640 1520 288 ) (640 1520 76.405602 ) 
4 148 150 (644 1492 76.405602 ) (644 1492 288 ) (640 1492 288 ) (640 1492 76.405602 ) 
4 148 149 (644 1492 76.405602 ) (640 1492 76.405602 ) (640 1520 76.405602 ) (644 1520 76.405602 ) 
4 149 150 (640 1492 64 ) (644 1492 64 ) (644 1492 76.405602 ) (640 1492 76.405602 ) 
4 150 153 (640 1152 288 ) (640 1472 288 ) (640 1472 64 ) (640 1152 64 ) 
4 150 152 (640 1032 64 ) (644 1032 64 ) (644 1032 144 ) (640 1032 144 ) 
4 151 188 (664 1024 144 ) (664 1024 64 ) (736 1024 64 ) (736 1024 144 ) 
4 151 187 (664 1024 152 ) (664 1024 144 ) (736 1024 144 ) (736 1024 152 ) 
4 151 184 (664 1024 280 ) (664 1024 152 ) (736 1024 152 ) (736 1024 280 ) 
4 151 183 (736 1024 288 ) (664 1024 288 ) (664 1024 280 ) (736 1024 280 ) 
4 151 152 (664 1032 144 ) (664 1032 64 ) (664 1024 64 ) (664 1024 144 ) 
4 152 188 (640 1024 144 ) (640 1024 64 ) (664 1024 64 ) (664 1024 144 ) 
4 153 154 (576 1152 64 ) (576 1152 704 ) (576 1472 704 ) (576 1472 64 ) 
4 154 157 (160 1152 64 ) (160 1152 640 ) (160 1472 640 ) (160 1472 64 ) 
4 154 156 (160 1152 640 ) (160 1152 704 ) (160 1472 704 ) (160 1472 640 ) 
4 155 160 (0 1472 704 ) (0 1152 704 ) (0 1152 928 ) (0 1472 928 ) 
4 155 156 (160 1472 704 ) (160 1152 704 ) (32 1152 704 ) (32 1472 704 ) 
4 156 158 (96 1152 640 ) (32 1152 640 ) (32 1472 640 ) (96 1472 640 ) 
4 156 157 (160 1472 640 ) (160 1152 640 ) (96 1152 640 ) (96 1472 640 ) 
4 157 159 (96 1472 320 ) (96 1472 64 ) (96 1152 64 ) (96 1152 320 ) 
4 157 158 (96 1152 640 ) (96 1472 640 ) (96 1472 320 ) (96 1152 320 ) 
4 158 231 (96 1024 320 ) (96 1024 352 ) (0 1024 352 ) (0 1024 320 ) 
4 158 228 (96 1024 352 ) (96 1024 384 ) (0 1024 384 ) (0 1024 352 ) 
4 158 223 (96 1024 384 ) (96 1024 416 ) (0 1024 416 ) (0 1024 384 ) 
4 158 222 (96 1024 416 ) (96 1024 480 ) (0 1024 480 ) (0 1024 416 ) 
4 158 214 (96 1024 480 ) (96 1024 568 ) (0 1024 568 ) (0 1024 480 ) 
4 158 213 (96 1024 568 ) (96 1024 640 ) (0 1024 640 ) (0 1024 568 ) 
4 158 161 (0 1696 320 ) (0 1024 320 ) (0 1024 640 ) (0 1696 640 ) 
4 158 159 (96 1696 320 ) (96 1024 320 ) (0 1024 320 ) (0 1696 320 ) 
4 159 231 (96 1024 64 ) (96 1024 320 ) (0 1024 320 ) (0 1024 64 ) 
4 159 164 (0 1696 64 ) (0 1024 64 ) (0 1024 320 ) (0 1696 320 ) 
4 161 247 (0 1024 320 ) (0 1024 384 ) (-608 1024 384 ) (-608 1024 320 ) 
4 161 251 (-608 1024 384 ) (-640 1024 384 ) (-640 1024 320 ) (-608 1024 320 ) 
4 161 241 (-600.570984 1024 568 ) (-640 1024 568 ) (-640 1024 384 ) (-600.570984 1024 384 ) 
4 161 236 (0 1024 384 ) (0 1024 416 ) (-600.570984 1024 416 ) (-600.570984 1024 384 ) 
4 161 235 (0 1024 416 ) (0 1024 568 ) (-600.570984 1024 568 ) (-600.570984 1024 416 ) 
4 161 234 (0 1024 568 ) (0 1024 640 ) (-640 1024 640 ) (-640 1024 568 ) 
4 161 166 (-507 1030 320 ) (-507 1058 320 ) (-500 1058 320 ) (-500 1030 320 ) 
4 161 165 (-507 1058 320 ) (-507 1696 320 ) (-500 1696 320 ) (-500 1058 320 ) 
4 161 168 (-500 1024 320 ) (-507 1024 320 ) (-507 1030 320 ) (-500 1030 320 ) 
4 161 164 (0 1696 320 ) (0 1024 320 ) (-500 1024 320 ) (-500 1696 320 ) 
4 161 169 (-507 1024 320 ) (-640 1024 320 ) (-640 1696 320 ) (-507 1696 320 ) 
4 161 162 (-640 1696 320 ) (-640 1024 320 ) (-640 1024 640 ) (-640 1696 640 ) 
4 162 251 (-896 1024 384 ) (-896 1024 320 ) (-640 1024 320 ) (-640 1024 384 ) 
4 162 242 (-768 1024 384 ) (-736 1024 384 ) (-736 1024 568 ) (-768 1024 568 ) 
4 162 241 (-736 1024 384 ) (-640 1024 384 ) (-640 1024 568 ) (-736 1024 568 ) 
4 162 246 (-896 1024 568 ) (-896 1024 384 ) (-768 1024 384 ) (-768 1024 568 ) 
4 162 234 (-640 1024 640 ) (-896 1024 640 ) (-896 1024 568 ) (-640 1024 568 ) 
4 162 170 (-640 1024 320 ) (-896 1024 320 ) (-896 1696 320 ) (-640 1696 320 ) 
4 162 163 (-896 1696 320 ) (-896 1024 320 ) (-896 1024 640 ) (-896 1696 640 ) 
4 163 284 (-1024 1024 320 ) (-1024 1024 640 ) (-1024 1696 640 ) (-1024 1696 320 ) 
4 163 251 (-1024 1024 384 ) (-1024 1024 320 ) (-896 1024 320 ) (-896 1024 384 ) 
4 163 246 (-1024 1024 568 ) (-1024 1024 384 ) (-896 1024 384 ) (-896 1024 568 ) 
4 163 234 (-896 1024 640 ) (-1024 1024 640 ) (-1024 1024 568 ) (-896 1024 568 ) 
4 163 171 (-896 1024 320 ) (-1024 1024 320 ) (-1024 1696 320 ) (-896 1696 320 ) 
4 164 247 (0 1024 64 ) (0 1024 320 ) (-500 1024 320 ) (-500 1024 64 ) 
4 164 167 (-500 1058 64 ) (-500 1030 64 ) (-500 1030 224 ) (-500 1058 224 ) 
4 164 166 (-500 1030 224 ) (-500 1030 320 ) (-500 1058 320 ) (-500 1058 224 ) 
4 164 165 (-500 1696 320 ) (-500 1696 64 ) (-500 1058 64 ) (-500 1058 320 ) 
4 164 168 (-500 1030 64 ) (-500 1024 64 ) (-500 1024 320 ) (-500 1030 320 ) 
4 165 167 (-507 1058 224 ) (-507 1058 64 ) (-500 1058 64 ) (-500 1058 224 ) 
4 165 166 (-507 1058 320 ) (-507 1058 224 ) (-500 1058 224 ) (-500 1058 320 ) 
4 165 169 (-507 1696 320 ) (-507 1696 64 ) (-507 1058 64 ) (-507 1058 320 ) 
4 166 169 (-507 1030 224 ) (-507 1030 320 ) (-507 1058 320 ) (-507 1058 224 ) 
4 166 168 (-507 1030 320 ) (-507 1030 224 ) (-500 1030 224 ) (-500 1030 320 ) 
4 166 167 (-500 1030 224 ) (-507 1030 224 ) (-507 1058 224 ) (-500 1058 224 ) 
4 167 169 (-507 1058 64 ) (-507 1030 64 ) (-507 1030 224 ) (-507 1058 224 ) 
4 167 168 (-507 1030 224 ) (-507 1030 64 ) (-500 1030 64 ) (-500 1030 224 ) 
4 168 247 (-500 1024 320 ) (-507 1024 320 ) (-507 1024 64 ) (-500 1024 64 ) 
4 168 169 (-507 1030 64 ) (-507 1024 64 ) (-507 1024 320 ) (-507 1030 320 ) 
4 169 247 (-507 1024 320 ) (-608 1024 320 ) (-608 1024 64 ) (-507 1024 64 ) 
4 169 251 (-608 1024 320 ) (-640 1024 320 ) (-640 1024 64 ) (-608 1024 64 ) 
4 169 170 (-640 1696 64 ) (-640 1024 64 ) (-640 1024 320 ) (-640 1696 320 ) 
4 170 251 (-640 1024 320 ) (-896 1024 320 ) (-896 1024 64 ) (-640 1024 64 ) 
4 170 171 (-896 1696 64 ) (-896 1024 64 ) (-896 1024 320 ) (-896 1696 320 ) 
4 171 285 (-1024 1024 64 ) (-1024 1024 320 ) (-1024 1696 320 ) (-1024 1696 64 ) 
4 171 251 (-896 1024 320 ) (-1024 1024 320 ) (-1024 1024 64 ) (-896 1024 64 ) 
4 172 190 (664 776 1472 ) (644 776 1472 ) (644 776 416 ) (664 776 416 ) 
4 172 189 (1024 776 416 ) (1024 776 1472 ) (664 776 1472 ) (664 776 416 ) 
4 172 177 (1024 776 416 ) (644 776 416 ) (644 832 416 ) (1024 832 416 ) 
4 172 176 (644 832 416 ) (644 836 416 ) (1024 836 416 ) (1024 832 416 ) 
4 172 174 (644 948 416 ) (644 952 416 ) (1024 952 416 ) (1024 948 416 ) 
4 172 173 (644 952 416 ) (644 1024 416 ) (1024 1024 416 ) (1024 952 416 ) 
4 172 175 (644 836 416 ) (644 948 416 ) (1024 948 416 ) (1024 836 416 ) 
4 172 178 (644 776 416 ) (644 776 1472 ) (644 1024 1472 ) (644 1024 416 ) 
4 173 180 (644 952 384 ) (644 956 384 ) (1024 956 384 ) (1024 952 384 ) 
4 173 179 (644 956 384 ) (644 1024 384 ) (1024 1024 384 ) (1024 956 384 ) 
4 173 178 (644 1024 384 ) (644 952 384 ) (644 952 416 ) (644 1024 416 ) 
4 173 174 (1024 952 416 ) (644 952 416 ) (644 952 384 ) (1024 952 384 ) 
4 174 180 (644 948 384 ) (644 952 384 ) (1024 952 384 ) (1024 948 384 ) 
4 174 175 (1024 948 416 ) (644 948 416 ) (644 948 384 ) (1024 948 384 ) 
4 174 178 (644 952 384 ) (644 948 384 ) (644 948 416 ) (644 952 416 ) 
4 175 180 (644 836 384 ) (644 948 384 ) (1024 948 384 ) (1024 836 384 ) 
4 175 176 (1024 836 416 ) (644 836 416 ) (644 836 384 ) (1024 836 384 ) 
4 175 178 (644 948 384 ) (644 836 384 ) (644 836 416 ) (644 948 416 ) 
4 176 180 (644 832 384 ) (644 836 384 ) (1024 836 384 ) (1024 832 384 ) 
4 176 178 (644 836 384 ) (644 832 384 ) (644 832 416 ) (644 836 416 ) 
4 176 177 (1024 832 416 ) (644 832 416 ) (644 832 384 ) (1024 832 384 ) 
4 177 190 (644 776 384 ) (664 776 384 ) (664 776 416 ) (644 776 416 ) 
4 177 189 (664 776 384 ) (1024 776 384 ) (1024 776 416 ) (664 776 416 ) 
4 177 180 (644 828 384 ) (644 832 384 ) (1024 832 384 ) (1024 828 384 ) 
4 177 182 (1024 776 384 ) (644 776 384 ) (644 828 384 ) (1024 828 384 ) 
4 177 178 (644 832 384 ) (644 776 384 ) (644 776 416 ) (644 832 416 ) 
4 178 193 (640 832 480 ) (640 960 480 ) (640 960 384 ) (640 832 384 ) 
4 178 190 (640 776 1472 ) (640 776 384 ) (644 776 384 ) (644 776 1472 ) 
4 178 180 (640 828 384 ) (640 956 384 ) (644 956 384 ) (644 828 384 ) 
4 178 179 (640 956 384 ) (640 1024 384 ) (644 1024 384 ) (644 956 384 ) 
4 178 182 (644 776 384 ) (640 776 384 ) (640 828 384 ) (644 828 384 ) 
4 179 200 (640 956 384 ) (640 960 384 ) (640 960 352 ) (640 956 352 ) 
4 179 183 (664 1024 288 ) (1024 1024 288 ) (1024 956 288 ) (664 956 288 ) 
4 179 181 (640 956 288 ) (1024 956 288 ) (1024 956 352 ) (640 956 352 ) 
4 179 180 (1024 956 352 ) (1024 956 384 ) (640 956 384 ) (640 956 352 ) 
4 180 200 (640 832 384 ) (640 956 384 ) (640 956 352 ) (640 832 352 ) 
4 180 182 (1024 828 352 ) (1024 828 384 ) (640 828 384 ) (640 828 352 ) 
4 180 181 (1024 828 352 ) (640 828 352 ) (640 956 352 ) (1024 956 352 ) 
4 181 183 (664 956 288 ) (1024 956 288 ) (1024 828 288 ) (664 828 288 ) 
4 181 182 (640 828 288 ) (1024 828 288 ) (1024 828 352 ) (640 828 352 ) 
4 182 190 (640 776 384 ) (640 776 288 ) (664 776 288 ) (664 776 384 ) 
4 182 189 (664 776 288 ) (1024 776 288 ) (1024 776 384 ) (664 776 384 ) 
4 182 183 (1024 776 288 ) (664 776 288 ) (664 828 288 ) (1024 828 288 ) 
4 183 189 (664 776 280 ) (1024 776 280 ) (1024 776 288 ) (664 776 288 ) 
4 183 184 (1024 776 280 ) (664 776 280 ) (664 1024 280 ) (1024 1024 280 ) 
4 184 189 (664 776 152 ) (1024 776 152 ) (1024 776 280 ) (664 776 280 ) 
4 184 187 (1024 776 152 ) (664 776 152 ) (664 1024 152 ) (1024 1024 152 ) 
4 184 185 (656 1024 152 ) (656 776 152 ) (656 776 280 ) (656 1024 280 ) 
4 185 186 (648 1024 152 ) (648 776 152 ) (648 776 280 ) (648 1024 280 ) 
4 187 189 (664 776 144 ) (1024 776 144 ) (1024 776 152 ) (664 776 152 ) 
4 187 188 (1024 776 144 ) (664 776 144 ) (664 1024 144 ) (1024 1024 144 ) 
4 188 192 (640 776 144 ) (640 776 64 ) (1024 776 64 ) (1024 776 144 ) 
4 189 192 (1024 224 144 ) (664 224 144 ) (664 776 144 ) (1024 776 144 ) 
4 189 190 (664 768 288 ) (664 768 1472 ) (664 776 1472 ) (664 776 288 ) 
4 189 191 (664 768 144 ) (664 224 144 ) (664 224 1472 ) (664 768 1472 ) 
4 190 191 (664 768 288 ) (664 768 1472 ) (640 768 1472 ) (640 768 288 ) 
4 191 192 (664 224 144 ) (640 224 144 ) (640 768 144 ) (664 768 144 ) 
4 193 200 (640 832 384 ) (584.286011 832 384 ) (584.286011 960 384 ) (640 960 384 ) 
4 193 199 (584.286011 836 384 ) (584.286011 832 384 ) (584.286011 832 416 ) (584.286011 836 416 ) 
4 193 198 (584.286011 840 384 ) (584.286011 836 384 ) (584.286011 836 416 ) (584.286011 840 416 ) 
4 193 196 (584.286011 956 384 ) (584.286011 952 384 ) (584.286011 952 416 ) (584.286011 956 416 ) 
4 193 195 (584.286011 960 416 ) (584.286011 960 384 ) (584.286011 956 384 ) (584.286011 956 416 ) 
4 193 197 (584.286011 952 384 ) (584.286011 840 384 ) (584.286011 840 416 ) (584.286011 952 416 ) 
4 193 194 (584.286011 960 480 ) (584.286011 960 416 ) (584.286011 832 416 ) (584.286011 832 480 ) 
7 194 202 (576 832 416 ) (576 832 467.582581 ) (576 835.182068 472.433044 ) (576 846.074463 480 ) (576 953.925537 480 ) (576 960 475.780090 ) (576 960 416 ) 
4 194 199 (584.286011 836 416 ) (584.286011 832 416 ) (576 832 416 ) (576 836 416 ) 
4 194 198 (584.286011 840 416 ) (584.286011 836 416 ) (576 836 416 ) (576 840 416 ) 
4 194 196 (584.286011 956 416 ) (584.286011 952 416 ) (576 952 416 ) (576 956 416 ) 
4 194 195 (576 960 416 ) (584.286011 960 416 ) (584.286011 956 416 ) (576 956 416 ) 
4 194 197 (584.286011 952 416 ) (584.286011 840 416 ) (576 840 416 ) (576 952 416 ) 
4 195 203 (576 960 384 ) (576 956 384 ) (576 956 416 ) (576 960 416 ) 
4 195 200 (576 956 384 ) (576 960 384 ) (584.286011 960 384 ) (584.286011 956 384 ) 
4 195 196 (576 956 384 ) (584.286011 956 384 ) (584.286011 956 416 ) (576 956 416 ) 
4 196 204 (576 956 384 ) (576 952 384 ) (576 952 416 ) (576 956 416 ) 
4 196 200 (576 952 384 ) (576 956 384 ) (584.286011 956 384 ) (584.286011 952 384 ) 
4 196 197 (576 952 384 ) (584.286011 952 384 ) (584.286011 952 416 ) (576 952 416 ) 
4 197 205 (576 952 384 ) (576 840 384 ) (576 840 416 ) (576 952 416 ) 
4 197 200 (576 840 384 ) (576 952 384 ) (584.286011 952 384 ) (584.286011 840 384 ) 
4 197 198 (576 840 384 ) (584.286011 840 384 ) (584.286011 840 416 ) (576 840 416 ) 
4 198 206 (576 840 384 ) (576 836 384 ) (576 836 416 ) (576 840 416 ) 
4 198 200 (576 836 384 ) (576 840 384 ) (584.286011 840 384 ) (584.286011 836 384 ) 
4 198 199 (576 836 384 ) (584.286011 836 384 ) (584.286011 836 416 ) (576 836 416 ) 
4 199 207 (576 836 384 ) (576 832 384 ) (576 832 416 ) (576 836 416 ) 
4 199 200 (584.286011 832 384 ) (576 832 384 ) (576 836 384 ) (584.286011 836 384 ) 
4 200 209 (576 960 352 ) (576 832 352 ) (576 832 384 ) (576 960 384 ) 
4 201 260 (384 0 1536 ) (160 0 1536 ) (160 0 576 ) (384 0 576 ) 
4 201 232 (160 0 576 ) (160 0 1536 ) (160 384 1536 ) (160 384 576 ) 
4 201 212 (160 0 576 ) (160 384 576 ) (384 384 576 ) (384 0 576 ) 
7 202 215 (160 953.925537 480 ) (160 960 475.780060 ) (160 960 416 ) (160 832 416 ) (160 832 467.582581 ) (160 835.182068 472.433044 ) (160 846.074402 480 ) 
4 202 206 (160 836 416 ) (160 840 416 ) (576 840 416 ) (576 836 416 ) 
4 202 205 (160 840 416 ) (160 952 416 ) (576 952 416 ) (576 840 416 ) 
4 202 207 (576 810.024170 416 ) (160 810.024170 416 ) (160 836 416 ) (576 836 416 ) 
4 202 204 (160 952 416 ) (160 956 416 ) (576 956 416 ) (576 952 416 ) 
4 202 203 (160 956 416 ) (160 989.975891 416 ) (576 989.975891 416 ) (576 956 416 ) 
4 203 216 (160 960 384 ) (160 956 384 ) (160 956 416 ) (160 960 416 ) 
4 203 209 (160 956 384 ) (160 960 384 ) (576 960 384 ) (576 956 384 ) 
4 203 208 (160 960 384 ) (160 987.546997 384 ) (576 987.546997 384 ) (576 960 384 ) 
4 203 204 (160 956 384 ) (576 956 384 ) (576 956 416 ) (160 956 416 ) 
4 204 217 (160 956 384 ) (160 952 384 ) (160 952 416 ) (160 956 416 ) 
4 204 209 (160 952 384 ) (160 956 384 ) (576 956 384 ) (576 952 384 ) 
4 204 205 (160 952 384 ) (576 952 384 ) (576 952 416 ) (160 952 416 ) 
4 205 218 (160 952 384 ) (160 840 384 ) (160 840 416 ) (160 952 416 ) 
4 205 209 (160 840 384 ) (160 952 384 ) (576 952 384 ) (576 840 384 ) 
4 205 206 (160 840 384 ) (576 840 384 ) (576 840 416 ) (160 840 416 ) 
4 206 219 (160 840 384 ) (160 836 384 ) (160 836 416 ) (160 840 416 ) 
4 206 209 (160 836 384 ) (160 840 384 ) (576 840 384 ) (576 836 384 ) 
4 206 207 (160 836 384 ) (576 836 384 ) (576 836 416 ) (160 836 416 ) 
4 207 220 (160 836 384 ) (160 832 384 ) (160 832 416 ) (160 836 416 ) 
4 207 209 (160 832 384 ) (160 836 384 ) (576 836 384 ) (576 832 384 ) 
4 207 211 (576 812.453064 384 ) (160 812.453064 384 ) (160 832 384 ) (576 832 384 ) 
4 208 210 (160 960 336.219910 ) (576 960 336.219910 ) (576 960 352 ) (160 960 352 ) 
4 208 209 (576 960 352 ) (576 960 384 ) (160 960 384 ) (160 960 352 ) 
4 209 221 (160 832 352 ) (160 832 384 ) (160 960 384 ) (160 960 352 ) 
4 209 211 (576 832 352 ) (576 832 384 ) (160 832 384 ) (160 832 352 ) 
4 209 210 (576 832 352 ) (160 832 352 ) (160 960 352 ) (576 960 352 ) 
4 210 211 (160 832 344.417389 ) (576 832 344.417389 ) (576 832 352 ) (160 832 352 ) 
4 212 260 (384 0 576 ) (160 0 576 ) (160 0 64 ) (384 0 64 ) 
4 212 233 (160 0 64 ) (160 0 576 ) (160 384 576 ) (160 384 64 ) 
4 213 234 (0 1024 640 ) (0 1024 568 ) (0 800 568 ) (0 800 640 ) 
4 213 214 (0 1024 568 ) (96 1024 568 ) (96 800 568 ) (0 800 568 ) 
4 214 235 (0 1024 568 ) (0 1024 480 ) (0 800 480 ) (0 800 568 ) 
4 214 230 (0 800 480 ) (0 832 480 ) (96 832 480 ) (96 800 480 ) 
4 214 222 (0 832 480 ) (0 1024 480 ) (96 1024 480 ) (96 832 480 ) 
4 215 222 (96 832 416 ) (96 832 480 ) (96 960 480 ) (96 960 416 ) 
4 215 220 (160 832 416 ) (96 832 416 ) (96 836 416 ) (160 836 416 ) 
4 215 219 (96 836 416 ) (96 840 416 ) (160 840 416 ) (160 836 416 ) 
4 215 217 (96 952 416 ) (96 956 416 ) (160 956 416 ) (160 952 416 ) 
4 215 216 (96 956 416 ) (96 960 416 ) (160 960 416 ) (160 956 416 ) 
4 215 218 (96 840 416 ) (96 952 416 ) (160 952 416 ) (160 840 416 ) 
4 216 223 (96 956 416 ) (96 960 416 ) (96 960 384 ) (96 956 384 ) 
4 216 221 (96 956 384 ) (96 960 384 ) (160 960 384 ) (160 956 384 ) 
4 216 217 (96 956 384 ) (160 956 384 ) (160 956 416 ) (96 956 416 ) 
4 217 224 (96 952 416 ) (96 956 416 ) (96 956 384 ) (96 952 384 ) 
4 217 218 (96 952 384 ) (160 952 384 ) (160 952 416 ) (96 952 416 ) 
4 217 221 (96 952 384 ) (96 956 384 ) (160 956 384 ) (160 952 384 ) 
4 218 225 (96 840 416 ) (96 952 416 ) (96 952 384 ) (96 840 384 ) 
4 218 219 (96 840 384 ) (160 840 384 ) (160 840 416 ) (96 840 416 ) 
4 218 221 (96 840 384 ) (96 952 384 ) (160 952 384 ) (160 840 384 ) 
4 219 226 (96 836 416 ) (96 840 416 ) (96 840 384 ) (96 836 384 ) 
4 219 221 (96 836 384 ) (96 840 384 ) (160 840 384 ) (160 836 384 ) 
4 219 220 (96 836 384 ) (160 836 384 ) (160 836 416 ) (96 836 416 ) 
4 220 227 (96 832 384 ) (96 832 416 ) (96 836 416 ) (96 836 384 ) 
4 220 221 (160 832 384 ) (96 832 384 ) (96 836 384 ) (160 836 384 ) 
4 221 229 (96 960 352 ) (96 832 352 ) (96 832 384 ) (96 960 384 ) 
4 222 235 (0 1024 480 ) (0 1024 416 ) (0 832 416 ) (0 832 480 ) 
4 222 230 (96 832 416 ) (96 832 480 ) (0 832 480 ) (0 832 416 ) 
4 222 226 (96 840 416 ) (96 836 416 ) (0 836 416 ) (0 840 416 ) 
4 222 225 (96 952 416 ) (96 840 416 ) (0 840 416 ) (0 952 416 ) 
4 222 227 (96 836 416 ) (96 832 416 ) (0 832 416 ) (0 836 416 ) 
4 222 224 (96 956 416 ) (96 952 416 ) (0 952 416 ) (0 956 416 ) 
4 222 223 (0 1024 416 ) (96 1024 416 ) (96 956 416 ) (0 956 416 ) 
4 223 236 (0 1024 416 ) (0 1024 384 ) (0 956 384 ) (0 956 416 ) 
4 223 229 (96 960 384 ) (96 956 384 ) (0 956 384 ) (0 960 384 ) 
4 223 228 (96 1024 384 ) (96 960 384 ) (0 960 384 ) (0 1024 384 ) 
4 223 224 (0 956 384 ) (96 956 384 ) (96 956 416 ) (0 956 416 ) 
4 224 237 (0 956 384 ) (0 952 384 ) (0 952 416 ) (0 956 416 ) 
4 224 229 (96 956 384 ) (96 952 384 ) (0 952 384 ) (0 956 384 ) 
4 224 225 (0 952 384 ) (96 952 384 ) (96 952 416 ) (0 952 416 ) 
4 225 238 (0 952 384 ) (0 840 384 ) (0 840 416 ) (0 952 416 ) 
4 225 229 (96 952 384 ) (96 840 384 ) (0 840 384 ) (0 952 384 ) 
4 225 226 (0 840 384 ) (96 840 384 ) (96 840 416 ) (0 840 416 ) 
4 226 239 (0 840 384 ) (0 836 384 ) (0 836 416 ) (0 840 416 ) 
4 226 229 (96 840 384 ) (96 836 384 ) (0 836 384 ) (0 840 384 ) 
4 226 227 (0 836 384 ) (96 836 384 ) (96 836 416 ) (0 836 416 ) 
4 227 240 (0 836 384 ) (0 832 384 ) (0 832 416 ) (0 836 416 ) 
4 227 230 (96 832 384 ) (96 832 416 ) (0 832 416 ) (0 832 384 ) 
4 227 229 (96 836 384 ) (96 832 384 ) (0 832 384 ) (0 836 384 ) 
4 228 247 (0 1024 384 ) (0 1024 352 ) (0 960 352 ) (0 960 384 ) 
4 228 231 (0 960 352 ) (0 1024 352 ) (96 1024 352 ) (96 960 352 ) 
4 228 229 (0 960 352 ) (96 960 352 ) (96 960 384 ) (0 960 384 ) 
4 229 248 (0 960 352 ) (0 832 352 ) (0 832 384 ) (0 960 384 ) 
4 229 231 (0 832 352 ) (0 960 352 ) (96 960 352 ) (96 832 352 ) 
4 229 230 (0 832 352 ) (96 832 352 ) (96 832 384 ) (0 832 384 ) 
4 230 250 (0 832 352 ) (0 800 352 ) (0 800 384 ) (0 832 384 ) 
4 230 240 (0 800 384 ) (0 800 416 ) (0 832 416 ) (0 832 384 ) 
4 230 235 (0 800 416 ) (0 800 480 ) (0 832 480 ) (0 832 416 ) 
4 230 231 (0 800 352 ) (0 832 352 ) (96 832 352 ) (96 800 352 ) 
4 231 249 (0 960 64 ) (0 832 64 ) (0 832 352 ) (0 960 352 ) 
4 231 247 (0 1024 352 ) (0 1024 64 ) (0 960 64 ) (0 960 352 ) 
4 231 250 (0 832 64 ) (0 800 64 ) (0 800 352 ) (0 832 352 ) 
4 232 260 (160 0 576 ) (160 0 1536 ) (0 0 1536 ) (0 0 576 ) 
4 232 253 (0 0 576 ) (0 0 1536 ) (0 384 1536 ) (0 384 576 ) 
4 232 233 (160 384 576 ) (160 0 576 ) (0 0 576 ) (0 384 576 ) 
4 233 260 (160 0 64 ) (160 0 576 ) (0 0 576 ) (0 0 64 ) 
4 233 255 (0 0 64 ) (0 0 576 ) (0 64 576 ) (0 64 64 ) 
4 233 254 (0 64 576 ) (0 384 576 ) (0 384 64 ) (0 64 64 ) 
4 234 289 (-1024 1024 640 ) (-1024 1024 568 ) (-1024 800 568 ) (-1024 800 640 ) 
4 234 243 (-736 832 568 ) (-736 800 568 ) (-768 800 568 ) (-768 832 568 ) 
4 234 242 (-768 1024 568 ) (-736 1024 568 ) (-736 832 568 ) (-768 832 568 ) 
4 234 241 (-736 1024 568 ) (-600.570984 1024 568 ) (-600.570984 800 568 ) (-736 800 568 ) 
4 234 246 (-1024 800 568 ) (-1024 1024 568 ) (-768 1024 568 ) (-768 800 568 ) 
4 234 235 (-600.570984 1024 568 ) (0 1024 568 ) (0 800 568 ) (-600.570984 800 568 ) 
4 235 241 (-600.570984 800 416 ) (-600.570984 800 568 ) (-600.570984 1024 568 ) (-600.570984 1024 416 ) 
4 235 239 (-600.570984 836 416 ) (-600.570984 840 416 ) (0 840 416 ) (0 836 416 ) 
4 235 238 (-600.570984 840 416 ) (-600.570984 952 416 ) (0 952 416 ) (0 840 416 ) 
4 235 240 (0 800 416 ) (-600.570984 800 416 ) (-600.570984 836 416 ) (0 836 416 ) 
4 235 237 (-600.570984 952 416 ) (-600.570984 956 416 ) (0 956 416 ) (0 952 416 ) 
4 235 236 (-600.570984 956 416 ) (-600.570984 1024 416 ) (0 1024 416 ) (0 956 416 ) 
4 236 248 (-600.570984 956 384 ) (-600.570984 960 384 ) (0 960 384 ) (0 956 384 ) 
4 236 247 (-600.570984 960 384 ) (-600.570984 1024 384 ) (0 1024 384 ) (0 960 384 ) 
4 236 241 (-600.570984 1024 384 ) (-600.570984 956 384 ) (-600.570984 956 416 ) (-600.570984 1024 416 ) 
4 236 237 (0 956 416 ) (-600.570984 956 416 ) (-600.570984 956 384 ) (0 956 384 ) 
4 237 248 (-600.570984 952 384 ) (-600.570984 956 384 ) (0 956 384 ) (0 952 384 ) 
4 237 241 (-600.570984 956 384 ) (-600.570984 952 384 ) (-600.570984 952 416 ) (-600.570984 956 416 ) 
4 237 238 (0 952 416 ) (-600.570984 952 416 ) (-600.570984 952 384 ) (0 952 384 ) 
4 238 248 (-600.570984 840 384 ) (-600.570984 952 384 ) (0 952 384 ) (0 840 384 ) 
4 238 241 (-600.570984 952 384 ) (-600.570984 840 384 ) (-600.570984 840 416 ) (-600.570984 952 416 ) 
4 238 239 (0 840 416 ) (-600.570984 840 416 ) (-600.570984 840 384 ) (0 840 384 ) 
4 239 248 (-600.570984 836 384 ) (-600.570984 840 384 ) (0 840 384 ) (0 836 384 ) 
4 239 241 (-600.570984 840 384 ) (-600.570984 836 384 ) (-600.570984 836 416 ) (-600.570984 840 416 ) 
4 239 240 (0 836 416 ) (-600.570984 836 416 ) (-600.570984 836 384 ) (0 836 384 ) 
4 240 248 (-600.570984 832 384 ) (-600.570984 836 384 ) (0 836 384 ) (0 832 384 ) 
4 240 250 (0 800 384 ) (-600.570984 800 384 ) (-600.570984 832 384 ) (0 832 384 ) 
4 240 241 (-600.570984 836 384 ) (-600.570984 800 384 ) (-600.570984 800 416 ) (-600.570984 836 416 ) 
4 241 248 (-608 832 384 ) (-608 960 384 ) (-600.570984 960 384 ) (-600.570984 832 384 ) 
4 241 247 (-608 960 384 ) (-608 1024 384 ) (-600.570984 1024 384 ) (-600.570984 960 384 ) 
4 241 250 (-600.570984 800 384 ) (-608 800 384 ) (-608 832 384 ) (-600.570984 832 384 ) 
4 241 251 (-608 800 384 ) (-736 800 384 ) (-736 1024 384 ) (-608 1024 384 ) 
4 241 244 (-736 800 448 ) (-736 800 512 ) (-736 832 512 ) (-736 832 448 ) 
4 241 243 (-736 800 512 ) (-736 800 568 ) (-736 832 568 ) (-736 832 512 ) 
4 241 245 (-736 832 384 ) (-736 800 384 ) (-736 800 448 ) (-736 832 448 ) 
4 241 242 (-736 1024 384 ) (-736 832 384 ) (-736 832 568 ) (-736 1024 568 ) 
4 242 251 (-768 832 384 ) (-768 1024 384 ) (-736 1024 384 ) (-736 832 384 ) 
4 242 244 (-768 832 512 ) (-768 832 448 ) (-736 832 448 ) (-736 832 512 ) 
4 242 243 (-768 832 568 ) (-768 832 512 ) (-736 832 512 ) (-736 832 568 ) 
4 242 245 (-768 832 448 ) (-768 832 384 ) (-736 832 384 ) (-736 832 448 ) 
4 242 246 (-768 1024 384 ) (-768 832 384 ) (-768 832 568 ) (-768 1024 568 ) 
4 243 246 (-768 800 512 ) (-768 800 568 ) (-768 832 568 ) (-768 832 512 ) 
4 243 244 (-768 800 512 ) (-768 832 512 ) (-736 832 512 ) (-736 800 512 ) 
4 244 245 (-768 800 448 ) (-768 832 448 ) (-736 832 448 ) (-736 800 448 ) 
4 244 246 (-768 800 448 ) (-768 800 512 ) (-768 832 512 ) (-768 832 448 ) 
4 245 251 (-736 800 384 ) (-768 800 384 ) (-768 832 384 ) (-736 832 384 ) 
4 245 246 (-768 832 384 ) (-768 800 384 ) (-768 800 448 ) (-768 832 448 ) 
4 246 290 (-1024 1024 568 ) (-1024 1024 384 ) (-1024 800 384 ) (-1024 800 568 ) 
4 246 252 (-832 800 568 ) (-960 800 568 ) (-960 800 384 ) (-832 800 384 ) 
4 246 251 (-768 800 384 ) (-1024 800 384 ) (-1024 1024 384 ) (-768 1024 384 ) 
4 247 249 (-608 960 352 ) (-608 960 64 ) (0 960 64 ) (0 960 352 ) 
4 247 248 (-608 960 384 ) (-608 960 352 ) (0 960 352 ) (0 960 384 ) 
4 247 251 (-608 1024 64 ) (-608 960 64 ) (-608 960 384 ) (-608 1024 384 ) 
4 248 251 (-608 832 352 ) (-608 832 384 ) (-608 960 384 ) (-608 960 352 ) 
4 248 250 (-608 832 384 ) (-608 832 352 ) (0 832 352 ) (0 832 384 ) 
4 248 249 (0 832 352 ) (-608 832 352 ) (-608 960 352 ) (0 960 352 ) 
4 249 251 (-608 960 64 ) (-608 832 64 ) (-608 832 352 ) (-608 960 352 ) 
4 249 250 (-608 832 352 ) (-608 832 64 ) (0 832 64 ) (0 832 352 ) 
4 250 251 (-608 832 64 ) (-608 800 64 ) (-608 800 384 ) (-608 832 384 ) 
4 251 290 (-1024 1024 384 ) (-1024 1024 64 ) (-1024 800 64 ) (-1024 800 384 ) 
4 251 252 (-960 800 64 ) (-832 800 64 ) (-832 800 384 ) (-960 800 384 ) 
4 252 257 (-960 736 64 ) (-832 736 64 ) (-832 736 568 ) (-960 736 568 ) 
4 253 293 (-1024 0 576 ) (-1024 0 1536 ) (-1024 384 1536 ) (-1024 384 576 ) 
4 253 262 (-192 0 576 ) (-128 0 576 ) (-128 0 1536 ) (-192 0 1536 ) 
4 253 261 (-128 0 576 ) (0 0 576 ) (0 0 1536 ) (-128 0 1536 ) 
4 253 263 (-1024 0 1536 ) (-1024 0 576 ) (-192 0 576 ) (-192 0 1536 ) 
4 253 259 (-1024 0 576 ) (-1024 384 576 ) (-960 384 576 ) (-960 0 576 ) 
4 253 258 (-960 384 576 ) (-832 384 576 ) (-832 0 576 ) (-960 0 576 ) 
4 253 255 (0 64 576 ) (0 0 576 ) (-128 0 576 ) (-128 64 576 ) 
4 253 256 (-192 0 576 ) (-832 0 576 ) (-832 64 576 ) (-192 64 576 ) 
4 253 254 (-832 384 576 ) (0 384 576 ) (0 64 576 ) (-832 64 576 ) 
4 254 258 (-832 64 576 ) (-832 384 576 ) (-832 384 64 ) (-832 64 64 ) 
4 254 255 (-128 64 64 ) (0 64 64 ) (0 64 576 ) (-128 64 576 ) 
4 254 256 (-832 64 576 ) (-832 64 64 ) (-192 64 64 ) (-192 64 576 ) 
4 255 261 (-128 0 64 ) (0 0 64 ) (0 0 576 ) (-128 0 576 ) 
4 256 263 (-832 0 64 ) (-192 0 64 ) (-192 0 576 ) (-832 0 576 ) 
4 256 258 (-832 0 576 ) (-832 64 576 ) (-832 64 64 ) (-832 0 64 ) 
4 257 258 (-960 608 576 ) (-960 608 64 ) (-832 608 64 ) (-832 608 576 ) 
4 258 263 (-960 0 64 ) (-832 0 64 ) (-832 0 576 ) (-960 0 576 ) 
4 258 259 (-960 0 576 ) (-960 384 576 ) (-960 384 64 ) (-960 0 64 ) 
4 259 294 (-1024 0 64 ) (-1024 0 576 ) (-1024 384 576 ) (-1024 384 64 ) 
4 259 263 (-1024 0 576 ) (-1024 0 64 ) (-960 0 64 ) (-960 0 576 ) 
4 260 261 (0 -768 1536 ) (0 0 1536 ) (0 0 64 ) (0 -768 64 ) 
4 261 262 (-128 -768 576 ) (-128 -768 1536 ) (-128 0 1536 ) (-128 0 576 ) 
4 262 263 (-192 -768 576 ) (-192 -768 1536 ) (-192 0 1536 ) (-192 0 576 ) 
4 263 307 (-1024 -768 1536 ) (-1024 0 1536 ) (-1024 0 64 ) (-1024 -768 64 ) 
4 264 266 (-1024 4096 -626.028992 ) (-1024 4096 1475.969971 ) (-2048 4096 1475.969971 ) (-2048 4096 -626.028992 ) 
4 264 265 (-2048 4096 -626.028992 ) (-2048 4096 1475.969971 ) (-2048 5024 1475.969971 ) (-2048 5024 -626.028992 ) 
4 265 271 (-2048 4096 -626.028992 ) (-2048 4096 1475.969971 ) (-3068 4096 1475.969971 ) (-3068 4096 -626.028992 ) 
4 266 271 (-2048 4096 1475.969971 ) (-2048 4096 -626.028992 ) (-2048 3072 -626.028992 ) (-2048 3072 1475.969971 ) 
4 266 270 (-1024 3072 -626.028992 ) (-1024 3072 64 ) (-2048 3072 64 ) (-2048 3072 -626.028992 ) 
4 266 269 (-1024 3072 64 ) (-1024 3072 320 ) (-2048 3072 320 ) (-2048 3072 64 ) 
4 266 268 (-1024 3072 320 ) (-1024 3072 704 ) (-2048 3072 704 ) (-2048 3072 320 ) 
4 266 267 (-1024 3072 704 ) (-1024 3072 1475.969971 ) (-2048 3072 1475.969971 ) (-2048 3072 704 ) 
4 267 276 (-2048 2516.089844 704 ) (-2048 2419.910156 704 ) (-2048 2419.910156 772 ) (-2048 2516.089844 772 ) 
4 267 274 (-2048 3072 772 ) (-2048 3072 704 ) (-2048 2516.089844 704 ) (-2048 2516.089844 772 ) 
4 267 273 (-2048 2419.910156 704 ) (-2048 2188 704 ) (-2048 2188 772 ) (-2048 2419.910156 772 ) 
4 267 272 (-2048 2188 1475.969971 ) (-2048 3072 1475.969971 ) (-2048 3072 772 ) (-2048 2188 772 ) 
4 267 268 (-2048 2188 704 ) (-2048 3072 704 ) (-1024 3072 704 ) (-1024 2188 704 ) 
4 268 276 (-2048 2419.910156 704 ) (-2048 2516.089844 704 ) (-2048 2516.089844 320 ) (-2048 2419.910156 320 ) 
4 268 274 (-2048 2516.089844 704 ) (-2048 3072 704 ) (-2048 3072 320 ) (-2048 2516.089844 320 ) 
4 268 273 (-2048 2188 704 ) (-2048 2419.910156 704 ) (-2048 2419.910156 320 ) (-2048 2188 320 ) 
4 268 269 (-2048 2188 320 ) (-2048 3072 320 ) (-1024 3072 320 ) (-1024 2188 320 ) 
4 269 276 (-2048 2419.910156 320 ) (-2048 2516.089844 320 ) (-2048 2516.089844 64 ) (-2048 2419.910156 64 ) 
4 269 274 (-2048 2516.089844 320 ) (-2048 3072 320 ) (-2048 3072 64 ) (-2048 2516.089844 64 ) 
4 269 273 (-2048 2188 320 ) (-2048 2419.910156 320 ) (-2048 2419.910156 64 ) (-2048 2188 64 ) 
4 269 270 (-2048 2188 64 ) (-2048 3072 64 ) (-1024 3072 64 ) (-1024 2188 64 ) 
4 270 281 (-2048 2176 64 ) (-2048 2188 64 ) (-2048 2188 -626.028992 ) (-2048 2176 -626.028992 ) 
4 270 278 (-2048 3072 -624 ) (-2048 3072 -626.028992 ) (-2048 2188 -626.028992 ) (-2048 2188 -624 ) 
4 270 276 (-2048 2419.910156 64 ) (-2048 2516.089844 64 ) (-2048 2516.089844 -624 ) (-2048 2419.910156 -624 ) 
4 270 274 (-2048 2516.089844 64 ) (-2048 3072 64 ) (-2048 3072 -624 ) (-2048 2516.089844 -624 ) 
4 270 273 (-2048 2188 64 ) (-2048 2419.910156 64 ) (-2048 2419.910156 -624 ) (-2048 2188 -624 ) 
4 271 278 (-2048 3072 -626.028992 ) (-2048 3072 -624 ) (-3068 3072 -624 ) (-3068 3072 -626.028992 ) 
4 271 275 (-2603.910156 3072 772 ) (-2700.089844 3072 772 ) (-2700.089844 3072 -624 ) (-2603.910156 3072 -624 ) 
4 271 274 (-2048 3072 -624 ) (-2048 3072 772 ) (-2603.910156 3072 772 ) (-2603.910156 3072 -624 ) 
4 271 273 (-2700.089844 3072 772 ) (-3068 3072 772 ) (-3068 3072 -624 ) (-2700.089844 3072 -624 ) 
4 271 272 (-2048 3072 772 ) (-2048 3072 1475.969971 ) (-3068 3072 1475.969971 ) (-3068 3072 772 ) 
4 272 277 (-2067.370117 2535.459961 772 ) (-2064.540039 2532.629883 772 ) (-2112.629883 2484.540039 772 ) (-2115.459961 2487.370117 772 ) 
4 272 276 (-2064.540039 2532.629883 772 ) (-2048 2516.089844 772 ) (-2048 2419.910156 772 ) (-2112.629883 2484.540039 772 ) 
4 272 275 (-2700.089844 3072 772 ) (-2603.910156 3072 772 ) (-2067.370117 2535.459961 772 ) (-2115.459961 2487.370117 772 ) 
3 272 274 (-2603.910156 3072 772 ) (-2048 3072 772 ) (-2048 2516.089844 772 ) 
5 272 273 (-2048 2188 772 ) (-3068 2188 772 ) (-3068 3072 772 ) (-2700.089844 3072 772 ) (-2048 2419.910156 772 ) 
4 273 283 (-3068 2188 64 ) (-3068 2188 -624 ) (-2688 2188 -624 ) (-2688 2188 64 ) 
4 273 282 (-2688 2188 -624 ) (-2208 2188 -624 ) (-2208 2188 64 ) (-2688 2188 64 ) 
4 273 281 (-2208 2188 -624 ) (-2048 2188 -624 ) (-2048 2188 64 ) (-2208 2188 64 ) 
4 273 280 (-2688 2188 64 ) (-2208 2188 64 ) (-2208 2188 320 ) (-2688 2188 320 ) 
4 273 279 (-2688 2188 320 ) (-2208 2188 320 ) (-2208 2188 704 ) (-2688 2188 704 ) 
5 273 278 (-2048 2188 -624 ) (-3068 2188 -624 ) (-3068 3072 -624 ) (-2700.089844 3072 -624 ) (-2048 2419.910156 -624 ) 
4 273 277 (-2112.631836 2484.538086 -624 ) (-2115.461914 2487.368164 -624 ) (-2115.461914 2487.368164 772 ) (-2112.631836 2484.538086 772 ) 
4 273 276 (-2048 2419.906250 -624 ) (-2112.631836 2484.538086 -624 ) (-2112.631836 2484.538086 772 ) (-2048 2419.906250 772 ) 
4 273 275 (-2115.461914 2487.368164 -624 ) (-2700.093750 3072 -624 ) (-2700.093750 3072 772 ) (-2115.461914 2487.368164 772 ) 
3 274 278 (-2603.910156 3072 -624 ) (-2048 3072 -624 ) (-2048 2516.089844 -624 ) 
4 274 277 (-2067.368164 2535.461914 -624 ) (-2064.538086 2532.631836 -624 ) (-2064.538086 2532.631836 772 ) (-2067.368164 2535.461914 772 ) 
4 274 276 (-2064.538086 2532.631836 -624 ) (-2048 2516.093750 -624 ) (-2048 2516.093750 772 ) (-2064.538086 2532.631836 772 ) 
4 274 275 (-2603.906250 3072 -624 ) (-2067.368164 2535.461914 -624 ) (-2067.368164 2535.461914 772 ) (-2603.906250 3072 772 ) 
4 275 278 (-2700.089844 3072 -624 ) (-2603.910156 3072 -624 ) (-2067.370117 2535.459961 -624 ) (-2115.459961 2487.370117 -624 ) 
4 275 277 (-2115.458984 2487.369141 772 ) (-2115.458984 2487.369141 -624 ) (-2067.368652 2535.459473 -624 ) (-2067.368652 2535.459473 772 ) 
4 276 278 (-2064.540039 2532.629883 -624 ) (-2048 2516.089844 -624 ) (-2048 2419.910156 -624 ) (-2112.629883 2484.540039 -624 ) 
4 276 277 (-2064.540527 2532.631348 772 ) (-2064.540527 2532.631348 -624 ) (-2112.630859 2484.541016 -624 ) (-2112.630859 2484.541016 772 ) 
4 277 278 (-2067.370117 2535.459961 -624 ) (-2064.540039 2532.629883 -624 ) (-2112.629883 2484.540039 -624 ) (-2115.459961 2487.370117 -624 ) 
4 278 283 (-3068 2188 -624 ) (-3068 2188 -626.028992 ) (-2688 2188 -626.028992 ) (-2688 2188 -624 ) 
4 278 282 (-2688 2188 -626.028992 ) (-2208 2188 -626.028992 ) (-2208 2188 -624 ) (-2688 2188 -624 ) 
4 278 281 (-2208 2188 -626.028992 ) (-2048 2188 -626.028992 ) (-2048 2188 -624 ) (-2208 2188 -624 ) 
4 279 300 (-2208 2048 704 ) (-2688 2048 704 ) (-2688 2048 320 ) (-2208 2048 320 ) 
4 279 280 (-2688 2188 320 ) (-2208 2188 320 ) (-2208 2048 320 ) (-2688 2048 320 ) 
4 280 300 (-2208 2048 320 ) (-2688 2048 320 ) (-2688 2048 64 ) (-2208 2048 64 ) 
4 280 282 (-2688 2176 64 ) (-2688 2188 64 ) (-2208 2188 64 ) (-2208 2176 64 ) 
4 281 282 (-2208 2188 -626.028992 ) (-2208 2176 -626.028992 ) (-2208 2176 64 ) (-2208 2188 64 ) 
4 282 283 (-2688 2188 -626.028992 ) (-2688 2176 -626.028992 ) (-2688 2176 64 ) (-2688 2188 64 ) 
4 284 290 (-1024 1024 320 ) (-1024 1024 568 ) (-1408 1024 568 ) (-1408 1024 320 ) 
4 284 289 (-1024 1024 568 ) (-1024 1024 640 ) (-1408 1024 640 ) (-1408 1024 568 ) 
4 284 285 (-1024 1024 320 ) (-1408 1024 320 ) (-1408 1696 320 ) (-1024 1696 320 ) 
4 285 290 (-1024 1024 64 ) (-1024 1024 320 ) (-1408 1024 320 ) (-1408 1024 64 ) 
4 286 296 (-2048 1952 704 ) (-2048 1024 704 ) (-2048 1024 2304 ) (-2048 1952 2304 ) 
4 286 288 (-1632.239990 1024 2304 ) (-2048 1024 2304 ) (-2048 1024 704 ) (-1632.239990 1024 704 ) 
4 286 287 (-1632.239990 1952 704 ) (-1632.239990 1024 704 ) (-2048 1024 704 ) (-2048 1952 704 ) 
4 287 299 (-2048 1952 64 ) (-2048 1024 64 ) (-2048 1024 704 ) (-2048 1952 704 ) 
4 287 291 (-2048 1024 640 ) (-2048 1024 64 ) (-1632.239990 1024 64 ) (-1632.239990 1024 640 ) 
4 287 288 (-2048 1024 704 ) (-2048 1024 640 ) (-1632.239990 1024 640 ) (-1632.239990 1024 704 ) 
4 288 304 (-2048 1024 2304 ) (-2048 1024 640 ) (-2048 736 640 ) (-2048 736 2304 ) 
4 288 295 (-2048 736 1536 ) (-2048 736 640 ) (-1632.239990 736 640 ) (-1632.239990 736 1536 ) 
4 288 292 (-1632.239990 736 2304 ) (-2048 736 2304 ) (-2048 736 1536 ) (-1632.239990 736 1536 ) 
4 288 291 (-1632.239990 736 640 ) (-2048 736 640 ) (-2048 1024 640 ) (-1632.239990 1024 640 ) 
4 289 290 (-1408 800 568 ) (-1408 1024 568 ) (-1024 1024 568 ) (-1024 800 568 ) 
4 291 304 (-2048 1024 640 ) (-2048 1024 64 ) (-2048 736 64 ) (-2048 736 640 ) 
4 291 295 (-2048 736 64 ) (-1632.239990 736 64 ) (-1632.239990 736 640 ) (-2048 736 640 ) 
4 292 306 (-1632.239990 0 2304 ) (-2048 0 2304 ) (-2048 0 1536 ) (-1632.239990 0 1536 ) 
4 292 304 (-2048 0 1536 ) (-2048 0 2304 ) (-2048 736 2304 ) (-2048 736 1536 ) 
4 292 295 (-2048 0 1536 ) (-2048 736 1536 ) (-1632.239990 736 1536 ) (-1632.239990 0 1536 ) 
4 293 307 (-1024 0 576 ) (-1024 0 1536 ) (-1280 0 1536 ) (-1280 0 576 ) 
4 293 294 (-1280 0 576 ) (-1280 384 576 ) (-1024 384 576 ) (-1024 0 576 ) 
4 294 307 (-1024 0 64 ) (-1024 0 576 ) (-1280 0 576 ) (-1280 0 64 ) 
4 295 308 (-1632.239990 0 1536 ) (-2048 0 1536 ) (-2048 0 64 ) (-1632.239990 0 64 ) 
4 295 304 (-2048 0 64 ) (-2048 0 1536 ) (-2048 736 1536 ) (-2048 736 64 ) 
4 296 304 (-2048 1024 704 ) (-2048 1024 2304 ) (-2208 1024 2304 ) (-2208 1024 704 ) 
4 296 299 (-2048 1024 704 ) (-2208 1024 704 ) (-2208 1952 704 ) (-2048 1952 704 ) 
4 296 297 (-2208 1952 704 ) (-2208 1024 704 ) (-2208 1024 2304 ) (-2208 1952 2304 ) 
4 297 304 (-2208 1024 2304 ) (-2688 1024 2304 ) (-2688 1024 704 ) (-2208 1024 704 ) 
4 297 300 (-2208 1024 704 ) (-2688 1024 704 ) (-2688 1952 704 ) (-2208 1952 704 ) 
4 297 298 (-2688 1952 704 ) (-2688 1024 704 ) (-2688 1024 2304 ) (-2688 1952 2304 ) 
4 298 304 (-2688 1024 2304 ) (-3072 1024 2304 ) (-3072 1024 704 ) (-2688 1024 704 ) 
4 298 302 (-3072 1952 704 ) (-3072 1024 704 ) (-3072 1024 2304 ) (-3072 1952 2304 ) 
4 298 301 (-2688 1024 704 ) (-3072 1024 704 ) (-3072 1952 704 ) (-2688 1952 704 ) 
4 299 304 (-2048 1024 64 ) (-2048 1024 704 ) (-2208 1024 704 ) (-2208 1024 64 ) 
4 299 300 (-2208 1024 64 ) (-2208 1024 704 ) (-2208 1952 704 ) (-2208 1952 64 ) 
4 300 304 (-2208 1024 64 ) (-2208 1024 704 ) (-2688 1024 704 ) (-2688 1024 64 ) 
4 300 301 (-2688 1024 704 ) (-2688 1952 704 ) (-2688 1952 64 ) (-2688 1024 64 ) 
4 301 304 (-2688 1024 64 ) (-2688 1024 704 ) (-3072 1024 704 ) (-3072 1024 64 ) 
4 301 303 (-3072 1952 64 ) (-3072 1024 64 ) (-3072 1024 704 ) (-3072 1952 704 ) 
4 302 314 (-4096 1952 704 ) (-4096 1024 704 ) (-4096 1024 2304 ) (-4096 1952 2304 ) 
4 302 305 (-3072 1024 704 ) (-3072 1024 2304 ) (-4096 1024 2304 ) (-4096 1024 704 ) 
4 302 303 (-3072 1952 704 ) (-3072 1024 704 ) (-4096 1024 704 ) (-4096 1952 704 ) 
4 303 315 (-4096 1952 64 ) (-4096 1024 64 ) (-4096 1024 704 ) (-4096 1952 704 ) 
4 303 305 (-3072 1024 64 ) (-3072 1024 704 ) (-4096 1024 704 ) (-4096 1024 64 ) 
4 304 309 (-2048 0 64 ) (-2048 0 2304 ) (-3072 0 2304 ) (-3072 0 64 ) 
4 304 305 (-3072 1024 2304 ) (-3072 1024 64 ) (-3072 0 64 ) (-3072 0 2304 ) 
4 305 316 (-4096 0 64 ) (-4096 0 2304 ) (-4096 1024 2304 ) (-4096 1024 64 ) 
4 305 310 (-3072 0 64 ) (-3072 0 2304 ) (-4096 0 2304 ) (-4096 0 64 ) 
4 306 311 (-1632.239990 -1024 2304 ) (-2048 -1024 2304 ) (-2048 -1024 1536 ) (-1632.239990 -1024 1536 ) 
4 306 309 (-2048 -1024 1536 ) (-2048 -1024 2304 ) (-2048 0 2304 ) (-2048 0 1536 ) 
4 306 308 (-2048 -1024 1536 ) (-2048 0 1536 ) (-1632.239990 0 1536 ) (-1632.239990 -1024 1536 ) 
4 308 311 (-1632.239990 -1024 1536 ) (-2048 -1024 1536 ) (-2048 -1024 64 ) (-1632.239990 -1024 64 ) 
4 308 309 (-2048 -1024 64 ) (-2048 -1024 1536 ) (-2048 0 1536 ) (-2048 0 64 ) 
4 309 312 (-2048 -1024 64 ) (-2048 -1024 2304 ) (-3072 -1024 2304 ) (-3072 -1024 64 ) 
4 309 310 (-3072 0 2304 ) (-3072 0 64 ) (-3072 -1024 64 ) (-3072 -1024 2304 ) 
4 310 320 (-4096 -1024 64 ) (-4096 -1024 2304 ) (-4096 0 2304 ) (-4096 0 64 ) 
4 310 313 (-4096 -1024 2304 ) (-4096 -1024 64 ) (-3072 -1024 64 ) (-3072 -1024 2304 ) 
4 311 312 (-2048 -1024 2304 ) (-2048 -1024 64 ) (-2048 -1664 64 ) (-2048 -1664 2304 ) 
4 312 313 (-3072 -1024 2304 ) (-3072 -1024 64 ) (-3072 -1664 64 ) (-3072 -1664 2304 ) 
4 313 322 (-4096 -1664 2304 ) (-4096 -1024 2304 ) (-4096 -1024 64 ) (-4096 -1664 64 ) 
4 314 317 (-5120 1952 704 ) (-5120 1024 704 ) (-5120 1024 2304 ) (-5120 1952 2304 ) 
4 314 316 (-4096 1024 704 ) (-4096 1024 2304 ) (-5120 1024 2304 ) (-5120 1024 704 ) 
4 314 315 (-5120 1024 704 ) (-5120 1952 704 ) (-4096 1952 704 ) (-4096 1024 704 ) 
4 315 318 (-5120 1952 64 ) (-5120 1024 64 ) (-5120 1024 704 ) (-5120 1952 704 ) 
4 315 316 (-4096 1024 64 ) (-4096 1024 704 ) (-5120 1024 704 ) (-5120 1024 64 ) 
4 316 320 (-4096 0 64 ) (-4096 0 2304 ) (-5120 0 2304 ) (-5120 0 64 ) 
4 316 319 (-5120 0 64 ) (-5120 0 2304 ) (-5120 1024 2304 ) (-5120 1024 64 ) 
4 317 319 (-5120 1024 704 ) (-5120 1024 2304 ) (-5263.240234 1024 2304 ) (-5263.240234 1024 704 ) 
4 317 318 (-5263.240234 1024 704 ) (-5263.240234 1952 704 ) (-5120 1952 704 ) (-5120 1024 704 ) 
4 318 319 (-5120 1024 64 ) (-5120 1024 704 ) (-5263.240234 1024 704 ) (-5263.240234 1024 64 ) 
4 319 321 (-5120 0 64 ) (-5120 0 2304 ) (-5263.240234 0 2304 ) (-5263.240234 0 64 ) 
4 320 322 (-4096 -1024 64 ) (-4096 -1024 2304 ) (-5120 -1024 2304 ) (-5120 -1024 64 ) 
4 320 321 (-5120 -1024 64 ) (-5120 -1024 2304 ) (-5120 0 2304 ) (-5120 0 64 ) 
4 321 323 (-5120 -1024 64 ) (-5120 -1024 2304 ) (-5263.240234 -1024 2304 ) (-5263.240234 -1024 64 ) 
4 322 323 (-5120 -1024 2304 ) (-5120 -1024 64 ) (-5120 -1664 64 ) (-5120 -1664 2304 ) 
