PRT1
270
770
4 0 31 (2048 2048 224 ) (2048 2048 64 ) (2208 2048 64 ) (2208 2048 224 ) 
4 0 30 (2208 2048 64 ) (2464 2048 64 ) (2464 2048 224 ) (2208 2048 224 ) 
4 0 26 (2232 2048 352 ) (2048 2048 352 ) (2048 2048 224 ) (2232 2048 224 ) 
4 0 25 (2464 2048 352 ) (2232 2048 352 ) (2232 2048 224 ) (2464 2048 224 ) 
4 0 24 (2912 2048 64 ) (2912 2048 352 ) (2464 2048 352 ) (2464 2048 64 ) 
4 0 19 (2496 2048 1472 ) (2048 2048 1472 ) (2048 2048 352 ) (2496 2048 352 ) 
4 0 18 (2912 2048 352 ) (2912 2048 1472 ) (2496 2048 1472 ) (2496 2048 352 ) 
4 0 3 (2048 2048 64 ) (2048 2048 1472 ) (2048 2400 1472 ) (2048 2400 64 ) 
4 1 4 (448 4096 1475.969971 ) (0 4096 1475.969971 ) (0 4096 -626.028992 ) (448 4096 -626.028992 ) 
4 1 2 (0 4096 -626.028992 ) (0 4096 1475.969971 ) (0 5024 1475.969971 ) (0 5024 -626.028992 ) 
4 2 211 (-1024 4096 -626.028992 ) (-1024 4096 1475.969971 ) (-1024 5024 1475.969971 ) (-1024 5024 -626.028992 ) 
4 2 6 (-640 4096 1475.969971 ) (-896 4096 1475.969971 ) (-896 4096 -626.028992 ) (-640 4096 -626.028992 ) 
4 2 5 (0 4096 -626.028992 ) (0 4096 1475.969971 ) (-640 4096 1475.969971 ) (-640 4096 -626.028992 ) 
4 2 7 (-896 4096 1475.969971 ) (-1024 4096 1475.969971 ) (-1024 4096 -626.028992 ) (-896 4096 -626.028992 ) 
4 3 84 (1040 2048 352 ) (1024 2048 352 ) (1024 2048 64 ) (1040 2048 64 ) 
4 3 80 (2016 2048 352 ) (1040 2048 352 ) (1040 2048 64 ) (2016 2048 64 ) 
4 3 72 (2048 2048 64 ) (2048 2048 224 ) (2044 2048 224 ) (2044 2048 64 ) 
4 3 75 (2044 2048 224 ) (2016 2048 224 ) (2016 2048 64 ) (2044 2048 64 ) 
4 3 68 (2048 2048 224 ) (2048 2048 352 ) (2024 2048 352 ) (2024 2048 224 ) 
4 3 71 (2024 2048 352 ) (2016 2048 352 ) (2016 2048 224 ) (2024 2048 224 ) 
4 3 66 (1312 2048 352 ) (1440 2048 352 ) (1440 2048 384 ) (1312 2048 384 ) 
4 3 67 (1024 2048 384 ) (1024 2048 352 ) (1312 2048 352 ) (1312 2048 384 ) 
4 3 62 (1440 2048 416 ) (1024 2048 416 ) (1024 2048 384 ) (1440 2048 384 ) 
4 3 59 (1984 2048 416 ) (1440 2048 416 ) (1440 2048 352 ) (1984 2048 352 ) 
4 3 56 (2048 2048 352 ) (2048 2048 416 ) (1984 2048 416 ) (1984 2048 352 ) 
4 3 55 (2048 2048 416 ) (2048 2048 1472 ) (1024 2048 1472 ) (1024 2048 416 ) 
4 3 8 (1024 2048 64 ) (1024 2048 1472 ) (1024 2400 1472 ) (1024 2400 64 ) 
4 4 12 (0 3072 64 ) (0 3072 -626.028992 ) (448 3072 -626.028992 ) (448 3072 64 ) 
4 4 11 (0 3072 320 ) (0 3072 64 ) (448 3072 64 ) (448 3072 320 ) 
4 4 10 (0 3072 704 ) (0 3072 320 ) (448 3072 320 ) (448 3072 704 ) 
4 4 9 (448 3072 1475.969971 ) (0 3072 1475.969971 ) (0 3072 704 ) (448 3072 704 ) 
4 4 5 (0 4096 1475.969971 ) (0 4096 -626.028992 ) (0 3072 -626.028992 ) (0 3072 1475.969971 ) 
4 5 15 (0 3072 -626.028992 ) (0 3072 64 ) (-640 3072 64 ) (-640 3072 -626.028992 ) 
4 5 13 (0 3072 64 ) (0 3072 1475.969971 ) (-640 3072 1475.969971 ) (-640 3072 64 ) 
5 5 6 (-640 4096 -626.028992 ) (-640 3399.544434 -626.028992 ) (-640 3072 -438.860352 ) (-640 3072 1475.969971 ) (-640 4096 1475.969971 ) 
4 6 16 (-896 3072 64 ) (-896 3072 -438.860413 ) (-640 3072 -438.860352 ) (-640 3072 64 ) 
4 6 13 (-640 3072 1475.969971 ) (-896 3072 1475.969971 ) (-896 3072 64 ) (-640 3072 64 ) 
5 6 7 (-896 4096 -626.028992 ) (-896 3399.544434 -626.028992 ) (-896 3072 -438.860352 ) (-896 3072 1475.969971 ) (-896 4096 1475.969971 ) 
4 7 213 (-1024 3072 -626.028992 ) (-1024 3072 1475.969971 ) (-1024 4096 1475.969971 ) (-1024 4096 -626.028992 ) 
4 7 17 (-1024 3072 64 ) (-1024 3072 -626.028992 ) (-896 3072 -626.028992 ) (-896 3072 64 ) 
4 7 13 (-896 3072 1475.969971 ) (-1024 3072 1475.969971 ) (-1024 3072 64 ) (-896 3072 64 ) 
4 8 122 (644 2048 288 ) (640 2048 288 ) (640 2048 64 ) (644 2048 64 ) 
4 8 121 (736 2048 288 ) (644 2048 288 ) (644 2048 64 ) (736 2048 64 ) 
4 8 118 (1024 2048 64 ) (1024 2048 288 ) (736 2048 288 ) (736 2048 64 ) 
4 8 115 (644 2048 1472 ) (640 2048 1472 ) (640 2048 288 ) (644 2048 288 ) 
4 8 111 (1024 2048 288 ) (1024 2048 1472 ) (720 2048 1472 ) (720 2048 288 ) 
4 8 114 (720 2048 1472 ) (644 2048 1472 ) (644 2048 288 ) (720 2048 288 ) 
4 9 13 (0 3072 1475.969971 ) (0 3072 704 ) (0 2188 704 ) (0 2188 1475.969971 ) 
4 9 10 (0 2188 704 ) (0 3072 704 ) (448 3072 704 ) (448 2188 704 ) 
4 10 13 (0 3072 704 ) (0 3072 320 ) (0 2188 320 ) (0 2188 704 ) 
4 10 11 (0 2188 320 ) (0 3072 320 ) (448 3072 320 ) (448 2188 320 ) 
4 11 13 (0 3072 320 ) (0 3072 64 ) (0 2188 64 ) (0 2188 320 ) 
4 11 12 (0 2188 64 ) (0 3072 64 ) (448 3072 64 ) (448 2188 64 ) 
4 12 15 (0 3072 64 ) (0 3072 -626.028992 ) (0 2176 -626.028992 ) (0 2176 64 ) 
4 13 216 (-1024 3072 320 ) (-1024 3072 64 ) (-1024 2188 64 ) (-1024 2188 320 ) 
4 13 215 (-1024 3072 704 ) (-1024 3072 320 ) (-1024 2188 320 ) (-1024 2188 704 ) 
4 13 214 (-1024 3072 1475.969971 ) (-1024 3072 704 ) (-1024 2188 704 ) (-1024 2188 1475.969971 ) 
4 13 16 (-896 2191.996094 64 ) (-896 3072 64 ) (-640 3072 64 ) (-640 2191.996094 64 ) 
4 13 17 (-896 2188 64 ) (-1024 2188 64 ) (-1024 3072 64 ) (-896 3072 64 ) 
4 13 15 (0 3072 64 ) (0 2188 64 ) (-640 2188 64 ) (-640 3072 64 ) 
4 13 14 (-896 2188 64 ) (-640 2188 64 ) (-640 2188 320 ) (-896 2188 320 ) 
4 14 143 (-640 2048 320 ) (-896 2048 320 ) (-896 2048 64 ) (-640 2048 64 ) 
3 15 16 (-640 2191.996094 64 ) (-640 3072 64 ) (-640 3072 -438.860352 ) 
3 16 17 (-896 2191.996094 64 ) (-896 3072 64 ) (-896 3072 -438.860352 ) 
4 17 217 (-1024 2176 64 ) (-1024 3072 64 ) (-1024 3072 -626.028992 ) (-1024 2176 -626.028992 ) 
4 18 40 (2912 1120 352 ) (2912 1056 352 ) (2496 1056 352 ) (2496 1120 352 ) 
4 18 24 (2496 2048 352 ) (2912 2048 352 ) (2912 1120 352 ) (2496 1120 352 ) 
4 18 21 (2496 1056 352 ) (2912 1056 352 ) (2912 1056 1472 ) (2496 1056 1472 ) 
4 18 20 (2496 1056 384 ) (2496 1056 1472 ) (2496 1568 1472 ) (2496 1568 384 ) 
4 18 19 (2496 2048 352 ) (2496 1568 352 ) (2496 1568 1472 ) (2496 2048 1472 ) 
4 19 56 (2048 2048 416 ) (2048 2048 352 ) (2048 1568 352 ) (2048 1568 416 ) 
4 19 55 (2048 1568 1472 ) (2048 2048 1472 ) (2048 2048 416 ) (2048 1568 416 ) 
4 19 28 (2048 1568 352 ) (2048 1724 352 ) (2464 1724 352 ) (2464 1568 352 ) 
4 19 27 (2048 1724 352 ) (2048 1988 352 ) (2232 1988 352 ) (2232 1724 352 ) 
4 19 26 (2048 1988 352 ) (2048 2048 352 ) (2232 2048 352 ) (2232 1988 352 ) 
4 19 25 (2232 2048 352 ) (2464 2048 352 ) (2464 1724 352 ) (2232 1724 352 ) 
4 19 24 (2464 2048 352 ) (2496 2048 352 ) (2496 1568 352 ) (2464 1568 352 ) 
4 19 20 (2496 1568 384 ) (2496 1568 1472 ) (2048 1568 1472 ) (2048 1568 384 ) 
4 20 57 (2048 1568 416 ) (2048 1568 384 ) (2048 1056 384 ) (2048 1056 416 ) 
4 20 55 (2048 1056 1472 ) (2048 1568 1472 ) (2048 1568 416 ) (2048 1056 416 ) 
4 20 22 (2368 1056 1472 ) (2112 1056 1472 ) (2112 1056 384 ) (2368 1056 384 ) 
4 20 21 (2496 1056 384 ) (2496 1056 1472 ) (2368 1056 1472 ) (2368 1056 384 ) 
4 20 23 (2112 1056 1472 ) (2048 1056 1472 ) (2048 1056 384 ) (2112 1056 384 ) 
4 21 50 (2368 1024 384 ) (2368 1024 352 ) (2912 1024 352 ) (2912 1024 384 ) 
4 21 45 (2912 1024 1472 ) (2368 1024 1472 ) (2368 1024 384 ) (2912 1024 384 ) 
4 21 41 (2368 1056 352 ) (2464 1056 352 ) (2464 1024 352 ) (2368 1024 352 ) 
4 21 40 (2464 1056 352 ) (2912 1056 352 ) (2912 1024 352 ) (2464 1024 352 ) 
4 21 22 (2368 1056 1472 ) (2368 1056 384 ) (2368 1024 384 ) (2368 1024 1472 ) 
4 22 45 (2368 1024 1472 ) (2112 1024 1472 ) (2112 1024 384 ) (2368 1024 384 ) 
4 22 23 (2112 1056 1472 ) (2112 1056 384 ) (2112 1024 384 ) (2112 1024 1472 ) 
4 23 58 (2048 1024 352 ) (2048 1024 416 ) (2048 1056 416 ) (2048 1056 352 ) 
4 23 55 (2048 1024 416 ) (2048 1024 1472 ) (2048 1056 1472 ) (2048 1056 416 ) 
4 23 52 (2048 1024 384 ) (2048 1024 352 ) (2112 1024 352 ) (2112 1024 384 ) 
4 23 47 (2048 1024 416 ) (2048 1024 384 ) (2108 1024 384 ) (2108 1024 416 ) 
4 23 46 (2108 1024 1472 ) (2048 1024 1472 ) (2048 1024 416 ) (2108 1024 416 ) 
4 23 45 (2112 1024 1472 ) (2108 1024 1472 ) (2108 1024 384 ) (2112 1024 384 ) 
4 23 44 (2048 1024 352 ) (2048 1056 352 ) (2112 1056 352 ) (2112 1024 352 ) 
4 24 40 (2464 1120 64 ) (2912 1120 64 ) (2912 1120 352 ) (2464 1120 352 ) 
4 24 38 (2464 1120 96 ) (2464 1120 192 ) (2464 1408 192 ) (2464 1408 96 ) 
4 24 35 (2464 1760 64 ) (2464 1536 64 ) (2464 1536 224 ) (2464 1760 224 ) 
4 24 32 (2464 1952 64 ) (2464 1760 64 ) (2464 1760 224 ) (2464 1952 224 ) 
4 24 30 (2464 2048 64 ) (2464 1952 64 ) (2464 1952 224 ) (2464 2048 224 ) 
4 24 28 (2464 1536 352 ) (2464 1724 352 ) (2464 1724 224 ) (2464 1536 224 ) 
4 24 25 (2464 1724 352 ) (2464 2048 352 ) (2464 2048 224 ) (2464 1724 224 ) 
4 25 35 (2464 1760 224 ) (2464 1724 224 ) (2232 1724 224 ) (2232 1760 224 ) 
4 25 32 (2464 1952 224 ) (2464 1760 224 ) (2232 1760 224 ) (2232 1952 224 ) 
4 25 30 (2232 2048 224 ) (2464 2048 224 ) (2464 1952 224 ) (2232 1952 224 ) 
4 25 28 (2232 1724 224 ) (2464 1724 224 ) (2464 1724 352 ) (2232 1724 352 ) 
4 25 27 (2232 1724 236 ) (2232 1724 352 ) (2232 1988 352 ) (2232 1988 236 ) 
4 25 26 (2232 2048 224 ) (2232 1988 224 ) (2232 1988 352 ) (2232 2048 352 ) 
4 26 68 (2048 1988 352 ) (2048 2048 352 ) (2048 2048 224 ) (2048 1988 224 ) 
4 26 31 (2048 1988 224 ) (2048 2048 224 ) (2208 2048 224 ) (2208 1988 224 ) 
4 26 30 (2208 2048 224 ) (2232 2048 224 ) (2232 1988 224 ) (2208 1988 224 ) 
4 26 27 (2232 1988 236 ) (2232 1988 352 ) (2048 1988 352 ) (2048 1988 236 ) 
4 27 69 (2048 1724 352 ) (2048 1988 352 ) (2048 1988 236 ) (2048 1724 236 ) 
4 27 28 (2232 1724 236 ) (2232 1724 352 ) (2048 1724 352 ) (2048 1724 236 ) 
4 28 70 (2048 1536 352 ) (2048 1724 352 ) (2048 1724 224 ) (2048 1536 224 ) 
4 28 36 (2048 1536 224 ) (2048 1724 224 ) (2208 1724 224 ) (2208 1536 224 ) 
4 28 35 (2208 1724 224 ) (2464 1724 224 ) (2464 1536 224 ) (2208 1536 224 ) 
4 29 39 (2432 1408 352 ) (2048 1408 352 ) (2048 1408 224 ) (2432 1408 224 ) 
4 29 37 (2432 1408 224 ) (2048 1408 224 ) (2048 1504 224 ) (2432 1504 224 ) 
4 30 32 (2208 1952 64 ) (2464 1952 64 ) (2464 1952 224 ) (2208 1952 224 ) 
4 30 31 (2208 2048 64 ) (2208 1984 64 ) (2208 1984 224 ) (2208 2048 224 ) 
4 31 72 (2048 2048 224 ) (2048 2048 64 ) (2048 1984 64 ) (2048 1984 224 ) 
4 32 35 (2208 1760 64 ) (2464 1760 64 ) (2464 1760 224 ) (2208 1760 224 ) 
4 33 34 (2080 1888 64 ) (2080 1824 64 ) (2080 1824 192 ) (2080 1888 192 ) 
4 34 73 (2048 1888 64 ) (2048 1824 64 ) (2048 1824 192 ) (2048 1888 192 ) 
4 35 36 (2208 1728 64 ) (2208 1536 64 ) (2208 1536 224 ) (2208 1728 224 ) 
4 36 74 (2048 1728 64 ) (2048 1536 64 ) (2048 1536 224 ) (2048 1728 224 ) 
4 37 76 (2048 1504 64 ) (2048 1440 64 ) (2048 1440 192 ) (2048 1504 192 ) 
4 37 39 (2048 1408 64 ) (2432 1408 64 ) (2432 1408 224 ) (2048 1408 224 ) 
4 38 39 (2432 1408 192 ) (2432 1408 96 ) (2432 1120 96 ) (2432 1120 192 ) 
4 39 78 (2048 1184 192 ) (2048 1184 64 ) (2048 1120 64 ) (2048 1120 192 ) 
4 39 42 (2304 1120 128 ) (2304 1120 256 ) (2176 1120 256 ) (2176 1120 128 ) 
4 40 54 (2912 1024 352 ) (2464 1024 352 ) (2464 1024 64 ) (2912 1024 64 ) 
4 40 41 (2464 1088 64 ) (2464 1024 64 ) (2464 1024 352 ) (2464 1088 352 ) 
4 41 54 (2464 1024 352 ) (2304 1024 352 ) (2304 1024 64 ) (2464 1024 64 ) 
4 41 43 (2304 1088 64 ) (2304 1024 64 ) (2304 1024 352 ) (2304 1088 352 ) 
4 42 43 (2176 1088 256 ) (2176 1088 128 ) (2304 1088 128 ) (2304 1088 256 ) 
4 43 54 (2304 1024 352 ) (2176 1024 352 ) (2176 1024 64 ) (2304 1024 64 ) 
4 43 44 (2176 1088 64 ) (2176 1024 64 ) (2176 1024 352 ) (2176 1088 352 ) 
4 44 79 (2048 1024 64 ) (2048 1024 352 ) (2048 1088 352 ) (2048 1088 64 ) 
4 44 54 (2176 1024 352 ) (2048 1024 352 ) (2048 1024 64 ) (2176 1024 64 ) 
4 45 52 (2108 1024 384 ) (2112 1024 384 ) (2112 956 384 ) (2108 956 384 ) 
4 45 50 (2368 1024 384 ) (2912 1024 384 ) (2912 832 384 ) (2368 832 384 ) 
4 45 49 (2108 832 384 ) (2912 832 384 ) (2912 832 1472 ) (2108 832 1472 ) 
4 45 48 (2108 948 384 ) (2108 836 384 ) (2108 836 416 ) (2108 948 416 ) 
4 45 47 (2108 1024 384 ) (2108 952 384 ) (2108 952 416 ) (2108 1024 416 ) 
4 45 46 (2108 832 416 ) (2108 832 1472 ) (2108 1024 1472 ) (2108 1024 416 ) 
4 46 95 (2048 832 1472 ) (2048 836 1472 ) (2048 836 416 ) (2048 832 416 ) 
4 46 88 (2048 836 1472 ) (2048 1024 1472 ) (2048 1024 416 ) (2048 836 416 ) 
4 46 49 (2108 832 416 ) (2108 832 1472 ) (2048 832 1472 ) (2048 832 416 ) 
4 46 48 (2108 948 416 ) (2108 836 416 ) (2048 836 416 ) (2048 948 416 ) 
4 46 47 (2048 1024 416 ) (2108 1024 416 ) (2108 952 416 ) (2048 952 416 ) 
4 47 89 (2048 1024 416 ) (2048 1024 384 ) (2048 960 384 ) (2048 960 416 ) 
4 47 92 (2048 960 384 ) (2048 952 384 ) (2048 952 416 ) (2048 960 416 ) 
4 47 52 (2048 956 384 ) (2048 1024 384 ) (2108 1024 384 ) (2108 956 384 ) 
4 48 94 (2048 948 384 ) (2048 836 384 ) (2048 836 416 ) (2048 948 416 ) 
4 49 103 (2048 224 1472 ) (2048 288 1472 ) (2048 288 384 ) (2048 224 384 ) 
4 49 98 (2048 288 1472 ) (2048 824 1472 ) (2048 824 384 ) (2048 288 384 ) 
4 49 97 (2048 824 1472 ) (2048 832 1472 ) (2048 832 384 ) (2048 824 384 ) 
4 49 53 (2048 224 384 ) (2048 828 384 ) (2112 828 384 ) (2112 224 384 ) 
4 49 51 (2368 800 384 ) (2368 224 384 ) (2112 224 384 ) (2112 800 384 ) 
4 49 50 (2368 832 384 ) (2912 832 384 ) (2912 224 384 ) (2368 224 384 ) 
4 50 54 (2912 1024 352 ) (2912 224 352 ) (2368 224 352 ) (2368 1024 352 ) 
4 50 51 (2368 800 352 ) (2368 224 352 ) (2368 224 384 ) (2368 800 384 ) 
4 51 54 (2368 224 352 ) (2112 224 352 ) (2112 800 352 ) (2368 800 352 ) 
4 51 53 (2112 800 352 ) (2112 224 352 ) (2112 224 384 ) (2112 800 384 ) 
4 52 104 (2048 956 384 ) (2048 1024 384 ) (2048 1024 352 ) (2048 956 352 ) 
4 52 54 (2048 956 352 ) (2048 1024 352 ) (2112 1024 352 ) (2112 956 352 ) 
4 53 107 (2048 224 384 ) (2048 828 384 ) (2048 828 352 ) (2048 224 352 ) 
4 53 54 (2048 224 352 ) (2048 828 352 ) (2112 828 352 ) (2112 224 352 ) 
4 54 110 (2048 224 64 ) (2048 224 352 ) (2048 956 352 ) (2048 956 64 ) 
4 54 104 (2048 956 352 ) (2048 1024 352 ) (2048 1024 64 ) (2048 956 64 ) 
4 55 112 (1024 1520.760010 416 ) (1024 1071.760010 416 ) (1024 1071.760010 1472 ) (1024 1520.760010 1472 ) 
4 55 111 (1024 2048 1472 ) (1024 2048 416 ) (1024 1520.760010 416 ) (1024 1520.760010 1472 ) 
4 55 113 (1024 1071.760010 416 ) (1024 1024 416 ) (1024 1024 1472 ) (1024 1071.760010 1472 ) 
4 55 88 (2048 1024 416 ) (2048 1024 1472 ) (1024 1024 1472 ) (1024 1024 416 ) 
4 55 65 (1024 1024 416 ) (1024 1624 416 ) (1316 1624 416 ) (1316 1024 416 ) 
4 55 63 (1436 1624 416 ) (1440 1624 416 ) (1440 1024 416 ) (1436 1024 416 ) 
4 55 64 (1320 1624 416 ) (1432 1624 416 ) (1432 1024 416 ) (1320 1024 416 ) 
4 55 62 (1024 1624 416 ) (1024 2048 416 ) (1440 2048 416 ) (1440 1624 416 ) 
4 55 60 (1984 1440 416 ) (1984 1184 416 ) (1440 1184 416 ) (1440 1440 416 ) 
4 55 59 (1440 2048 416 ) (1984 2048 416 ) (1984 1440 416 ) (1440 1440 416 ) 
4 55 61 (1984 1184 416 ) (1984 1024 416 ) (1440 1024 416 ) (1440 1184 416 ) 
4 55 57 (2048 1568 416 ) (2048 1056 416 ) (1984 1056 416 ) (1984 1568 416 ) 
4 55 56 (1984 2048 416 ) (2048 2048 416 ) (2048 1568 416 ) (1984 1568 416 ) 
4 55 58 (2048 1056 416 ) (2048 1024 416 ) (1984 1024 416 ) (1984 1056 416 ) 
4 56 80 (1984 1568 352 ) (1984 2048 352 ) (2016 2048 352 ) (2016 1568 352 ) 
4 56 69 (2048 1988 352 ) (2048 1724 352 ) (2024 1724 352 ) (2024 1988 352 ) 
4 56 68 (2024 2048 352 ) (2048 2048 352 ) (2048 1988 352 ) (2024 1988 352 ) 
4 56 70 (2048 1724 352 ) (2048 1568 352 ) (2024 1568 352 ) (2024 1724 352 ) 
4 56 71 (2016 2048 352 ) (2024 2048 352 ) (2024 1568 352 ) (2016 1568 352 ) 
4 56 59 (1984 2048 352 ) (1984 1568 352 ) (1984 1568 416 ) (1984 2048 416 ) 
4 56 57 (1984 1568 416 ) (1984 1568 384 ) (2048 1568 384 ) (2048 1568 416 ) 
4 57 60 (1984 1184 416 ) (1984 1440 416 ) (1984 1440 384 ) (1984 1184 384 ) 
4 57 59 (1984 1440 416 ) (1984 1568 416 ) (1984 1568 384 ) (1984 1440 384 ) 
4 57 61 (1984 1056 384 ) (1984 1056 416 ) (1984 1184 416 ) (1984 1184 384 ) 
4 57 58 (1984 1056 416 ) (1984 1056 384 ) (2048 1056 384 ) (2048 1056 416 ) 
4 58 104 (2048 1024 352 ) (2048 1024 384 ) (1984 1024 384 ) (1984 1024 352 ) 
4 58 89 (2048 1024 384 ) (2048 1024 416 ) (1984 1024 416 ) (1984 1024 384 ) 
4 58 83 (2016 1024 352 ) (1984 1024 352 ) (1984 1056 352 ) (2016 1056 352 ) 
4 58 79 (2048 1024 352 ) (2016 1024 352 ) (2016 1056 352 ) (2048 1056 352 ) 
4 58 61 (1984 1056 352 ) (1984 1024 352 ) (1984 1024 416 ) (1984 1056 416 ) 
4 59 80 (1440 1440 352 ) (1440 2048 352 ) (1984 2048 352 ) (1984 1440 352 ) 
4 59 66 (1440 2048 352 ) (1440 1628 352 ) (1440 1628 384 ) (1440 2048 384 ) 
4 59 63 (1440 1440 384 ) (1440 1440 416 ) (1440 1624 416 ) (1440 1624 384 ) 
4 59 62 (1440 1624 416 ) (1440 2048 416 ) (1440 2048 384 ) (1440 1624 384 ) 
5 59 60 (1440 1440 416 ) (1440 1440 352 ) (1911.199951 1440 352 ) (1984 1440 384 ) (1984 1440 416 ) 
4 60 81 (1440 1184 352 ) (1440 1440 352 ) (1911.199951 1440 352 ) (1911.199951 1184 352 ) 
4 60 63 (1440 1184 384 ) (1440 1184 416 ) (1440 1440 416 ) (1440 1440 384 ) 
5 60 61 (1440 1184 416 ) (1440 1184 352 ) (1911.199951 1184 352 ) (1984 1184 384 ) (1984 1184 416 ) 
4 61 104 (1440 1024 384 ) (1440 1024 352 ) (1984 1024 352 ) (1984 1024 384 ) 
4 61 89 (1984 1024 416 ) (1440 1024 416 ) (1440 1024 384 ) (1984 1024 384 ) 
4 61 83 (1984 1024 352 ) (1440 1024 352 ) (1440 1184 352 ) (1984 1184 352 ) 
4 61 63 (1440 1024 384 ) (1440 1024 416 ) (1440 1184 416 ) (1440 1184 384 ) 
4 62 111 (1024 2048 416 ) (1024 2048 384 ) (1024 1624 384 ) (1024 1624 416 ) 
4 62 66 (1312 2048 384 ) (1440 2048 384 ) (1440 1628 384 ) (1312 1628 384 ) 
4 62 67 (1024 2048 384 ) (1312 2048 384 ) (1312 1624 384 ) (1024 1624 384 ) 
4 62 65 (1024 1624 384 ) (1316 1624 384 ) (1316 1624 416 ) (1024 1624 416 ) 
4 62 63 (1436 1624 384 ) (1440 1624 384 ) (1440 1624 416 ) (1436 1624 416 ) 
4 62 64 (1320 1624 384 ) (1432 1624 384 ) (1432 1624 416 ) (1320 1624 416 ) 
4 63 89 (1440 1024 416 ) (1436 1024 416 ) (1436 1024 384 ) (1440 1024 384 ) 
4 64 90 (1432 1024 416 ) (1320 1024 416 ) (1320 1024 384 ) (1432 1024 384 ) 
4 65 112 (1024 1520.760010 384 ) (1024 1071.760010 384 ) (1024 1071.760010 416 ) (1024 1520.760010 416 ) 
4 65 111 (1024 1624 384 ) (1024 1520.760010 384 ) (1024 1520.760010 416 ) (1024 1624 416 ) 
4 65 113 (1024 1071.760010 384 ) (1024 1024 384 ) (1024 1024 416 ) (1024 1071.760010 416 ) 
4 65 91 (1316 1024 416 ) (1024 1024 416 ) (1024 1024 384 ) (1316 1024 384 ) 
4 65 67 (1312 1024 384 ) (1024 1024 384 ) (1024 1624 384 ) (1312 1624 384 ) 
4 66 80 (1312 1628 352 ) (1312 2048 352 ) (1440 2048 352 ) (1440 1628 352 ) 
4 66 67 (1312 2048 352 ) (1312 1628 352 ) (1312 1628 384 ) (1312 2048 384 ) 
4 67 112 (1024 1520.760010 352 ) (1024 1071.760010 352 ) (1024 1071.760010 384 ) (1024 1520.760010 384 ) 
4 67 111 (1024 2048 384 ) (1024 2048 352 ) (1024 1520.760010 352 ) (1024 1520.760010 384 ) 
4 67 113 (1024 1071.760010 352 ) (1024 1024 352 ) (1024 1024 384 ) (1024 1071.760010 384 ) 
4 67 106 (1024 1024 384 ) (1024 1024 352 ) (1312 1024 352 ) (1312 1024 384 ) 
4 67 85 (1024 1071.760010 352 ) (1024 1520.760010 352 ) (1040 1520.760010 352 ) (1040 1071.760010 352 ) 
4 67 84 (1024 1520.760010 352 ) (1024 2048 352 ) (1040 2048 352 ) (1040 1520.760010 352 ) 
4 67 87 (1040 1024 352 ) (1024 1024 352 ) (1024 1071.760010 352 ) (1040 1071.760010 352 ) 
4 67 81 (1040 1184 352 ) (1040 1440 352 ) (1312 1440 352 ) (1312 1184 352 ) 
4 67 80 (1040 1440 352 ) (1040 2048 352 ) (1312 2048 352 ) (1312 1440 352 ) 
4 67 83 (1312 1024 352 ) (1040 1024 352 ) (1040 1184 352 ) (1312 1184 352 ) 
4 68 72 (2044 2048 224 ) (2048 2048 224 ) (2048 1988 224 ) (2044 1988 224 ) 
4 68 75 (2024 2048 224 ) (2044 2048 224 ) (2044 1988 224 ) (2024 1988 224 ) 
4 68 69 (2024 1988 352 ) (2024 1988 236 ) (2048 1988 236 ) (2048 1988 352 ) 
4 68 71 (2024 2048 224 ) (2024 1988 224 ) (2024 1988 352 ) (2024 2048 352 ) 
4 69 71 (2024 1724 236 ) (2024 1724 352 ) (2024 1988 352 ) (2024 1988 236 ) 
4 69 70 (2024 1724 352 ) (2024 1724 236 ) (2048 1724 236 ) (2048 1724 352 ) 
4 70 74 (2048 1724 224 ) (2048 1536 224 ) (2044 1536 224 ) (2044 1724 224 ) 
4 70 75 (2044 1536 224 ) (2024 1536 224 ) (2024 1724 224 ) (2044 1724 224 ) 
4 70 71 (2024 1724 224 ) (2024 1536 224 ) (2024 1536 352 ) (2024 1724 352 ) 
4 71 80 (2016 1536 352 ) (2016 2048 352 ) (2016 2048 224 ) (2016 1536 224 ) 
4 71 75 (2016 1536 224 ) (2016 2048 224 ) (2024 2048 224 ) (2024 1536 224 ) 
4 72 75 (2044 2048 64 ) (2044 1984 64 ) (2044 1984 224 ) (2044 2048 224 ) 
4 73 75 (2044 1952 64 ) (2044 1760 64 ) (2044 1760 224 ) (2044 1952 224 ) 
4 74 75 (2044 1728 64 ) (2044 1536 64 ) (2044 1536 224 ) (2044 1728 224 ) 
4 75 80 (2016 2048 64 ) (2016 1536 64 ) (2016 1536 224 ) (2016 2048 224 ) 
4 76 80 (2016 1504 64 ) (2016 1440 64 ) (2016 1440 192 ) (2016 1504 192 ) 
4 77 78 (2032 1120 192 ) (2024 1120 192 ) (2024 1184 192 ) (2032 1184 192 ) 
4 78 83 (2016 1184 64 ) (2016 1120 64 ) (2016 1120 192 ) (2016 1184 192 ) 
4 79 104 (2048 1024 64 ) (2048 1024 352 ) (2016 1024 352 ) (2016 1024 64 ) 
4 79 83 (2016 1088 64 ) (2016 1024 64 ) (2016 1024 352 ) (2016 1088 352 ) 
4 80 85 (1040 1440 304 ) (1040 1440 352 ) (1040 1520.760010 352 ) (1040 1520.760010 304 ) 
4 80 86 (1040 1520.760010 64 ) (1040 1440 64 ) (1040 1440 288 ) (1040 1520.760010 288 ) 
4 80 84 (1040 2048 64 ) (1040 1520.760010 64 ) (1040 1520.760010 352 ) (1040 2048 352 ) 
4 80 82 (1288 1440 64 ) (2016 1440 64 ) (2016 1440 352 ) (1984 1440 352 ) 
4 80 81 (1040 1440 352 ) (1040 1440 64 ) (1256 1440 64 ) (1911.199951 1440 352 ) 
4 81 85 (1040 1184 304 ) (1040 1184 352 ) (1040 1440 352 ) (1040 1440 304 ) 
4 81 86 (1040 1440 64 ) (1040 1184 64 ) (1040 1184 288 ) (1040 1440 288 ) 
4 81 83 (1040 1184 352 ) (1040 1184 64 ) (1256 1184 64 ) (1911.199951 1184 352 ) 
4 82 83 (1288 1184 64 ) (2016 1184 64 ) (2016 1184 352 ) (1984 1184 352 ) 
4 83 105 (1440 1024 352 ) (1312 1024 352 ) (1312 1024 64 ) (1440 1024 64 ) 
4 83 104 (2016 1024 352 ) (1440 1024 352 ) (1440 1024 64 ) (2016 1024 64 ) 
4 83 106 (1312 1024 352 ) (1040 1024 352 ) (1040 1024 64 ) (1312 1024 64 ) 
4 83 85 (1040 1071.760010 304 ) (1040 1071.760010 352 ) (1040 1184 352 ) (1040 1184 304 ) 
4 83 86 (1040 1184 64 ) (1040 1071.760010 64 ) (1040 1071.760010 288 ) (1040 1184 288 ) 
4 83 87 (1040 1071.760010 64 ) (1040 1024 64 ) (1040 1024 352 ) (1040 1071.760010 352 ) 
4 84 118 (1024 2048 288 ) (1024 2048 64 ) (1024 1520.760010 64 ) (1024 1520.760010 288 ) 
4 84 111 (1024 2048 352 ) (1024 2048 288 ) (1024 1520.760010 288 ) (1024 1520.760010 352 ) 
4 84 85 (1040 1520.760010 304 ) (1040 1520.760010 352 ) (1024 1520.760010 352 ) (1024 1520.760010 304 ) 
4 84 86 (1024 1520.760010 64 ) (1040 1520.760010 64 ) (1040 1520.760010 288 ) (1024 1520.760010 288 ) 
4 85 112 (1024 1071.760010 304 ) (1024 1071.760010 352 ) (1024 1520.760010 352 ) (1024 1520.760010 304 ) 
4 85 87 (1040 1071.760010 304 ) (1040 1071.760010 352 ) (1024 1071.760010 352 ) (1024 1071.760010 304 ) 
4 86 120 (1024 1088 64 ) (1024 1071.760010 64 ) (1024 1071.760010 288 ) (1024 1088 288 ) 
4 86 118 (1024 1520.760010 64 ) (1024 1504 64 ) (1024 1504 288 ) (1024 1520.760010 288 ) 
4 86 119 (1024 1472 64 ) (1024 1120 64 ) (1024 1120 288 ) (1024 1472 288 ) 
4 86 87 (1024 1071.760010 64 ) (1040 1071.760010 64 ) (1040 1071.760010 288 ) (1024 1071.760010 288 ) 
4 87 120 (1024 1071.760010 64 ) (1024 1024 64 ) (1024 1024 288 ) (1024 1071.760010 288 ) 
4 87 113 (1024 1024 288 ) (1024 1024 352 ) (1024 1071.760010 352 ) (1024 1071.760010 288 ) 
4 87 106 (1040 1024 352 ) (1024 1024 352 ) (1024 1024 64 ) (1040 1024 64 ) 
4 88 145 (1024 1024 1472 ) (1024 1024 416 ) (1024 836 416 ) (1024 836 1472 ) 
4 88 95 (2048 836 416 ) (2048 836 1472 ) (1024 836 1472 ) (1024 836 416 ) 
4 88 93 (1308 952 416 ) (1444 952 416 ) (1444 948 416 ) (1308 948 416 ) 
4 88 94 (2048 836 416 ) (1024 836 416 ) (1024 948 416 ) (2048 948 416 ) 
4 88 91 (1024 960 416 ) (1024 1024 416 ) (1316 1024 416 ) (1316 960 416 ) 
4 88 89 (1436 1024 416 ) (2048 1024 416 ) (2048 960 416 ) (1436 960 416 ) 
4 88 90 (1320 1024 416 ) (1432 1024 416 ) (1432 960 416 ) (1320 960 416 ) 
4 88 92 (1024 952 416 ) (1024 960 416 ) (2048 960 416 ) (2048 952 416 ) 
4 89 104 (1440 1024 384 ) (2048 1024 384 ) (2048 960 384 ) (1440 960 384 ) 
4 89 92 (1436 960 384 ) (2048 960 384 ) (2048 960 416 ) (1436 960 416 ) 
4 90 92 (1320 960 384 ) (1432 960 384 ) (1432 960 416 ) (1320 960 416 ) 
4 91 146 (1024 1024 416 ) (1024 1024 384 ) (1024 960 384 ) (1024 960 416 ) 
4 91 106 (1024 960 384 ) (1024 1024 384 ) (1312 1024 384 ) (1312 960 384 ) 
4 91 92 (1024 960 384 ) (1316 960 384 ) (1316 960 416 ) (1024 960 416 ) 
4 92 146 (1024 960 384 ) (1024 952 384 ) (1024 952 416 ) (1024 960 416 ) 
4 92 104 (1440 960 384 ) (2048 960 384 ) (2048 956 384 ) (1440 956 384 ) 
4 92 106 (1024 956 384 ) (1024 960 384 ) (1312 960 384 ) (1312 956 384 ) 
4 92 93 (1308 952 384 ) (1444 952 384 ) (1444 952 416 ) (1308 952 416 ) 
4 93 94 (1308 948 384 ) (1444 948 384 ) (1444 948 416 ) (1308 948 416 ) 
4 94 147 (1024 948 384 ) (1024 836 384 ) (1024 836 416 ) (1024 948 416 ) 
4 94 96 (1308 836 384 ) (1444 836 384 ) (1444 836 416 ) (1308 836 416 ) 
4 95 145 (1024 832 1472 ) (1024 836 1472 ) (1024 836 416 ) (1024 832 416 ) 
4 95 97 (2048 832 416 ) (2048 832 1472 ) (1024 832 1472 ) (1024 832 416 ) 
4 95 96 (1444 832 416 ) (1308 832 416 ) (1308 836 416 ) (1444 836 416 ) 
4 96 97 (1308 832 384 ) (1444 832 384 ) (1444 832 416 ) (1308 832 416 ) 
4 97 148 (1024 832 416 ) (1024 832 384 ) (1024 824 384 ) (1024 824 416 ) 
4 97 145 (1024 824 1472 ) (1024 832 1472 ) (1024 832 416 ) (1024 824 416 ) 
4 97 109 (1024 824 384 ) (1024 828 384 ) (1312 828 384 ) (1312 824 384 ) 
4 97 107 (2048 828 384 ) (2048 824 384 ) (1440 824 384 ) (1440 828 384 ) 
4 97 101 (1320 824 416 ) (1320 824 1472 ) (1316 824 1472 ) (1316 824 416 ) 
4 97 100 (1320 824 384 ) (1432 824 384 ) (1432 824 1472 ) (1320 824 1472 ) 
4 97 102 (1024 824 384 ) (1316 824 384 ) (1316 824 1472 ) (1024 824 1472 ) 
4 97 99 (1436 824 448 ) (1436 824 1472 ) (1432 824 1472 ) (1432 824 448 ) 
4 97 98 (1436 824 384 ) (2048 824 384 ) (2048 824 1472 ) (1436 824 1472 ) 
4 98 107 (1440 824 384 ) (2048 824 384 ) (2048 288 384 ) (1440 288 384 ) 
4 98 103 (1436 288 384 ) (2048 288 384 ) (2048 288 1472 ) (1436 288 1472 ) 
4 98 99 (1436 824 1472 ) (1436 824 448 ) (1436 288 448 ) (1436 288 1472 ) 
4 99 103 (1436 288 448 ) (1436 288 1472 ) (1432 288 1472 ) (1432 288 448 ) 
4 99 100 (1432 824 1472 ) (1432 824 448 ) (1432 288 448 ) (1432 288 1472 ) 
4 100 103 (1320 288 384 ) (1432 288 384 ) (1432 288 1472 ) (1320 288 1472 ) 
4 100 101 (1320 824 1472 ) (1320 824 416 ) (1320 288 416 ) (1320 288 1472 ) 
4 101 103 (1320 288 416 ) (1320 288 1472 ) (1316 288 1472 ) (1316 288 416 ) 
4 101 102 (1316 824 1472 ) (1316 824 416 ) (1316 288 416 ) (1316 288 1472 ) 
4 102 157 (1024 288 1472 ) (1024 776 1472 ) (1024 776 384 ) (1024 288 384 ) 
4 102 148 (1024 824 416 ) (1024 824 384 ) (1024 776 384 ) (1024 776 416 ) 
4 102 145 (1024 776 1472 ) (1024 824 1472 ) (1024 824 416 ) (1024 776 416 ) 
4 102 109 (1024 288 384 ) (1024 824 384 ) (1312 824 384 ) (1312 288 384 ) 
4 102 103 (1024 288 384 ) (1316 288 384 ) (1316 288 1472 ) (1024 288 1472 ) 
4 103 157 (1024 224 1472 ) (1024 288 1472 ) (1024 288 384 ) (1024 224 384 ) 
4 103 109 (1024 224 384 ) (1024 288 384 ) (1312 288 384 ) (1312 224 384 ) 
4 103 108 (1440 284 384 ) (1440 224 384 ) (1312 224 384 ) (1312 284 384 ) 
4 103 107 (1440 288 384 ) (2048 288 384 ) (2048 224 384 ) (1440 224 384 ) 
4 104 110 (2048 956 64 ) (2048 956 352 ) (1440 956 352 ) (1440 956 64 ) 
4 104 105 (1440 1024 64 ) (1440 956 64 ) (1440 956 352 ) (1440 1024 352 ) 
4 105 110 (1312 956 352 ) (1312 956 64 ) (1440 956 64 ) (1440 956 352 ) 
4 105 106 (1312 1024 64 ) (1312 956 64 ) (1312 956 352 ) (1312 1024 352 ) 
4 106 156 (1024 956 64 ) (1024 956 144 ) (1024 1024 144 ) (1024 1024 64 ) 
4 106 155 (1024 956 144 ) (1024 956 152 ) (1024 1024 152 ) (1024 1024 144 ) 
4 106 154 (1024 956 152 ) (1024 956 280 ) (1024 1024 280 ) (1024 1024 152 ) 
4 106 153 (1024 956 280 ) (1024 956 288 ) (1024 1024 288 ) (1024 1024 280 ) 
4 106 150 (1024 956 288 ) (1024 956 384 ) (1024 1024 384 ) (1024 1024 288 ) 
4 106 110 (1024 956 352 ) (1024 956 64 ) (1312 956 64 ) (1312 956 352 ) 
4 107 110 (2048 828 352 ) (2048 224 352 ) (1440 224 352 ) (1440 828 352 ) 
4 107 108 (1440 284 352 ) (1440 224 352 ) (1440 224 384 ) (1440 284 384 ) 
4 108 110 (1440 284 352 ) (1440 224 352 ) (1312 224 352 ) (1312 284 352 ) 
4 108 109 (1312 284 352 ) (1312 224 352 ) (1312 224 384 ) (1312 284 384 ) 
4 109 157 (1024 224 384 ) (1024 776 384 ) (1024 776 352 ) (1024 224 352 ) 
4 109 152 (1024 776 384 ) (1024 828 384 ) (1024 828 352 ) (1024 776 352 ) 
4 109 110 (1024 224 352 ) (1024 828 352 ) (1312 828 352 ) (1312 224 352 ) 
4 110 160 (1024 224 64 ) (1024 224 144 ) (1024 776 144 ) (1024 776 64 ) 
4 110 157 (1024 224 144 ) (1024 224 352 ) (1024 776 352 ) (1024 776 144 ) 
4 110 156 (1024 956 144 ) (1024 956 64 ) (1024 776 64 ) (1024 776 144 ) 
4 110 155 (1024 956 152 ) (1024 956 144 ) (1024 776 144 ) (1024 776 152 ) 
4 110 154 (1024 956 280 ) (1024 956 152 ) (1024 776 152 ) (1024 776 280 ) 
4 110 153 (1024 956 288 ) (1024 956 280 ) (1024 776 280 ) (1024 776 288 ) 
4 110 151 (1024 828 352 ) (1024 956 352 ) (1024 956 288 ) (1024 828 288 ) 
4 110 152 (1024 776 352 ) (1024 828 352 ) (1024 828 288 ) (1024 776 288 ) 
4 111 121 (720 1520.760010 288 ) (720 2048 288 ) (736 2048 288 ) (736 1520.760010 288 ) 
4 111 118 (736 2048 288 ) (1024 2048 288 ) (1024 1520.760010 288 ) (736 1520.760010 288 ) 
4 111 112 (720 1520.760010 1472 ) (720 1520.760010 304 ) (1024 1520.760010 304 ) (1024 1520.760010 1472 ) 
4 111 114 (720 2048 288 ) (720 1520.760010 288 ) (720 1520.760010 1472 ) (720 2048 1472 ) 
4 112 114 (720 1071.760010 304 ) (720 1071.760010 1472 ) (720 1520.760010 1472 ) (720 1520.760010 304 ) 
4 112 113 (720 1071.760010 1472 ) (720 1071.760010 304 ) (1024 1071.760010 304 ) (1024 1071.760010 1472 ) 
4 113 150 (1024 1024 288 ) (1024 1024 384 ) (720 1024 384 ) (720 1024 288 ) 
4 113 146 (1024 1024 384 ) (1024 1024 416 ) (720 1024 416 ) (720 1024 384 ) 
4 113 145 (1024 1024 416 ) (1024 1024 1472 ) (720 1024 1472 ) (720 1024 416 ) 
4 113 124 (736 1024 288 ) (720 1024 288 ) (720 1071.760010 288 ) (736 1071.760010 288 ) 
4 113 120 (1024 1024 288 ) (736 1024 288 ) (736 1071.760010 288 ) (1024 1071.760010 288 ) 
4 113 114 (720 1071.760010 288 ) (720 1024 288 ) (720 1024 1472 ) (720 1071.760010 1472 ) 
4 114 150 (644 1024 384 ) (644 1024 288 ) (720 1024 288 ) (720 1024 384 ) 
4 114 146 (644 1024 416 ) (644 1024 384 ) (720 1024 384 ) (720 1024 416 ) 
4 114 145 (720 1024 1472 ) (644 1024 1472 ) (644 1024 416 ) (720 1024 416 ) 
4 114 125 (644 1032 288 ) (644 1492 288 ) (664 1492 288 ) (664 1032 288 ) 
4 114 124 (720 1024 288 ) (664 1024 288 ) (664 1492 288 ) (720 1492 288 ) 
4 114 121 (644 1492 288 ) (644 2048 288 ) (720 2048 288 ) (720 1492 288 ) 
4 114 116 (644 1492 348.406006 ) (644 1492 1472 ) (644 1520 1472 ) (644 1520 348.406006 ) 
4 114 115 (644 2048 288 ) (644 1520 288 ) (644 1520 1472 ) (644 2048 1472 ) 
4 114 117 (644 1492 288 ) (644 1024 288 ) (644 1024 1472 ) (644 1492 1472 ) 
4 115 122 (640 1520 288 ) (640 2048 288 ) (644 2048 288 ) (644 1520 288 ) 
4 115 116 (644 1520 348.406006 ) (644 1520 1472 ) (640 1520 1472 ) (640 1520 348.406006 ) 
4 116 117 (644 1492 348.406006 ) (644 1492 1472 ) (640 1492 1472 ) (640 1492 348.406006 ) 
4 117 150 (640 1024 384 ) (640 1024 288 ) (644 1024 288 ) (644 1024 384 ) 
4 117 149 (640 1024 416 ) (640 1024 384 ) (644 1024 384 ) (644 1024 416 ) 
4 117 145 (644 1024 1472 ) (640 1024 1472 ) (640 1024 416 ) (644 1024 416 ) 
4 117 127 (640 1472 704 ) (640 1472 288 ) (640 1152 288 ) (640 1152 704 ) 
4 117 125 (640 1032 288 ) (640 1492 288 ) (644 1492 288 ) (644 1032 288 ) 
4 118 121 (736 2048 64 ) (736 1504 64 ) (736 1504 288 ) (736 2048 288 ) 
4 119 124 (736 1472 64 ) (736 1120 64 ) (736 1120 288 ) (736 1472 288 ) 
4 120 156 (1024 1024 64 ) (1024 1024 144 ) (736 1024 144 ) (736 1024 64 ) 
4 120 155 (1024 1024 144 ) (1024 1024 152 ) (736 1024 152 ) (736 1024 144 ) 
4 120 154 (1024 1024 152 ) (1024 1024 280 ) (736 1024 280 ) (736 1024 152 ) 
4 120 153 (1024 1024 280 ) (1024 1024 288 ) (736 1024 288 ) (736 1024 280 ) 
4 120 124 (736 1088 64 ) (736 1024 64 ) (736 1024 288 ) (736 1088 288 ) 
4 121 125 (644 1492 64 ) (664 1492 64 ) (664 1492 288 ) (644 1492 288 ) 
4 121 124 (664 1492 64 ) (736 1492 64 ) (736 1492 288 ) (664 1492 288 ) 
4 121 123 (644 1520 64 ) (644 1492 64 ) (644 1492 76.405602 ) (644 1520 76.405602 ) 
4 121 122 (644 2048 64 ) (644 1520 64 ) (644 1520 288 ) (644 2048 288 ) 
4 122 123 (640 1520 64 ) (644 1520 64 ) (644 1520 76.405602 ) (640 1520 76.405602 ) 
4 123 125 (640 1492 64 ) (644 1492 64 ) (644 1492 76.405602 ) (640 1492 76.405602 ) 
4 124 156 (664 1024 144 ) (664 1024 64 ) (736 1024 64 ) (736 1024 144 ) 
4 124 155 (664 1024 152 ) (664 1024 144 ) (736 1024 144 ) (736 1024 152 ) 
4 124 154 (664 1024 280 ) (664 1024 152 ) (736 1024 152 ) (736 1024 280 ) 
4 124 153 (736 1024 288 ) (664 1024 288 ) (664 1024 280 ) (736 1024 280 ) 
4 124 126 (664 1032 64 ) (664 1024 64 ) (664 1024 144 ) (664 1032 144 ) 
4 124 125 (664 1492 288 ) (664 1492 64 ) (664 1032 64 ) (664 1032 288 ) 
4 125 127 (640 1152 288 ) (640 1472 288 ) (640 1472 64 ) (640 1152 64 ) 
4 125 126 (640 1032 64 ) (664 1032 64 ) (664 1032 144 ) (640 1032 144 ) 
4 126 156 (640 1024 144 ) (640 1024 64 ) (664 1024 64 ) (664 1024 144 ) 
4 127 128 (576 1152 64 ) (576 1152 704 ) (576 1472 704 ) (576 1472 64 ) 
4 128 131 (160 1152 64 ) (160 1152 640 ) (160 1472 640 ) (160 1472 64 ) 
4 128 130 (160 1152 640 ) (160 1152 704 ) (160 1472 704 ) (160 1472 640 ) 
4 129 134 (0 1472 704 ) (0 1152 704 ) (0 1152 928 ) (0 1472 928 ) 
4 129 130 (160 1472 704 ) (160 1152 704 ) (32 1152 704 ) (32 1472 704 ) 
4 130 132 (96 1152 640 ) (32 1152 640 ) (32 1472 640 ) (96 1472 640 ) 
4 130 131 (160 1472 640 ) (160 1152 640 ) (96 1152 640 ) (96 1472 640 ) 
4 131 133 (96 1472 320 ) (96 1472 64 ) (96 1152 64 ) (96 1152 320 ) 
4 131 132 (96 1152 640 ) (96 1472 640 ) (96 1472 320 ) (96 1152 320 ) 
4 132 183 (96 1024 320 ) (96 1024 352 ) (0 1024 352 ) (0 1024 320 ) 
4 132 177 (96 1024 352 ) (96 1024 480 ) (0 1024 480 ) (0 1024 352 ) 
4 132 176 (96 1024 480 ) (96 1024 568 ) (0 1024 568 ) (0 1024 480 ) 
4 132 175 (96 1024 568 ) (96 1024 640 ) (0 1024 640 ) (0 1024 568 ) 
4 132 135 (0 1696 320 ) (0 1024 320 ) (0 1024 640 ) (0 1696 640 ) 
4 132 133 (96 1696 320 ) (96 1024 320 ) (0 1024 320 ) (0 1696 320 ) 
4 133 183 (96 1024 64 ) (96 1024 320 ) (0 1024 320 ) (0 1024 64 ) 
4 133 139 (0 1058 64 ) (0 1024 64 ) (0 1024 320 ) (0 1058 320 ) 
4 133 138 (0 1696 64 ) (0 1058 64 ) (0 1058 320 ) (0 1696 320 ) 
4 135 196 (0 1024 320 ) (0 1024 384 ) (-608 1024 384 ) (-608 1024 320 ) 
4 135 199 (-608 1024 384 ) (-640 1024 384 ) (-640 1024 320 ) (-608 1024 320 ) 
4 135 191 (-600.570984 1024 568 ) (-640 1024 568 ) (-640 1024 384 ) (-600.570984 1024 384 ) 
4 135 188 (0 1024 384 ) (0 1024 416 ) (-600.570984 1024 416 ) (-600.570984 1024 384 ) 
4 135 187 (0 1024 416 ) (0 1024 568 ) (-600.570984 1024 568 ) (-600.570984 1024 416 ) 
4 135 186 (0 1024 568 ) (0 1024 640 ) (-640 1024 640 ) (-640 1024 568 ) 
4 135 140 (-507 1030 320 ) (-507 1058 320 ) (-500 1058 320 ) (-500 1030 320 ) 
4 135 141 (-500 1024 320 ) (-507 1024 320 ) (-507 1030 320 ) (-500 1030 320 ) 
4 135 139 (0 1058 320 ) (0 1024 320 ) (-500 1024 320 ) (-500 1058 320 ) 
4 135 142 (-507 1024 320 ) (-640 1024 320 ) (-640 1058 320 ) (-507 1058 320 ) 
4 135 138 (0 1696 320 ) (0 1058 320 ) (-640 1058 320 ) (-640 1696 320 ) 
4 135 136 (-640 1696 320 ) (-640 1024 320 ) (-640 1024 640 ) (-640 1696 640 ) 
4 136 199 (-896 1024 384 ) (-896 1024 320 ) (-640 1024 320 ) (-640 1024 384 ) 
4 136 192 (-768 1024 384 ) (-736 1024 384 ) (-736 1024 568 ) (-768 1024 568 ) 
4 136 191 (-736 1024 384 ) (-640 1024 384 ) (-640 1024 568 ) (-736 1024 568 ) 
4 136 195 (-896 1024 568 ) (-896 1024 384 ) (-768 1024 384 ) (-768 1024 568 ) 
4 136 186 (-640 1024 640 ) (-896 1024 640 ) (-896 1024 568 ) (-640 1024 568 ) 
4 136 143 (-640 1024 320 ) (-896 1024 320 ) (-896 1696 320 ) (-640 1696 320 ) 
4 136 137 (-896 1696 320 ) (-896 1024 320 ) (-896 1024 640 ) (-896 1696 640 ) 
4 137 230 (-1024 1024 320 ) (-1024 1024 640 ) (-1024 1696 640 ) (-1024 1696 320 ) 
4 137 199 (-1024 1024 384 ) (-1024 1024 320 ) (-896 1024 320 ) (-896 1024 384 ) 
4 137 195 (-1024 1024 568 ) (-1024 1024 384 ) (-896 1024 384 ) (-896 1024 568 ) 
4 137 186 (-896 1024 640 ) (-1024 1024 640 ) (-1024 1024 568 ) (-896 1024 568 ) 
4 137 144 (-896 1024 320 ) (-1024 1024 320 ) (-1024 1696 320 ) (-896 1696 320 ) 
4 138 143 (-640 1696 64 ) (-640 1058 64 ) (-640 1058 320 ) (-640 1696 320 ) 
4 138 140 (-500 1058 224 ) (-500 1058 320 ) (-507 1058 320 ) (-507 1058 224 ) 
4 138 139 (-500 1058 64 ) (0 1058 64 ) (0 1058 320 ) (-500 1058 320 ) 
4 138 142 (-640 1058 320 ) (-640 1058 64 ) (-507 1058 64 ) (-507 1058 320 ) 
4 139 196 (0 1024 64 ) (0 1024 320 ) (-500 1024 320 ) (-500 1024 64 ) 
4 139 140 (-500 1058 320 ) (-500 1058 224 ) (-500 1030 224 ) (-500 1030 320 ) 
4 139 141 (-500 1030 64 ) (-500 1024 64 ) (-500 1024 320 ) (-500 1030 320 ) 
4 140 141 (-507 1030 320 ) (-507 1030 224 ) (-500 1030 224 ) (-500 1030 320 ) 
4 140 142 (-507 1058 320 ) (-507 1058 224 ) (-507 1030 224 ) (-507 1030 320 ) 
4 141 196 (-500 1024 320 ) (-507 1024 320 ) (-507 1024 64 ) (-500 1024 64 ) 
4 141 142 (-507 1030 64 ) (-507 1024 64 ) (-507 1024 320 ) (-507 1030 320 ) 
4 142 196 (-507 1024 320 ) (-608 1024 320 ) (-608 1024 64 ) (-507 1024 64 ) 
4 142 199 (-608 1024 320 ) (-640 1024 320 ) (-640 1024 64 ) (-608 1024 64 ) 
4 142 143 (-640 1058 64 ) (-640 1024 64 ) (-640 1024 320 ) (-640 1058 320 ) 
4 143 199 (-640 1024 320 ) (-896 1024 320 ) (-896 1024 64 ) (-640 1024 64 ) 
4 143 144 (-896 1696 64 ) (-896 1024 64 ) (-896 1024 320 ) (-896 1696 320 ) 
4 144 231 (-1024 1024 64 ) (-1024 1024 320 ) (-1024 1696 320 ) (-1024 1696 64 ) 
4 144 199 (-896 1024 320 ) (-1024 1024 320 ) (-1024 1024 64 ) (-896 1024 64 ) 
4 145 161 (640 832 480 ) (640 960 480 ) (640 960 416 ) (640 832 416 ) 
4 145 158 (640 776 1472 ) (640 776 416 ) (664 776 416 ) (664 776 1472 ) 
4 145 157 (664 776 416 ) (1024 776 416 ) (1024 776 1472 ) (664 776 1472 ) 
4 145 148 (1024 776 416 ) (644 776 416 ) (644 832 416 ) (1024 832 416 ) 
4 145 146 (644 952 416 ) (644 1024 416 ) (1024 1024 416 ) (1024 952 416 ) 
4 145 147 (644 836 416 ) (644 948 416 ) (1024 948 416 ) (1024 836 416 ) 
4 145 149 (644 776 416 ) (640 776 416 ) (640 1024 416 ) (644 1024 416 ) 
4 146 150 (644 956 384 ) (644 1024 384 ) (1024 1024 384 ) (1024 956 384 ) 
4 146 149 (644 1024 384 ) (644 952 384 ) (644 952 416 ) (644 1024 416 ) 
4 147 149 (644 948 384 ) (644 836 384 ) (644 836 416 ) (644 948 416 ) 
4 148 158 (644 776 384 ) (664 776 384 ) (664 776 416 ) (644 776 416 ) 
4 148 157 (664 776 384 ) (1024 776 384 ) (1024 776 416 ) (664 776 416 ) 
4 148 152 (1024 776 384 ) (644 776 384 ) (644 828 384 ) (1024 828 384 ) 
4 148 149 (644 832 384 ) (644 776 384 ) (644 776 416 ) (644 832 416 ) 
4 149 161 (640 832 416 ) (640 960 416 ) (640 960 384 ) (640 832 384 ) 
4 149 158 (640 776 416 ) (640 776 384 ) (644 776 384 ) (644 776 416 ) 
4 149 150 (640 956 384 ) (640 1024 384 ) (644 1024 384 ) (644 956 384 ) 
4 149 152 (644 776 384 ) (640 776 384 ) (640 828 384 ) (644 828 384 ) 
4 150 153 (664 1024 288 ) (1024 1024 288 ) (1024 956 288 ) (664 956 288 ) 
4 150 151 (640 956 288 ) (1024 956 288 ) (1024 956 352 ) (640 956 352 ) 
4 151 153 (664 956 288 ) (1024 956 288 ) (1024 828 288 ) (664 828 288 ) 
4 151 152 (640 828 288 ) (1024 828 288 ) (1024 828 352 ) (640 828 352 ) 
4 152 158 (640 776 384 ) (640 776 288 ) (664 776 288 ) (664 776 384 ) 
4 152 157 (664 776 288 ) (1024 776 288 ) (1024 776 384 ) (664 776 384 ) 
4 152 153 (1024 776 288 ) (664 776 288 ) (664 828 288 ) (1024 828 288 ) 
4 153 157 (664 776 280 ) (1024 776 280 ) (1024 776 288 ) (664 776 288 ) 
4 153 154 (1024 776 280 ) (664 776 280 ) (664 1024 280 ) (1024 1024 280 ) 
4 154 157 (664 776 152 ) (1024 776 152 ) (1024 776 280 ) (664 776 280 ) 
4 154 155 (1024 776 152 ) (664 776 152 ) (664 1024 152 ) (1024 1024 152 ) 
4 155 157 (664 776 144 ) (1024 776 144 ) (1024 776 152 ) (664 776 152 ) 
4 155 156 (1024 776 144 ) (664 776 144 ) (664 1024 144 ) (1024 1024 144 ) 
4 156 160 (640 776 144 ) (640 776 64 ) (1024 776 64 ) (1024 776 144 ) 
4 157 160 (1024 224 144 ) (664 224 144 ) (664 776 144 ) (1024 776 144 ) 
4 157 158 (664 768 288 ) (664 768 1472 ) (664 776 1472 ) (664 776 288 ) 
4 157 159 (664 768 144 ) (664 224 144 ) (664 224 1472 ) (664 768 1472 ) 
4 158 159 (664 768 288 ) (664 768 1472 ) (640 768 1472 ) (640 768 288 ) 
4 159 160 (664 224 144 ) (640 224 144 ) (640 768 144 ) (664 768 144 ) 
4 161 165 (584.286011 836 384 ) (584.286011 832 384 ) (584.286011 832 416 ) (584.286011 836 416 ) 
4 161 163 (584.286011 960 416 ) (584.286011 960 384 ) (584.286011 956 384 ) (584.286011 956 416 ) 
4 161 164 (584.286011 952 384 ) (584.286011 840 384 ) (584.286011 840 416 ) (584.286011 952 416 ) 
4 161 162 (584.286011 960 480 ) (584.286011 960 416 ) (584.286011 832 416 ) (584.286011 832 480 ) 
7 162 167 (576 832 416 ) (576 832 467.582581 ) (576 835.182068 472.433044 ) (576 846.074463 480 ) (576 953.925537 480 ) (576 960 475.780090 ) (576 960 416 ) 
4 162 165 (584.286011 836 416 ) (584.286011 832 416 ) (576 832 416 ) (576 836 416 ) 
4 162 163 (576 960 416 ) (584.286011 960 416 ) (584.286011 956 416 ) (576 956 416 ) 
4 162 164 (584.286011 952 416 ) (584.286011 840 416 ) (576 840 416 ) (576 952 416 ) 
4 163 168 (576 960 384 ) (576 956 384 ) (576 956 416 ) (576 960 416 ) 
4 164 169 (576 952 384 ) (576 840 384 ) (576 840 416 ) (576 952 416 ) 
4 165 170 (576 836 384 ) (576 832 384 ) (576 832 416 ) (576 836 416 ) 
4 166 207 (384 0 1536 ) (160 0 1536 ) (160 0 576 ) (384 0 576 ) 
4 166 184 (160 0 576 ) (160 0 1536 ) (160 384 1536 ) (160 384 576 ) 
4 166 174 (160 0 576 ) (160 384 576 ) (384 384 576 ) (384 0 576 ) 
7 167 178 (160 953.925537 480 ) (160 960 475.780060 ) (160 960 416 ) (160 832 416 ) (160 832 467.582672 ) (160 835.182007 472.433044 ) (160 846.074402 480 ) 
4 167 170 (160 810.024109 416 ) (160 836 416 ) (576 836 416 ) (576 810.024109 416 ) 
4 167 169 (160 840 416 ) (160 952 416 ) (576 952 416 ) (576 840 416 ) 
4 167 168 (160 956 416 ) (160 989.975891 416 ) (576 989.975891 416 ) (576 956 416 ) 
4 168 179 (160 960 384 ) (160 956 384 ) (160 956 416 ) (160 960 416 ) 
4 168 171 (160 960 384 ) (160 987.546936 384 ) (576 987.546936 384 ) (576 960 384 ) 
4 169 180 (160 952 384 ) (160 840 384 ) (160 840 416 ) (160 952 416 ) 
4 170 181 (160 836 384 ) (160 832 384 ) (160 832 416 ) (160 836 416 ) 
4 170 173 (160 812.453064 384 ) (160 832 384 ) (576 832 384 ) (576 812.453064 384 ) 
4 171 172 (160 960 336.219910 ) (576 960 336.219910 ) (576 960 352 ) (160 960 352 ) 
4 172 173 (160 832 344.417389 ) (576 832 344.417389 ) (576 832 352 ) (160 832 352 ) 
4 174 207 (384 0 576 ) (160 0 576 ) (160 0 64 ) (384 0 64 ) 
4 174 185 (160 0 64 ) (160 0 576 ) (160 384 576 ) (160 384 64 ) 
4 175 186 (0 1024 640 ) (0 1024 568 ) (0 800 568 ) (0 800 640 ) 
4 175 176 (0 1024 568 ) (96 1024 568 ) (96 800 568 ) (0 800 568 ) 
4 176 187 (0 1024 568 ) (0 1024 480 ) (0 800 480 ) (0 800 568 ) 
4 176 182 (0 800 480 ) (0 832 480 ) (96 832 480 ) (96 800 480 ) 
4 176 178 (0 832 480 ) (0 960 480 ) (96 960 480 ) (96 832 480 ) 
4 176 177 (0 960 480 ) (0 1024 480 ) (96 1024 480 ) (96 960 480 ) 
4 177 196 (0 1024 384 ) (0 1024 352 ) (0 960 352 ) (0 960 384 ) 
4 177 188 (0 1024 416 ) (0 1024 384 ) (0 960 384 ) (0 960 416 ) 
4 177 187 (0 1024 480 ) (0 1024 416 ) (0 960 416 ) (0 960 480 ) 
4 177 183 (0 960 352 ) (0 1024 352 ) (96 1024 352 ) (96 960 352 ) 
4 177 179 (96 960 384 ) (96 960 416 ) (0 960 416 ) (0 960 384 ) 
4 177 178 (96 960 416 ) (96 960 480 ) (0 960 480 ) (0 960 416 ) 
4 178 187 (0 832 416 ) (0 832 480 ) (0 960 480 ) (0 960 416 ) 
4 178 182 (96 832 480 ) (0 832 480 ) (0 832 416 ) (96 832 416 ) 
4 178 180 (0 840 416 ) (0 952 416 ) (160 952 416 ) (160 840 416 ) 
4 178 181 (160 832 416 ) (0 832 416 ) (0 836 416 ) (160 836 416 ) 
4 178 179 (0 956 416 ) (0 960 416 ) (160 960 416 ) (160 956 416 ) 
4 179 188 (0 956 416 ) (0 960 416 ) (0 960 384 ) (0 956 384 ) 
4 180 189 (0 840 416 ) (0 952 416 ) (0 952 384 ) (0 840 384 ) 
4 181 190 (0 832 384 ) (0 832 416 ) (0 836 416 ) (0 836 384 ) 
4 181 182 (96 832 416 ) (0 832 416 ) (0 832 384 ) (96 832 384 ) 
4 182 198 (0 832 352 ) (0 800 352 ) (0 800 384 ) (0 832 384 ) 
4 182 190 (0 800 384 ) (0 800 416 ) (0 832 416 ) (0 832 384 ) 
4 182 187 (0 800 416 ) (0 800 480 ) (0 832 480 ) (0 832 416 ) 
4 182 183 (0 800 352 ) (0 832 352 ) (96 832 352 ) (96 800 352 ) 
4 183 197 (0 960 64 ) (0 832 64 ) (0 832 352 ) (0 960 352 ) 
4 183 196 (0 1024 352 ) (0 1024 64 ) (0 960 64 ) (0 960 352 ) 
4 183 198 (0 832 64 ) (0 800 64 ) (0 800 352 ) (0 832 352 ) 
4 184 207 (160 0 576 ) (160 0 1536 ) (0 0 1536 ) (0 0 576 ) 
4 184 201 (0 0 576 ) (0 0 1536 ) (0 384 1536 ) (0 384 576 ) 
4 184 185 (160 384 576 ) (160 0 576 ) (0 0 576 ) (0 384 576 ) 
4 185 207 (160 0 64 ) (160 0 576 ) (0 0 576 ) (0 0 64 ) 
4 185 203 (0 0 64 ) (0 0 576 ) (0 64 576 ) (0 64 64 ) 
4 185 202 (0 64 576 ) (0 384 576 ) (0 384 64 ) (0 64 64 ) 
4 186 235 (-1024 1024 640 ) (-1024 1024 568 ) (-1024 800 568 ) (-1024 800 640 ) 
4 186 193 (-736 832 568 ) (-736 800 568 ) (-768 800 568 ) (-768 832 568 ) 
4 186 192 (-768 1024 568 ) (-736 1024 568 ) (-736 832 568 ) (-768 832 568 ) 
4 186 191 (-736 1024 568 ) (-600.570984 1024 568 ) (-600.570984 800 568 ) (-736 800 568 ) 
4 186 195 (-1024 800 568 ) (-1024 1024 568 ) (-768 1024 568 ) (-768 800 568 ) 
4 186 187 (-600.570984 1024 568 ) (0 1024 568 ) (0 800 568 ) (-600.570984 800 568 ) 
4 187 191 (-600.570984 800 416 ) (-600.570984 800 568 ) (-600.570984 1024 568 ) (-600.570984 1024 416 ) 
4 187 189 (-600.570984 840 416 ) (-600.570984 952 416 ) (0 952 416 ) (0 840 416 ) 
4 187 190 (0 800 416 ) (-600.570984 800 416 ) (-600.570984 836 416 ) (0 836 416 ) 
4 187 188 (-600.570984 956 416 ) (-600.570984 1024 416 ) (0 1024 416 ) (0 956 416 ) 
4 188 196 (-600.570984 960 384 ) (-600.570984 1024 384 ) (0 1024 384 ) (0 960 384 ) 
4 188 191 (-600.570984 1024 384 ) (-600.570984 956 384 ) (-600.570984 956 416 ) (-600.570984 1024 416 ) 
4 189 191 (-600.570984 952 384 ) (-600.570984 840 384 ) (-600.570984 840 416 ) (-600.570984 952 416 ) 
4 190 198 (0 800 384 ) (-600.570984 800 384 ) (-600.570984 832 384 ) (0 832 384 ) 
4 190 191 (-600.570984 836 384 ) (-600.570984 800 384 ) (-600.570984 800 416 ) (-600.570984 836 416 ) 
4 191 196 (-608 960 384 ) (-608 1024 384 ) (-600.570984 1024 384 ) (-600.570984 960 384 ) 
4 191 198 (-600.570984 800 384 ) (-608 800 384 ) (-608 832 384 ) (-600.570984 832 384 ) 
4 191 199 (-608 800 384 ) (-736 800 384 ) (-736 1024 384 ) (-608 1024 384 ) 
4 191 193 (-736 800 512 ) (-736 800 568 ) (-736 832 568 ) (-736 832 512 ) 
4 191 194 (-736 832 384 ) (-736 800 384 ) (-736 800 448 ) (-736 832 448 ) 
4 191 192 (-736 1024 384 ) (-736 832 384 ) (-736 832 568 ) (-736 1024 568 ) 
4 192 199 (-768 832 384 ) (-768 1024 384 ) (-736 1024 384 ) (-736 832 384 ) 
4 192 193 (-768 832 568 ) (-768 832 512 ) (-736 832 512 ) (-736 832 568 ) 
4 192 194 (-768 832 448 ) (-768 832 384 ) (-736 832 384 ) (-736 832 448 ) 
4 192 195 (-768 1024 384 ) (-768 832 384 ) (-768 832 568 ) (-768 1024 568 ) 
4 193 195 (-768 800 512 ) (-768 800 568 ) (-768 832 568 ) (-768 832 512 ) 
4 194 199 (-736 800 384 ) (-768 800 384 ) (-768 832 384 ) (-736 832 384 ) 
4 194 195 (-768 832 384 ) (-768 800 384 ) (-768 800 448 ) (-768 832 448 ) 
4 195 236 (-1024 1024 568 ) (-1024 1024 384 ) (-1024 800 384 ) (-1024 800 568 ) 
4 195 200 (-832 800 568 ) (-960 800 568 ) (-960 800 384 ) (-832 800 384 ) 
4 195 199 (-768 800 384 ) (-1024 800 384 ) (-1024 1024 384 ) (-768 1024 384 ) 
4 196 197 (-608 960 352 ) (-608 960 64 ) (0 960 64 ) (0 960 352 ) 
4 196 199 (-608 1024 64 ) (-608 960 64 ) (-608 960 384 ) (-608 1024 384 ) 
4 197 199 (-608 960 64 ) (-608 832 64 ) (-608 832 352 ) (-608 960 352 ) 
4 197 198 (-608 832 352 ) (-608 832 64 ) (0 832 64 ) (0 832 352 ) 
4 198 199 (-608 832 64 ) (-608 800 64 ) (-608 800 384 ) (-608 832 384 ) 
4 199 236 (-1024 1024 384 ) (-1024 1024 64 ) (-1024 800 64 ) (-1024 800 384 ) 
4 199 200 (-960 800 64 ) (-832 800 64 ) (-832 800 384 ) (-960 800 384 ) 
4 200 205 (-960 736 64 ) (-832 736 64 ) (-832 736 568 ) (-960 736 568 ) 
4 201 239 (-1024 0 576 ) (-1024 0 1536 ) (-1024 384 1536 ) (-1024 384 576 ) 
4 201 209 (-192 0 576 ) (-128 0 576 ) (-128 0 1536 ) (-192 0 1536 ) 
4 201 208 (-128 0 576 ) (0 0 576 ) (0 0 1536 ) (-128 0 1536 ) 
4 201 210 (-1024 0 1536 ) (-1024 0 576 ) (-192 0 576 ) (-192 0 1536 ) 
4 201 206 (-1024 0 576 ) (-1024 384 576 ) (-960 384 576 ) (-960 0 576 ) 
4 201 205 (-960 384 576 ) (-832 384 576 ) (-832 0 576 ) (-960 0 576 ) 
4 201 203 (0 64 576 ) (0 0 576 ) (-128 0 576 ) (-128 64 576 ) 
4 201 204 (-192 0 576 ) (-832 0 576 ) (-832 64 576 ) (-192 64 576 ) 
4 201 202 (-832 384 576 ) (0 384 576 ) (0 64 576 ) (-832 64 576 ) 
4 202 205 (-832 64 576 ) (-832 384 576 ) (-832 384 64 ) (-832 64 64 ) 
4 202 203 (-128 64 64 ) (0 64 64 ) (0 64 576 ) (-128 64 576 ) 
4 202 204 (-832 64 576 ) (-832 64 64 ) (-192 64 64 ) (-192 64 576 ) 
4 203 208 (-128 0 64 ) (0 0 64 ) (0 0 576 ) (-128 0 576 ) 
4 204 210 (-832 0 64 ) (-192 0 64 ) (-192 0 576 ) (-832 0 576 ) 
4 204 205 (-832 0 576 ) (-832 64 576 ) (-832 64 64 ) (-832 0 64 ) 
4 205 210 (-960 0 64 ) (-832 0 64 ) (-832 0 576 ) (-960 0 576 ) 
4 205 206 (-960 0 576 ) (-960 384 576 ) (-960 384 64 ) (-960 0 64 ) 
4 206 240 (-1024 0 64 ) (-1024 0 576 ) (-1024 384 576 ) (-1024 384 64 ) 
4 206 210 (-1024 0 576 ) (-1024 0 64 ) (-960 0 64 ) (-960 0 576 ) 
4 207 208 (0 -768 1536 ) (0 0 1536 ) (0 0 64 ) (0 -768 64 ) 
4 208 209 (-128 -768 576 ) (-128 -768 1536 ) (-128 0 1536 ) (-128 0 576 ) 
4 209 210 (-192 -768 576 ) (-192 -768 1536 ) (-192 0 1536 ) (-192 0 576 ) 
4 210 253 (-1024 -768 1536 ) (-1024 0 1536 ) (-1024 0 64 ) (-1024 -768 64 ) 
4 211 213 (-1024 4096 -626.028992 ) (-1024 4096 1475.969971 ) (-2048 4096 1475.969971 ) (-2048 4096 -626.028992 ) 
4 211 212 (-2048 4096 -626.028992 ) (-2048 4096 1475.969971 ) (-2048 5024 1475.969971 ) (-2048 5024 -626.028992 ) 
4 212 218 (-2048 4096 -626.028992 ) (-2048 4096 1475.969971 ) (-3068 4096 1475.969971 ) (-3068 4096 -626.028992 ) 
4 213 218 (-2048 4096 1475.969971 ) (-2048 4096 -626.028992 ) (-2048 3072 -626.028992 ) (-2048 3072 1475.969971 ) 
4 213 217 (-1024 3072 -626.028992 ) (-1024 3072 64 ) (-2048 3072 64 ) (-2048 3072 -626.028992 ) 
4 213 216 (-1024 3072 64 ) (-1024 3072 320 ) (-2048 3072 320 ) (-2048 3072 64 ) 
4 213 215 (-1024 3072 320 ) (-1024 3072 704 ) (-2048 3072 704 ) (-2048 3072 320 ) 
4 213 214 (-1024 3072 704 ) (-1024 3072 1475.969971 ) (-2048 3072 1475.969971 ) (-2048 3072 704 ) 
4 214 223 (-2048 2516.089844 704 ) (-2048 2419.910156 704 ) (-2048 2419.910156 772 ) (-2048 2516.089844 772 ) 
4 214 221 (-2048 3072 772 ) (-2048 3072 704 ) (-2048 2516.089844 704 ) (-2048 2516.089844 772 ) 
4 214 220 (-2048 2419.910156 704 ) (-2048 2188 704 ) (-2048 2188 772 ) (-2048 2419.910156 772 ) 
4 214 219 (-2048 2188 1475.969971 ) (-2048 3072 1475.969971 ) (-2048 3072 772 ) (-2048 2188 772 ) 
4 214 215 (-2048 2188 704 ) (-2048 3072 704 ) (-1024 3072 704 ) (-1024 2188 704 ) 
4 215 223 (-2048 2419.910156 704 ) (-2048 2516.089844 704 ) (-2048 2516.089844 320 ) (-2048 2419.910156 320 ) 
4 215 221 (-2048 2516.089844 704 ) (-2048 3072 704 ) (-2048 3072 320 ) (-2048 2516.089844 320 ) 
4 215 220 (-2048 2188 704 ) (-2048 2419.910156 704 ) (-2048 2419.910156 320 ) (-2048 2188 320 ) 
4 215 216 (-2048 2188 320 ) (-2048 3072 320 ) (-1024 3072 320 ) (-1024 2188 320 ) 
4 216 223 (-2048 2419.910156 320 ) (-2048 2516.089844 320 ) (-2048 2516.089844 64 ) (-2048 2419.910156 64 ) 
4 216 221 (-2048 2516.089844 320 ) (-2048 3072 320 ) (-2048 3072 64 ) (-2048 2516.089844 64 ) 
4 216 220 (-2048 2188 320 ) (-2048 2419.910156 320 ) (-2048 2419.910156 64 ) (-2048 2188 64 ) 
4 216 217 (-2048 2188 64 ) (-2048 3072 64 ) (-1024 3072 64 ) (-1024 2188 64 ) 
4 217 227 (-2048 2176 64 ) (-2048 2188 64 ) (-2048 2188 -626.028992 ) (-2048 2176 -626.028992 ) 
4 217 224 (-2048 3072 -624 ) (-2048 3072 -626.028992 ) (-2048 2188 -626.028992 ) (-2048 2188 -624 ) 
4 217 223 (-2048 2419.910156 64 ) (-2048 2516.089844 64 ) (-2048 2516.089844 -624 ) (-2048 2419.910156 -624 ) 
4 217 221 (-2048 2516.089844 64 ) (-2048 3072 64 ) (-2048 3072 -624 ) (-2048 2516.089844 -624 ) 
4 217 220 (-2048 2188 64 ) (-2048 2419.910156 64 ) (-2048 2419.910156 -624 ) (-2048 2188 -624 ) 
4 218 224 (-2048 3072 -626.028992 ) (-2048 3072 -624 ) (-3068 3072 -624 ) (-3068 3072 -626.028992 ) 
4 218 222 (-2603.910156 3072 772 ) (-2700.089844 3072 772 ) (-2700.089844 3072 -624 ) (-2603.910156 3072 -624 ) 
4 218 221 (-2048 3072 -624 ) (-2048 3072 772 ) (-2603.910156 3072 772 ) (-2603.910156 3072 -624 ) 
4 218 220 (-2700.089844 3072 772 ) (-3068 3072 772 ) (-3068 3072 -624 ) (-2700.089844 3072 -624 ) 
4 218 219 (-2048 3072 772 ) (-2048 3072 1475.969971 ) (-3068 3072 1475.969971 ) (-3068 3072 772 ) 
4 219 223 (-2064.540039 2532.629883 772 ) (-2048 2516.089844 772 ) (-2048 2419.910156 772 ) (-2112.629883 2484.540039 772 ) 
4 219 222 (-2700.089844 3072 772 ) (-2603.910156 3072 772 ) (-2067.370117 2535.459961 772 ) (-2115.459961 2487.370117 772 ) 
3 219 221 (-2603.910156 3072 772 ) (-2048 3072 772 ) (-2048 2516.089844 772 ) 
5 219 220 (-2048 2188 772 ) (-3068 2188 772 ) (-3068 3072 772 ) (-2700.089844 3072 772 ) (-2048 2419.910156 772 ) 
4 220 229 (-3068 2188 64 ) (-3068 2188 -624 ) (-2688 2188 -624 ) (-2688 2188 64 ) 
4 220 228 (-2688 2188 -624 ) (-2208 2188 -624 ) (-2208 2188 64 ) (-2688 2188 64 ) 
4 220 227 (-2208 2188 -624 ) (-2048 2188 -624 ) (-2048 2188 64 ) (-2208 2188 64 ) 
4 220 226 (-2688 2188 64 ) (-2208 2188 64 ) (-2208 2188 320 ) (-2688 2188 320 ) 
4 220 225 (-2688 2188 320 ) (-2208 2188 320 ) (-2208 2188 704 ) (-2688 2188 704 ) 
5 220 224 (-2048 2188 -624 ) (-3068 2188 -624 ) (-3068 3072 -624 ) (-2700.089844 3072 -624 ) (-2048 2419.910156 -624 ) 
4 220 223 (-2048 2419.906250 -624 ) (-2112.631836 2484.538086 -624 ) (-2112.631836 2484.538086 772 ) (-2048 2419.906250 772 ) 
4 220 222 (-2115.461914 2487.368164 -624 ) (-2700.093750 3072 -624 ) (-2700.093750 3072 772 ) (-2115.461914 2487.368164 772 ) 
3 221 224 (-2603.910156 3072 -624 ) (-2048 3072 -624 ) (-2048 2516.089844 -624 ) 
4 221 223 (-2064.538086 2532.631836 -624 ) (-2048 2516.093750 -624 ) (-2048 2516.093750 772 ) (-2064.538086 2532.631836 772 ) 
4 221 222 (-2603.906250 3072 -624 ) (-2067.368164 2535.461914 -624 ) (-2067.368164 2535.461914 772 ) (-2603.906250 3072 772 ) 
4 222 224 (-2700.089844 3072 -624 ) (-2603.910156 3072 -624 ) (-2067.370117 2535.459961 -624 ) (-2115.459961 2487.370117 -624 ) 
4 223 224 (-2064.540039 2532.629883 -624 ) (-2048 2516.089844 -624 ) (-2048 2419.910156 -624 ) (-2112.629883 2484.540039 -624 ) 
4 224 229 (-3068 2188 -624 ) (-3068 2188 -626.028992 ) (-2688 2188 -626.028992 ) (-2688 2188 -624 ) 
4 224 228 (-2688 2188 -626.028992 ) (-2208 2188 -626.028992 ) (-2208 2188 -624 ) (-2688 2188 -624 ) 
4 224 227 (-2208 2188 -626.028992 ) (-2048 2188 -626.028992 ) (-2048 2188 -624 ) (-2208 2188 -624 ) 
4 225 246 (-2208 2048 704 ) (-2688 2048 704 ) (-2688 2048 320 ) (-2208 2048 320 ) 
4 225 226 (-2688 2188 320 ) (-2208 2188 320 ) (-2208 2048 320 ) (-2688 2048 320 ) 
4 226 246 (-2208 2048 320 ) (-2688 2048 320 ) (-2688 2048 64 ) (-2208 2048 64 ) 
4 226 228 (-2688 2176 64 ) (-2688 2188 64 ) (-2208 2188 64 ) (-2208 2176 64 ) 
4 227 228 (-2208 2188 -626.028992 ) (-2208 2176 -626.028992 ) (-2208 2176 64 ) (-2208 2188 64 ) 
4 228 229 (-2688 2188 -626.028992 ) (-2688 2176 -626.028992 ) (-2688 2176 64 ) (-2688 2188 64 ) 
4 230 236 (-1024 1024 320 ) (-1024 1024 568 ) (-1408 1024 568 ) (-1408 1024 320 ) 
4 230 235 (-1024 1024 568 ) (-1024 1024 640 ) (-1408 1024 640 ) (-1408 1024 568 ) 
4 230 231 (-1024 1024 320 ) (-1408 1024 320 ) (-1408 1696 320 ) (-1024 1696 320 ) 
4 231 236 (-1024 1024 64 ) (-1024 1024 320 ) (-1408 1024 320 ) (-1408 1024 64 ) 
4 232 242 (-2048 1952 704 ) (-2048 1024 704 ) (-2048 1024 2304 ) (-2048 1952 2304 ) 
4 232 234 (-1632.239990 1024 2304 ) (-2048 1024 2304 ) (-2048 1024 704 ) (-1632.239990 1024 704 ) 
4 232 233 (-1632.239990 1952 704 ) (-1632.239990 1024 704 ) (-2048 1024 704 ) (-2048 1952 704 ) 
4 233 245 (-2048 1952 64 ) (-2048 1024 64 ) (-2048 1024 704 ) (-2048 1952 704 ) 
4 233 237 (-2048 1024 640 ) (-2048 1024 64 ) (-1632.239990 1024 64 ) (-1632.239990 1024 640 ) 
4 233 234 (-2048 1024 704 ) (-2048 1024 640 ) (-1632.239990 1024 640 ) (-1632.239990 1024 704 ) 
4 234 250 (-2048 1024 2304 ) (-2048 1024 640 ) (-2048 736 640 ) (-2048 736 2304 ) 
4 234 241 (-2048 736 1536 ) (-2048 736 640 ) (-1632.239990 736 640 ) (-1632.239990 736 1536 ) 
4 234 238 (-1632.239990 736 2304 ) (-2048 736 2304 ) (-2048 736 1536 ) (-1632.239990 736 1536 ) 
4 234 237 (-1632.239990 736 640 ) (-2048 736 640 ) (-2048 1024 640 ) (-1632.239990 1024 640 ) 
4 235 236 (-1408 800 568 ) (-1408 1024 568 ) (-1024 1024 568 ) (-1024 800 568 ) 
4 237 250 (-2048 1024 640 ) (-2048 1024 64 ) (-2048 736 64 ) (-2048 736 640 ) 
4 237 241 (-2048 736 64 ) (-1632.239990 736 64 ) (-1632.239990 736 640 ) (-2048 736 640 ) 
4 238 252 (-1632.239990 0 2304 ) (-2048 0 2304 ) (-2048 0 1536 ) (-1632.239990 0 1536 ) 
4 238 250 (-2048 0 1536 ) (-2048 0 2304 ) (-2048 736 2304 ) (-2048 736 1536 ) 
4 238 241 (-2048 0 1536 ) (-2048 736 1536 ) (-1632.239990 736 1536 ) (-1632.239990 0 1536 ) 
4 239 253 (-1024 0 576 ) (-1024 0 1536 ) (-1280 0 1536 ) (-1280 0 576 ) 
4 239 240 (-1280 0 576 ) (-1280 384 576 ) (-1024 384 576 ) (-1024 0 576 ) 
4 240 253 (-1024 0 64 ) (-1024 0 576 ) (-1280 0 576 ) (-1280 0 64 ) 
4 241 254 (-1632.239990 0 1536 ) (-2048 0 1536 ) (-2048 0 64 ) (-1632.239990 0 64 ) 
4 241 250 (-2048 0 64 ) (-2048 0 1536 ) (-2048 736 1536 ) (-2048 736 64 ) 
4 242 250 (-2048 1024 704 ) (-2048 1024 2304 ) (-2208 1024 2304 ) (-2208 1024 704 ) 
4 242 245 (-2048 1024 704 ) (-2208 1024 704 ) (-2208 1952 704 ) (-2048 1952 704 ) 
4 242 243 (-2208 1952 704 ) (-2208 1024 704 ) (-2208 1024 2304 ) (-2208 1952 2304 ) 
4 243 250 (-2208 1024 2304 ) (-2688 1024 2304 ) (-2688 1024 704 ) (-2208 1024 704 ) 
4 243 246 (-2208 1024 704 ) (-2688 1024 704 ) (-2688 1952 704 ) (-2208 1952 704 ) 
4 243 244 (-2688 1952 704 ) (-2688 1024 704 ) (-2688 1024 2304 ) (-2688 1952 2304 ) 
4 244 250 (-2688 1024 2304 ) (-3072 1024 2304 ) (-3072 1024 704 ) (-2688 1024 704 ) 
4 244 248 (-3072 1952 704 ) (-3072 1024 704 ) (-3072 1024 2304 ) (-3072 1952 2304 ) 
4 244 247 (-2688 1024 704 ) (-3072 1024 704 ) (-3072 1952 704 ) (-2688 1952 704 ) 
4 245 250 (-2048 1024 64 ) (-2048 1024 704 ) (-2208 1024 704 ) (-2208 1024 64 ) 
4 245 246 (-2208 1024 704 ) (-2208 1952 704 ) (-2208 1952 64 ) (-2208 1024 64 ) 
4 246 250 (-2208 1024 64 ) (-2208 1024 704 ) (-2688 1024 704 ) (-2688 1024 64 ) 
4 246 247 (-2688 1024 64 ) (-2688 1024 704 ) (-2688 1952 704 ) (-2688 1952 64 ) 
4 247 250 (-2688 1024 64 ) (-2688 1024 704 ) (-3072 1024 704 ) (-3072 1024 64 ) 
4 247 249 (-3072 1952 64 ) (-3072 1024 64 ) (-3072 1024 704 ) (-3072 1952 704 ) 
4 248 260 (-4096 1952 704 ) (-4096 1024 704 ) (-4096 1024 2304 ) (-4096 1952 2304 ) 
4 248 251 (-3072 1024 704 ) (-3072 1024 2304 ) (-4096 1024 2304 ) (-4096 1024 704 ) 
4 248 249 (-3072 1952 704 ) (-3072 1024 704 ) (-4096 1024 704 ) (-4096 1952 704 ) 
4 249 261 (-4096 1952 64 ) (-4096 1024 64 ) (-4096 1024 704 ) (-4096 1952 704 ) 
4 249 251 (-3072 1024 64 ) (-3072 1024 704 ) (-4096 1024 704 ) (-4096 1024 64 ) 
4 250 255 (-2048 0 64 ) (-2048 0 2304 ) (-3072 0 2304 ) (-3072 0 64 ) 
4 250 251 (-3072 1024 2304 ) (-3072 1024 64 ) (-3072 0 64 ) (-3072 0 2304 ) 
4 251 262 (-4096 0 64 ) (-4096 0 2304 ) (-4096 1024 2304 ) (-4096 1024 64 ) 
4 251 256 (-3072 0 64 ) (-3072 0 2304 ) (-4096 0 2304 ) (-4096 0 64 ) 
4 252 257 (-1632.239990 -1024 2304 ) (-2048 -1024 2304 ) (-2048 -1024 1536 ) (-1632.239990 -1024 1536 ) 
4 252 255 (-2048 -1024 1536 ) (-2048 -1024 2304 ) (-2048 0 2304 ) (-2048 0 1536 ) 
4 252 254 (-2048 -1024 1536 ) (-2048 0 1536 ) (-1632.239990 0 1536 ) (-1632.239990 -1024 1536 ) 
4 254 257 (-1632.239990 -1024 1536 ) (-2048 -1024 1536 ) (-2048 -1024 64 ) (-1632.239990 -1024 64 ) 
4 254 255 (-2048 -1024 64 ) (-2048 -1024 1536 ) (-2048 0 1536 ) (-2048 0 64 ) 
4 255 258 (-2048 -1024 64 ) (-2048 -1024 2304 ) (-3072 -1024 2304 ) (-3072 -1024 64 ) 
4 255 256 (-3072 0 2304 ) (-3072 0 64 ) (-3072 -1024 64 ) (-3072 -1024 2304 ) 
4 256 266 (-4096 -1024 64 ) (-4096 -1024 2304 ) (-4096 0 2304 ) (-4096 0 64 ) 
4 256 259 (-4096 -1024 2304 ) (-4096 -1024 64 ) (-3072 -1024 64 ) (-3072 -1024 2304 ) 
4 257 258 (-2048 -1024 2304 ) (-2048 -1024 64 ) (-2048 -1664 64 ) (-2048 -1664 2304 ) 
4 258 259 (-3072 -1024 2304 ) (-3072 -1024 64 ) (-3072 -1664 64 ) (-3072 -1664 2304 ) 
4 259 268 (-4096 -1664 2304 ) (-4096 -1024 2304 ) (-4096 -1024 64 ) (-4096 -1664 64 ) 
4 260 263 (-5120 1952 704 ) (-5120 1024 704 ) (-5120 1024 2304 ) (-5120 1952 2304 ) 
4 260 262 (-4096 1024 704 ) (-4096 1024 2304 ) (-5120 1024 2304 ) (-5120 1024 704 ) 
4 260 261 (-5120 1024 704 ) (-5120 1952 704 ) (-4096 1952 704 ) (-4096 1024 704 ) 
4 261 264 (-5120 1952 64 ) (-5120 1024 64 ) (-5120 1024 704 ) (-5120 1952 704 ) 
4 261 262 (-4096 1024 64 ) (-4096 1024 704 ) (-5120 1024 704 ) (-5120 1024 64 ) 
4 262 266 (-4096 0 64 ) (-4096 0 2304 ) (-5120 0 2304 ) (-5120 0 64 ) 
4 262 265 (-5120 0 64 ) (-5120 0 2304 ) (-5120 1024 2304 ) (-5120 1024 64 ) 
4 263 265 (-5120 1024 704 ) (-5120 1024 2304 ) (-5263.240234 1024 2304 ) (-5263.240234 1024 704 ) 
4 263 264 (-5263.240234 1024 704 ) (-5263.240234 1952 704 ) (-5120 1952 704 ) (-5120 1024 704 ) 
4 264 265 (-5120 1024 64 ) (-5120 1024 704 ) (-5263.240234 1024 704 ) (-5263.240234 1024 64 ) 
4 265 267 (-5120 0 64 ) (-5120 0 2304 ) (-5263.240234 0 2304 ) (-5263.240234 0 64 ) 
4 266 268 (-4096 -1024 64 ) (-4096 -1024 2304 ) (-5120 -1024 2304 ) (-5120 -1024 64 ) 
4 266 267 (-5120 -1024 64 ) (-5120 -1024 2304 ) (-5120 0 2304 ) (-5120 0 64 ) 
4 267 269 (-5120 -1024 64 ) (-5120 -1024 2304 ) (-5263.240234 -1024 2304 ) (-5263.240234 -1024 64 ) 
4 268 269 (-5120 -1024 2304 ) (-5120 -1024 64 ) (-5120 -1664 64 ) (-5120 -1664 2304 ) 
