PRT1
299
996
4 0 42 (-1120 -3072 1632 ) (-2048 -3072 1632 ) (-2048 -3072 288 ) (-1120 -3072 288 ) 
4 0 21 (-2048 -3072 288 ) (-2048 -3072 320 ) (-2048 -2656 320 ) (-2048 -2656 288 ) 
4 0 20 (-2048 -2656 320 ) (-2048 -2528 320 ) (-2048 -2528 288 ) (-2048 -2656 288 ) 
4 0 17 (-2048 -2528 320 ) (-2048 -2400 320 ) (-2048 -2400 288 ) (-2048 -2528 288 ) 
4 0 15 (-2048 -3072 320 ) (-2048 -3072 576 ) (-2048 -2688 576 ) (-2048 -2688 320 ) 
4 0 13 (-2048 -2656 320 ) (-2048 -2688 320 ) (-2048 -2688 544 ) (-2048 -2656 544 ) 
4 0 11 (-2048 -2528 320 ) (-2048 -2656 320 ) (-2048 -2656 544 ) (-2048 -2528 544 ) 
4 0 9 (-2048 -2496 544 ) (-2048 -2496 320 ) (-2048 -2528 320 ) (-2048 -2528 544 ) 
4 0 7 (-2048 -2688 576 ) (-2048 -2496 576 ) (-2048 -2496 544 ) (-2048 -2688 544 ) 
4 0 5 (-2048 -2496 576 ) (-2048 -2400 576 ) (-2048 -2400 320 ) (-2048 -2496 320 ) 
4 0 3 (-2048 -3072 576 ) (-2048 -3072 1632 ) (-2048 -2400 1632 ) (-2048 -2400 576 ) 
4 1 18 (-2784 -2048 288 ) (-2784 -2048 320 ) (-3072 -2048 320 ) (-3072 -2048 288 ) 
4 1 6 (-2784 -2048 320 ) (-2784 -2048 576 ) (-3072 -2048 576 ) (-3072 -2048 320 ) 
4 1 4 (-2784 -2048 576 ) (-2784 -2048 1632 ) (-3072 -2048 1632 ) (-3072 -2048 576 ) 
4 1 2 (-3072 -1504 288 ) (-3072 -2048 288 ) (-3072 -2048 1632 ) (-3072 -1504 1632 ) 
4 2 83 (-4096 -2048 288 ) (-4096 -2048 1632 ) (-4096 -1504 1632 ) (-4096 -1504 288 ) 
4 2 40 (-4096 -2048 320 ) (-4096 -2048 288 ) (-3072 -2048 288 ) (-3072 -2048 320 ) 
4 2 39 (-4096 -2048 576 ) (-4096 -2048 320 ) (-3520 -2048 320 ) (-3520 -2048 576 ) 
4 2 36 (-3520 -2048 320 ) (-3072 -2048 320 ) (-3072 -2048 544 ) (-3520 -2048 544 ) 
4 2 35 (-3328 -2048 576 ) (-3520 -2048 576 ) (-3520 -2048 544 ) (-3328 -2048 544 ) 
4 2 34 (-3072 -2048 544 ) (-3072 -2048 576 ) (-3328 -2048 576 ) (-3328 -2048 544 ) 
4 2 33 (-4096 -2048 1024 ) (-4096 -2048 576 ) (-3072 -2048 576 ) (-3072 -2048 1024 ) 
4 2 31 (-4096 -2048 1056 ) (-4096 -2048 1024 ) (-3072 -2048 1024 ) (-3072 -2048 1056 ) 
4 2 27 (-4096 -2048 1408 ) (-4096 -2048 1056 ) (-4000 -2048 1056 ) (-4000 -2048 1408 ) 
4 2 26 (-4000 -2048 1056 ) (-3072 -2048 1056 ) (-3072 -2048 1408 ) (-4000 -2048 1408 ) 
4 2 24 (-4096 -2048 1440 ) (-4096 -2048 1408 ) (-3072 -2048 1408 ) (-3072 -2048 1440 ) 
4 2 23 (-4096 -2048 1632 ) (-4096 -2048 1440 ) (-3072 -2048 1440 ) (-3072 -2048 1632 ) 
4 3 43 (-2048 -3072 576 ) (-2048 -3072 1632 ) (-2464 -3072 1632 ) (-2464 -3072 576 ) 
4 3 15 (-2048 -2688 576 ) (-2048 -3072 576 ) (-2464 -3072 576 ) (-2464 -2688 576 ) 
4 3 7 (-2048 -2496 576 ) (-2048 -2688 576 ) (-2432 -2688 576 ) (-2432 -2496 576 ) 
4 3 5 (-2048 -2400 576 ) (-2048 -2496 576 ) (-2464 -2496 576 ) (-2464 -2400 576 ) 
4 4 33 (-3072 -2048 1024 ) (-3072 -2048 576 ) (-3072 -2848 576 ) (-3072 -2848 1024 ) 
4 4 32 (-3072 -2720 1024 ) (-3072 -2848 1024 ) (-3072 -2848 1056 ) (-3072 -2720 1056 ) 
4 4 31 (-3072 -2048 1056 ) (-3072 -2048 1024 ) (-3072 -2720 1024 ) (-3072 -2720 1056 ) 
4 4 26 (-3072 -2048 1408 ) (-3072 -2048 1056 ) (-3072 -2848 1056 ) (-3072 -2848 1408 ) 
4 4 25 (-3072 -2720 1408 ) (-3072 -2848 1408 ) (-3072 -2848 1440 ) (-3072 -2720 1440 ) 
4 4 24 (-3072 -2048 1440 ) (-3072 -2048 1408 ) (-3072 -2720 1408 ) (-3072 -2720 1440 ) 
4 4 23 (-3072 -2048 1632 ) (-3072 -2048 1440 ) (-3072 -2848 1440 ) (-3072 -2848 1632 ) 
4 4 16 (-3072 -2848 576 ) (-3072 -2688 576 ) (-2784 -2688 576 ) (-2784 -2848 576 ) 
4 4 8 (-3072 -2688 576 ) (-3072 -2496 576 ) (-2816 -2496 576 ) (-2816 -2688 576 ) 
4 4 6 (-3072 -2496 576 ) (-3072 -2048 576 ) (-2784 -2048 576 ) (-2784 -2496 576 ) 
4 5 17 (-2048 -2400 320 ) (-2048 -2496 320 ) (-2464 -2496 320 ) (-2464 -2400 320 ) 
4 5 9 (-2464 -2496 320 ) (-2048 -2496 320 ) (-2048 -2496 544 ) (-2464 -2496 544 ) 
4 5 7 (-2048 -2496 544 ) (-2048 -2496 576 ) (-2432 -2496 576 ) (-2432 -2496 544 ) 
4 6 36 (-3072 -2048 544 ) (-3072 -2048 320 ) (-3072 -2496 320 ) (-3072 -2496 544 ) 
4 6 34 (-3072 -2048 576 ) (-3072 -2048 544 ) (-3072 -2496 544 ) (-3072 -2496 576 ) 
4 6 18 (-3072 -2496 320 ) (-3072 -2048 320 ) (-2784 -2048 320 ) (-2784 -2496 320 ) 
4 6 10 (-3072 -2496 320 ) (-2784 -2496 320 ) (-2784 -2496 544 ) (-3072 -2496 544 ) 
4 6 8 (-2816 -2496 576 ) (-3072 -2496 576 ) (-3072 -2496 544 ) (-2816 -2496 544 ) 
4 7 15 (-2048 -2688 544 ) (-2048 -2688 576 ) (-2432 -2688 576 ) (-2432 -2688 544 ) 
4 7 13 (-2048 -2688 544 ) (-2432 -2688 544 ) (-2432 -2656 544 ) (-2048 -2656 544 ) 
4 7 11 (-2432 -2656 544 ) (-2432 -2528 544 ) (-2048 -2528 544 ) (-2048 -2656 544 ) 
4 7 9 (-2432 -2528 544 ) (-2432 -2496 544 ) (-2048 -2496 544 ) (-2048 -2528 544 ) 
4 8 34 (-3072 -2688 544 ) (-3072 -2688 576 ) (-3072 -2496 576 ) (-3072 -2496 544 ) 
4 8 16 (-2816 -2688 576 ) (-3072 -2688 576 ) (-3072 -2688 544 ) (-2816 -2688 544 ) 
4 8 14 (-2816 -2688 544 ) (-3072 -2688 544 ) (-3072 -2656 544 ) (-2816 -2656 544 ) 
4 8 12 (-3072 -2656 544 ) (-3072 -2528 544 ) (-2816 -2528 544 ) (-2816 -2656 544 ) 
4 8 10 (-3072 -2528 544 ) (-3072 -2496 544 ) (-2816 -2496 544 ) (-2816 -2528 544 ) 
4 9 17 (-2464 -2496 320 ) (-2048 -2496 320 ) (-2048 -2528 320 ) (-2464 -2528 320 ) 
4 9 11 (-2464 -2528 320 ) (-2048 -2528 320 ) (-2048 -2528 544 ) (-2464 -2528 544 ) 
4 10 36 (-3072 -2496 320 ) (-3072 -2528 320 ) (-3072 -2528 544 ) (-3072 -2496 544 ) 
4 10 18 (-3072 -2528 320 ) (-3072 -2496 320 ) (-2784 -2496 320 ) (-2784 -2528 320 ) 
4 10 12 (-3072 -2528 320 ) (-2784 -2528 320 ) (-2784 -2528 544 ) (-3072 -2528 544 ) 
4 11 20 (-2496 -2528 320 ) (-2048 -2528 320 ) (-2048 -2656 320 ) (-2496 -2656 320 ) 
4 11 13 (-2464 -2656 320 ) (-2048 -2656 320 ) (-2048 -2656 544 ) (-2464 -2656 544 ) 
4 11 12 (-2496 -2528 544 ) (-2496 -2528 320 ) (-2752 -2656 320 ) (-2752 -2656 544 ) 
4 12 36 (-3072 -2528 320 ) (-3072 -2656 320 ) (-3072 -2656 544 ) (-3072 -2528 544 ) 
4 12 19 (-3072 -2656 320 ) (-3072 -2528 320 ) (-2752 -2528 320 ) (-2752 -2656 320 ) 
4 12 14 (-3072 -2656 320 ) (-2784 -2656 320 ) (-2784 -2656 544 ) (-3072 -2656 544 ) 
4 13 21 (-2464 -2656 320 ) (-2048 -2656 320 ) (-2048 -2688 320 ) (-2464 -2688 320 ) 
4 13 15 (-2464 -2688 320 ) (-2048 -2688 320 ) (-2048 -2688 544 ) (-2464 -2688 544 ) 
4 14 36 (-3072 -2656 320 ) (-3072 -2688 320 ) (-3072 -2688 544 ) (-3072 -2656 544 ) 
4 14 22 (-3072 -2688 320 ) (-3072 -2656 320 ) (-2784 -2656 320 ) (-2784 -2688 320 ) 
4 14 16 (-3072 -2688 320 ) (-2784 -2688 320 ) (-2784 -2688 544 ) (-3072 -2688 544 ) 
4 15 45 (-2048 -3072 320 ) (-2048 -3072 576 ) (-2464 -3072 576 ) (-2464 -3072 320 ) 
4 15 21 (-2048 -3072 320 ) (-2464 -3072 320 ) (-2464 -2688 320 ) (-2048 -2688 320 ) 
4 16 36 (-3072 -2688 320 ) (-3072 -2848 320 ) (-3072 -2848 544 ) (-3072 -2688 544 ) 
4 16 34 (-3072 -2848 544 ) (-3072 -2848 576 ) (-3072 -2688 576 ) (-3072 -2688 544 ) 
4 16 22 (-3072 -2848 320 ) (-3072 -2688 320 ) (-2784 -2688 320 ) (-2784 -2848 320 ) 
4 17 20 (-2464 -2528 288 ) (-2048 -2528 288 ) (-2048 -2528 320 ) (-2464 -2528 320 ) 
4 18 40 (-3072 -2048 320 ) (-3072 -2048 288 ) (-3072 -2528 288 ) (-3072 -2528 320 ) 
4 18 19 (-3072 -2528 288 ) (-2784 -2528 288 ) (-2784 -2528 320 ) (-3072 -2528 320 ) 
4 19 40 (-3072 -2528 288 ) (-3072 -2656 288 ) (-3072 -2656 320 ) (-3072 -2528 320 ) 
4 19 22 (-3072 -2656 288 ) (-2784 -2656 288 ) (-2784 -2656 320 ) (-3072 -2656 320 ) 
4 20 21 (-2464 -2656 288 ) (-2048 -2656 288 ) (-2048 -2656 320 ) (-2464 -2656 320 ) 
4 21 57 (-2048 -3072 288 ) (-2048 -3072 320 ) (-2464 -3072 320 ) (-2464 -3072 288 ) 
4 22 40 (-3072 -2656 288 ) (-3072 -2848 288 ) (-3072 -2848 320 ) (-3072 -2656 320 ) 
4 23 86 (-4096 -2848 1632 ) (-4096 -2048 1632 ) (-4096 -2048 1440 ) (-4096 -2848 1440 ) 
4 23 25 (-3968 -2720 1440 ) (-3072 -2720 1440 ) (-3072 -2848 1440 ) (-3968 -2848 1440 ) 
4 23 24 (-4096 -2720 1440 ) (-4096 -2048 1440 ) (-3072 -2048 1440 ) (-3072 -2720 1440 ) 
4 24 88 (-4096 -2720 1440 ) (-4096 -2048 1440 ) (-4096 -2048 1408 ) (-4096 -2720 1408 ) 
4 24 27 (-4096 -2720 1408 ) (-4096 -2048 1408 ) (-4000 -2048 1408 ) (-4000 -2720 1408 ) 
4 24 26 (-4000 -2048 1408 ) (-3072 -2048 1408 ) (-3072 -2720 1408 ) (-4000 -2720 1408 ) 
4 24 25 (-3968 -2720 1408 ) (-3072 -2720 1408 ) (-3072 -2720 1440 ) (-3968 -2720 1440 ) 
4 25 26 (-3968 -2720 1408 ) (-3072 -2720 1408 ) (-3072 -2848 1408 ) (-3968 -2848 1408 ) 
4 26 32 (-3968 -2720 1056 ) (-3072 -2720 1056 ) (-3072 -2848 1056 ) (-3968 -2848 1056 ) 
4 26 31 (-4000 -2720 1056 ) (-4000 -2048 1056 ) (-3072 -2048 1056 ) (-3072 -2720 1056 ) 
4 26 27 (-4000 -2048 1056 ) (-4000 -2848 1056 ) (-4000 -2848 1408 ) (-4000 -2048 1408 ) 
4 27 93 (-4096 -2952 1408 ) (-4096 -2752 1408 ) (-4096 -2752 1056 ) (-4096 -2952 1056 ) 
4 27 91 (-4096 -2752 1408 ) (-4096 -2048 1408 ) (-4096 -2048 1056 ) (-4096 -2752 1056 ) 
4 27 31 (-4096 -2720 1056 ) (-4096 -2048 1056 ) (-4000 -2048 1056 ) (-4000 -2720 1056 ) 
4 27 29 (-4051.199951 -3008 1056 ) (-4000 -3008 1056 ) (-4000 -3008 1408 ) (-4051.199951 -3008 1408 ) 
4 27 28 (-4096 -2952.003906 1056 ) (-4051.203125 -3008 1056 ) (-4051.203125 -3008 1408 ) (-4096 -2952.003906 1408 ) 
4 28 94 (-4096 -3008 1408 ) (-4096 -2952 1408 ) (-4096 -2952 1056 ) (-4096 -3008 1056 ) 
4 28 30 (-4096 -3008 1056 ) (-4051.199951 -3008 1056 ) (-4051.199951 -3008 1408 ) (-4096 -3008 1408 ) 
4 29 30 (-4051.203125 -3008 1408 ) (-4051.203125 -3008 1056 ) (-4000 -3072.003906 1056 ) (-4000 -3072.003906 1408 ) 
4 30 95 (-4096 -3072 1056 ) (-4096 -3072 1408 ) (-4096 -3008 1408 ) (-4096 -3008 1056 ) 
4 30 68 (-4000 -3072 1408 ) (-4096 -3072 1408 ) (-4096 -3072 1056 ) (-4000 -3072 1056 ) 
4 31 101 (-4096 -2720 1056 ) (-4096 -2048 1056 ) (-4096 -2048 1024 ) (-4096 -2720 1024 ) 
4 31 33 (-4096 -2720 1024 ) (-4096 -2048 1024 ) (-3072 -2048 1024 ) (-3072 -2720 1024 ) 
4 31 32 (-3968 -2720 1024 ) (-3072 -2720 1024 ) (-3072 -2720 1056 ) (-3968 -2720 1056 ) 
4 32 33 (-3968 -2720 1024 ) (-3072 -2720 1024 ) (-3072 -2848 1024 ) (-3968 -2848 1024 ) 
4 33 105 (-4096 -2848 1024 ) (-4096 -2048 1024 ) (-4096 -2048 576 ) (-4096 -2848 576 ) 
4 33 39 (-4096 -2848 576 ) (-4096 -2048 576 ) (-3520 -2048 576 ) (-3520 -2848 576 ) 
4 33 35 (-3520 -2048 576 ) (-3328 -2048 576 ) (-3328 -2816 576 ) (-3520 -2816 576 ) 
4 33 34 (-3328 -2048 576 ) (-3072 -2048 576 ) (-3072 -2848 576 ) (-3328 -2848 576 ) 
4 34 36 (-3328 -2048 544 ) (-3072 -2048 544 ) (-3072 -2848 544 ) (-3328 -2848 544 ) 
4 34 35 (-3328 -2048 544 ) (-3328 -2816 544 ) (-3328 -2816 576 ) (-3328 -2048 576 ) 
4 35 39 (-3520 -2816 576 ) (-3520 -2048 576 ) (-3520 -2048 544 ) (-3520 -2816 544 ) 
4 35 36 (-3520 -2816 544 ) (-3520 -2048 544 ) (-3328 -2048 544 ) (-3328 -2816 544 ) 
4 36 40 (-3520 -2048 320 ) (-3072 -2048 320 ) (-3072 -2848 320 ) (-3520 -2848 320 ) 
4 36 39 (-3520 -2048 320 ) (-3520 -2848 320 ) (-3520 -2848 544 ) (-3520 -2048 544 ) 
4 36 37 (-3360 -2848 544 ) (-3488 -2848 544 ) (-3488 -2848 320 ) (-3360 -2848 320 ) 
4 37 75 (-3360 -3072 544 ) (-3411.199951 -3072 544 ) (-3411.199951 -3072 320 ) (-3360 -3072 320 ) 
4 37 41 (-3488 -2880 320 ) (-3488 -2848 320 ) (-3360 -2848 320 ) (-3360 -2880 320 ) 
4 37 38 (-3488 -2880 544 ) (-3488 -2880 320 ) (-3411.199951 -3072 320 ) (-3411.199951 -3072 544 ) 
4 38 76 (-3411.199951 -3072 544 ) (-3488 -3072 544 ) (-3488 -3072 320 ) (-3411.199951 -3072 320 ) 
4 39 116 (-4096 -2848 576 ) (-4096 -2688 576 ) (-4096 -2688 320 ) (-4096 -2848 320 ) 
4 39 114 (-4096 -2656 320 ) (-4096 -2688 320 ) (-4096 -2688 544 ) (-4096 -2656 544 ) 
4 39 112 (-4096 -2528 320 ) (-4096 -2656 320 ) (-4096 -2656 544 ) (-4096 -2528 544 ) 
4 39 110 (-4096 -2496 544 ) (-4096 -2496 320 ) (-4096 -2528 320 ) (-4096 -2528 544 ) 
4 39 107 (-4096 -2496 576 ) (-4096 -2048 576 ) (-4096 -2048 320 ) (-4096 -2496 320 ) 
4 39 40 (-4096 -2848 320 ) (-4096 -2048 320 ) (-3520 -2048 320 ) (-3520 -2848 320 ) 
4 40 122 (-4096 -2848 320 ) (-4096 -2656 320 ) (-4096 -2656 288 ) (-4096 -2848 288 ) 
4 40 121 (-4096 -2656 320 ) (-4096 -2528 320 ) (-4096 -2528 288 ) (-4096 -2656 288 ) 
4 40 118 (-4096 -2528 320 ) (-4096 -2048 320 ) (-4096 -2048 288 ) (-4096 -2528 288 ) 
4 40 41 (-3488 -2848 288 ) (-3360 -2848 288 ) (-3360 -2848 320 ) (-3488 -2848 320 ) 
4 42 61 (-2048 -3552 288 ) (-2048 -3744 288 ) (-2048 -3744 320 ) (-2048 -3552 320 ) 
4 42 60 (-2048 -3424 288 ) (-2048 -3552 288 ) (-2048 -3552 320 ) (-2048 -3424 320 ) 
4 42 57 (-2048 -3072 320 ) (-2048 -3072 288 ) (-2048 -3424 288 ) (-2048 -3424 320 ) 
4 42 55 (-2048 -3584 320 ) (-2048 -3744 320 ) (-2048 -3744 576 ) (-2048 -3584 576 ) 
4 42 53 (-2048 -3552 320 ) (-2048 -3584 320 ) (-2048 -3584 544 ) (-2048 -3552 544 ) 
4 42 51 (-2048 -3424 320 ) (-2048 -3552 320 ) (-2048 -3552 544 ) (-2048 -3424 544 ) 
4 42 49 (-2048 -3392 320 ) (-2048 -3424 320 ) (-2048 -3424 544 ) (-2048 -3392 544 ) 
4 42 47 (-2048 -3584 544 ) (-2048 -3584 576 ) (-2048 -3392 576 ) (-2048 -3392 544 ) 
4 42 45 (-2048 -3072 576 ) (-2048 -3072 320 ) (-2048 -3392 320 ) (-2048 -3392 576 ) 
4 42 43 (-2048 -3072 1632 ) (-2048 -3072 576 ) (-2048 -3744 576 ) (-2048 -3744 1632 ) 
4 43 55 (-2048 -3584 576 ) (-2048 -3744 576 ) (-2464 -3744 576 ) (-2464 -3584 576 ) 
4 43 47 (-2048 -3392 576 ) (-2048 -3584 576 ) (-2432 -3584 576 ) (-2432 -3392 576 ) 
4 43 45 (-2464 -3072 576 ) (-2048 -3072 576 ) (-2048 -3392 576 ) (-2464 -3392 576 ) 
4 44 81 (-2784 -4096 1632 ) (-3072 -4096 1632 ) (-3072 -4096 576 ) (-2784 -4096 576 ) 
4 44 72 (-3072 -3232 576 ) (-3072 -4096 576 ) (-3072 -4096 1024 ) (-3072 -3232 1024 ) 
4 44 70 (-3072 -3392 1056 ) (-3072 -3232 1056 ) (-3072 -3232 1024 ) (-3072 -3392 1024 ) 
4 44 71 (-3072 -4096 1024 ) (-3072 -4096 1056 ) (-3072 -3392 1056 ) (-3072 -3392 1024 ) 
4 44 66 (-3072 -4096 1056 ) (-3072 -4096 1408 ) (-3072 -3232 1408 ) (-3072 -3232 1056 ) 
4 44 64 (-3072 -3360 1440 ) (-3072 -3232 1440 ) (-3072 -3232 1408 ) (-3072 -3360 1408 ) 
4 44 65 (-3072 -4096 1408 ) (-3072 -4096 1440 ) (-3072 -3360 1440 ) (-3072 -3360 1408 ) 
4 44 63 (-3072 -4096 1440 ) (-3072 -4096 1632 ) (-3072 -3232 1632 ) (-3072 -3232 1440 ) 
4 44 56 (-3072 -4096 576 ) (-3072 -3584 576 ) (-2784 -3584 576 ) (-2784 -4096 576 ) 
4 44 48 (-3072 -3584 576 ) (-3072 -3392 576 ) (-2816 -3392 576 ) (-2816 -3584 576 ) 
4 44 46 (-3072 -3392 576 ) (-3072 -3232 576 ) (-2784 -3232 576 ) (-2784 -3392 576 ) 
4 45 57 (-2464 -3072 320 ) (-2048 -3072 320 ) (-2048 -3392 320 ) (-2464 -3392 320 ) 
4 45 49 (-2464 -3392 320 ) (-2048 -3392 320 ) (-2048 -3392 544 ) (-2464 -3392 544 ) 
4 45 47 (-2048 -3392 544 ) (-2048 -3392 576 ) (-2432 -3392 576 ) (-2432 -3392 544 ) 
4 46 77 (-3072 -3232 320 ) (-3072 -3392 320 ) (-3072 -3392 544 ) (-3072 -3232 544 ) 
4 46 73 (-3072 -3392 544 ) (-3072 -3392 576 ) (-3072 -3232 576 ) (-3072 -3232 544 ) 
4 46 58 (-3072 -3392 320 ) (-3072 -3232 320 ) (-2784 -3232 320 ) (-2784 -3392 320 ) 
4 46 50 (-3072 -3392 320 ) (-2784 -3392 320 ) (-2784 -3392 544 ) (-3072 -3392 544 ) 
4 46 48 (-2816 -3392 576 ) (-3072 -3392 576 ) (-3072 -3392 544 ) (-2816 -3392 544 ) 
4 47 55 (-2048 -3584 544 ) (-2048 -3584 576 ) (-2432 -3584 576 ) (-2432 -3584 544 ) 
4 47 53 (-2048 -3584 544 ) (-2432 -3584 544 ) (-2432 -3552 544 ) (-2048 -3552 544 ) 
4 47 51 (-2432 -3552 544 ) (-2432 -3424 544 ) (-2048 -3424 544 ) (-2048 -3552 544 ) 
4 47 49 (-2432 -3424 544 ) (-2432 -3392 544 ) (-2048 -3392 544 ) (-2048 -3424 544 ) 
4 48 73 (-3072 -3584 544 ) (-3072 -3584 576 ) (-3072 -3392 576 ) (-3072 -3392 544 ) 
4 48 56 (-2816 -3584 576 ) (-3072 -3584 576 ) (-3072 -3584 544 ) (-2816 -3584 544 ) 
4 48 54 (-2816 -3584 544 ) (-3072 -3584 544 ) (-3072 -3552 544 ) (-2816 -3552 544 ) 
4 48 52 (-3072 -3552 544 ) (-3072 -3424 544 ) (-2816 -3424 544 ) (-2816 -3552 544 ) 
4 48 50 (-3072 -3424 544 ) (-3072 -3392 544 ) (-2816 -3392 544 ) (-2816 -3424 544 ) 
4 49 57 (-2464 -3392 320 ) (-2048 -3392 320 ) (-2048 -3424 320 ) (-2464 -3424 320 ) 
4 49 51 (-2464 -3424 320 ) (-2048 -3424 320 ) (-2048 -3424 544 ) (-2464 -3424 544 ) 
4 50 77 (-3072 -3392 320 ) (-3072 -3424 320 ) (-3072 -3424 544 ) (-3072 -3392 544 ) 
4 50 58 (-3072 -3424 320 ) (-3072 -3392 320 ) (-2784 -3392 320 ) (-2784 -3424 320 ) 
4 50 52 (-3072 -3424 320 ) (-2784 -3424 320 ) (-2784 -3424 544 ) (-3072 -3424 544 ) 
4 51 60 (-2496 -3424 320 ) (-2048 -3424 320 ) (-2048 -3552 320 ) (-2496 -3552 320 ) 
4 51 53 (-2464 -3552 320 ) (-2048 -3552 320 ) (-2048 -3552 544 ) (-2464 -3552 544 ) 
4 51 52 (-2496 -3424 544 ) (-2496 -3424 320 ) (-2752 -3552 320 ) (-2752 -3552 544 ) 
4 52 77 (-3072 -3424 320 ) (-3072 -3552 320 ) (-3072 -3552 544 ) (-3072 -3424 544 ) 
4 52 59 (-3072 -3552 320 ) (-3072 -3424 320 ) (-2752 -3424 320 ) (-2752 -3552 320 ) 
4 52 54 (-3072 -3552 320 ) (-2784 -3552 320 ) (-2784 -3552 544 ) (-3072 -3552 544 ) 
4 53 61 (-2464 -3552 320 ) (-2048 -3552 320 ) (-2048 -3584 320 ) (-2464 -3584 320 ) 
4 53 55 (-2464 -3584 320 ) (-2048 -3584 320 ) (-2048 -3584 544 ) (-2464 -3584 544 ) 
4 54 77 (-3072 -3552 320 ) (-3072 -3584 320 ) (-3072 -3584 544 ) (-3072 -3552 544 ) 
4 54 62 (-3072 -3584 320 ) (-3072 -3552 320 ) (-2784 -3552 320 ) (-2784 -3584 320 ) 
4 54 56 (-3072 -3584 320 ) (-2784 -3584 320 ) (-2784 -3584 544 ) (-3072 -3584 544 ) 
4 55 61 (-2464 -3744 320 ) (-2464 -3584 320 ) (-2048 -3584 320 ) (-2048 -3744 320 ) 
4 56 81 (-2784 -4096 576 ) (-3072 -4096 576 ) (-3072 -4096 320 ) (-2784 -4096 320 ) 
4 56 77 (-3072 -3584 320 ) (-3072 -4096 320 ) (-3072 -4096 544 ) (-3072 -3584 544 ) 
4 56 73 (-3072 -4096 544 ) (-3072 -4096 576 ) (-3072 -3584 576 ) (-3072 -3584 544 ) 
4 56 62 (-2784 -4096 320 ) (-3072 -4096 320 ) (-3072 -3584 320 ) (-2784 -3584 320 ) 
4 57 60 (-2464 -3424 288 ) (-2048 -3424 288 ) (-2048 -3424 320 ) (-2464 -3424 320 ) 
4 58 80 (-3072 -3232 288 ) (-3072 -3424 288 ) (-3072 -3424 320 ) (-3072 -3232 320 ) 
4 58 59 (-3072 -3424 288 ) (-2784 -3424 288 ) (-2784 -3424 320 ) (-3072 -3424 320 ) 
4 59 80 (-3072 -3424 288 ) (-3072 -3552 288 ) (-3072 -3552 320 ) (-3072 -3424 320 ) 
4 59 62 (-3072 -3552 288 ) (-2784 -3552 288 ) (-2784 -3552 320 ) (-3072 -3552 320 ) 
4 60 61 (-2464 -3552 288 ) (-2048 -3552 288 ) (-2048 -3552 320 ) (-2464 -3552 320 ) 
4 62 81 (-2784 -4096 320 ) (-3072 -4096 320 ) (-3072 -4096 288 ) (-2784 -4096 288 ) 
4 62 80 (-3072 -3552 288 ) (-3072 -4096 288 ) (-3072 -4096 320 ) (-3072 -3552 320 ) 
4 63 147 (-4096 -4096 1440 ) (-4096 -4096 1632 ) (-4096 -3232 1632 ) (-4096 -3232 1440 ) 
4 63 82 (-3072 -4096 1440 ) (-3072 -4096 1632 ) (-4096 -4096 1632 ) (-4096 -4096 1440 ) 
4 63 64 (-3968 -3232 1440 ) (-3072 -3232 1440 ) (-3072 -3360 1440 ) (-3968 -3360 1440 ) 
4 63 65 (-3072 -4096 1440 ) (-4096 -4096 1440 ) (-4096 -3360 1440 ) (-3072 -3360 1440 ) 
4 64 66 (-3072 -3232 1408 ) (-3072 -3360 1408 ) (-3968 -3360 1408 ) (-3968 -3232 1408 ) 
4 64 65 (-3968 -3360 1408 ) (-3072 -3360 1408 ) (-3072 -3360 1440 ) (-3968 -3360 1440 ) 
4 65 149 (-4096 -4096 1408 ) (-4096 -4096 1440 ) (-4096 -3360 1440 ) (-4096 -3360 1408 ) 
4 65 82 (-3072 -4096 1408 ) (-3072 -4096 1440 ) (-4096 -4096 1440 ) (-4096 -4096 1408 ) 
4 65 69 (-4000 -4096 1408 ) (-4096 -4096 1408 ) (-4096 -3360 1408 ) (-4000 -3360 1408 ) 
4 65 66 (-3072 -3360 1408 ) (-3072 -4096 1408 ) (-4000 -4096 1408 ) (-4000 -3360 1408 ) 
4 66 82 (-3072 -4096 1056 ) (-3072 -4096 1408 ) (-4000 -4096 1408 ) (-4000 -4096 1056 ) 
4 66 70 (-3968 -3232 1056 ) (-3072 -3232 1056 ) (-3072 -3392 1056 ) (-3968 -3392 1056 ) 
4 66 71 (-3072 -4096 1056 ) (-4000 -4096 1056 ) (-4000 -3392 1056 ) (-3072 -3392 1056 ) 
4 66 67 (-4000 -3232 1056 ) (-4000 -3328 1056 ) (-4000 -3328 1408 ) (-4000 -3232 1408 ) 
4 66 69 (-4000 -3328 1056 ) (-4000 -4096 1056 ) (-4000 -4096 1408 ) (-4000 -3328 1408 ) 
4 67 152 (-4096 -3328 1408 ) (-4096 -3148.800049 1408 ) (-4096 -3148.800049 1056 ) (-4096 -3328 1056 ) 
4 67 69 (-4096 -3328 1056 ) (-4000 -3328 1056 ) (-4000 -3328 1408 ) (-4096 -3328 1408 ) 
4 67 68 (-4000 -3072.003174 1408 ) (-4000 -3072.003174 1056 ) (-4096 -3148.803223 1056 ) (-4096 -3148.803223 1408 ) 
4 68 154 (-4096 -3148.800049 1408 ) (-4096 -3072 1408 ) (-4096 -3072 1056 ) (-4096 -3148.800049 1056 ) 
4 69 153 (-4096 -4096 1056 ) (-4096 -4096 1408 ) (-4096 -3328 1408 ) (-4096 -3328 1056 ) 
4 69 82 (-4000 -4096 1408 ) (-4096 -4096 1408 ) (-4096 -4096 1056 ) (-4000 -4096 1056 ) 
4 69 71 (-4000 -4096 1056 ) (-4096 -4096 1056 ) (-4096 -3392 1056 ) (-4000 -3392 1056 ) 
4 70 72 (-3072 -3232 1024 ) (-3072 -3392 1024 ) (-3968 -3392 1024 ) (-3968 -3232 1024 ) 
4 70 71 (-3968 -3392 1024 ) (-3072 -3392 1024 ) (-3072 -3392 1056 ) (-3968 -3392 1056 ) 
4 71 161 (-4096 -4096 1024 ) (-4096 -4096 1056 ) (-4096 -3392 1056 ) (-4096 -3392 1024 ) 
4 71 82 (-3072 -4096 1024 ) (-3072 -4096 1056 ) (-4096 -4096 1056 ) (-4096 -4096 1024 ) 
4 71 72 (-3072 -3392 1024 ) (-3072 -4096 1024 ) (-4096 -4096 1024 ) (-4096 -3392 1024 ) 
4 72 167 (-4096 -4096 576 ) (-4096 -4096 1024 ) (-4096 -3232 1024 ) (-4096 -3232 576 ) 
4 72 82 (-3072 -4096 576 ) (-3072 -4096 1024 ) (-4096 -4096 1024 ) (-4096 -4096 576 ) 
4 72 78 (-3520 -4096 576 ) (-4096 -4096 576 ) (-4096 -3232 576 ) (-3520 -3232 576 ) 
4 72 74 (-3328 -4096 576 ) (-3520 -4096 576 ) (-3520 -3264 576 ) (-3328 -3264 576 ) 
4 72 73 (-3072 -4096 576 ) (-3328 -4096 576 ) (-3328 -3232 576 ) (-3072 -3232 576 ) 
4 73 82 (-3072 -4096 544 ) (-3072 -4096 576 ) (-3328 -4096 576 ) (-3328 -4096 544 ) 
4 73 77 (-3072 -4096 544 ) (-3328 -4096 544 ) (-3328 -3232 544 ) (-3072 -3232 544 ) 
4 73 74 (-3328 -3264 544 ) (-3328 -4096 544 ) (-3328 -4096 576 ) (-3328 -3264 576 ) 
4 74 82 (-3328 -4096 576 ) (-3520 -4096 576 ) (-3520 -4096 544 ) (-3328 -4096 544 ) 
4 74 78 (-3520 -4096 544 ) (-3520 -4096 576 ) (-3520 -3264 576 ) (-3520 -3264 544 ) 
4 74 77 (-3328 -4096 544 ) (-3520 -4096 544 ) (-3520 -3264 544 ) (-3328 -3264 544 ) 
4 75 76 (-3411.199951 -3072 320 ) (-3360 -3200 320 ) (-3360 -3200 544 ) (-3411.199951 -3072 544 ) 
4 76 79 (-3360 -3232 320 ) (-3488 -3232 320 ) (-3488 -3200 320 ) (-3360 -3200 320 ) 
4 76 77 (-3360 -3232 544 ) (-3488 -3232 544 ) (-3488 -3232 320 ) (-3360 -3232 320 ) 
4 77 82 (-3072 -4096 320 ) (-3072 -4096 544 ) (-3520 -4096 544 ) (-3520 -4096 320 ) 
4 77 80 (-3072 -3232 320 ) (-3072 -4096 320 ) (-3520 -4096 320 ) (-3520 -3232 320 ) 
4 77 78 (-3520 -3232 320 ) (-3520 -4096 320 ) (-3520 -4096 544 ) (-3520 -3232 544 ) 
4 78 183 (-4096 -4096 320 ) (-4096 -4096 576 ) (-4096 -3584 576 ) (-4096 -3584 320 ) 
4 78 181 (-4096 -3552 320 ) (-4096 -3584 320 ) (-4096 -3584 544 ) (-4096 -3552 544 ) 
4 78 179 (-4096 -3424 320 ) (-4096 -3552 320 ) (-4096 -3552 544 ) (-4096 -3424 544 ) 
4 78 177 (-4096 -3392 544 ) (-4096 -3392 320 ) (-4096 -3424 320 ) (-4096 -3424 544 ) 
4 78 174 (-4096 -3392 576 ) (-4096 -3232 576 ) (-4096 -3232 320 ) (-4096 -3392 320 ) 
4 78 82 (-3520 -4096 576 ) (-4096 -4096 576 ) (-4096 -4096 320 ) (-3520 -4096 320 ) 
4 78 80 (-3520 -4096 320 ) (-4096 -4096 320 ) (-4096 -3232 320 ) (-3520 -3232 320 ) 
4 79 80 (-3488 -3232 288 ) (-3360 -3232 288 ) (-3360 -3232 320 ) (-3488 -3232 320 ) 
4 80 192 (-4096 -4096 288 ) (-4096 -4096 320 ) (-4096 -3552 320 ) (-4096 -3552 288 ) 
4 80 191 (-4096 -3552 320 ) (-4096 -3424 320 ) (-4096 -3424 288 ) (-4096 -3552 288 ) 
4 80 188 (-4096 -3424 320 ) (-4096 -3232 320 ) (-4096 -3232 288 ) (-4096 -3424 288 ) 
4 80 82 (-3072 -4096 288 ) (-3072 -4096 320 ) (-4096 -4096 320 ) (-4096 -4096 288 ) 
4 81 82 (-3072 -4576 1632 ) (-3072 -4096 1632 ) (-3072 -4096 288 ) (-3072 -4576 288 ) 
4 82 264 (-4096 -4576 1632 ) (-4096 -4096 1632 ) (-4096 -4096 288 ) (-4096 -4576 288 ) 
4 83 118 (-4096 -2048 288 ) (-4096 -2048 320 ) (-4128 -2048 320 ) (-4128 -2048 288 ) 
4 83 107 (-4096 -2048 320 ) (-4096 -2048 576 ) (-4128 -2048 576 ) (-4128 -2048 320 ) 
4 83 105 (-4096 -2048 576 ) (-4096 -2048 1024 ) (-4128 -2048 1024 ) (-4128 -2048 576 ) 
4 83 101 (-4096 -2048 1024 ) (-4096 -2048 1056 ) (-4128 -2048 1056 ) (-4128 -2048 1024 ) 
4 83 91 (-4096 -2048 1056 ) (-4096 -2048 1408 ) (-4128 -2048 1408 ) (-4128 -2048 1056 ) 
4 83 88 (-4096 -2048 1408 ) (-4096 -2048 1440 ) (-4128 -2048 1440 ) (-4128 -2048 1408 ) 
4 83 86 (-4096 -2048 1440 ) (-4096 -2048 1632 ) (-4128 -2048 1632 ) (-4128 -2048 1440 ) 
4 84 119 (-5120 -2048 320 ) (-5120 -2048 288 ) (-4576 -2048 288 ) (-4576 -2048 320 ) 
4 84 108 (-5120 -2048 576 ) (-5120 -2048 320 ) (-4576 -2048 320 ) (-4576 -2048 576 ) 
4 84 106 (-5120 -2048 1024 ) (-5120 -2048 576 ) (-4576 -2048 576 ) (-4576 -2048 1024 ) 
4 84 102 (-4768 -2048 1024 ) (-4576 -2048 1024 ) (-4576 -2048 1056 ) (-4768 -2048 1056 ) 
4 84 103 (-5120 -2048 1056 ) (-5120 -2048 1024 ) (-4768 -2048 1024 ) (-4768 -2048 1056 ) 
4 84 92 (-5120 -2048 1408 ) (-5120 -2048 1056 ) (-4576 -2048 1056 ) (-4576 -2048 1408 ) 
4 84 90 (-5120 -2048 1440 ) (-5120 -2048 1408 ) (-4672 -2048 1408 ) (-4672 -2048 1440 ) 
4 84 89 (-4672 -2048 1408 ) (-4576 -2048 1408 ) (-4576 -2048 1440 ) (-4672 -2048 1440 ) 
4 84 87 (-4576 -2048 1632 ) (-5120 -2048 1632 ) (-5120 -2048 1440 ) (-4576 -2048 1440 ) 
4 84 85 (-5120 -1504 288 ) (-5120 -2048 288 ) (-5120 -2048 1632 ) (-5120 -1504 1632 ) 
4 85 134 (-5120 -2048 288 ) (-5120 -2048 320 ) (-5920 -2048 320 ) (-5920 -2048 288 ) 
4 85 129 (-5120 -2048 320 ) (-5120 -2048 544 ) (-5920 -2048 544 ) (-5920 -2048 320 ) 
4 85 125 (-5120 -2048 544 ) (-5120 -2048 576 ) (-5920 -2048 576 ) (-5920 -2048 544 ) 
4 85 124 (-5120 -2048 576 ) (-5120 -2048 1632 ) (-5920 -2048 1632 ) (-5920 -2048 576 ) 
4 86 88 (-4128 -2048 1440 ) (-4096 -2048 1440 ) (-4096 -2720 1440 ) (-4128 -2720 1440 ) 
4 87 124 (-5120 -2048 1632 ) (-5120 -2048 1440 ) (-5120 -2848 1440 ) (-5120 -2848 1632 ) 
4 87 90 (-5120 -2048 1440 ) (-4672 -2048 1440 ) (-4672 -2848 1440 ) (-5120 -2848 1440 ) 
4 87 89 (-4672 -2048 1440 ) (-4576 -2048 1440 ) (-4576 -2720 1440 ) (-4672 -2720 1440 ) 
4 88 91 (-4128 -2048 1408 ) (-4096 -2048 1408 ) (-4096 -2720 1408 ) (-4128 -2720 1408 ) 
4 89 92 (-4672 -2048 1408 ) (-4576 -2048 1408 ) (-4576 -2720 1408 ) (-4672 -2720 1408 ) 
4 89 90 (-4672 -2048 1408 ) (-4672 -2720 1408 ) (-4672 -2720 1440 ) (-4672 -2048 1440 ) 
4 90 124 (-5120 -2048 1440 ) (-5120 -2048 1408 ) (-5120 -2848 1408 ) (-5120 -2848 1440 ) 
4 90 98 (-4672 -2752 1408 ) (-4672 -2848 1408 ) (-5120 -2848 1408 ) (-5120 -2752 1408 ) 
4 90 92 (-5120 -2048 1408 ) (-4672 -2048 1408 ) (-4672 -2752 1408 ) (-5120 -2752 1408 ) 
4 91 101 (-4128 -2048 1056 ) (-4096 -2048 1056 ) (-4096 -2720 1056 ) (-4128 -2720 1056 ) 
4 91 93 (-4128 -2752 1056 ) (-4096 -2752 1056 ) (-4096 -2752 1408 ) (-4128 -2752 1408 ) 
4 92 124 (-5120 -2048 1408 ) (-5120 -2048 1056 ) (-5120 -2752 1056 ) (-5120 -2752 1408 ) 
4 92 102 (-4768 -2048 1056 ) (-4576 -2048 1056 ) (-4576 -2720 1056 ) (-4768 -2720 1056 ) 
4 92 103 (-5120 -2752 1056 ) (-5120 -2048 1056 ) (-4768 -2048 1056 ) (-4768 -2752 1056 ) 
4 92 98 (-5120 -2752 1056 ) (-4640 -2752 1056 ) (-4640 -2752 1408 ) (-5120 -2752 1408 ) 
4 92 96 (-4640 -2752 1056 ) (-4576 -2752 1056 ) (-4576 -2752 1408 ) (-4640 -2752 1408 ) 
4 93 94 (-4256.002930 -2752 1408 ) (-4256.002930 -2752 1056 ) (-4096 -2952.003906 1056 ) (-4096 -2952.003906 1408 ) 
4 94 97 (-4320 -2752 1408 ) (-4320 -2752 1056 ) (-4320 -3008 1056 ) (-4320 -3008 1408 ) 
4 94 95 (-4320 -3008 1408 ) (-4320 -3008 1056 ) (-4096 -3008 1056 ) (-4096 -3008 1408 ) 
4 95 154 (-4096 -3072 1056 ) (-4096 -3072 1408 ) (-4320 -3072 1408 ) (-4320 -3072 1056 ) 
4 95 99 (-4320 -3008 1056 ) (-4320 -3072 1056 ) (-4320 -3072 1408 ) (-4320 -3008 1408 ) 
4 96 98 (-4640 -2752 1408 ) (-4640 -2752 1056 ) (-4640 -2848 1056 ) (-4640 -2848 1408 ) 
4 96 97 (-4640 -3008 1408 ) (-4640 -3008 1056 ) (-4320 -2752 1056 ) (-4320 -2752 1408 ) 
4 97 99 (-4640 -3008 1056 ) (-4320 -3008 1056 ) (-4320 -3008 1408 ) (-4640 -3008 1408 ) 
4 98 124 (-5120 -2752 1056 ) (-5120 -2848 1056 ) (-5120 -2848 1408 ) (-5120 -2752 1408 ) 
4 98 104 (-5120 -2848 1056 ) (-5120 -2752 1056 ) (-4768 -2752 1056 ) (-4768 -2848 1056 ) 
4 99 155 (-4320 -3072 1408 ) (-4588.799805 -3072 1408 ) (-4588.799805 -3072 1056 ) (-4320 -3072 1056 ) 
4 99 100 (-4640.001465 -3008 1408 ) (-4640.001465 -3008 1056 ) (-4588.801270 -3072 1056 ) (-4588.801270 -3072 1408 ) 
4 100 156 (-4588.799805 -3072 1408 ) (-4640 -3072 1408 ) (-4640 -3072 1056 ) (-4588.799805 -3072 1056 ) 
4 101 105 (-4128 -2048 1024 ) (-4096 -2048 1024 ) (-4096 -2720 1024 ) (-4128 -2720 1024 ) 
4 102 106 (-4768 -2048 1024 ) (-4576 -2048 1024 ) (-4576 -2720 1024 ) (-4768 -2720 1024 ) 
4 102 103 (-4768 -2048 1024 ) (-4768 -2720 1024 ) (-4768 -2720 1056 ) (-4768 -2048 1056 ) 
4 103 124 (-5120 -2048 1056 ) (-5120 -2048 1024 ) (-5120 -2752 1024 ) (-5120 -2752 1056 ) 
4 103 106 (-5120 -2752 1024 ) (-5120 -2048 1024 ) (-4768 -2048 1024 ) (-4768 -2752 1024 ) 
4 103 104 (-5120 -2752 1024 ) (-4768 -2752 1024 ) (-4768 -2752 1056 ) (-5120 -2752 1056 ) 
4 104 124 (-5120 -2752 1024 ) (-5120 -2848 1024 ) (-5120 -2848 1056 ) (-5120 -2752 1056 ) 
4 104 106 (-5120 -2848 1024 ) (-5120 -2752 1024 ) (-4768 -2752 1024 ) (-4768 -2848 1024 ) 
4 105 116 (-4128 -2848 576 ) (-4128 -2688 576 ) (-4096 -2688 576 ) (-4096 -2848 576 ) 
4 105 107 (-4128 -2496 576 ) (-4128 -2048 576 ) (-4096 -2048 576 ) (-4096 -2496 576 ) 
4 106 124 (-5120 -2048 1024 ) (-5120 -2048 576 ) (-5120 -2848 576 ) (-5120 -2848 1024 ) 
4 106 117 (-5120 -2848 576 ) (-5120 -2688 576 ) (-4576 -2688 576 ) (-4576 -2848 576 ) 
4 106 109 (-5120 -2688 576 ) (-5120 -2496 576 ) (-4608 -2496 576 ) (-4608 -2688 576 ) 
4 106 108 (-5120 -2496 576 ) (-5120 -2048 576 ) (-4576 -2048 576 ) (-4576 -2496 576 ) 
4 107 118 (-4128 -2048 320 ) (-4096 -2048 320 ) (-4096 -2496 320 ) (-4128 -2496 320 ) 
4 107 110 (-4128 -2496 320 ) (-4096 -2496 320 ) (-4096 -2496 544 ) (-4128 -2496 544 ) 
4 108 129 (-5120 -2048 544 ) (-5120 -2048 320 ) (-5120 -2496 320 ) (-5120 -2496 544 ) 
4 108 125 (-5120 -2048 576 ) (-5120 -2048 544 ) (-5120 -2496 544 ) (-5120 -2496 576 ) 
4 108 119 (-5120 -2048 320 ) (-4576 -2048 320 ) (-4576 -2496 320 ) (-5120 -2496 320 ) 
4 108 111 (-5120 -2496 320 ) (-4576 -2496 320 ) (-4576 -2496 544 ) (-5120 -2496 544 ) 
4 108 109 (-4608 -2496 576 ) (-5120 -2496 576 ) (-5120 -2496 544 ) (-4608 -2496 544 ) 
4 109 126 (-5120 -2688 544 ) (-5120 -2688 576 ) (-5120 -2560 576 ) (-5120 -2560 544 ) 
4 109 125 (-5120 -2560 576 ) (-5120 -2496 576 ) (-5120 -2496 544 ) (-5120 -2560 544 ) 
4 109 117 (-4608 -2688 576 ) (-5120 -2688 576 ) (-5120 -2688 544 ) (-4608 -2688 544 ) 
4 109 115 (-4608 -2688 544 ) (-5120 -2688 544 ) (-5120 -2656 544 ) (-4608 -2656 544 ) 
4 109 113 (-5120 -2656 544 ) (-5120 -2528 544 ) (-4608 -2528 544 ) (-4608 -2656 544 ) 
4 109 111 (-5120 -2528 544 ) (-5120 -2496 544 ) (-4608 -2496 544 ) (-4608 -2528 544 ) 
4 110 118 (-4096 -2496 320 ) (-4096 -2528 320 ) (-4128 -2528 320 ) (-4128 -2496 320 ) 
4 110 112 (-4128 -2528 320 ) (-4096 -2528 320 ) (-4096 -2528 544 ) (-4128 -2528 544 ) 
4 111 129 (-5120 -2496 320 ) (-5120 -2528 320 ) (-5120 -2528 544 ) (-5120 -2496 544 ) 
4 111 119 (-4576 -2528 320 ) (-5120 -2528 320 ) (-5120 -2496 320 ) (-4576 -2496 320 ) 
4 111 113 (-5120 -2528 320 ) (-4576 -2528 320 ) (-4576 -2528 544 ) (-5120 -2528 544 ) 
4 112 121 (-4096 -2528 320 ) (-4096 -2656 320 ) (-4160 -2656 320 ) (-4160 -2528 320 ) 
4 112 114 (-4128 -2656 320 ) (-4096 -2656 320 ) (-4096 -2656 544 ) (-4128 -2656 544 ) 
4 112 113 (-4192.001953 -2528 544 ) (-4192.001953 -2528 320 ) (-4512.001953 -2656 320 ) (-4512.001953 -2656 544 ) 
4 113 129 (-5120 -2528 320 ) (-5120 -2656 320 ) (-5120 -2656 544 ) (-5120 -2528 544 ) 
4 113 120 (-4544 -2656 320 ) (-5120 -2656 320 ) (-5120 -2528 320 ) (-4544 -2528 320 ) 
4 113 115 (-5120 -2656 320 ) (-4576 -2656 320 ) (-4576 -2656 544 ) (-5120 -2656 544 ) 
4 114 122 (-4096 -2656 320 ) (-4096 -2688 320 ) (-4128 -2688 320 ) (-4128 -2656 320 ) 
4 114 116 (-4128 -2688 320 ) (-4096 -2688 320 ) (-4096 -2688 544 ) (-4128 -2688 544 ) 
4 115 129 (-5120 -2656 320 ) (-5120 -2688 320 ) (-5120 -2688 544 ) (-5120 -2656 544 ) 
4 115 123 (-4576 -2688 320 ) (-5120 -2688 320 ) (-5120 -2656 320 ) (-4576 -2656 320 ) 
4 115 117 (-5120 -2688 320 ) (-4576 -2688 320 ) (-4576 -2688 544 ) (-5120 -2688 544 ) 
4 116 122 (-4096 -2688 320 ) (-4096 -2848 320 ) (-4128 -2848 320 ) (-4128 -2688 320 ) 
4 117 129 (-5120 -2688 320 ) (-5120 -2848 320 ) (-5120 -2848 544 ) (-5120 -2688 544 ) 
4 117 127 (-5120 -2816 576 ) (-5120 -2752 576 ) (-5120 -2752 544 ) (-5120 -2816 544 ) 
4 117 126 (-5120 -2752 576 ) (-5120 -2688 576 ) (-5120 -2688 544 ) (-5120 -2752 544 ) 
4 117 123 (-5120 -2848 320 ) (-5120 -2688 320 ) (-4576 -2688 320 ) (-4576 -2848 320 ) 
4 118 121 (-4128 -2528 288 ) (-4096 -2528 288 ) (-4096 -2528 320 ) (-4128 -2528 320 ) 
4 119 134 (-5120 -2048 320 ) (-5120 -2048 288 ) (-5120 -2528 288 ) (-5120 -2528 320 ) 
4 119 120 (-5120 -2528 288 ) (-4576 -2528 288 ) (-4576 -2528 320 ) (-5120 -2528 320 ) 
4 120 134 (-5120 -2528 288 ) (-5120 -2656 288 ) (-5120 -2656 320 ) (-5120 -2528 320 ) 
4 120 123 (-5120 -2656 288 ) (-4576 -2656 288 ) (-4576 -2656 320 ) (-5120 -2656 320 ) 
4 121 122 (-4128 -2656 288 ) (-4096 -2656 288 ) (-4096 -2656 320 ) (-4128 -2656 320 ) 
4 123 134 (-5120 -2656 288 ) (-5120 -2848 288 ) (-5120 -2848 320 ) (-5120 -2656 320 ) 
4 124 128 (-5920 -2848 576 ) (-5920 -2752 576 ) (-5312 -2752 576 ) (-5312 -2848 576 ) 
4 124 127 (-5312 -2752 576 ) (-5120 -2752 576 ) (-5120 -2816 576 ) (-5312 -2816 576 ) 
4 124 126 (-5888 -2560 576 ) (-5120 -2560 576 ) (-5120 -2752 576 ) (-5888 -2752 576 ) 
4 124 125 (-5920 -2560 576 ) (-5920 -2048 576 ) (-5120 -2048 576 ) (-5120 -2560 576 ) 
4 125 129 (-5920 -2048 544 ) (-5120 -2048 544 ) (-5120 -2560 544 ) (-5920 -2560 544 ) 
4 125 126 (-5888 -2560 544 ) (-5120 -2560 544 ) (-5120 -2560 576 ) (-5888 -2560 576 ) 
4 126 129 (-5888 -2560 544 ) (-5120 -2560 544 ) (-5120 -2752 544 ) (-5888 -2752 544 ) 
4 126 128 (-5888 -2752 544 ) (-5312 -2752 544 ) (-5312 -2752 576 ) (-5888 -2752 576 ) 
4 126 127 (-5312 -2752 544 ) (-5120 -2752 544 ) (-5120 -2752 576 ) (-5312 -2752 576 ) 
4 127 129 (-5312 -2752 544 ) (-5120 -2752 544 ) (-5120 -2816 544 ) (-5312 -2816 544 ) 
4 127 128 (-5312 -2752 576 ) (-5312 -2752 544 ) (-5312 -2816 544 ) (-5312 -2816 576 ) 
4 128 129 (-5920 -2752 544 ) (-5312 -2752 544 ) (-5312 -2848 544 ) (-5920 -2848 544 ) 
4 129 134 (-5920 -2048 320 ) (-5120 -2048 320 ) (-5120 -2848 320 ) (-5920 -2848 320 ) 
4 129 132 (-5920 -2592 320 ) (-5920 -2720 320 ) (-5920 -2720 544 ) (-5920 -2592 544 ) 
4 129 130 (-5280 -2848 320 ) (-5152 -2848 320 ) (-5152 -2848 544 ) (-5280 -2848 544 ) 
4 130 238 (-5152 -3072 544 ) (-5203.200195 -3072 544 ) (-5203.200195 -3072 320 ) (-5152 -3072 320 ) 
4 130 135 (-5280 -2880 320 ) (-5280 -2848 320 ) (-5152 -2848 320 ) (-5152 -2880 320 ) 
4 130 131 (-5280 -2880 544 ) (-5280 -2880 320 ) (-5203.200195 -3072 320 ) (-5203.200195 -3072 544 ) 
4 131 239 (-5203.200195 -3072 544 ) (-5280 -3072 544 ) (-5280 -3072 320 ) (-5203.200195 -3072 320 ) 
4 132 141 (-6144 -2720 544 ) (-6144 -2668.800049 544 ) (-6144 -2668.800049 320 ) (-6144 -2720 320 ) 
4 132 136 (-5952 -2592 320 ) (-5920 -2592 320 ) (-5920 -2720 320 ) (-5952 -2720 320 ) 
4 132 133 (-5952 -2592 544 ) (-5952 -2592 320 ) (-6144 -2668.799561 320 ) (-6144 -2668.799561 544 ) 
4 133 142 (-6144 -2668.800049 544 ) (-6144 -2592 544 ) (-6144 -2592 320 ) (-6144 -2668.800049 320 ) 
4 134 136 (-5920 -2592 288 ) (-5920 -2720 288 ) (-5920 -2720 320 ) (-5920 -2592 320 ) 
4 134 135 (-5280 -2848 288 ) (-5152 -2848 288 ) (-5152 -2848 320 ) (-5280 -2848 320 ) 
4 137 289 (-6304 -3072 1632 ) (-7168 -3072 1632 ) (-7168 -3072 576 ) (-6304 -3072 576 ) 
4 137 146 (-7168 -3072 576 ) (-7168 -3072 1632 ) (-7168 -2464 1632 ) (-7168 -2464 576 ) 
4 137 140 (-6304 -2752 576 ) (-6304 -3072 576 ) (-7168 -3072 576 ) (-7168 -2752 576 ) 
4 137 139 (-6336 -2752 576 ) (-7168 -2752 576 ) (-7168 -2560 576 ) (-6336 -2560 576 ) 
4 137 138 (-6304 -2464 576 ) (-6304 -2560 576 ) (-7168 -2560 576 ) (-7168 -2464 576 ) 
4 138 146 (-7168 -2560 576 ) (-7168 -2464 576 ) (-7168 -2464 320 ) (-7168 -2560 320 ) 
4 138 145 (-7168 -2560 320 ) (-7168 -2464 320 ) (-6304 -2464 320 ) (-6304 -2560 320 ) 
4 138 143 (-7168 -2560 320 ) (-6304 -2560 320 ) (-6304 -2560 544 ) (-7168 -2560 544 ) 
4 138 139 (-6336 -2560 576 ) (-7168 -2560 576 ) (-7168 -2560 544 ) (-6336 -2560 544 ) 
4 139 146 (-7168 -2752 576 ) (-7168 -2560 576 ) (-7168 -2560 544 ) (-7168 -2752 544 ) 
4 139 143 (-7168 -2560 544 ) (-6336 -2560 544 ) (-6336 -2752 544 ) (-7168 -2752 544 ) 
4 139 140 (-7168 -2752 544 ) (-6336 -2752 544 ) (-6336 -2752 576 ) (-7168 -2752 576 ) 
4 140 290 (-6304 -3072 576 ) (-7168 -3072 576 ) (-7168 -3072 544 ) (-6304 -3072 544 ) 
4 140 146 (-7168 -3072 544 ) (-7168 -3072 576 ) (-7168 -2752 576 ) (-7168 -2752 544 ) 
4 140 143 (-6304 -3072 544 ) (-7168 -3072 544 ) (-7168 -2752 544 ) (-6304 -2752 544 ) 
4 141 142 (-6144 -2668.799561 320 ) (-6272 -2720 320 ) (-6272 -2720 544 ) (-6144 -2668.799561 544 ) 
4 142 144 (-6304 -2720 320 ) (-6304 -2592 320 ) (-6272 -2592 320 ) (-6272 -2720 320 ) 
4 142 143 (-6304 -2720 544 ) (-6304 -2592 544 ) (-6304 -2592 320 ) (-6304 -2720 320 ) 
4 143 294 (-6304 -3072 544 ) (-7168 -3072 544 ) (-7168 -3072 320 ) (-6304 -3072 320 ) 
4 143 146 (-7168 -3072 320 ) (-7168 -3072 544 ) (-7168 -2560 544 ) (-7168 -2560 320 ) 
4 143 145 (-6304 -3072 320 ) (-7168 -3072 320 ) (-7168 -2560 320 ) (-6304 -2560 320 ) 
4 144 145 (-6304 -2592 288 ) (-6304 -2720 288 ) (-6304 -2720 320 ) (-6304 -2592 320 ) 
4 145 297 (-6304 -3072 320 ) (-7168 -3072 320 ) (-7168 -3072 288 ) (-6304 -3072 288 ) 
4 145 146 (-7168 -3072 288 ) (-7168 -3072 320 ) (-7168 -2464 320 ) (-7168 -2464 288 ) 
4 146 298 (-7168 -3072 288 ) (-7168 -3072 1632 ) (-7648 -3072 1632 ) (-7648 -3072 288 ) 
4 147 264 (-4096 -4096 1440 ) (-4096 -4096 1632 ) (-4128 -4096 1632 ) (-4128 -4096 1440 ) 
4 147 149 (-4096 -3360 1440 ) (-4096 -4096 1440 ) (-4128 -4096 1440 ) (-4128 -3360 1440 ) 
4 148 271 (-4832 -4096 1632 ) (-5120 -4096 1632 ) (-5120 -4096 1440 ) (-4832 -4096 1440 ) 
4 148 270 (-4736 -4096 1632 ) (-4832 -4096 1632 ) (-4832 -4096 1440 ) (-4736 -4096 1440 ) 
4 148 266 (-4608 -4096 1632 ) (-4736 -4096 1632 ) (-4736 -4096 1440 ) (-4608 -4096 1440 ) 
4 148 265 (-4576 -4096 1632 ) (-4608 -4096 1632 ) (-4608 -4096 1440 ) (-4576 -4096 1440 ) 
4 148 229 (-5120 -3904 1440 ) (-5120 -4096 1440 ) (-5120 -4096 1632 ) (-5120 -3904 1632 ) 
4 148 225 (-5120 -3776 1440 ) (-5120 -3904 1440 ) (-5120 -3904 1632 ) (-5120 -3776 1632 ) 
4 148 220 (-5120 -3456 1440 ) (-5120 -3776 1440 ) (-5120 -3776 1632 ) (-5120 -3456 1632 ) 
4 148 195 (-5120 -3264 1440 ) (-5120 -3392 1440 ) (-5120 -3392 1632 ) (-5120 -3264 1632 ) 
4 148 194 (-5120 -3232 1440 ) (-5120 -3264 1440 ) (-5120 -3264 1632 ) (-5120 -3232 1632 ) 
4 148 198 (-5120 -3392 1440 ) (-5120 -3456 1440 ) (-5120 -3456 1632 ) (-5120 -3392 1632 ) 
4 148 151 (-5120 -4096 1440 ) (-5120 -3232 1440 ) (-4672 -3232 1440 ) (-4672 -4096 1440 ) 
4 148 150 (-4576 -3360 1440 ) (-4576 -4096 1440 ) (-4672 -4096 1440 ) (-4672 -3360 1440 ) 
4 149 264 (-4096 -4096 1408 ) (-4096 -4096 1440 ) (-4128 -4096 1440 ) (-4128 -4096 1408 ) 
4 149 153 (-4096 -3360 1408 ) (-4096 -4096 1408 ) (-4128 -4096 1408 ) (-4128 -3360 1408 ) 
4 150 266 (-4608 -4096 1440 ) (-4672 -4096 1440 ) (-4672 -4096 1408 ) (-4608 -4096 1408 ) 
4 150 265 (-4576 -4096 1440 ) (-4608 -4096 1440 ) (-4608 -4096 1408 ) (-4576 -4096 1408 ) 
4 150 158 (-4640 -4096 1408 ) (-4672 -4096 1408 ) (-4672 -3360 1408 ) (-4640 -3360 1408 ) 
4 150 157 (-4576 -4096 1408 ) (-4640 -4096 1408 ) (-4640 -3360 1408 ) (-4576 -3360 1408 ) 
4 150 151 (-4672 -3360 1408 ) (-4672 -4096 1408 ) (-4672 -4096 1440 ) (-4672 -3360 1440 ) 
4 151 271 (-4832 -4096 1440 ) (-5120 -4096 1440 ) (-5120 -4096 1408 ) (-4832 -4096 1408 ) 
4 151 270 (-4736 -4096 1440 ) (-4832 -4096 1440 ) (-4832 -4096 1408 ) (-4736 -4096 1408 ) 
4 151 266 (-4672 -4096 1440 ) (-4736 -4096 1440 ) (-4736 -4096 1408 ) (-4672 -4096 1408 ) 
4 151 229 (-5120 -3904 1408 ) (-5120 -4096 1408 ) (-5120 -4096 1440 ) (-5120 -3904 1440 ) 
4 151 225 (-5120 -3776 1408 ) (-5120 -3904 1408 ) (-5120 -3904 1440 ) (-5120 -3776 1440 ) 
4 151 220 (-5120 -3456 1408 ) (-5120 -3776 1408 ) (-5120 -3776 1440 ) (-5120 -3456 1440 ) 
4 151 195 (-5120 -3264 1408 ) (-5120 -3392 1408 ) (-5120 -3392 1440 ) (-5120 -3264 1440 ) 
4 151 194 (-5120 -3232 1408 ) (-5120 -3264 1408 ) (-5120 -3264 1440 ) (-5120 -3232 1440 ) 
4 151 198 (-5120 -3392 1408 ) (-5120 -3456 1408 ) (-5120 -3456 1440 ) (-5120 -3392 1440 ) 
4 151 158 (-5120 -4096 1408 ) (-5120 -3232 1408 ) (-4672 -3232 1408 ) (-4672 -4096 1408 ) 
4 152 153 (-4128 -3328 1056 ) (-4096 -3328 1056 ) (-4096 -3328 1408 ) (-4128 -3328 1408 ) 
4 152 154 (-4096 -3148.803467 1056 ) (-4320 -3328.003418 1056 ) (-4320 -3328.003418 1408 ) (-4096 -3148.803467 1408 ) 
4 153 264 (-4096 -4096 1056 ) (-4096 -4096 1408 ) (-4128 -4096 1408 ) (-4128 -4096 1056 ) 
4 153 161 (-4096 -4096 1056 ) (-4128 -4096 1056 ) (-4128 -3392 1056 ) (-4096 -3392 1056 ) 
4 154 155 (-4320 -3072 1056 ) (-4320 -3328 1056 ) (-4320 -3328 1408 ) (-4320 -3072 1408 ) 
4 155 156 (-4588.801758 -3072 1056 ) (-4384.001465 -3328 1056 ) (-4384.001465 -3328 1408 ) (-4588.801758 -3072 1408 ) 
4 156 158 (-4640 -3232 1056 ) (-4640 -3328 1056 ) (-4640 -3328 1408 ) (-4640 -3232 1408 ) 
4 156 157 (-4640 -3328 1408 ) (-4640 -3328 1056 ) (-4576 -3328 1056 ) (-4576 -3328 1408 ) 
4 157 266 (-4608 -4096 1408 ) (-4640 -4096 1408 ) (-4640 -4096 1056 ) (-4608 -4096 1056 ) 
4 157 265 (-4576 -4096 1408 ) (-4608 -4096 1408 ) (-4608 -4096 1056 ) (-4576 -4096 1056 ) 
4 157 163 (-4608 -4096 1056 ) (-4640 -4096 1056 ) (-4640 -3392 1056 ) (-4608 -3392 1056 ) 
4 157 162 (-4576 -4096 1056 ) (-4608 -4096 1056 ) (-4608 -3392 1056 ) (-4576 -3392 1056 ) 
4 157 158 (-4640 -3328 1056 ) (-4640 -4096 1056 ) (-4640 -4096 1408 ) (-4640 -3328 1408 ) 
4 158 271 (-4832 -4096 1408 ) (-5120 -4096 1408 ) (-5120 -4096 1056 ) (-4832 -4096 1056 ) 
4 158 270 (-4736 -4096 1408 ) (-4832 -4096 1408 ) (-4832 -4096 1056 ) (-4736 -4096 1056 ) 
4 158 266 (-4640 -4096 1408 ) (-4736 -4096 1408 ) (-4736 -4096 1056 ) (-4640 -4096 1056 ) 
4 158 229 (-5120 -3904 1056 ) (-5120 -4096 1056 ) (-5120 -4096 1408 ) (-5120 -3904 1408 ) 
4 158 225 (-5120 -3776 1056 ) (-5120 -3904 1056 ) (-5120 -3904 1408 ) (-5120 -3776 1408 ) 
4 158 220 (-5120 -3456 1056 ) (-5120 -3776 1056 ) (-5120 -3776 1408 ) (-5120 -3456 1408 ) 
4 158 195 (-5120 -3264 1056 ) (-5120 -3392 1056 ) (-5120 -3392 1408 ) (-5120 -3264 1408 ) 
4 158 194 (-5120 -3232 1056 ) (-5120 -3264 1056 ) (-5120 -3264 1408 ) (-5120 -3232 1408 ) 
4 158 198 (-5120 -3392 1056 ) (-5120 -3456 1056 ) (-5120 -3456 1408 ) (-5120 -3392 1408 ) 
4 158 166 (-4768 -4096 1056 ) (-5120 -4096 1056 ) (-5120 -3392 1056 ) (-4768 -3392 1056 ) 
4 158 165 (-5120 -3392 1056 ) (-5120 -3328 1056 ) (-4768 -3328 1056 ) (-4768 -3392 1056 ) 
4 158 163 (-4640 -4096 1056 ) (-4736 -4096 1056 ) (-4736 -3392 1056 ) (-4640 -3392 1056 ) 
4 158 164 (-4736 -4096 1056 ) (-4768 -4096 1056 ) (-4768 -3392 1056 ) (-4736 -3392 1056 ) 
4 158 160 (-5120 -3328 1056 ) (-5120 -3264 1056 ) (-4768 -3264 1056 ) (-4768 -3328 1056 ) 
4 158 159 (-5120 -3264 1056 ) (-5120 -3232 1056 ) (-4768 -3232 1056 ) (-4768 -3264 1056 ) 
4 159 194 (-5120 -3232 1024 ) (-5120 -3264 1024 ) (-5120 -3264 1056 ) (-5120 -3232 1056 ) 
4 159 169 (-5120 -3264 1024 ) (-5120 -3232 1024 ) (-4768 -3232 1024 ) (-4768 -3264 1024 ) 
4 159 160 (-5120 -3264 1024 ) (-4768 -3264 1024 ) (-4768 -3264 1056 ) (-5120 -3264 1056 ) 
4 160 196 (-5120 -3264 1024 ) (-5120 -3328 1024 ) (-5120 -3328 1056 ) (-5120 -3264 1056 ) 
4 160 169 (-5120 -3328 1024 ) (-5120 -3264 1024 ) (-4768 -3264 1024 ) (-4768 -3328 1024 ) 
4 160 165 (-5120 -3328 1024 ) (-4768 -3328 1024 ) (-4768 -3328 1056 ) (-5120 -3328 1056 ) 
4 161 264 (-4096 -4096 1024 ) (-4096 -4096 1056 ) (-4128 -4096 1056 ) (-4128 -4096 1024 ) 
4 161 167 (-4096 -4096 1024 ) (-4128 -4096 1024 ) (-4128 -3392 1024 ) (-4096 -3392 1024 ) 
4 162 265 (-4576 -4096 1056 ) (-4608 -4096 1056 ) (-4608 -4096 1024 ) (-4576 -4096 1024 ) 
4 162 168 (-4576 -4096 1024 ) (-4608 -4096 1024 ) (-4608 -3392 1024 ) (-4576 -3392 1024 ) 
4 162 163 (-4608 -3392 1056 ) (-4608 -3392 1024 ) (-4608 -4096 1024 ) (-4608 -4096 1056 ) 
4 163 267 (-4608 -4096 1056 ) (-4736 -4096 1056 ) (-4736 -4096 1024 ) (-4608 -4096 1024 ) 
4 163 168 (-4608 -4096 1024 ) (-4736 -4096 1024 ) (-4736 -3392 1024 ) (-4608 -3392 1024 ) 
4 163 164 (-4736 -3392 1056 ) (-4736 -3392 1024 ) (-4736 -4096 1024 ) (-4736 -4096 1056 ) 
4 164 270 (-4736 -4096 1056 ) (-4768 -4096 1056 ) (-4768 -4096 1024 ) (-4736 -4096 1024 ) 
4 164 170 (-4768 -3904 1024 ) (-4768 -3776 1024 ) (-4736 -3776 1024 ) (-4736 -3904 1024 ) 
4 164 169 (-4768 -3776 1024 ) (-4768 -3392 1024 ) (-4736 -3392 1024 ) (-4736 -3776 1024 ) 
4 164 173 (-4736 -4096 1024 ) (-4768 -4096 1024 ) (-4768 -3904 1024 ) (-4736 -3904 1024 ) 
4 164 166 (-4768 -3392 1024 ) (-4768 -4096 1024 ) (-4768 -4096 1056 ) (-4768 -3392 1056 ) 
4 165 196 (-5120 -3328 1024 ) (-5120 -3392 1024 ) (-5120 -3392 1056 ) (-5120 -3328 1056 ) 
4 165 169 (-5120 -3392 1024 ) (-5120 -3328 1024 ) (-4768 -3328 1024 ) (-4768 -3392 1024 ) 
4 165 166 (-5120 -3392 1024 ) (-4768 -3392 1024 ) (-4768 -3392 1056 ) (-5120 -3392 1056 ) 
4 166 271 (-4832 -4096 1056 ) (-5120 -4096 1056 ) (-5120 -4096 1024 ) (-4832 -4096 1024 ) 
4 166 270 (-4768 -4096 1056 ) (-4832 -4096 1056 ) (-4832 -4096 1024 ) (-4768 -4096 1024 ) 
4 166 229 (-5120 -3904 1024 ) (-5120 -4096 1024 ) (-5120 -4096 1056 ) (-5120 -3904 1056 ) 
4 166 225 (-5120 -3776 1024 ) (-5120 -3904 1024 ) (-5120 -3904 1056 ) (-5120 -3776 1056 ) 
4 166 220 (-5120 -3456 1024 ) (-5120 -3776 1024 ) (-5120 -3776 1056 ) (-5120 -3456 1056 ) 
4 166 198 (-5120 -3392 1024 ) (-5120 -3456 1024 ) (-5120 -3456 1056 ) (-5120 -3392 1056 ) 
4 166 170 (-5120 -3904 1024 ) (-5120 -3776 1024 ) (-4768 -3776 1024 ) (-4768 -3904 1024 ) 
4 166 169 (-5120 -3776 1024 ) (-5120 -3392 1024 ) (-4768 -3392 1024 ) (-4768 -3776 1024 ) 
4 166 173 (-4768 -4096 1024 ) (-5120 -4096 1024 ) (-5120 -3904 1024 ) (-4768 -3904 1024 ) 
4 167 264 (-4096 -4096 576 ) (-4096 -4096 1024 ) (-4128 -4096 1024 ) (-4128 -4096 576 ) 
4 167 183 (-4096 -3584 576 ) (-4096 -4096 576 ) (-4128 -4096 576 ) (-4128 -3584 576 ) 
4 167 174 (-4096 -3232 576 ) (-4096 -3392 576 ) (-4128 -3392 576 ) (-4128 -3232 576 ) 
4 168 268 (-4608 -4096 1024 ) (-4736 -4096 1024 ) (-4736 -4096 576 ) (-4608 -4096 576 ) 
4 168 265 (-4576 -4096 1024 ) (-4608 -4096 1024 ) (-4608 -4096 576 ) (-4576 -4096 576 ) 
4 168 185 (-4576 -3744 576 ) (-4576 -3840 576 ) (-4736 -3840 576 ) (-4736 -3744 576 ) 
4 168 184 (-4576 -3584 576 ) (-4576 -3744 576 ) (-4736 -3744 576 ) (-4736 -3584 576 ) 
4 168 187 (-4576 -3840 576 ) (-4576 -4096 576 ) (-4736 -4096 576 ) (-4736 -3840 576 ) 
4 168 176 (-4608 -3584 576 ) (-4736 -3584 576 ) (-4736 -3392 576 ) (-4608 -3392 576 ) 
4 168 175 (-4736 -3232 576 ) (-4576 -3232 576 ) (-4576 -3392 576 ) (-4736 -3392 576 ) 
4 168 171 (-4736 -3904 704 ) (-4736 -3904 736 ) (-4736 -3776 736 ) (-4736 -3776 704 ) 
4 168 170 (-4736 -3904 736 ) (-4736 -3904 1024 ) (-4736 -3776 1024 ) (-4736 -3776 736 ) 
4 168 172 (-4736 -3776 576 ) (-4736 -3904 576 ) (-4736 -3904 704 ) (-4736 -3776 704 ) 
4 168 169 (-4736 -3232 1024 ) (-4736 -3232 576 ) (-4736 -3776 576 ) (-4736 -3776 1024 ) 
4 168 173 (-4736 -3904 576 ) (-4736 -4096 576 ) (-4736 -4096 1024 ) (-4736 -3904 1024 ) 
4 169 220 (-5120 -3456 576 ) (-5120 -3776 576 ) (-5120 -3776 1024 ) (-5120 -3456 1024 ) 
4 169 197 (-5120 -3264 576 ) (-5120 -3392 576 ) (-5120 -3392 1024 ) (-5120 -3264 1024 ) 
4 169 194 (-5120 -3232 576 ) (-5120 -3264 576 ) (-5120 -3264 1024 ) (-5120 -3232 1024 ) 
4 169 198 (-5120 -3392 576 ) (-5120 -3456 576 ) (-5120 -3456 1024 ) (-5120 -3392 1024 ) 
4 169 185 (-5120 -3776 576 ) (-5120 -3744 576 ) (-4736 -3744 576 ) (-4736 -3776 576 ) 
4 169 184 (-5120 -3744 576 ) (-5120 -3584 576 ) (-4736 -3584 576 ) (-4736 -3744 576 ) 
4 169 176 (-5120 -3584 576 ) (-5120 -3392 576 ) (-4736 -3392 576 ) (-4736 -3584 576 ) 
4 169 175 (-5120 -3392 576 ) (-5120 -3232 576 ) (-4736 -3232 576 ) (-4736 -3392 576 ) 
4 169 171 (-4736 -3776 704 ) (-4736 -3776 736 ) (-5120 -3776 736 ) (-5120 -3776 704 ) 
4 169 170 (-4736 -3776 736 ) (-4736 -3776 1024 ) (-5120 -3776 1024 ) (-5120 -3776 736 ) 
4 169 172 (-5120 -3776 576 ) (-4736 -3776 576 ) (-4736 -3776 704 ) (-5120 -3776 704 ) 
4 170 225 (-5120 -3904 736 ) (-5120 -3904 1024 ) (-5120 -3776 1024 ) (-5120 -3776 736 ) 
4 170 173 (-4736 -3904 736 ) (-4736 -3904 1024 ) (-5120 -3904 1024 ) (-5120 -3904 736 ) 
4 170 171 (-4736 -3904 736 ) (-5120 -3904 736 ) (-5120 -3776 736 ) (-4736 -3776 736 ) 
4 171 226 (-5120 -3904 704 ) (-5120 -3904 736 ) (-5120 -3776 736 ) (-5120 -3776 704 ) 
4 171 172 (-4736 -3904 704 ) (-5120 -3904 704 ) (-5120 -3776 704 ) (-4736 -3776 704 ) 
4 171 173 (-4736 -3904 704 ) (-4736 -3904 736 ) (-5120 -3904 736 ) (-5120 -3904 704 ) 
4 172 227 (-5120 -3776 576 ) (-5120 -3904 576 ) (-5120 -3904 704 ) (-5120 -3776 704 ) 
4 172 185 (-5120 -3840 576 ) (-5120 -3776 576 ) (-4736 -3776 576 ) (-4736 -3840 576 ) 
4 172 187 (-5120 -3904 576 ) (-5120 -3840 576 ) (-4736 -3840 576 ) (-4736 -3904 576 ) 
4 172 173 (-5120 -3904 576 ) (-4736 -3904 576 ) (-4736 -3904 704 ) (-5120 -3904 704 ) 
4 173 271 (-4832 -4096 1024 ) (-5120 -4096 1024 ) (-5120 -4096 576 ) (-4832 -4096 576 ) 
4 173 270 (-4736 -4096 1024 ) (-4832 -4096 1024 ) (-4832 -4096 576 ) (-4736 -4096 576 ) 
4 173 229 (-5120 -3904 576 ) (-5120 -4096 576 ) (-5120 -4096 1024 ) (-5120 -3904 1024 ) 
4 173 187 (-5120 -4096 576 ) (-5120 -3904 576 ) (-4736 -3904 576 ) (-4736 -4096 576 ) 
4 174 188 (-4096 -3232 320 ) (-4096 -3392 320 ) (-4128 -3392 320 ) (-4128 -3232 320 ) 
4 174 177 (-4128 -3392 320 ) (-4096 -3392 320 ) (-4096 -3392 544 ) (-4128 -3392 544 ) 
4 175 240 (-5120 -3232 320 ) (-5120 -3392 320 ) (-5120 -3392 544 ) (-5120 -3232 544 ) 
4 175 234 (-5120 -3392 544 ) (-5120 -3392 576 ) (-5120 -3264 576 ) (-5120 -3264 544 ) 
4 175 189 (-5120 -3392 320 ) (-5120 -3232 320 ) (-4576 -3232 320 ) (-4576 -3392 320 ) 
4 175 178 (-5120 -3392 320 ) (-4576 -3392 320 ) (-4576 -3392 544 ) (-5120 -3392 544 ) 
4 175 176 (-4608 -3392 576 ) (-5120 -3392 576 ) (-5120 -3392 544 ) (-4608 -3392 544 ) 
4 176 236 (-5120 -3584 544 ) (-5120 -3584 576 ) (-5120 -3392 576 ) (-5120 -3392 544 ) 
4 176 184 (-4608 -3584 576 ) (-5120 -3584 576 ) (-5120 -3584 544 ) (-4608 -3584 544 ) 
4 176 182 (-4608 -3584 544 ) (-5120 -3584 544 ) (-5120 -3552 544 ) (-4608 -3552 544 ) 
4 176 180 (-5120 -3552 544 ) (-5120 -3424 544 ) (-4608 -3424 544 ) (-4608 -3552 544 ) 
4 176 178 (-5120 -3424 544 ) (-5120 -3392 544 ) (-4608 -3392 544 ) (-4608 -3424 544 ) 
4 177 188 (-4128 -3392 320 ) (-4096 -3392 320 ) (-4096 -3424 320 ) (-4128 -3424 320 ) 
4 177 179 (-4128 -3424 320 ) (-4096 -3424 320 ) (-4096 -3424 544 ) (-4128 -3424 544 ) 
4 178 240 (-5120 -3392 320 ) (-5120 -3424 320 ) (-5120 -3424 544 ) (-5120 -3392 544 ) 
4 178 189 (-5120 -3424 320 ) (-5120 -3392 320 ) (-4576 -3392 320 ) (-4576 -3424 320 ) 
4 178 180 (-5120 -3424 320 ) (-4576 -3424 320 ) (-4576 -3424 544 ) (-5120 -3424 544 ) 
4 179 191 (-4160 -3424 320 ) (-4096 -3424 320 ) (-4096 -3552 320 ) (-4160 -3552 320 ) 
4 179 181 (-4128 -3552 320 ) (-4096 -3552 320 ) (-4096 -3552 544 ) (-4128 -3552 544 ) 
4 179 180 (-4191.998047 -3424 544 ) (-4191.998047 -3424 320 ) (-4511.998047 -3552 320 ) (-4511.998047 -3552 544 ) 
4 180 240 (-5120 -3424 320 ) (-5120 -3552 320 ) (-5120 -3552 544 ) (-5120 -3424 544 ) 
4 180 190 (-5120 -3552 320 ) (-5120 -3424 320 ) (-4544 -3424 320 ) (-4544 -3552 320 ) 
4 180 182 (-5120 -3552 320 ) (-4576 -3552 320 ) (-4576 -3552 544 ) (-5120 -3552 544 ) 
4 181 192 (-4128 -3552 320 ) (-4096 -3552 320 ) (-4096 -3584 320 ) (-4128 -3584 320 ) 
4 181 183 (-4128 -3584 320 ) (-4096 -3584 320 ) (-4096 -3584 544 ) (-4128 -3584 544 ) 
4 182 240 (-5120 -3552 320 ) (-5120 -3584 320 ) (-5120 -3584 544 ) (-5120 -3552 544 ) 
4 182 193 (-5120 -3584 320 ) (-5120 -3552 320 ) (-4576 -3552 320 ) (-4576 -3584 320 ) 
4 182 184 (-5120 -3584 320 ) (-4576 -3584 320 ) (-4576 -3584 544 ) (-5120 -3584 544 ) 
4 183 264 (-4096 -4096 320 ) (-4096 -4096 576 ) (-4128 -4096 576 ) (-4128 -4096 320 ) 
4 183 192 (-4096 -4096 320 ) (-4128 -4096 320 ) (-4128 -3584 320 ) (-4096 -3584 320 ) 
4 184 240 (-5120 -3584 320 ) (-5120 -3744 320 ) (-5120 -3744 544 ) (-5120 -3584 544 ) 
4 184 237 (-5120 -3744 544 ) (-5120 -3744 576 ) (-5120 -3584 576 ) (-5120 -3584 544 ) 
4 184 193 (-5120 -3744 320 ) (-5120 -3584 320 ) (-4576 -3584 320 ) (-4576 -3744 320 ) 
3 184 186 (-5120 -3744 320 ) (-5088 -3744 320 ) (-5120 -3744 339.200012 ) 
5 184 185 (-5088 -3744 320 ) (-4576 -3744 320 ) (-4576 -3744 576 ) (-5120 -3744 576 ) (-5120 -3744 339.200012 ) 
4 185 242 (-5120 -3840 339.200012 ) (-5120 -3840 544 ) (-5120 -3744 544 ) (-5120 -3744 339.200012 ) 
4 185 237 (-5120 -3840 544 ) (-5120 -3840 576 ) (-5120 -3744 576 ) (-5120 -3744 544 ) 
4 185 193 (-5088 -3744 320 ) (-4576 -3744 320 ) (-4576 -3840 320 ) (-5088 -3840 320 ) 
5 185 187 (-5088 -3840 320 ) (-4576 -3840 320 ) (-4576 -3840 576 ) (-5120 -3840 576 ) (-5120 -3840 339.200012 ) 
4 185 186 (-5088 -3840 320 ) (-5120 -3840 339.199402 ) (-5120 -3744 339.199402 ) (-5088 -3744 320 ) 
4 186 243 (-5120 -3744 320 ) (-5120 -3840 320 ) (-5120 -3840 339.200012 ) (-5120 -3744 339.200012 ) 
4 186 193 (-5120 -3840 320 ) (-5120 -3744 320 ) (-5088 -3744 320 ) (-5088 -3840 320 ) 
3 186 187 (-5120 -3840 320 ) (-5088 -3840 320 ) (-5120 -3840 339.200012 ) 
4 187 271 (-4832 -4096 576 ) (-5120 -4096 576 ) (-5120 -4096 320 ) (-4832 -4096 320 ) 
4 187 270 (-4736 -4096 576 ) (-4832 -4096 576 ) (-4832 -4096 320 ) (-4736 -4096 320 ) 
4 187 268 (-4608 -4096 576 ) (-4736 -4096 576 ) (-4736 -4096 320 ) (-4608 -4096 320 ) 
4 187 265 (-4576 -4096 576 ) (-4608 -4096 576 ) (-4608 -4096 320 ) (-4576 -4096 320 ) 
4 187 244 (-5120 -3840 320 ) (-5120 -4096 320 ) (-5120 -4096 544 ) (-5120 -3840 544 ) 
4 187 237 (-5120 -4096 544 ) (-5120 -4096 576 ) (-5120 -3840 576 ) (-5120 -3840 544 ) 
4 187 193 (-4576 -4096 320 ) (-5120 -4096 320 ) (-5120 -3840 320 ) (-4576 -3840 320 ) 
4 188 191 (-4128 -3424 288 ) (-4096 -3424 288 ) (-4096 -3424 320 ) (-4128 -3424 320 ) 
4 189 262 (-5120 -3232 288 ) (-5120 -3424 288 ) (-5120 -3424 320 ) (-5120 -3232 320 ) 
4 189 190 (-5120 -3424 288 ) (-4576 -3424 288 ) (-4576 -3424 320 ) (-5120 -3424 320 ) 
4 190 262 (-5120 -3424 288 ) (-5120 -3552 288 ) (-5120 -3552 320 ) (-5120 -3424 320 ) 
4 190 193 (-5120 -3552 288 ) (-4576 -3552 288 ) (-4576 -3552 320 ) (-5120 -3552 320 ) 
4 191 192 (-4128 -3552 288 ) (-4096 -3552 288 ) (-4096 -3552 320 ) (-4128 -3552 320 ) 
4 192 264 (-4096 -4096 288 ) (-4096 -4096 320 ) (-4128 -4096 320 ) (-4128 -4096 288 ) 
4 193 271 (-4832 -4096 320 ) (-5120 -4096 320 ) (-5120 -4096 288 ) (-4832 -4096 288 ) 
4 193 270 (-4736 -4096 320 ) (-4832 -4096 320 ) (-4832 -4096 288 ) (-4736 -4096 288 ) 
4 193 268 (-4608 -4096 320 ) (-4736 -4096 320 ) (-4736 -4096 288 ) (-4608 -4096 288 ) 
4 193 265 (-4576 -4096 320 ) (-4608 -4096 320 ) (-4608 -4096 288 ) (-4576 -4096 288 ) 
4 193 262 (-5120 -3552 288 ) (-5120 -4096 288 ) (-5120 -4096 320 ) (-5120 -3552 320 ) 
4 194 199 (-5152 -3264 1632 ) (-5152 -3232 1632 ) (-5152 -3232 576 ) (-5152 -3264 576 ) 
4 194 196 (-5152 -3264 1056 ) (-5152 -3264 1024 ) (-5120 -3264 1024 ) (-5120 -3264 1056 ) 
4 194 195 (-5152 -3264 1632 ) (-5152 -3264 1056 ) (-5120 -3264 1056 ) (-5120 -3264 1632 ) 
4 194 197 (-5152 -3264 1024 ) (-5152 -3264 576 ) (-5120 -3264 576 ) (-5120 -3264 1024 ) 
4 195 208 (-5152 -3392 1632 ) (-5152 -3360 1632 ) (-5152 -3360 1056 ) (-5152 -3392 1056 ) 
4 195 201 (-5152 -3360 1632 ) (-5152 -3296 1632 ) (-5152 -3296 1056 ) (-5152 -3360 1056 ) 
4 195 199 (-5152 -3296 1632 ) (-5152 -3264 1632 ) (-5152 -3264 1056 ) (-5152 -3296 1056 ) 
4 195 198 (-5152 -3392 1632 ) (-5152 -3392 1056 ) (-5120 -3392 1056 ) (-5120 -3392 1632 ) 
4 195 196 (-5120 -3392 1056 ) (-5152 -3392 1056 ) (-5152 -3264 1056 ) (-5120 -3264 1056 ) 
4 196 209 (-5152 -3360 1024 ) (-5152 -3392 1024 ) (-5152 -3392 1056 ) (-5152 -3360 1056 ) 
4 196 207 (-5152 -3328 1024 ) (-5152 -3360 1024 ) (-5152 -3360 1056 ) (-5152 -3328 1056 ) 
4 196 203 (-5152 -3296 1024 ) (-5152 -3328 1024 ) (-5152 -3328 1056 ) (-5152 -3296 1056 ) 
4 196 199 (-5152 -3264 1056 ) (-5152 -3264 1024 ) (-5152 -3296 1024 ) (-5152 -3296 1056 ) 
4 196 197 (-5120 -3392 1024 ) (-5152 -3392 1024 ) (-5152 -3264 1024 ) (-5120 -3264 1024 ) 
4 196 198 (-5152 -3392 1056 ) (-5152 -3392 1024 ) (-5120 -3392 1024 ) (-5120 -3392 1056 ) 
4 197 234 (-5120 -3264 576 ) (-5120 -3392 576 ) (-5152 -3392 576 ) (-5152 -3264 576 ) 
4 197 200 (-5152 -3296 576 ) (-5152 -3392 576 ) (-5152 -3392 1024 ) (-5152 -3296 1024 ) 
4 197 199 (-5152 -3264 1024 ) (-5152 -3264 576 ) (-5152 -3296 576 ) (-5152 -3296 1024 ) 
4 197 198 (-5152 -3392 1024 ) (-5152 -3392 576 ) (-5120 -3392 576 ) (-5120 -3392 1024 ) 
4 198 236 (-5120 -3392 576 ) (-5120 -3456 576 ) (-5152 -3456 576 ) (-5152 -3392 576 ) 
4 198 220 (-5120 -3456 1632 ) (-5152 -3456 1632 ) (-5152 -3456 576 ) (-5120 -3456 576 ) 
4 198 210 (-5152 -3456 576 ) (-5152 -3456 1632 ) (-5152 -3392 1632 ) (-5152 -3392 576 ) 
4 199 235 (-5472 -3232 576 ) (-5312 -3232 576 ) (-5312 -3296 576 ) (-5472 -3296 576 ) 
4 199 234 (-5152 -3264 576 ) (-5152 -3296 576 ) (-5312 -3296 576 ) (-5312 -3264 576 ) 
4 199 216 (-5472 -3232 896 ) (-5472 -3232 576 ) (-5472 -3296 576 ) (-5472 -3296 896 ) 
4 199 213 (-5472 -3264 1216 ) (-5472 -3264 1184 ) (-5472 -3296 1184 ) (-5472 -3296 1216 ) 
4 199 212 (-5472 -3296 1632 ) (-5472 -3264 1632 ) (-5472 -3264 1216 ) (-5472 -3296 1216 ) 
4 199 214 (-5472 -3264 1184 ) (-5472 -3264 896 ) (-5472 -3296 896 ) (-5472 -3296 1184 ) 
4 199 211 (-5472 -3264 1632 ) (-5472 -3232 1632 ) (-5472 -3232 896 ) (-5472 -3264 896 ) 
4 199 203 (-5472 -3296 1216 ) (-5472 -3296 1184 ) (-5152 -3296 1024 ) (-5152 -3296 1056 ) 
3 199 202 (-5472 -3296 1184 ) (-5472 -3296 864 ) (-5152 -3296 1024 ) 
4 199 201 (-5472 -3296 1632 ) (-5472 -3296 1216 ) (-5152 -3296 1056 ) (-5152 -3296 1632 ) 
4 199 200 (-5472 -3296 864 ) (-5472 -3296 576 ) (-5152 -3296 576 ) (-5152 -3296 1024 ) 
4 200 235 (-5312 -3392 576 ) (-5472 -3392 576 ) (-5472 -3296 576 ) (-5312 -3296 576 ) 
4 200 234 (-5152 -3296 576 ) (-5152 -3392 576 ) (-5312 -3392 576 ) (-5312 -3296 576 ) 
4 200 218 (-5472 -3328 576 ) (-5472 -3392 576 ) (-5472 -3392 864 ) (-5472 -3328 864 ) 
4 200 216 (-5472 -3296 864 ) (-5472 -3296 576 ) (-5472 -3328 576 ) (-5472 -3328 864 ) 
4 200 209 (-5472 -3360 864 ) (-5472 -3392 864 ) (-5152 -3392 1024 ) (-5152 -3360 1024 ) 
4 200 206 (-5472 -3328 864 ) (-5472 -3360 864 ) (-5152 -3360 1024 ) (-5152 -3328 1024 ) 
4 200 202 (-5152 -3296 1024 ) (-5472 -3296 864 ) (-5472 -3328 864 ) (-5152 -3328 1024 ) 
4 200 210 (-5472 -3392 864 ) (-5472 -3392 576 ) (-5152 -3392 576 ) (-5152 -3392 1024 ) 
4 201 212 (-5472 -3360 1632 ) (-5472 -3296 1632 ) (-5472 -3296 1216 ) (-5472 -3360 1216 ) 
4 201 208 (-5472 -3360 1632 ) (-5472 -3360 1216 ) (-5152 -3360 1056 ) (-5152 -3360 1632 ) 
4 201 205 (-5152 -3360 1056 ) (-5472 -3360 1216 ) (-5472 -3328 1216 ) (-5152 -3328 1056 ) 
4 201 203 (-5472 -3328 1216 ) (-5472 -3296 1216 ) (-5152 -3296 1056 ) (-5152 -3328 1056 ) 
4 202 216 (-5472 -3296 896 ) (-5472 -3296 864 ) (-5472 -3328 864 ) (-5472 -3328 896 ) 
4 202 214 (-5472 -3296 1184 ) (-5472 -3296 896 ) (-5472 -3328 896 ) (-5472 -3328 1184 ) 
4 202 206 (-5472 -3328 864 ) (-5152 -3328 1024 ) (-5184 -3328 1040 ) (-5472 -3328 896 ) 
3 202 204 (-5184 -3328 1040 ) (-5472 -3328 1184 ) (-5472 -3328 896 ) 
4 202 203 (-5472 -3328 1184 ) (-5152 -3328 1024 ) (-5152 -3296 1024 ) (-5472 -3296 1184 ) 
4 203 213 (-5472 -3296 1216 ) (-5472 -3296 1184 ) (-5472 -3328 1184 ) (-5472 -3328 1216 ) 
3 203 207 (-5152 -3328 1024 ) (-5152 -3328 1056 ) (-5184 -3328 1040 ) 
4 203 205 (-5152 -3328 1056 ) (-5472 -3328 1216 ) (-5472 -3328 1184 ) (-5184 -3328 1040 ) 
4 204 214 (-5472 -3360 896 ) (-5472 -3360 1184 ) (-5472 -3328 1184 ) (-5472 -3328 896 ) 
3 204 208 (-5472 -3360 1184 ) (-5472 -3360 896 ) (-5184 -3360 1040 ) 
4 204 206 (-5472 -3328 896 ) (-5184 -3328 1040 ) (-5184 -3360 1040 ) (-5472 -3360 896 ) 
4 204 205 (-5472 -3360 1184 ) (-5184 -3360 1040 ) (-5184 -3328 1040 ) (-5472 -3328 1184 ) 
4 205 213 (-5472 -3360 1184 ) (-5472 -3360 1216 ) (-5472 -3328 1216 ) (-5472 -3328 1184 ) 
4 205 208 (-5472 -3360 1216 ) (-5472 -3360 1184 ) (-5184 -3360 1040 ) (-5152 -3360 1056 ) 
4 205 207 (-5184 -3328 1040 ) (-5152 -3328 1056 ) (-5152 -3360 1056 ) (-5184 -3360 1040 ) 
4 206 217 (-5472 -3328 864 ) (-5472 -3360 864 ) (-5472 -3360 896 ) (-5472 -3328 896 ) 
4 206 209 (-5472 -3360 896 ) (-5472 -3360 864 ) (-5152 -3360 1024 ) (-5184 -3360 1040 ) 
4 206 207 (-5152 -3328 1024 ) (-5184 -3328 1040 ) (-5184 -3360 1040 ) (-5152 -3360 1024 ) 
3 207 209 (-5152 -3360 1024 ) (-5152 -3360 1056 ) (-5184 -3360 1040 ) 
4 208 213 (-5472 -3360 1216 ) (-5472 -3360 1184 ) (-5472 -3392 1184 ) (-5472 -3392 1216 ) 
4 208 212 (-5472 -3392 1632 ) (-5472 -3360 1632 ) (-5472 -3360 1216 ) (-5472 -3392 1216 ) 
4 208 214 (-5472 -3360 1184 ) (-5472 -3360 896 ) (-5472 -3392 896 ) (-5472 -3392 1184 ) 
4 208 210 (-5472 -3392 1632 ) (-5472 -3392 896 ) (-5152 -3392 1056 ) (-5152 -3392 1632 ) 
4 208 209 (-5152 -3392 1056 ) (-5472 -3392 896 ) (-5472 -3360 896 ) (-5152 -3360 1056 ) 
4 209 217 (-5472 -3360 896 ) (-5472 -3360 864 ) (-5472 -3392 864 ) (-5472 -3392 896 ) 
4 209 210 (-5472 -3392 896 ) (-5472 -3392 864 ) (-5152 -3392 1024 ) (-5152 -3392 1056 ) 
4 210 236 (-5152 -3392 576 ) (-5152 -3456 576 ) (-5472 -3456 576 ) (-5472 -3392 576 ) 
4 210 220 (-5152 -3456 1632 ) (-5472 -3456 1632 ) (-5472 -3456 576 ) (-5152 -3456 576 ) 
4 210 218 (-5472 -3456 576 ) (-5472 -3456 864 ) (-5472 -3392 864 ) (-5472 -3392 576 ) 
4 210 217 (-5472 -3456 864 ) (-5472 -3456 896 ) (-5472 -3392 896 ) (-5472 -3392 864 ) 
4 210 215 (-5472 -3456 896 ) (-5472 -3456 1632 ) (-5472 -3392 1632 ) (-5472 -3392 896 ) 
4 211 216 (-5856 -3264 896 ) (-5856 -3232 896 ) (-5472 -3232 896 ) (-5472 -3264 896 ) 
4 211 213 (-5856 -3264 1216 ) (-5856 -3264 1184 ) (-5472 -3264 1184 ) (-5472 -3264 1216 ) 
4 211 212 (-5856 -3264 1632 ) (-5856 -3264 1216 ) (-5472 -3264 1216 ) (-5472 -3264 1632 ) 
4 211 214 (-5856 -3264 1184 ) (-5856 -3264 896 ) (-5472 -3264 896 ) (-5472 -3264 1184 ) 
4 211 219 (-5856 -3264 1632 ) (-5856 -3232 1632 ) (-5856 -3232 896 ) (-5856 -3264 896 ) 
4 212 215 (-5856 -3392 1632 ) (-5856 -3392 1216 ) (-5472 -3392 1216 ) (-5472 -3392 1632 ) 
4 212 219 (-5856 -3392 1632 ) (-5856 -3264 1632 ) (-5856 -3264 1216 ) (-5856 -3392 1216 ) 
4 212 213 (-5472 -3392 1216 ) (-5856 -3392 1216 ) (-5856 -3264 1216 ) (-5472 -3264 1216 ) 
4 213 214 (-5472 -3392 1184 ) (-5856 -3392 1184 ) (-5856 -3264 1184 ) (-5472 -3264 1184 ) 
4 213 215 (-5856 -3392 1216 ) (-5856 -3392 1184 ) (-5472 -3392 1184 ) (-5472 -3392 1216 ) 
4 213 219 (-5856 -3264 1216 ) (-5856 -3264 1184 ) (-5856 -3392 1184 ) (-5856 -3392 1216 ) 
4 214 217 (-5856 -3392 896 ) (-5856 -3328 896 ) (-5472 -3328 896 ) (-5472 -3392 896 ) 
4 214 216 (-5856 -3328 896 ) (-5856 -3264 896 ) (-5472 -3264 896 ) (-5472 -3328 896 ) 
4 214 219 (-5856 -3264 1184 ) (-5856 -3264 896 ) (-5856 -3392 896 ) (-5856 -3392 1184 ) 
4 214 215 (-5856 -3392 1184 ) (-5856 -3392 896 ) (-5472 -3392 896 ) (-5472 -3392 1184 ) 
4 215 222 (-5504 -3456 1632 ) (-5568 -3456 1632 ) (-5568 -3456 896 ) (-5504 -3456 896 ) 
4 215 220 (-5472 -3456 1632 ) (-5504 -3456 1632 ) (-5504 -3456 896 ) (-5472 -3456 896 ) 
4 215 224 (-5568 -3456 1632 ) (-5856 -3456 1632 ) (-5856 -3456 896 ) (-5568 -3456 896 ) 
4 215 217 (-5856 -3456 896 ) (-5856 -3392 896 ) (-5472 -3392 896 ) (-5472 -3456 896 ) 
4 215 219 (-5856 -3456 896 ) (-5856 -3456 1632 ) (-5856 -3392 1632 ) (-5856 -3392 896 ) 
4 216 235 (-5856 -3232 576 ) (-5472 -3232 576 ) (-5472 -3328 576 ) (-5856 -3328 576 ) 
4 216 218 (-5472 -3328 576 ) (-5472 -3328 864 ) (-5856 -3328 864 ) (-5856 -3328 576 ) 
4 216 217 (-5472 -3328 864 ) (-5472 -3328 896 ) (-5856 -3328 896 ) (-5856 -3328 864 ) 
4 216 219 (-5856 -3328 896 ) (-5856 -3232 896 ) (-5856 -3232 576 ) (-5856 -3328 576 ) 
4 217 223 (-5568 -3456 864 ) (-5504 -3456 864 ) (-5504 -3456 896 ) (-5568 -3456 896 ) 
4 217 220 (-5504 -3456 864 ) (-5472 -3456 864 ) (-5472 -3456 896 ) (-5504 -3456 896 ) 
4 217 224 (-5856 -3456 896 ) (-5856 -3456 864 ) (-5568 -3456 864 ) (-5568 -3456 896 ) 
4 217 219 (-5856 -3456 864 ) (-5856 -3456 896 ) (-5856 -3328 896 ) (-5856 -3328 864 ) 
4 217 218 (-5856 -3456 864 ) (-5856 -3328 864 ) (-5472 -3328 864 ) (-5472 -3456 864 ) 
4 218 236 (-5472 -3392 576 ) (-5472 -3456 576 ) (-5856 -3456 576 ) (-5856 -3392 576 ) 
4 218 235 (-5472 -3328 576 ) (-5472 -3392 576 ) (-5856 -3392 576 ) (-5856 -3328 576 ) 
4 218 221 (-5568 -3456 576 ) (-5504 -3456 576 ) (-5504 -3456 864 ) (-5568 -3456 864 ) 
4 218 220 (-5504 -3456 576 ) (-5472 -3456 576 ) (-5472 -3456 864 ) (-5504 -3456 864 ) 
4 218 224 (-5856 -3456 864 ) (-5856 -3456 576 ) (-5568 -3456 576 ) (-5568 -3456 864 ) 
4 218 219 (-5856 -3456 576 ) (-5856 -3456 864 ) (-5856 -3328 864 ) (-5856 -3328 576 ) 
4 219 236 (-5888 -3392 576 ) (-5856 -3392 576 ) (-5856 -3456 576 ) (-5888 -3456 576 ) 
4 219 235 (-5920 -3392 576 ) (-5920 -3232 576 ) (-5856 -3232 576 ) (-5856 -3392 576 ) 
4 219 224 (-5856 -3456 1632 ) (-5920 -3456 1632 ) (-5920 -3456 576 ) (-5856 -3456 576 ) 
4 220 237 (-5120 -3584 576 ) (-5120 -3776 576 ) (-5504 -3776 576 ) (-5504 -3584 576 ) 
4 220 236 (-5504 -3456 576 ) (-5120 -3456 576 ) (-5120 -3584 576 ) (-5504 -3584 576 ) 
4 220 226 (-5504 -3776 736 ) (-5504 -3776 704 ) (-5120 -3776 704 ) (-5120 -3776 736 ) 
4 220 225 (-5120 -3776 1632 ) (-5504 -3776 1632 ) (-5504 -3776 736 ) (-5120 -3776 736 ) 
4 220 227 (-5504 -3776 704 ) (-5504 -3776 576 ) (-5120 -3776 576 ) (-5120 -3776 704 ) 
4 220 223 (-5504 -3456 896 ) (-5504 -3456 864 ) (-5504 -3776 704 ) (-5504 -3776 736 ) 
4 220 222 (-5504 -3456 1632 ) (-5504 -3456 896 ) (-5504 -3776 736 ) (-5504 -3776 1632 ) 
4 220 221 (-5504 -3456 864 ) (-5504 -3456 576 ) (-5504 -3776 576 ) (-5504 -3776 704 ) 
4 221 237 (-5504 -3584 576 ) (-5504 -3776 576 ) (-5568 -3776 576 ) (-5568 -3584 576 ) 
4 221 236 (-5568 -3456 576 ) (-5504 -3456 576 ) (-5504 -3584 576 ) (-5568 -3584 576 ) 
4 221 227 (-5568 -3776 704 ) (-5568 -3776 576 ) (-5504 -3776 576 ) (-5504 -3776 704 ) 
4 221 223 (-5568 -3456 864 ) (-5568 -3776 704 ) (-5504 -3776 704 ) (-5504 -3456 864 ) 
4 221 224 (-5568 -3456 864 ) (-5568 -3456 576 ) (-5568 -3776 576 ) (-5568 -3776 704 ) 
4 222 225 (-5504 -3776 1632 ) (-5568 -3776 1632 ) (-5568 -3776 736 ) (-5504 -3776 736 ) 
4 222 224 (-5568 -3456 1632 ) (-5568 -3456 896 ) (-5568 -3776 736 ) (-5568 -3776 1632 ) 
4 222 223 (-5568 -3776 736 ) (-5568 -3456 896 ) (-5504 -3456 896 ) (-5504 -3776 736 ) 
4 223 226 (-5568 -3776 736 ) (-5568 -3776 704 ) (-5504 -3776 704 ) (-5504 -3776 736 ) 
4 223 224 (-5568 -3456 896 ) (-5568 -3456 864 ) (-5568 -3776 704 ) (-5568 -3776 736 ) 
4 224 237 (-5920 -3776 576 ) (-5920 -3584 576 ) (-5568 -3584 576 ) (-5568 -3776 576 ) 
4 224 236 (-5888 -3456 576 ) (-5568 -3456 576 ) (-5568 -3584 576 ) (-5888 -3584 576 ) 
4 224 226 (-5760 -3776 736 ) (-5760 -3776 704 ) (-5568 -3776 704 ) (-5568 -3776 736 ) 
4 224 225 (-5568 -3776 1632 ) (-5760 -3776 1632 ) (-5760 -3776 736 ) (-5568 -3776 736 ) 
4 224 227 (-5760 -3776 704 ) (-5760 -3776 576 ) (-5568 -3776 576 ) (-5568 -3776 704 ) 
4 224 228 (-5760 -3776 1632 ) (-5920 -3776 1632 ) (-5920 -3776 576 ) (-5760 -3776 576 ) 
4 225 231 (-5280 -3904 1632 ) (-5344 -3904 1632 ) (-5344 -3904 736 ) (-5280 -3904 736 ) 
4 225 229 (-5120 -3904 1632 ) (-5280 -3904 1632 ) (-5280 -3904 736 ) (-5120 -3904 736 ) 
4 225 233 (-5344 -3904 1632 ) (-5760 -3904 1632 ) (-5760 -3904 736 ) (-5344 -3904 736 ) 
4 225 228 (-5760 -3776 1632 ) (-5760 -3776 736 ) (-5760 -3904 736 ) (-5760 -3904 1632 ) 
4 225 226 (-5120 -3904 736 ) (-5760 -3904 736 ) (-5760 -3776 736 ) (-5120 -3776 736 ) 
4 226 232 (-5344 -3904 704 ) (-5280 -3904 704 ) (-5280 -3904 736 ) (-5344 -3904 736 ) 
4 226 229 (-5280 -3904 704 ) (-5120 -3904 704 ) (-5120 -3904 736 ) (-5280 -3904 736 ) 
4 226 233 (-5760 -3904 736 ) (-5760 -3904 704 ) (-5344 -3904 704 ) (-5344 -3904 736 ) 
4 226 227 (-5120 -3904 704 ) (-5760 -3904 704 ) (-5760 -3776 704 ) (-5120 -3776 704 ) 
4 226 228 (-5760 -3776 736 ) (-5760 -3776 704 ) (-5760 -3904 704 ) (-5760 -3904 736 ) 
4 227 237 (-5760 -3776 576 ) (-5120 -3776 576 ) (-5120 -3904 576 ) (-5760 -3904 576 ) 
4 227 230 (-5344 -3904 576 ) (-5280 -3904 576 ) (-5280 -3904 704 ) (-5344 -3904 704 ) 
4 227 229 (-5280 -3904 576 ) (-5120 -3904 576 ) (-5120 -3904 704 ) (-5280 -3904 704 ) 
4 227 233 (-5760 -3904 704 ) (-5760 -3904 576 ) (-5344 -3904 576 ) (-5344 -3904 704 ) 
4 227 228 (-5760 -3776 704 ) (-5760 -3776 576 ) (-5760 -3904 576 ) (-5760 -3904 704 ) 
4 228 237 (-5920 -3904 576 ) (-5920 -3776 576 ) (-5760 -3776 576 ) (-5760 -3904 576 ) 
4 228 233 (-5760 -3904 1632 ) (-5920 -3904 1632 ) (-5920 -3904 576 ) (-5760 -3904 576 ) 
4 229 276 (-5120 -4096 576 ) (-5120 -4096 1632 ) (-5280 -4096 1632 ) (-5280 -4096 576 ) 
4 229 237 (-5120 -4096 576 ) (-5280 -4096 576 ) (-5280 -3904 576 ) (-5120 -3904 576 ) 
4 229 232 (-5280 -3904 736 ) (-5280 -3904 704 ) (-5280 -4096 608 ) (-5280 -4096 640 ) 
4 229 231 (-5280 -3904 1632 ) (-5280 -3904 736 ) (-5280 -4096 640 ) (-5280 -4096 1632 ) 
4 229 230 (-5280 -3904 704 ) (-5280 -3904 576 ) (-5280 -4096 576 ) (-5280 -4096 608 ) 
4 230 277 (-5344 -4096 608 ) (-5344 -4096 576 ) (-5280 -4096 576 ) (-5280 -4096 608 ) 
4 230 237 (-5280 -4096 576 ) (-5344 -4096 576 ) (-5344 -3904 576 ) (-5280 -3904 576 ) 
4 230 232 (-5344 -3904 704 ) (-5344 -4096 608 ) (-5280 -4096 608 ) (-5280 -3904 704 ) 
4 230 233 (-5344 -3904 704 ) (-5344 -3904 576 ) (-5344 -4096 576 ) (-5344 -4096 608 ) 
4 231 278 (-5280 -4096 1632 ) (-5344 -4096 1632 ) (-5344 -4096 640 ) (-5280 -4096 640 ) 
4 231 233 (-5344 -3904 1632 ) (-5344 -3904 736 ) (-5344 -4096 640 ) (-5344 -4096 1632 ) 
4 231 232 (-5344 -4096 640 ) (-5344 -3904 736 ) (-5280 -3904 736 ) (-5280 -4096 640 ) 
4 232 279 (-5344 -4096 640 ) (-5344 -4096 608 ) (-5280 -4096 608 ) (-5280 -4096 640 ) 
4 232 233 (-5344 -3904 736 ) (-5344 -3904 704 ) (-5344 -4096 608 ) (-5344 -4096 640 ) 
4 233 281 (-5344 -4096 1632 ) (-5408 -4096 1632 ) (-5408 -4096 576 ) (-5344 -4096 576 ) 
4 233 283 (-5408 -4096 1632 ) (-5920 -4096 1632 ) (-5920 -4096 576 ) (-5408 -4096 576 ) 
4 233 237 (-5344 -4096 576 ) (-5920 -4096 576 ) (-5920 -3904 576 ) (-5344 -3904 576 ) 
4 234 245 (-5248 -3392 544 ) (-5312 -3392 544 ) (-5312 -3264 544 ) (-5248 -3264 544 ) 
4 234 240 (-5120 -3264 544 ) (-5120 -3392 544 ) (-5248 -3392 544 ) (-5248 -3264 544 ) 
4 234 236 (-5312 -3392 544 ) (-5120 -3392 544 ) (-5120 -3392 576 ) (-5312 -3392 576 ) 
4 234 235 (-5312 -3264 544 ) (-5312 -3392 544 ) (-5312 -3392 576 ) (-5312 -3264 576 ) 
4 235 254 (-5504 -3392 544 ) (-5920 -3392 544 ) (-5920 -3232 544 ) (-5504 -3232 544 ) 
4 235 245 (-5312 -3232 544 ) (-5312 -3392 544 ) (-5504 -3392 544 ) (-5504 -3232 544 ) 
4 235 236 (-5888 -3392 544 ) (-5312 -3392 544 ) (-5312 -3392 576 ) (-5888 -3392 576 ) 
4 236 254 (-5504 -3584 544 ) (-5888 -3584 544 ) (-5888 -3392 544 ) (-5504 -3392 544 ) 
4 236 245 (-5248 -3584 544 ) (-5504 -3584 544 ) (-5504 -3392 544 ) (-5248 -3392 544 ) 
4 236 240 (-5120 -3392 544 ) (-5120 -3584 544 ) (-5248 -3584 544 ) (-5248 -3392 544 ) 
4 236 237 (-5888 -3584 544 ) (-5120 -3584 544 ) (-5120 -3584 576 ) (-5888 -3584 576 ) 
4 237 281 (-5344 -4096 576 ) (-5408 -4096 576 ) (-5408 -4096 544 ) (-5344 -4096 544 ) 
4 237 283 (-5408 -4096 576 ) (-5920 -4096 576 ) (-5920 -4096 544 ) (-5408 -4096 544 ) 
4 237 277 (-5280 -4096 576 ) (-5344 -4096 576 ) (-5344 -4096 544 ) (-5280 -4096 544 ) 
4 237 276 (-5120 -4096 544 ) (-5120 -4096 576 ) (-5280 -4096 576 ) (-5280 -4096 544 ) 
4 237 255 (-5920 -3840 544 ) (-5920 -3744 544 ) (-5504 -3744 544 ) (-5504 -3840 544 ) 
4 237 254 (-5920 -3744 544 ) (-5920 -3584 544 ) (-5504 -3584 544 ) (-5504 -3744 544 ) 
4 237 258 (-5504 -4096 544 ) (-5920 -4096 544 ) (-5920 -3840 544 ) (-5504 -3840 544 ) 
4 237 251 (-5344 -4096 544 ) (-5408 -4096 544 ) (-5408 -3904 544 ) (-5344 -3904 544 ) 
4 237 249 (-5248 -4096 544 ) (-5344 -4096 544 ) (-5344 -3904 544 ) (-5248 -3904 544 ) 
4 237 253 (-5408 -4096 544 ) (-5504 -4096 544 ) (-5504 -3904 544 ) (-5408 -3904 544 ) 
4 237 246 (-5504 -3904 544 ) (-5504 -3680 544 ) (-5248 -3680 544 ) (-5248 -3904 544 ) 
4 237 245 (-5504 -3680 544 ) (-5504 -3584 544 ) (-5248 -3584 544 ) (-5248 -3680 544 ) 
4 237 242 (-5120 -3744 544 ) (-5120 -3840 544 ) (-5248 -3840 544 ) (-5248 -3744 544 ) 
4 237 240 (-5120 -3584 544 ) (-5120 -3744 544 ) (-5248 -3744 544 ) (-5248 -3584 544 ) 
4 237 244 (-5120 -3840 544 ) (-5120 -4096 544 ) (-5248 -4096 544 ) (-5248 -3840 544 ) 
4 238 239 (-5203.200195 -3072 320 ) (-5152 -3200 320 ) (-5152 -3200 544 ) (-5203.200195 -3072 544 ) 
4 239 261 (-5152 -3200 320 ) (-5152 -3232 320 ) (-5280 -3232 320 ) (-5280 -3200 320 ) 
4 239 245 (-5280 -3232 320 ) (-5248 -3232 320 ) (-5248 -3232 544 ) (-5280 -3232 544 ) 
4 239 240 (-5248 -3232 320 ) (-5152 -3232 320 ) (-5152 -3232 544 ) (-5248 -3232 544 ) 
4 240 262 (-5120 -3232 320 ) (-5120 -3744 320 ) (-5248 -3744 320 ) (-5248 -3232 320 ) 
4 240 247 (-5248 -3744 384 ) (-5248 -3744 416 ) (-5248 -3680 416 ) (-5248 -3680 384 ) 
4 240 246 (-5248 -3744 416 ) (-5248 -3744 544 ) (-5248 -3680 544 ) (-5248 -3680 416 ) 
4 240 248 (-5248 -3680 320 ) (-5248 -3744 320 ) (-5248 -3744 384 ) (-5248 -3680 384 ) 
4 240 245 (-5248 -3232 544 ) (-5248 -3232 320 ) (-5248 -3680 320 ) (-5248 -3680 544 ) 
4 240 243 (-5248 -3744 416 ) (-5248 -3744 384 ) (-5120 -3744 320 ) (-5120 -3744 339.200012 ) 
4 240 242 (-5248 -3744 544 ) (-5248 -3744 416 ) (-5120 -3744 339.200012 ) (-5120 -3744 544 ) 
3 240 241 (-5248 -3744 384 ) (-5248 -3744 320 ) (-5120 -3744 320 ) 
4 241 262 (-5120 -3744 320 ) (-5120 -3840 320 ) (-5248 -3840 320 ) (-5248 -3744 320 ) 
4 241 248 (-5248 -3744 320 ) (-5248 -3840 320 ) (-5248 -3840 384 ) (-5248 -3744 384 ) 
4 241 243 (-5120 -3744 320 ) (-5248 -3744 384 ) (-5248 -3840 384 ) (-5120 -3840 320 ) 
3 241 244 (-5248 -3840 384 ) (-5248 -3840 320 ) (-5120 -3840 320 ) 
4 242 246 (-5248 -3840 416 ) (-5248 -3840 544 ) (-5248 -3744 544 ) (-5248 -3744 416 ) 
4 242 244 (-5248 -3840 544 ) (-5248 -3840 416 ) (-5120 -3840 339.200012 ) (-5120 -3840 544 ) 
4 242 243 (-5248 -3744 416 ) (-5120 -3744 339.199371 ) (-5120 -3840 339.199371 ) (-5248 -3840 416 ) 
4 243 247 (-5248 -3840 384 ) (-5248 -3840 416 ) (-5248 -3744 416 ) (-5248 -3744 384 ) 
4 243 244 (-5248 -3840 416 ) (-5248 -3840 384 ) (-5120 -3840 320 ) (-5120 -3840 339.200012 ) 
4 244 276 (-5120 -4096 320 ) (-5120 -4096 544 ) (-5248 -4096 544 ) (-5248 -4096 320 ) 
4 244 262 (-5120 -3840 320 ) (-5120 -4096 320 ) (-5248 -4096 320 ) (-5248 -3840 320 ) 
4 244 249 (-5248 -3904 320 ) (-5248 -4096 320 ) (-5248 -4096 544 ) (-5248 -3904 544 ) 
4 244 247 (-5248 -3904 384 ) (-5248 -3904 416 ) (-5248 -3840 416 ) (-5248 -3840 384 ) 
4 244 246 (-5248 -3904 416 ) (-5248 -3904 544 ) (-5248 -3840 544 ) (-5248 -3840 416 ) 
4 244 248 (-5248 -3840 320 ) (-5248 -3904 320 ) (-5248 -3904 384 ) (-5248 -3840 384 ) 
4 245 262 (-5504 -3680 320 ) (-5504 -3232 320 ) (-5248 -3232 320 ) (-5248 -3680 320 ) 
4 245 254 (-5504 -3232 544 ) (-5504 -3232 320 ) (-5504 -3680 320 ) (-5504 -3680 544 ) 
4 245 247 (-5504 -3680 416 ) (-5504 -3680 384 ) (-5248 -3680 384 ) (-5248 -3680 416 ) 
4 245 246 (-5504 -3680 544 ) (-5504 -3680 416 ) (-5248 -3680 416 ) (-5248 -3680 544 ) 
4 245 248 (-5504 -3680 384 ) (-5504 -3680 320 ) (-5248 -3680 320 ) (-5248 -3680 384 ) 
4 246 255 (-5504 -3840 544 ) (-5504 -3744 544 ) (-5504 -3744 416 ) (-5504 -3840 416 ) 
4 246 254 (-5504 -3744 544 ) (-5504 -3680 544 ) (-5504 -3680 416 ) (-5504 -3744 416 ) 
4 246 258 (-5504 -3904 416 ) (-5504 -3904 544 ) (-5504 -3840 544 ) (-5504 -3840 416 ) 
4 246 251 (-5408 -3904 416 ) (-5344 -3904 416 ) (-5344 -3904 544 ) (-5408 -3904 544 ) 
4 246 249 (-5344 -3904 416 ) (-5248 -3904 416 ) (-5248 -3904 544 ) (-5344 -3904 544 ) 
4 246 253 (-5504 -3904 544 ) (-5504 -3904 416 ) (-5408 -3904 416 ) (-5408 -3904 544 ) 
4 246 247 (-5248 -3904 416 ) (-5504 -3904 416 ) (-5504 -3680 416 ) (-5248 -3680 416 ) 
4 247 257 (-5504 -3840 416 ) (-5504 -3744 416 ) (-5504 -3744 384 ) (-5504 -3840 384 ) 
4 247 254 (-5504 -3744 416 ) (-5504 -3680 416 ) (-5504 -3680 384 ) (-5504 -3744 384 ) 
4 247 258 (-5504 -3904 384 ) (-5504 -3904 416 ) (-5504 -3840 416 ) (-5504 -3840 384 ) 
4 247 252 (-5408 -3904 384 ) (-5344 -3904 384 ) (-5344 -3904 416 ) (-5408 -3904 416 ) 
4 247 249 (-5344 -3904 384 ) (-5248 -3904 384 ) (-5248 -3904 416 ) (-5344 -3904 416 ) 
4 247 253 (-5504 -3904 416 ) (-5504 -3904 384 ) (-5408 -3904 384 ) (-5408 -3904 416 ) 
4 247 248 (-5248 -3904 384 ) (-5504 -3904 384 ) (-5504 -3680 384 ) (-5248 -3680 384 ) 
4 248 262 (-5504 -3904 320 ) (-5504 -3680 320 ) (-5248 -3680 320 ) (-5248 -3904 320 ) 
4 248 256 (-5504 -3744 320 ) (-5504 -3840 320 ) (-5504 -3840 384 ) (-5504 -3744 384 ) 
4 248 254 (-5504 -3680 320 ) (-5504 -3744 320 ) (-5504 -3744 384 ) (-5504 -3680 384 ) 
4 248 258 (-5504 -3840 320 ) (-5504 -3904 320 ) (-5504 -3904 384 ) (-5504 -3840 384 ) 
4 248 250 (-5408 -3904 320 ) (-5344 -3904 320 ) (-5344 -3904 384 ) (-5408 -3904 384 ) 
4 248 249 (-5344 -3904 320 ) (-5248 -3904 320 ) (-5248 -3904 384 ) (-5344 -3904 384 ) 
4 248 253 (-5504 -3904 384 ) (-5504 -3904 320 ) (-5408 -3904 320 ) (-5408 -3904 384 ) 
4 249 277 (-5280 -4096 544 ) (-5344 -4096 544 ) (-5344 -4096 320 ) (-5280 -4096 320 ) 
4 249 276 (-5248 -4096 544 ) (-5280 -4096 544 ) (-5280 -4096 320 ) (-5248 -4096 320 ) 
4 249 262 (-5248 -4096 320 ) (-5344 -4096 320 ) (-5344 -3904 320 ) (-5248 -3904 320 ) 
4 249 252 (-5344 -3904 416 ) (-5344 -3904 384 ) (-5344 -4096 480 ) (-5344 -4096 512 ) 
4 249 251 (-5344 -3904 544 ) (-5344 -3904 416 ) (-5344 -4096 512 ) (-5344 -4096 544 ) 
4 249 250 (-5344 -3904 384 ) (-5344 -3904 320 ) (-5344 -4096 320 ) (-5344 -4096 480 ) 
4 250 280 (-5408 -4096 480 ) (-5408 -4096 320 ) (-5344 -4096 320 ) (-5344 -4096 480 ) 
4 250 262 (-5344 -4096 320 ) (-5408 -4096 320 ) (-5408 -3904 320 ) (-5344 -3904 320 ) 
4 250 252 (-5408 -3904 384 ) (-5408 -4096 480 ) (-5344 -4096 480 ) (-5344 -3904 384 ) 
4 250 253 (-5408 -3904 384 ) (-5408 -3904 320 ) (-5408 -4096 320 ) (-5408 -4096 480 ) 
4 251 281 (-5344 -4096 544 ) (-5408 -4096 544 ) (-5408 -4096 512 ) (-5344 -4096 512 ) 
4 251 253 (-5408 -3904 544 ) (-5408 -3904 416 ) (-5408 -4096 512 ) (-5408 -4096 544 ) 
4 251 252 (-5408 -4096 512 ) (-5408 -3904 416 ) (-5344 -3904 416 ) (-5344 -4096 512 ) 
4 252 282 (-5408 -4096 512 ) (-5408 -4096 480 ) (-5344 -4096 480 ) (-5344 -4096 512 ) 
4 252 253 (-5408 -3904 416 ) (-5408 -3904 384 ) (-5408 -4096 480 ) (-5408 -4096 512 ) 
4 253 283 (-5408 -4096 544 ) (-5504 -4096 544 ) (-5504 -4096 320 ) (-5408 -4096 320 ) 
4 253 262 (-5408 -4096 320 ) (-5504 -4096 320 ) (-5504 -3904 320 ) (-5408 -3904 320 ) 
4 253 258 (-5504 -3904 320 ) (-5504 -4096 320 ) (-5504 -4096 544 ) (-5504 -3904 544 ) 
4 254 262 (-5920 -3744 320 ) (-5920 -3232 320 ) (-5504 -3232 320 ) (-5504 -3744 320 ) 
4 254 259 (-5920 -3424 320 ) (-5920 -3552 320 ) (-5920 -3552 544 ) (-5920 -3424 544 ) 
4 254 257 (-5664 -3744 320 ) (-5632 -3744 320 ) (-5504 -3744 384 ) (-5504 -3744 416 ) 
3 254 256 (-5632 -3744 320 ) (-5504 -3744 320 ) (-5504 -3744 384 ) 
5 254 255 (-5920 -3744 544 ) (-5920 -3744 320 ) (-5664 -3744 320 ) (-5504 -3744 416 ) (-5504 -3744 544 ) 
4 255 262 (-5920 -3840 320 ) (-5920 -3744 320 ) (-5664 -3744 320 ) (-5664 -3840 320 ) 
4 255 257 (-5504 -3840 415.998749 ) (-5663.998047 -3840 320 ) (-5663.998047 -3744 320 ) (-5504 -3744 415.998749 ) 
5 255 258 (-5920 -3840 544 ) (-5920 -3840 320 ) (-5664 -3840 320 ) (-5504 -3840 416 ) (-5504 -3840 544 ) 
4 256 262 (-5632 -3744 320 ) (-5504 -3744 320 ) (-5504 -3840 320 ) (-5632 -3840 320 ) 
3 256 258 (-5632 -3840 320 ) (-5504 -3840 320 ) (-5504 -3840 384 ) 
4 256 257 (-5504 -3744 383.998322 ) (-5631.996582 -3744 320 ) (-5631.996582 -3840 320 ) (-5504 -3840 383.998322 ) 
4 257 262 (-5664 -3744 320 ) (-5632 -3744 320 ) (-5632 -3840 320 ) (-5664 -3840 320 ) 
4 257 258 (-5664 -3840 320 ) (-5632 -3840 320 ) (-5504 -3840 384 ) (-5504 -3840 416 ) 
4 258 283 (-5504 -4096 544 ) (-5920 -4096 544 ) (-5920 -4096 320 ) (-5504 -4096 320 ) 
4 258 262 (-5504 -4096 320 ) (-5920 -4096 320 ) (-5920 -3840 320 ) (-5504 -3840 320 ) 
4 259 292 (-6144 -3500.800049 320 ) (-6144 -3552 320 ) (-6144 -3552 544 ) (-6144 -3500.800049 544 ) 
4 259 263 (-5920 -3424 320 ) (-5920 -3552 320 ) (-5952 -3552 320 ) (-5952 -3424 320 ) 
4 259 260 (-5952 -3424 544 ) (-5952 -3424 320 ) (-6144 -3500.799561 320 ) (-6144 -3500.799561 544 ) 
4 260 293 (-6144 -3424 320 ) (-6144 -3500.800049 320 ) (-6144 -3500.800049 544 ) (-6144 -3424 544 ) 
4 261 262 (-5280 -3232 288 ) (-5152 -3232 288 ) (-5152 -3232 320 ) (-5280 -3232 320 ) 
4 262 280 (-5344 -4096 320 ) (-5408 -4096 320 ) (-5408 -4096 288 ) (-5344 -4096 288 ) 
4 262 283 (-5408 -4096 320 ) (-5920 -4096 320 ) (-5920 -4096 288 ) (-5408 -4096 288 ) 
4 262 277 (-5280 -4096 320 ) (-5344 -4096 320 ) (-5344 -4096 288 ) (-5280 -4096 288 ) 
4 262 276 (-5120 -4096 288 ) (-5120 -4096 320 ) (-5280 -4096 320 ) (-5280 -4096 288 ) 
4 262 263 (-5920 -3424 288 ) (-5920 -3552 288 ) (-5920 -3552 320 ) (-5920 -3424 320 ) 
4 265 267 (-4608 -4160 1024 ) (-4608 -4160 1056 ) (-4608 -4096 1056 ) (-4608 -4096 1024 ) 
4 265 266 (-4608 -4160 1056 ) (-4608 -4160 1632 ) (-4608 -4096 1632 ) (-4608 -4096 1056 ) 
4 265 268 (-4608 -4096 288 ) (-4608 -4160 288 ) (-4608 -4160 1024 ) (-4608 -4096 1024 ) 
4 265 269 (-4608 -4160 288 ) (-4608 -4576 288 ) (-4608 -4576 1632 ) (-4608 -4160 1632 ) 
4 266 270 (-4736 -4160 1056 ) (-4736 -4160 1632 ) (-4736 -4096 1632 ) (-4736 -4096 1056 ) 
4 266 269 (-4736 -4160 1632 ) (-4736 -4160 1056 ) (-4608 -4160 1056 ) (-4608 -4160 1632 ) 
4 266 267 (-4608 -4160 1056 ) (-4736 -4160 1056 ) (-4736 -4096 1056 ) (-4608 -4096 1056 ) 
4 267 270 (-4736 -4160 1024 ) (-4736 -4160 1056 ) (-4736 -4096 1056 ) (-4736 -4096 1024 ) 
4 267 268 (-4608 -4160 1024 ) (-4736 -4160 1024 ) (-4736 -4096 1024 ) (-4608 -4096 1024 ) 
4 267 269 (-4736 -4160 1056 ) (-4736 -4160 1024 ) (-4608 -4160 1024 ) (-4608 -4160 1056 ) 
4 268 270 (-4736 -4096 288 ) (-4736 -4160 288 ) (-4736 -4160 1024 ) (-4736 -4096 1024 ) 
4 268 269 (-4736 -4160 1024 ) (-4736 -4160 288 ) (-4608 -4160 288 ) (-4608 -4160 1024 ) 
4 269 270 (-4736 -4160 288 ) (-4736 -4576 288 ) (-4736 -4576 1632 ) (-4736 -4160 1632 ) 
4 270 273 (-4832 -4320 544 ) (-4832 -4320 576 ) (-4832 -4224 576 ) (-4832 -4224 544 ) 
4 270 272 (-4832 -4320 576 ) (-4832 -4320 1632 ) (-4832 -4224 1632 ) (-4832 -4224 576 ) 
4 270 274 (-4832 -4224 288 ) (-4832 -4320 288 ) (-4832 -4320 544 ) (-4832 -4224 544 ) 
4 270 271 (-4832 -4096 288 ) (-4832 -4224 288 ) (-4832 -4224 1632 ) (-4832 -4096 1632 ) 
4 270 275 (-4832 -4320 288 ) (-4832 -4576 288 ) (-4832 -4576 1632 ) (-4832 -4320 1632 ) 
4 271 276 (-5120 -4224 1632 ) (-5120 -4096 1632 ) (-5120 -4096 288 ) (-5120 -4224 288 ) 
4 271 273 (-4832 -4224 544 ) (-4832 -4224 576 ) (-5120 -4224 576 ) (-5120 -4224 544 ) 
4 271 272 (-4832 -4224 576 ) (-4832 -4224 1632 ) (-5120 -4224 1632 ) (-5120 -4224 576 ) 
4 271 274 (-5120 -4224 288 ) (-4832 -4224 288 ) (-4832 -4224 544 ) (-5120 -4224 544 ) 
4 272 284 (-5120 -4320 1632 ) (-5120 -4224 1632 ) (-5120 -4224 576 ) (-5120 -4320 576 ) 
4 272 275 (-4832 -4320 576 ) (-4832 -4320 1632 ) (-5120 -4320 1632 ) (-5120 -4320 576 ) 
4 272 273 (-4832 -4320 576 ) (-5120 -4320 576 ) (-5120 -4224 576 ) (-4832 -4224 576 ) 
4 273 285 (-5120 -4224 576 ) (-5120 -4224 544 ) (-5120 -4320 544 ) (-5120 -4320 576 ) 
4 273 274 (-4832 -4320 544 ) (-5120 -4320 544 ) (-5120 -4224 544 ) (-4832 -4224 544 ) 
4 273 275 (-4832 -4320 544 ) (-4832 -4320 576 ) (-5120 -4320 576 ) (-5120 -4320 544 ) 
4 274 286 (-5120 -4224 544 ) (-5120 -4224 288 ) (-5120 -4320 288 ) (-5120 -4320 544 ) 
4 274 275 (-5120 -4320 288 ) (-4832 -4320 288 ) (-4832 -4320 544 ) (-5120 -4320 544 ) 
4 275 287 (-5120 -4576 1632 ) (-5120 -4320 1632 ) (-5120 -4320 288 ) (-5120 -4576 288 ) 
4 276 285 (-5120 -4224 544 ) (-5120 -4224 576 ) (-5280 -4224 576 ) (-5280 -4224 544 ) 
4 276 284 (-5120 -4224 576 ) (-5120 -4224 1632 ) (-5280 -4224 1632 ) (-5280 -4224 576 ) 
4 276 286 (-5280 -4224 288 ) (-5120 -4224 288 ) (-5120 -4224 544 ) (-5280 -4224 544 ) 
4 276 279 (-5280 -4224 544 ) (-5280 -4224 576 ) (-5280 -4096 640 ) (-5280 -4096 608 ) 
4 276 278 (-5280 -4224 576 ) (-5280 -4224 1632 ) (-5280 -4096 1632 ) (-5280 -4096 640 ) 
4 276 277 (-5280 -4096 288 ) (-5280 -4224 288 ) (-5280 -4224 544 ) (-5280 -4096 608 ) 
4 277 286 (-5344 -4224 288 ) (-5280 -4224 288 ) (-5280 -4224 544 ) (-5344 -4224 544 ) 
4 277 282 (-5344 -4224 544 ) (-5344 -4192 560 ) (-5344 -4096 512 ) (-5344 -4096 480 ) 
3 277 281 (-5344 -4192 560 ) (-5344 -4096 608 ) (-5344 -4096 512 ) 
4 277 280 (-5344 -4096 288 ) (-5344 -4224 288 ) (-5344 -4224 544 ) (-5344 -4096 480 ) 
4 277 279 (-5344 -4096 608 ) (-5344 -4224 544 ) (-5280 -4224 544 ) (-5280 -4096 608 ) 
4 278 284 (-5280 -4224 576 ) (-5280 -4224 1632 ) (-5344 -4224 1632 ) (-5344 -4224 576 ) 
4 278 281 (-5344 -4224 576 ) (-5344 -4224 1632 ) (-5344 -4096 1632 ) (-5344 -4096 640 ) 
4 278 279 (-5344 -4224 576 ) (-5344 -4096 640 ) (-5280 -4096 640 ) (-5280 -4224 576 ) 
4 279 285 (-5280 -4224 544 ) (-5280 -4224 576 ) (-5344 -4224 576 ) (-5344 -4224 544 ) 
3 279 282 (-5344 -4224 544 ) (-5344 -4224 576 ) (-5344 -4192 560 ) 
4 279 281 (-5344 -4224 576 ) (-5344 -4096 640 ) (-5344 -4096 608 ) (-5344 -4192 560 ) 
4 280 286 (-5408 -4224 288 ) (-5344 -4224 288 ) (-5344 -4224 544 ) (-5408 -4224 544 ) 
4 280 282 (-5408 -4096 480 ) (-5408 -4224 544 ) (-5344 -4224 544 ) (-5344 -4096 480 ) 
4 280 283 (-5408 -4096 288 ) (-5408 -4224 288 ) (-5408 -4224 544 ) (-5408 -4096 480 ) 
4 281 284 (-5344 -4224 576 ) (-5344 -4224 1632 ) (-5408 -4224 1632 ) (-5408 -4224 576 ) 
4 281 283 (-5408 -4224 576 ) (-5408 -4224 1632 ) (-5408 -4096 1632 ) (-5408 -4096 512 ) 
4 281 282 (-5408 -4224 576 ) (-5408 -4096 512 ) (-5344 -4096 512 ) (-5344 -4224 576 ) 
4 282 285 (-5344 -4224 544 ) (-5344 -4224 576 ) (-5408 -4224 576 ) (-5408 -4224 544 ) 
4 282 283 (-5408 -4224 544 ) (-5408 -4224 576 ) (-5408 -4096 512 ) (-5408 -4096 480 ) 
4 283 285 (-5408 -4224 544 ) (-5408 -4224 576 ) (-5696 -4224 576 ) (-5696 -4224 544 ) 
4 283 284 (-5408 -4224 576 ) (-5408 -4224 1632 ) (-5696 -4224 1632 ) (-5696 -4224 576 ) 
4 283 286 (-5696 -4224 288 ) (-5408 -4224 288 ) (-5408 -4224 544 ) (-5696 -4224 544 ) 
4 283 288 (-5920 -4224 288 ) (-5696 -4224 288 ) (-5696 -4224 1632 ) (-5920 -4224 1632 ) 
4 284 288 (-5696 -4224 1632 ) (-5696 -4224 576 ) (-5696 -4320 576 ) (-5696 -4320 1632 ) 
4 284 287 (-5696 -4320 1632 ) (-5696 -4320 576 ) (-5120 -4320 576 ) (-5120 -4320 1632 ) 
4 284 285 (-5120 -4320 576 ) (-5696 -4320 576 ) (-5696 -4224 576 ) (-5120 -4224 576 ) 
4 285 286 (-5120 -4320 544 ) (-5696 -4320 544 ) (-5696 -4224 544 ) (-5120 -4224 544 ) 
4 285 288 (-5696 -4224 576 ) (-5696 -4224 544 ) (-5696 -4320 544 ) (-5696 -4320 576 ) 
4 285 287 (-5696 -4320 576 ) (-5696 -4320 544 ) (-5120 -4320 544 ) (-5120 -4320 576 ) 
4 286 287 (-5696 -4320 544 ) (-5696 -4320 288 ) (-5120 -4320 288 ) (-5120 -4320 544 ) 
4 286 288 (-5696 -4224 544 ) (-5696 -4224 288 ) (-5696 -4320 288 ) (-5696 -4320 544 ) 
4 287 288 (-5696 -4320 288 ) (-5696 -4576 288 ) (-5696 -4576 1632 ) (-5696 -4320 1632 ) 
4 289 298 (-7168 -3072 1632 ) (-7168 -3072 576 ) (-7168 -3808 576 ) (-7168 -3808 1632 ) 
4 289 295 (-7168 -3808 576 ) (-7168 -3584 576 ) (-6304 -3584 576 ) (-6304 -3808 576 ) 
4 289 291 (-7168 -3584 576 ) (-7168 -3392 576 ) (-6336 -3392 576 ) (-6336 -3584 576 ) 
4 289 290 (-7168 -3392 576 ) (-7168 -3072 576 ) (-6304 -3072 576 ) (-6304 -3392 576 ) 
4 290 298 (-7168 -3072 576 ) (-7168 -3072 544 ) (-7168 -3392 544 ) (-7168 -3392 576 ) 
4 290 294 (-7168 -3392 544 ) (-7168 -3072 544 ) (-6304 -3072 544 ) (-6304 -3392 544 ) 
4 290 291 (-7168 -3392 544 ) (-6336 -3392 544 ) (-6336 -3392 576 ) (-7168 -3392 576 ) 
4 291 298 (-7168 -3392 544 ) (-7168 -3584 544 ) (-7168 -3584 576 ) (-7168 -3392 576 ) 
4 291 295 (-6336 -3584 576 ) (-7168 -3584 576 ) (-7168 -3584 544 ) (-6336 -3584 544 ) 
4 291 294 (-6336 -3584 544 ) (-7168 -3584 544 ) (-7168 -3392 544 ) (-6336 -3392 544 ) 
4 292 293 (-6144 -3500.799561 320 ) (-6272 -3552 320 ) (-6272 -3552 544 ) (-6144 -3500.799561 544 ) 
4 293 296 (-6272 -3552 320 ) (-6304 -3552 320 ) (-6304 -3424 320 ) (-6272 -3424 320 ) 
4 293 294 (-6304 -3424 320 ) (-6304 -3552 320 ) (-6304 -3552 544 ) (-6304 -3424 544 ) 
4 294 298 (-7168 -3072 544 ) (-7168 -3072 320 ) (-7168 -3584 320 ) (-7168 -3584 544 ) 
4 294 297 (-7168 -3584 320 ) (-7168 -3072 320 ) (-6304 -3072 320 ) (-6304 -3584 320 ) 
4 294 295 (-7168 -3584 320 ) (-6304 -3584 320 ) (-6304 -3584 544 ) (-7168 -3584 544 ) 
4 295 298 (-7168 -3584 320 ) (-7168 -3808 320 ) (-7168 -3808 576 ) (-7168 -3584 576 ) 
4 295 297 (-7168 -3808 320 ) (-7168 -3584 320 ) (-6304 -3584 320 ) (-6304 -3808 320 ) 
4 296 297 (-6304 -3424 288 ) (-6304 -3552 288 ) (-6304 -3552 320 ) (-6304 -3424 320 ) 
4 297 298 (-7168 -3072 320 ) (-7168 -3072 288 ) (-7168 -3808 288 ) (-7168 -3808 320 ) 
