


materialPath: e:\program files (x86)\steam\steamapps\sourcemods\crimewarswtf\materials
Loading E:\Program Files (x86)\Steam\steamapps\sourcemods\crimewarswtf\devmaps\doublehalls4_ab7.vmf
Patching WVT material: maps/doublehalls4_ab7/dev/dev_blendmeasure_wvt_patch
fixing up env_cubemap materials on brush sides...
0...1...2...3...4...5...6...7...8...9...100...1...2...3...4...5...6...7...8...9...10Processing areas...done (0)
Building Faces...done (0)
FixTjuncs...
PruneNodes...
WriteBSP...
done (0)
writing E:\Program Files (x86)\Steam\steamapps\sourcemods\crimewarswtf\devmaps\doublehalls4_ab7.prt...Building visibility clusters...
done (0)
Creating default LDR cubemaps for env_cubemap using skybox materials:
   skybox/sky_day01_01*.vmt
 ! Run buildcubemaps in the engine to get the correct cube maps.
Creating default HDR cubemaps for env_cubemap using skybox materials:
   skybox/sky_day01_01*.vmt
 ! Run buildcubemaps in the engine to get the correct cube maps.
Finding displacement neighbors...
Finding lightmap sample positions...
Displacement Alpha : 0...1...2...3...4...5...6...7...8...9...10
Building Physics collision data...
done (0) (87539 bytes)
Placing detail props : 0...1...2...3...4...5...6...7...8...9...10
Compacting texture/material tables...
Reduced 169 texinfos to 121
Reduced 14 texdatas to 13 (334 bytes to 313)
Writing E:\Program Files (x86)\Steam\steamapps\sourcemods\crimewarswtf\devmaps\doublehalls4_ab7.bsp
0 seconds elapsed



8 threads
reading e:\program files (x86)\steam\steamapps\sourcemods\crimewarswtf\devmaps\doublehalls4_ab7.bsp
reading e:\program files (x86)\steam\steamapps\sourcemods\crimewarswtf\devmaps\doublehalls4_ab7.prt
 710 portalclusters
2979 numportals
0...1...2...3...4...5...6...7...8...9...100...1...2...3...4...5...6...7...8...9...10Optimized: 1063 visible clusters (0.00%)
Total clusters visible: 160837
Average clusters visible: 226
Building PAS...
Average clusters audible: 699
visdatasize:108137  compressed from 136320
writing e:\program files (x86)\steam\steamapps\sourcemods\crimewarswtf\devmaps\doublehalls4_ab7.bsp
1 minute, 58 seconds elapsed



[Reading texlights from 'lights.rad']
[45 texlights parsed from 'lights.rad']

Loading e:\program files (x86)\steam\steamapps\sourcemods\crimewarswtf\devmaps\doublehalls4_ab7.bsp
1642 faces
558823 square feet [80470544.00 square inches]
0 Displacements
0 Square Feet [0.00 Square Inches]
1642 patches before subdivision
63770 patches after subdivision
37 direct lights
0...1...2...3...4...5...6...7...8...9...100...1...2...3...4...5...6...7...8...9...10transfers 10729467, max 563
transfer lists:  81.9 megs
0...1...2...3...4...5...6...7...8...9...10	Bounce #1 added RGB(46143, 43819, 38518)
0...1...2...3...4...5...6...7...8...9...10	Bounce #2 added RGB(4510, 3903, 2839)
0...1...2...3...4...5...6...7...8...9...10	Bounce #3 added RGB(462, 357, 225)
0...1...2...3...4...5...6...7...8...9...10	Bounce #4 added RGB(50, 33, 18)
0...1...2...3...4...5...6...7...8...9...10	Bounce #5 added RGB(6, 3, 2)
0...1...2...3...4...5...6...7...8...9...10	Bounce #6 added RGB(1, 0, 0)
Build Patch/Sample Hash Table(s).....Done<0.1294 sec>
0...1...2...3...4...5...6...7...8...9...10FinalLightFace Done
0 of 0 (0% of) surface lights went in leaf ambient cubes.
0...1...2...3...4...5...6...7...8...9...10Writing leaf ambient...done
Ready to Finish

Object names       Objects/Maxobjs  Memory / Maxmem  Fullness 
------------       ---------------  ---------------  -------- 
models                   5/1024          240/49152    ( 0.5%) 
brushes                259/8192         3108/98304    ( 3.2%) 
brushsides            1652/65536       13216/524288   ( 2.5%) 
planes                 600/65536       12000/1310720  ( 0.9%) 
vertexes              2278/65536       27336/786432   ( 3.5%) 
nodes                  999/65536       31968/2097152  ( 1.5%) 
texinfos               121/12288        8712/884736   ( 1.0%) 
texdata                 13/2048          416/65536    ( 0.6%) 
dispinfos                0/0               0/0        ( 0.0%) 
disp_verts               0/0               0/0        ( 0.0%) 
disp_tris                0/0               0/0        ( 0.0%) 
disp_lmsamples           0/0               0/0        ( 0.0%) 
faces                 1642/65536       91952/3670016  ( 2.5%) 
hdr faces                0/65536           0/3670016  ( 0.0%) 
origfaces              652/65536       36512/3670016  ( 1.0%) 
leaves                1005/65536       32160/2097152  ( 1.5%) 
leaffaces             2458/65536        4916/131072   ( 3.8%) 
leafbrushes            614/65536        1228/131072   ( 0.9%) 
areas                    2/256            16/2048     ( 0.8%) 
surfedges            10067/512000      40268/2048000  ( 2.0%) 
edges                 5639/256000      22556/1024000  ( 2.2%) 
LDR worldlights         37/8192         3256/720896   ( 0.5%) 
HDR worldlights          0/8192            0/720896   ( 0.0%) 
leafwaterdata            0/32768           0/393216   ( 0.0%) 
waterstrips            110/32768        1100/327680   ( 0.3%) 
waterverts               0/65536           0/786432   ( 0.0%) 
waterindices          1566/65536        3132/131072   ( 2.4%) 
cubemapsamples           6/1024           96/16384    ( 0.6%) 
overlays                 0/512             0/180224   ( 0.0%) 
LDR lightdata         [variable]     1526624/0        ( 0.0%) 
HDR lightdata         [variable]           0/0        ( 0.0%) 
visdata               [variable]      108137/16777216 ( 0.6%) 
entdata               [variable]       12189/393216   ( 3.1%) 
LDR ambient table     1005/65536        4020/262144   ( 1.5%) 
HDR ambient table     1005/65536        4020/262144   ( 1.5%) 
LDR leaf ambient      8044/65536      225232/1835008  (12.3%) 
HDR leaf ambient      1005/65536       28140/1835008  ( 1.5%) 
occluders                0/0               0/0        ( 0.0%) 
occluder polygons        0/0               0/0        ( 0.0%) 
occluder vert ind        0/0               0/0        ( 0.0%) 
detail props          [variable]           1/12       ( 8.3%) 
static props          [variable]           1/12       ( 8.3%) 
pakfile               [variable]      739938/0        ( 0.0%) 
physics               [variable]       87539/4194304  ( 2.1%) 
physics terrain       [variable]           2/1048576  ( 0.0%) 

Level flags = 0

Total triangle count: 4175
Writing e:\program files (x86)\steam\steamapps\sourcemods\crimewarswtf\devmaps\doublehalls4_ab7.bsp
28 seconds elapsed



[Reading texlights from 'lights.rad']
[45 texlights parsed from 'lights.rad']

Loading e:\program files (x86)\steam\steamapps\sourcemods\crimewarswtf\devmaps\doublehalls4_ab7.bsp
1642 faces
558823 square feet [80470544.00 square inches]
0 Displacements
0 Square Feet [0.00 Square Inches]
1642 patches before subdivision
63770 patches after subdivision
37 direct lights
0...1...2...3...4...5...6...7...8...9...100...1...2...3...4...5...6...7...8...9...10transfers 10729467, max 563
transfer lists:  81.9 megs
0...1...2...3...4...5...6...7...8...9...10	Bounce #1 added RGB(46418, 43808, 38492)
0...1...2...3...4...5...6...7...8...9...10	Bounce #2 added RGB(4537, 3902, 2837)
0...1...2...3...4...5...6...7...8...9...10	Bounce #3 added RGB(464, 357, 225)
0...1...2...3...4...5...6...7...8...9...10	Bounce #4 added RGB(50, 33, 18)
0...1...2...3...4...5...6...7...8...9...10	Bounce #5 added RGB(6, 3, 2)
0...1...2...3...4...5...6...7...8...9...10	Bounce #6 added RGB(1, 0, 0)
Build Patch/Sample Hash Table(s).....Done<0.1450 sec>
0...1...2...3...4...5...6...7...8...9...10FinalLightFace Done
0 of 0 (0% of) surface lights went in leaf ambient cubes.
0...1...2...3...4...5...6...7...8...9...10Writing leaf ambient...done
Ready to Finish

Object names       Objects/Maxobjs  Memory / Maxmem  Fullness 
------------       ---------------  ---------------  -------- 
models                   5/1024          240/49152    ( 0.5%) 
brushes                259/8192         3108/98304    ( 3.2%) 
brushsides            1652/65536       13216/524288   ( 2.5%) 
planes                 600/65536       12000/1310720  ( 0.9%) 
vertexes              2278/65536       27336/786432   ( 3.5%) 
nodes                  999/65536       31968/2097152  ( 1.5%) 
texinfos               121/12288        8712/884736   ( 1.0%) 
texdata                 13/2048          416/65536    ( 0.6%) 
dispinfos                0/0               0/0        ( 0.0%) 
disp_verts               0/0               0/0        ( 0.0%) 
disp_tris                0/0               0/0        ( 0.0%) 
disp_lmsamples           0/0               0/0        ( 0.0%) 
faces                 1642/65536       91952/3670016  ( 2.5%) 
hdr faces             1642/65536       91952/3670016  ( 2.5%) 
origfaces              652/65536       36512/3670016  ( 1.0%) 
leaves                1005/65536       32160/2097152  ( 1.5%) 
leaffaces             2458/65536        4916/131072   ( 3.8%) 
leafbrushes            614/65536        1228/131072   ( 0.9%) 
areas                    2/256            16/2048     ( 0.8%) 
surfedges            10067/512000      40268/2048000  ( 2.0%) 
edges                 5639/256000      22556/1024000  ( 2.2%) 
LDR worldlights         37/8192         3256/720896   ( 0.5%) 
HDR worldlights         37/8192         3256/720896   ( 0.5%) 
leafwaterdata            0/32768           0/393216   ( 0.0%) 
waterstrips            110/32768        1100/327680   ( 0.3%) 
waterverts               0/65536           0/786432   ( 0.0%) 
waterindices          1566/65536        3132/131072   ( 2.4%) 
cubemapsamples           6/1024           96/16384    ( 0.6%) 
overlays                 0/512             0/180224   ( 0.0%) 
LDR lightdata         [variable]     1526624/0        ( 0.0%) 
HDR lightdata         [variable]     1526624/0        ( 0.0%) 
visdata               [variable]      108137/16777216 ( 0.6%) 
entdata               [variable]       12189/393216   ( 3.1%) 
LDR ambient table     1005/65536        4020/262144   ( 1.5%) 
HDR ambient table     1005/65536        4020/262144   ( 1.5%) 
LDR leaf ambient      8044/65536      225232/1835008  (12.3%) 
HDR leaf ambient      8016/65536      224448/1835008  (12.2%) 
occluders                0/0               0/0        ( 0.0%) 
occluder polygons        0/0               0/0        ( 0.0%) 
occluder vert ind        0/0               0/0        ( 0.0%) 
detail props          [variable]           1/12       ( 8.3%) 
static props          [variable]           1/12       ( 8.3%) 
pakfile               [variable]      739938/0        ( 0.0%) 
physics               [variable]       87539/4194304  ( 2.1%) 
physics terrain       [variable]           2/1048576  ( 0.0%) 

Level flags = 0

Total triangle count: 4175
Writing e:\program files (x86)\steam\steamapps\sourcemods\crimewarswtf\devmaps\doublehalls4_ab7.bsp
28 seconds elapsed
