PRT1
136
366
4 0 28 (-1120 -3072 1632 ) (-2048 -3072 1632 ) (-2048 -3072 288 ) (-1120 -3072 288 ) 
4 0 18 (-2048 -3072 288 ) (-2048 -3072 320 ) (-2048 -2656 320 ) (-2048 -2656 288 ) 
4 0 17 (-2048 -2656 320 ) (-2048 -2528 320 ) (-2048 -2528 288 ) (-2048 -2656 288 ) 
4 0 14 (-2048 -2528 320 ) (-2048 -2400 320 ) (-2048 -2400 288 ) (-2048 -2528 288 ) 
4 0 12 (-2048 -3072 320 ) (-2048 -3072 576 ) (-2048 -2688 576 ) (-2048 -2688 320 ) 
4 0 9 (-2048 -2496 544 ) (-2048 -2496 320 ) (-2048 -2688 320 ) (-2048 -2688 544 ) 
4 0 7 (-2048 -2688 576 ) (-2048 -2496 576 ) (-2048 -2496 544 ) (-2048 -2688 544 ) 
4 0 5 (-2048 -2496 576 ) (-2048 -2400 576 ) (-2048 -2400 320 ) (-2048 -2496 320 ) 
4 0 3 (-2048 -3072 576 ) (-2048 -3072 1632 ) (-2048 -2400 1632 ) (-2048 -2400 576 ) 
4 1 15 (-2784 -2048 288 ) (-2784 -2048 320 ) (-3072 -2048 320 ) (-3072 -2048 288 ) 
4 1 6 (-2784 -2048 320 ) (-2784 -2048 576 ) (-3072 -2048 576 ) (-3072 -2048 320 ) 
4 1 4 (-2784 -2048 576 ) (-2784 -2048 1632 ) (-3072 -2048 1632 ) (-3072 -2048 576 ) 
4 1 2 (-3072 -1504 288 ) (-3072 -2048 288 ) (-3072 -2048 1632 ) (-3072 -1504 1632 ) 
4 2 56 (-4096 -2048 288 ) (-4096 -2048 1632 ) (-4096 -1504 1632 ) (-4096 -1504 288 ) 
4 2 26 (-4096 -2048 320 ) (-4096 -2048 288 ) (-3072 -2048 288 ) (-3072 -2048 320 ) 
4 2 25 (-4096 -2048 576 ) (-4096 -2048 320 ) (-3520 -2048 320 ) (-3520 -2048 576 ) 
4 2 23 (-3520 -2048 320 ) (-3328 -2048 320 ) (-3328 -2048 544 ) (-3520 -2048 544 ) 
4 2 22 (-3328 -2048 544 ) (-3328 -2048 576 ) (-3520 -2048 576 ) (-3520 -2048 544 ) 
4 2 21 (-3328 -2048 320 ) (-3072 -2048 320 ) (-3072 -2048 576 ) (-3328 -2048 576 ) 
4 2 20 (-4096 -2048 1632 ) (-4096 -2048 576 ) (-3072 -2048 576 ) (-3072 -2048 1632 ) 
4 3 29 (-2048 -3072 576 ) (-2048 -3072 1632 ) (-2464 -3072 1632 ) (-2464 -3072 576 ) 
4 3 12 (-2048 -2688 576 ) (-2048 -3072 576 ) (-2464 -3072 576 ) (-2464 -2688 576 ) 
4 3 7 (-2048 -2496 576 ) (-2048 -2688 576 ) (-2432 -2688 576 ) (-2432 -2496 576 ) 
4 3 5 (-2048 -2400 576 ) (-2048 -2496 576 ) (-2464 -2496 576 ) (-2464 -2400 576 ) 
4 4 20 (-3072 -2048 1632 ) (-3072 -2048 576 ) (-3072 -2848 576 ) (-3072 -2848 1632 ) 
4 4 13 (-3072 -2848 576 ) (-3072 -2688 576 ) (-2784 -2688 576 ) (-2784 -2848 576 ) 
4 4 8 (-3072 -2688 576 ) (-3072 -2496 576 ) (-2816 -2496 576 ) (-2816 -2688 576 ) 
4 4 6 (-3072 -2496 576 ) (-3072 -2048 576 ) (-2784 -2048 576 ) (-2784 -2496 576 ) 
4 5 14 (-2048 -2400 320 ) (-2048 -2496 320 ) (-2464 -2496 320 ) (-2464 -2400 320 ) 
4 5 9 (-2464 -2496 320 ) (-2048 -2496 320 ) (-2048 -2496 544 ) (-2464 -2496 544 ) 
4 5 7 (-2048 -2496 544 ) (-2048 -2496 576 ) (-2432 -2496 576 ) (-2432 -2496 544 ) 
4 6 21 (-3072 -2048 576 ) (-3072 -2048 320 ) (-3072 -2496 320 ) (-3072 -2496 576 ) 
4 6 15 (-3072 -2496 320 ) (-3072 -2048 320 ) (-2784 -2048 320 ) (-2784 -2496 320 ) 
4 6 11 (-3072 -2496 320 ) (-2784 -2496 320 ) (-2784 -2496 544 ) (-3072 -2496 544 ) 
4 6 8 (-2816 -2496 576 ) (-3072 -2496 576 ) (-3072 -2496 544 ) (-2816 -2496 544 ) 
4 7 12 (-2048 -2688 544 ) (-2048 -2688 576 ) (-2432 -2688 576 ) (-2432 -2688 544 ) 
4 7 9 (-2048 -2688 544 ) (-2432 -2688 544 ) (-2432 -2496 544 ) (-2048 -2496 544 ) 
4 8 21 (-3072 -2688 544 ) (-3072 -2688 576 ) (-3072 -2496 576 ) (-3072 -2496 544 ) 
4 8 13 (-2816 -2688 576 ) (-3072 -2688 576 ) (-3072 -2688 544 ) (-2816 -2688 544 ) 
4 8 11 (-2816 -2688 544 ) (-3072 -2688 544 ) (-3072 -2496 544 ) (-2816 -2496 544 ) 
4 9 18 (-2048 -2656 320 ) (-2048 -2688 320 ) (-2464 -2688 320 ) (-2464 -2656 320 ) 
4 9 17 (-2048 -2528 320 ) (-2048 -2656 320 ) (-2464 -2656 320 ) (-2464 -2528 320 ) 
4 9 14 (-2464 -2496 320 ) (-2048 -2496 320 ) (-2048 -2528 320 ) (-2464 -2528 320 ) 
4 9 12 (-2464 -2688 320 ) (-2048 -2688 320 ) (-2048 -2688 544 ) (-2464 -2688 544 ) 
4 9 10 (-2464 -2656 544 ) (-2464 -2528 544 ) (-2464 -2528 320 ) (-2464 -2656 320 ) 
4 10 17 (-2464 -2528 320 ) (-2464 -2656 320 ) (-2496 -2656 320 ) (-2496 -2528 320 ) 
4 10 16 (-2752 -2656 320 ) (-2784 -2656 320 ) (-2784 -2528 320 ) (-2752 -2528 320 ) 
4 10 11 (-2784 -2656 544 ) (-2784 -2528 544 ) (-2784 -2528 320 ) (-2784 -2656 320 ) 
4 11 21 (-3072 -2496 320 ) (-3072 -2688 320 ) (-3072 -2688 544 ) (-3072 -2496 544 ) 
4 11 19 (-3072 -2688 320 ) (-3072 -2656 320 ) (-2784 -2656 320 ) (-2784 -2688 320 ) 
4 11 16 (-3072 -2656 320 ) (-3072 -2528 320 ) (-2784 -2528 320 ) (-2784 -2656 320 ) 
4 11 15 (-3072 -2528 320 ) (-3072 -2496 320 ) (-2784 -2496 320 ) (-2784 -2528 320 ) 
4 11 13 (-3072 -2688 320 ) (-2784 -2688 320 ) (-2784 -2688 544 ) (-3072 -2688 544 ) 
4 12 31 (-2048 -3072 320 ) (-2048 -3072 576 ) (-2464 -3072 576 ) (-2464 -3072 320 ) 
4 12 18 (-2048 -3072 320 ) (-2464 -3072 320 ) (-2464 -2688 320 ) (-2048 -2688 320 ) 
4 13 21 (-3072 -2688 320 ) (-3072 -2848 320 ) (-3072 -2848 576 ) (-3072 -2688 576 ) 
4 13 19 (-3072 -2848 320 ) (-3072 -2688 320 ) (-2784 -2688 320 ) (-2784 -2848 320 ) 
4 14 17 (-2464 -2528 288 ) (-2048 -2528 288 ) (-2048 -2528 320 ) (-2464 -2528 320 ) 
4 15 26 (-3072 -2048 320 ) (-3072 -2048 288 ) (-3072 -2528 288 ) (-3072 -2528 320 ) 
4 15 16 (-3072 -2528 288 ) (-2784 -2528 288 ) (-2784 -2528 320 ) (-3072 -2528 320 ) 
4 16 26 (-3072 -2528 288 ) (-3072 -2656 288 ) (-3072 -2656 320 ) (-3072 -2528 320 ) 
4 16 19 (-3072 -2656 288 ) (-2784 -2656 288 ) (-2784 -2656 320 ) (-3072 -2656 320 ) 
4 17 18 (-2464 -2656 288 ) (-2048 -2656 288 ) (-2048 -2656 320 ) (-2464 -2656 320 ) 
4 18 40 (-2048 -3072 288 ) (-2048 -3072 320 ) (-2464 -3072 320 ) (-2464 -3072 288 ) 
4 19 26 (-3072 -2656 288 ) (-3072 -2848 288 ) (-3072 -2848 320 ) (-3072 -2656 320 ) 
4 20 59 (-4096 -2848 1632 ) (-4096 -2048 1632 ) (-4096 -2048 576 ) (-4096 -2848 576 ) 
4 20 25 (-4096 -2848 576 ) (-4096 -2048 576 ) (-3520 -2048 576 ) (-3520 -2848 576 ) 
4 20 22 (-3520 -2048 576 ) (-3328 -2048 576 ) (-3328 -2816 576 ) (-3520 -2816 576 ) 
4 20 21 (-3328 -2048 576 ) (-3072 -2048 576 ) (-3072 -2848 576 ) (-3328 -2848 576 ) 
4 21 26 (-3328 -2048 320 ) (-3072 -2048 320 ) (-3072 -2848 320 ) (-3328 -2848 320 ) 
4 21 23 (-3328 -2048 320 ) (-3328 -2848 320 ) (-3328 -2848 544 ) (-3328 -2048 544 ) 
4 21 22 (-3328 -2816 576 ) (-3328 -2048 576 ) (-3328 -2048 544 ) (-3328 -2816 544 ) 
4 22 25 (-3520 -2816 576 ) (-3520 -2048 576 ) (-3520 -2048 544 ) (-3520 -2816 544 ) 
4 22 23 (-3520 -2816 544 ) (-3520 -2048 544 ) (-3328 -2048 544 ) (-3328 -2816 544 ) 
4 23 26 (-3520 -2048 320 ) (-3328 -2048 320 ) (-3328 -2848 320 ) (-3520 -2848 320 ) 
4 23 25 (-3520 -2048 320 ) (-3520 -2848 320 ) (-3520 -2848 544 ) (-3520 -2048 544 ) 
4 23 24 (-3360 -2848 544 ) (-3488 -2848 544 ) (-3488 -2848 320 ) (-3360 -2848 320 ) 
4 24 49 (-3488 -3072 320 ) (-3360 -3072 320 ) (-3360 -3072 544 ) (-3488 -3072 544 ) 
4 24 27 (-3488 -2880 320 ) (-3488 -2848 320 ) (-3360 -2848 320 ) (-3360 -2880 320 ) 
4 25 67 (-4096 -2848 576 ) (-4096 -2688 576 ) (-4096 -2688 320 ) (-4096 -2848 320 ) 
4 25 64 (-4096 -2496 544 ) (-4096 -2496 320 ) (-4096 -2688 320 ) (-4096 -2688 544 ) 
4 25 61 (-4096 -2496 576 ) (-4096 -2048 576 ) (-4096 -2048 320 ) (-4096 -2496 320 ) 
4 25 26 (-4096 -2848 320 ) (-4096 -2048 320 ) (-3520 -2048 320 ) (-3520 -2848 320 ) 
4 26 73 (-4096 -2848 320 ) (-4096 -2656 320 ) (-4096 -2656 288 ) (-4096 -2848 288 ) 
4 26 72 (-4096 -2656 320 ) (-4096 -2528 320 ) (-4096 -2528 288 ) (-4096 -2656 288 ) 
4 26 69 (-4096 -2528 320 ) (-4096 -2048 320 ) (-4096 -2048 288 ) (-4096 -2528 288 ) 
4 26 27 (-3488 -2848 288 ) (-3360 -2848 288 ) (-3360 -2848 320 ) (-3488 -2848 320 ) 
4 28 44 (-2048 -3552 288 ) (-2048 -3744 288 ) (-2048 -3744 320 ) (-2048 -3552 320 ) 
4 28 43 (-2048 -3424 288 ) (-2048 -3552 288 ) (-2048 -3552 320 ) (-2048 -3424 320 ) 
4 28 40 (-2048 -3072 320 ) (-2048 -3072 288 ) (-2048 -3424 288 ) (-2048 -3424 320 ) 
4 28 38 (-2048 -3584 320 ) (-2048 -3744 320 ) (-2048 -3744 576 ) (-2048 -3584 576 ) 
4 28 35 (-2048 -3392 320 ) (-2048 -3584 320 ) (-2048 -3584 544 ) (-2048 -3392 544 ) 
4 28 33 (-2048 -3584 544 ) (-2048 -3584 576 ) (-2048 -3392 576 ) (-2048 -3392 544 ) 
4 28 31 (-2048 -3072 576 ) (-2048 -3072 320 ) (-2048 -3392 320 ) (-2048 -3392 576 ) 
4 28 29 (-2048 -3072 1632 ) (-2048 -3072 576 ) (-2048 -3744 576 ) (-2048 -3744 1632 ) 
4 29 38 (-2048 -3584 576 ) (-2048 -3744 576 ) (-2464 -3744 576 ) (-2464 -3584 576 ) 
4 29 33 (-2048 -3392 576 ) (-2048 -3584 576 ) (-2432 -3584 576 ) (-2432 -3392 576 ) 
4 29 31 (-2464 -3072 576 ) (-2048 -3072 576 ) (-2048 -3392 576 ) (-2464 -3392 576 ) 
4 30 54 (-2784 -4096 1632 ) (-3072 -4096 1632 ) (-3072 -4096 576 ) (-2784 -4096 576 ) 
4 30 46 (-3072 -3232 576 ) (-3072 -4096 576 ) (-3072 -4096 1632 ) (-3072 -3232 1632 ) 
4 30 39 (-3072 -4096 576 ) (-3072 -3584 576 ) (-2784 -3584 576 ) (-2784 -4096 576 ) 
4 30 34 (-3072 -3584 576 ) (-3072 -3392 576 ) (-2816 -3392 576 ) (-2816 -3584 576 ) 
4 30 32 (-3072 -3392 576 ) (-3072 -3232 576 ) (-2784 -3232 576 ) (-2784 -3392 576 ) 
4 31 40 (-2464 -3072 320 ) (-2048 -3072 320 ) (-2048 -3392 320 ) (-2464 -3392 320 ) 
4 31 35 (-2464 -3392 320 ) (-2048 -3392 320 ) (-2048 -3392 544 ) (-2464 -3392 544 ) 
4 31 33 (-2048 -3392 544 ) (-2048 -3392 576 ) (-2432 -3392 576 ) (-2432 -3392 544 ) 
4 32 47 (-3072 -3232 320 ) (-3072 -3392 320 ) (-3072 -3392 576 ) (-3072 -3232 576 ) 
4 32 41 (-3072 -3392 320 ) (-3072 -3232 320 ) (-2784 -3232 320 ) (-2784 -3392 320 ) 
4 32 37 (-3072 -3392 320 ) (-2784 -3392 320 ) (-2784 -3392 544 ) (-3072 -3392 544 ) 
4 32 34 (-2816 -3392 576 ) (-3072 -3392 576 ) (-3072 -3392 544 ) (-2816 -3392 544 ) 
4 33 38 (-2048 -3584 544 ) (-2048 -3584 576 ) (-2432 -3584 576 ) (-2432 -3584 544 ) 
4 33 35 (-2048 -3584 544 ) (-2432 -3584 544 ) (-2432 -3392 544 ) (-2048 -3392 544 ) 
4 34 47 (-3072 -3584 544 ) (-3072 -3584 576 ) (-3072 -3392 576 ) (-3072 -3392 544 ) 
4 34 39 (-2816 -3584 576 ) (-3072 -3584 576 ) (-3072 -3584 544 ) (-2816 -3584 544 ) 
4 34 37 (-2816 -3584 544 ) (-3072 -3584 544 ) (-3072 -3392 544 ) (-2816 -3392 544 ) 
4 35 44 (-2048 -3552 320 ) (-2048 -3584 320 ) (-2464 -3584 320 ) (-2464 -3552 320 ) 
4 35 43 (-2048 -3424 320 ) (-2048 -3552 320 ) (-2464 -3552 320 ) (-2464 -3424 320 ) 
4 35 40 (-2464 -3392 320 ) (-2048 -3392 320 ) (-2048 -3424 320 ) (-2464 -3424 320 ) 
4 35 38 (-2464 -3584 320 ) (-2048 -3584 320 ) (-2048 -3584 544 ) (-2464 -3584 544 ) 
4 35 36 (-2464 -3552 544 ) (-2464 -3424 544 ) (-2464 -3424 320 ) (-2464 -3552 320 ) 
4 36 43 (-2464 -3424 320 ) (-2464 -3552 320 ) (-2496 -3552 320 ) (-2496 -3424 320 ) 
4 36 42 (-2752 -3552 320 ) (-2784 -3552 320 ) (-2784 -3424 320 ) (-2752 -3424 320 ) 
4 36 37 (-2784 -3552 544 ) (-2784 -3424 544 ) (-2784 -3424 320 ) (-2784 -3552 320 ) 
4 37 47 (-3072 -3392 320 ) (-3072 -3584 320 ) (-3072 -3584 544 ) (-3072 -3392 544 ) 
4 37 45 (-3072 -3584 320 ) (-3072 -3552 320 ) (-2784 -3552 320 ) (-2784 -3584 320 ) 
4 37 42 (-3072 -3552 320 ) (-3072 -3424 320 ) (-2784 -3424 320 ) (-2784 -3552 320 ) 
4 37 41 (-3072 -3424 320 ) (-3072 -3392 320 ) (-2784 -3392 320 ) (-2784 -3424 320 ) 
4 37 39 (-3072 -3584 320 ) (-2784 -3584 320 ) (-2784 -3584 544 ) (-3072 -3584 544 ) 
4 38 44 (-2464 -3744 320 ) (-2464 -3584 320 ) (-2048 -3584 320 ) (-2048 -3744 320 ) 
4 39 54 (-2784 -4096 576 ) (-3072 -4096 576 ) (-3072 -4096 320 ) (-2784 -4096 320 ) 
4 39 47 (-3072 -3584 320 ) (-3072 -4096 320 ) (-3072 -4096 576 ) (-3072 -3584 576 ) 
4 39 45 (-2784 -4096 320 ) (-3072 -4096 320 ) (-3072 -3584 320 ) (-2784 -3584 320 ) 
4 40 43 (-2464 -3424 288 ) (-2048 -3424 288 ) (-2048 -3424 320 ) (-2464 -3424 320 ) 
4 41 53 (-3072 -3232 288 ) (-3072 -3424 288 ) (-3072 -3424 320 ) (-3072 -3232 320 ) 
4 41 42 (-3072 -3424 288 ) (-2784 -3424 288 ) (-2784 -3424 320 ) (-3072 -3424 320 ) 
4 42 53 (-3072 -3424 288 ) (-3072 -3552 288 ) (-3072 -3552 320 ) (-3072 -3424 320 ) 
4 42 45 (-3072 -3552 288 ) (-2784 -3552 288 ) (-2784 -3552 320 ) (-3072 -3552 320 ) 
4 43 44 (-2464 -3552 288 ) (-2048 -3552 288 ) (-2048 -3552 320 ) (-2464 -3552 320 ) 
4 45 54 (-2784 -4096 320 ) (-3072 -4096 320 ) (-3072 -4096 288 ) (-2784 -4096 288 ) 
4 45 53 (-3072 -3552 288 ) (-3072 -4096 288 ) (-3072 -4096 320 ) (-3072 -3552 320 ) 
4 46 96 (-4096 -4096 576 ) (-4096 -4096 1632 ) (-4096 -3232 1632 ) (-4096 -3232 576 ) 
4 46 55 (-3072 -4096 576 ) (-3072 -4096 1632 ) (-4096 -4096 1632 ) (-4096 -4096 576 ) 
4 46 51 (-3520 -4096 576 ) (-4096 -4096 576 ) (-4096 -3232 576 ) (-3520 -3232 576 ) 
4 46 48 (-3328 -4096 576 ) (-3520 -4096 576 ) (-3520 -3264 576 ) (-3328 -3264 576 ) 
4 46 47 (-3072 -4096 576 ) (-3328 -4096 576 ) (-3328 -3232 576 ) (-3072 -3232 576 ) 
4 47 55 (-3072 -4096 320 ) (-3072 -4096 576 ) (-3328 -4096 576 ) (-3328 -4096 320 ) 
4 47 53 (-3072 -3232 320 ) (-3072 -4096 320 ) (-3328 -4096 320 ) (-3328 -3232 320 ) 
4 47 50 (-3328 -3232 320 ) (-3328 -4096 320 ) (-3328 -4096 544 ) (-3328 -3232 544 ) 
4 47 48 (-3328 -4096 544 ) (-3328 -4096 576 ) (-3328 -3264 576 ) (-3328 -3264 544 ) 
4 48 55 (-3328 -4096 576 ) (-3520 -4096 576 ) (-3520 -4096 544 ) (-3328 -4096 544 ) 
4 48 51 (-3520 -4096 544 ) (-3520 -4096 576 ) (-3520 -3264 576 ) (-3520 -3264 544 ) 
4 48 50 (-3520 -4096 544 ) (-3520 -3264 544 ) (-3328 -3264 544 ) (-3328 -4096 544 ) 
4 49 52 (-3360 -3200 320 ) (-3360 -3232 320 ) (-3488 -3232 320 ) (-3488 -3200 320 ) 
4 49 50 (-3360 -3232 544 ) (-3488 -3232 544 ) (-3488 -3232 320 ) (-3360 -3232 320 ) 
4 50 55 (-3520 -4096 544 ) (-3520 -4096 320 ) (-3328 -4096 320 ) (-3328 -4096 544 ) 
4 50 53 (-3328 -4096 320 ) (-3520 -4096 320 ) (-3520 -3232 320 ) (-3328 -3232 320 ) 
4 50 51 (-3520 -3232 320 ) (-3520 -4096 320 ) (-3520 -4096 544 ) (-3520 -3232 544 ) 
4 51 104 (-4096 -4096 320 ) (-4096 -4096 576 ) (-4096 -3584 576 ) (-4096 -3584 320 ) 
4 51 101 (-4096 -3392 544 ) (-4096 -3392 320 ) (-4096 -3584 320 ) (-4096 -3584 544 ) 
4 51 98 (-4096 -3392 576 ) (-4096 -3232 576 ) (-4096 -3232 320 ) (-4096 -3392 320 ) 
4 51 55 (-3520 -4096 576 ) (-4096 -4096 576 ) (-4096 -4096 320 ) (-3520 -4096 320 ) 
4 51 53 (-3520 -4096 320 ) (-4096 -4096 320 ) (-4096 -3232 320 ) (-3520 -3232 320 ) 
4 52 53 (-3488 -3232 288 ) (-3360 -3232 288 ) (-3360 -3232 320 ) (-3488 -3232 320 ) 
4 53 110 (-4096 -4096 288 ) (-4096 -4096 320 ) (-4096 -3552 320 ) (-4096 -3552 288 ) 
4 53 109 (-4096 -3552 320 ) (-4096 -3424 320 ) (-4096 -3424 288 ) (-4096 -3552 288 ) 
4 53 106 (-4096 -3424 320 ) (-4096 -3232 320 ) (-4096 -3232 288 ) (-4096 -3424 288 ) 
4 53 55 (-3072 -4096 288 ) (-3072 -4096 320 ) (-4096 -4096 320 ) (-4096 -4096 288 ) 
4 54 55 (-3072 -4576 1632 ) (-3072 -4096 1632 ) (-3072 -4096 288 ) (-3072 -4576 288 ) 
4 55 124 (-4096 -4576 1632 ) (-4096 -4096 1632 ) (-4096 -4096 288 ) (-4096 -4576 288 ) 
4 56 69 (-4096 -2048 288 ) (-4096 -2048 320 ) (-4128 -2048 320 ) (-4128 -2048 288 ) 
4 56 61 (-4096 -2048 320 ) (-4096 -2048 576 ) (-4128 -2048 576 ) (-4128 -2048 320 ) 
4 56 59 (-4096 -2048 576 ) (-4096 -2048 1632 ) (-4128 -2048 1632 ) (-4128 -2048 576 ) 
4 57 70 (-5120 -2048 320 ) (-5120 -2048 288 ) (-4576 -2048 288 ) (-4576 -2048 320 ) 
4 57 62 (-5120 -2048 576 ) (-5120 -2048 320 ) (-4576 -2048 320 ) (-4576 -2048 576 ) 
4 57 60 (-4576 -2048 1632 ) (-5120 -2048 1632 ) (-5120 -2048 576 ) (-4576 -2048 576 ) 
4 57 58 (-5120 -1504 288 ) (-5120 -2048 288 ) (-5120 -2048 1632 ) (-5120 -1504 1632 ) 
4 58 84 (-5120 -2048 288 ) (-5120 -2048 320 ) (-5920 -2048 320 ) (-5920 -2048 288 ) 
4 58 76 (-5120 -2048 320 ) (-5120 -2048 576 ) (-5920 -2048 576 ) (-5920 -2048 320 ) 
4 58 75 (-5120 -2048 576 ) (-5120 -2048 1632 ) (-5920 -2048 1632 ) (-5920 -2048 576 ) 
4 59 67 (-4128 -2848 576 ) (-4128 -2688 576 ) (-4096 -2688 576 ) (-4096 -2848 576 ) 
4 59 61 (-4128 -2496 576 ) (-4128 -2048 576 ) (-4096 -2048 576 ) (-4096 -2496 576 ) 
4 60 75 (-5120 -2048 1632 ) (-5120 -2048 576 ) (-5120 -2848 576 ) (-5120 -2848 1632 ) 
4 60 68 (-5120 -2848 576 ) (-5120 -2688 576 ) (-4576 -2688 576 ) (-4576 -2848 576 ) 
4 60 63 (-5120 -2688 576 ) (-5120 -2496 576 ) (-4608 -2496 576 ) (-4608 -2688 576 ) 
4 60 62 (-5120 -2496 576 ) (-5120 -2048 576 ) (-4576 -2048 576 ) (-4576 -2496 576 ) 
4 61 69 (-4128 -2048 320 ) (-4096 -2048 320 ) (-4096 -2496 320 ) (-4128 -2496 320 ) 
4 61 64 (-4128 -2496 320 ) (-4096 -2496 320 ) (-4096 -2496 544 ) (-4128 -2496 544 ) 
4 62 76 (-5120 -2048 576 ) (-5120 -2048 320 ) (-5120 -2496 320 ) (-5120 -2496 576 ) 
4 62 70 (-5120 -2048 320 ) (-4576 -2048 320 ) (-4576 -2496 320 ) (-5120 -2496 320 ) 
4 62 66 (-5120 -2496 320 ) (-4576 -2496 320 ) (-4576 -2496 544 ) (-5120 -2496 544 ) 
4 62 63 (-4608 -2496 576 ) (-5120 -2496 576 ) (-5120 -2496 544 ) (-4608 -2496 544 ) 
4 63 77 (-5120 -2688 544 ) (-5120 -2688 576 ) (-5120 -2560 576 ) (-5120 -2560 544 ) 
4 63 76 (-5120 -2560 576 ) (-5120 -2496 576 ) (-5120 -2496 544 ) (-5120 -2560 544 ) 
4 63 68 (-4608 -2688 576 ) (-5120 -2688 576 ) (-5120 -2688 544 ) (-4608 -2688 544 ) 
4 63 66 (-4608 -2688 544 ) (-5120 -2688 544 ) (-5120 -2496 544 ) (-4608 -2496 544 ) 
4 64 73 (-4096 -2656 320 ) (-4096 -2688 320 ) (-4128 -2688 320 ) (-4128 -2656 320 ) 
4 64 72 (-4096 -2528 320 ) (-4096 -2656 320 ) (-4128 -2656 320 ) (-4128 -2528 320 ) 
4 64 69 (-4096 -2496 320 ) (-4096 -2528 320 ) (-4128 -2528 320 ) (-4128 -2496 320 ) 
4 64 67 (-4128 -2688 320 ) (-4096 -2688 320 ) (-4096 -2688 544 ) (-4128 -2688 544 ) 
4 64 65 (-4128 -2656 544 ) (-4128 -2528 544 ) (-4128 -2528 320 ) (-4128 -2656 320 ) 
4 65 72 (-4160 -2528 320 ) (-4128 -2528 320 ) (-4128 -2656 320 ) (-4160 -2656 320 ) 
4 65 71 (-4576 -2656 320 ) (-4576 -2528 320 ) (-4544 -2528 320 ) (-4544 -2656 320 ) 
4 65 66 (-4576 -2656 544 ) (-4576 -2528 544 ) (-4576 -2528 320 ) (-4576 -2656 320 ) 
4 66 78 (-5120 -2560 320 ) (-5120 -2688 320 ) (-5120 -2688 544 ) (-5120 -2560 544 ) 
4 66 76 (-5120 -2496 320 ) (-5120 -2560 320 ) (-5120 -2560 544 ) (-5120 -2496 544 ) 
4 66 74 (-4576 -2688 320 ) (-5120 -2688 320 ) (-5120 -2656 320 ) (-4576 -2656 320 ) 
4 66 71 (-5120 -2656 320 ) (-5120 -2528 320 ) (-4576 -2528 320 ) (-4576 -2656 320 ) 
4 66 70 (-5120 -2528 320 ) (-5120 -2496 320 ) (-4576 -2496 320 ) (-4576 -2528 320 ) 
4 66 68 (-5120 -2688 320 ) (-4576 -2688 320 ) (-4576 -2688 544 ) (-5120 -2688 544 ) 
4 67 73 (-4096 -2688 320 ) (-4096 -2848 320 ) (-4128 -2848 320 ) (-4128 -2688 320 ) 
4 68 81 (-5120 -2752 320 ) (-5120 -2848 320 ) (-5120 -2848 544 ) (-5120 -2752 544 ) 
4 68 80 (-5120 -2816 576 ) (-5120 -2752 576 ) (-5120 -2752 544 ) (-5120 -2816 544 ) 
4 68 78 (-5120 -2688 320 ) (-5120 -2752 320 ) (-5120 -2752 544 ) (-5120 -2688 544 ) 
4 68 77 (-5120 -2752 544 ) (-5120 -2752 576 ) (-5120 -2688 576 ) (-5120 -2688 544 ) 
4 68 74 (-5120 -2848 320 ) (-5120 -2688 320 ) (-4576 -2688 320 ) (-4576 -2848 320 ) 
4 69 72 (-4128 -2528 288 ) (-4096 -2528 288 ) (-4096 -2528 320 ) (-4128 -2528 320 ) 
4 70 84 (-5120 -2048 320 ) (-5120 -2048 288 ) (-5120 -2528 288 ) (-5120 -2528 320 ) 
4 70 71 (-5120 -2528 288 ) (-4576 -2528 288 ) (-4576 -2528 320 ) (-5120 -2528 320 ) 
4 71 84 (-5120 -2528 288 ) (-5120 -2656 288 ) (-5120 -2656 320 ) (-5120 -2528 320 ) 
4 71 74 (-5120 -2656 288 ) (-4576 -2656 288 ) (-4576 -2656 320 ) (-5120 -2656 320 ) 
4 72 73 (-4128 -2656 288 ) (-4096 -2656 288 ) (-4096 -2656 320 ) (-4128 -2656 320 ) 
4 74 84 (-5120 -2656 288 ) (-5120 -2848 288 ) (-5120 -2848 320 ) (-5120 -2656 320 ) 
4 75 83 (-5920 -2848 576 ) (-5920 -2752 576 ) (-5312 -2752 576 ) (-5312 -2848 576 ) 
4 75 80 (-5312 -2752 576 ) (-5120 -2752 576 ) (-5120 -2816 576 ) (-5312 -2816 576 ) 
4 75 77 (-5888 -2560 576 ) (-5120 -2560 576 ) (-5120 -2752 576 ) (-5888 -2752 576 ) 
4 75 76 (-5920 -2560 576 ) (-5920 -2048 576 ) (-5120 -2048 576 ) (-5120 -2560 576 ) 
4 76 84 (-5920 -2048 320 ) (-5120 -2048 320 ) (-5120 -2560 320 ) (-5920 -2560 320 ) 
4 76 78 (-5920 -2560 320 ) (-5120 -2560 320 ) (-5120 -2560 544 ) (-5920 -2560 544 ) 
4 76 77 (-5120 -2560 544 ) (-5120 -2560 576 ) (-5888 -2560 576 ) (-5888 -2560 544 ) 
4 77 83 (-5312 -2752 576 ) (-5888 -2752 576 ) (-5888 -2752 544 ) (-5312 -2752 544 ) 
4 77 80 (-5120 -2752 544 ) (-5120 -2752 576 ) (-5312 -2752 576 ) (-5312 -2752 544 ) 
4 77 78 (-5120 -2752 544 ) (-5888 -2752 544 ) (-5888 -2560 544 ) (-5120 -2560 544 ) 
4 78 84 (-5920 -2560 320 ) (-5120 -2560 320 ) (-5120 -2752 320 ) (-5920 -2752 320 ) 
4 78 83 (-5920 -2752 320 ) (-5312 -2752 320 ) (-5312 -2752 544 ) (-5920 -2752 544 ) 
4 78 81 (-5312 -2752 320 ) (-5120 -2752 320 ) (-5120 -2752 544 ) (-5312 -2752 544 ) 
4 78 79 (-5920 -2720 544 ) (-5920 -2592 544 ) (-5920 -2592 320 ) (-5920 -2720 320 ) 
4 79 90 (-6144 -2592 320 ) (-6144 -2720 320 ) (-6144 -2720 544 ) (-6144 -2592 544 ) 
4 79 86 (-5952 -2592 320 ) (-5920 -2592 320 ) (-5920 -2720 320 ) (-5952 -2720 320 ) 
4 80 83 (-5312 -2752 576 ) (-5312 -2752 544 ) (-5312 -2816 544 ) (-5312 -2816 576 ) 
4 80 81 (-5312 -2816 544 ) (-5312 -2752 544 ) (-5120 -2752 544 ) (-5120 -2816 544 ) 
4 81 84 (-5312 -2752 320 ) (-5120 -2752 320 ) (-5120 -2848 320 ) (-5312 -2848 320 ) 
4 81 83 (-5312 -2752 544 ) (-5312 -2752 320 ) (-5312 -2848 320 ) (-5312 -2848 544 ) 
4 81 82 (-5152 -2848 544 ) (-5280 -2848 544 ) (-5280 -2848 320 ) (-5152 -2848 320 ) 
4 82 114 (-5152 -3072 544 ) (-5280 -3072 544 ) (-5280 -3072 320 ) (-5152 -3072 320 ) 
4 82 85 (-5280 -2880 320 ) (-5280 -2848 320 ) (-5152 -2848 320 ) (-5152 -2880 320 ) 
4 83 84 (-5920 -2752 320 ) (-5312 -2752 320 ) (-5312 -2848 320 ) (-5920 -2848 320 ) 
4 84 86 (-5920 -2592 288 ) (-5920 -2720 288 ) (-5920 -2720 320 ) (-5920 -2592 320 ) 
4 84 85 (-5280 -2848 288 ) (-5152 -2848 288 ) (-5152 -2848 320 ) (-5280 -2848 320 ) 
4 87 127 (-6304 -3072 1632 ) (-7168 -3072 1632 ) (-7168 -3072 576 ) (-6304 -3072 576 ) 
4 87 95 (-7168 -3072 576 ) (-7168 -3072 1632 ) (-7168 -2464 1632 ) (-7168 -2464 576 ) 
4 87 92 (-6304 -2752 576 ) (-6304 -3072 576 ) (-7168 -3072 576 ) (-7168 -2752 576 ) 
4 87 89 (-6336 -2752 576 ) (-7168 -2752 576 ) (-7168 -2560 576 ) (-6336 -2560 576 ) 
4 87 88 (-6304 -2464 576 ) (-6304 -2560 576 ) (-7168 -2560 576 ) (-7168 -2464 576 ) 
4 88 95 (-7168 -2560 576 ) (-7168 -2464 576 ) (-7168 -2464 320 ) (-7168 -2560 320 ) 
4 88 94 (-7168 -2560 320 ) (-7168 -2464 320 ) (-6304 -2464 320 ) (-6304 -2560 320 ) 
4 88 91 (-7168 -2560 320 ) (-6304 -2560 320 ) (-6304 -2560 544 ) (-7168 -2560 544 ) 
4 88 89 (-6336 -2560 576 ) (-7168 -2560 576 ) (-7168 -2560 544 ) (-6336 -2560 544 ) 
4 89 95 (-7168 -2752 576 ) (-7168 -2560 576 ) (-7168 -2560 544 ) (-7168 -2752 544 ) 
4 89 92 (-6336 -2752 576 ) (-7168 -2752 576 ) (-7168 -2752 544 ) (-6336 -2752 544 ) 
4 89 91 (-6336 -2752 544 ) (-7168 -2752 544 ) (-7168 -2560 544 ) (-6336 -2560 544 ) 
4 90 93 (-6272 -2720 320 ) (-6304 -2720 320 ) (-6304 -2592 320 ) (-6272 -2592 320 ) 
4 90 91 (-6304 -2720 544 ) (-6304 -2592 544 ) (-6304 -2592 320 ) (-6304 -2720 320 ) 
4 91 95 (-7168 -2560 544 ) (-7168 -2560 320 ) (-7168 -2752 320 ) (-7168 -2752 544 ) 
4 91 94 (-7168 -2752 320 ) (-7168 -2560 320 ) (-6304 -2560 320 ) (-6304 -2752 320 ) 
4 91 92 (-7168 -2752 320 ) (-6304 -2752 320 ) (-6304 -2752 544 ) (-7168 -2752 544 ) 
4 92 128 (-6304 -3072 576 ) (-7168 -3072 576 ) (-7168 -3072 320 ) (-6304 -3072 320 ) 
4 92 95 (-7168 -3072 320 ) (-7168 -3072 576 ) (-7168 -2752 576 ) (-7168 -2752 320 ) 
4 92 94 (-6304 -3072 320 ) (-7168 -3072 320 ) (-7168 -2752 320 ) (-6304 -2752 320 ) 
4 93 94 (-6304 -2592 288 ) (-6304 -2720 288 ) (-6304 -2720 320 ) (-6304 -2592 320 ) 
4 94 134 (-6304 -3072 320 ) (-7168 -3072 320 ) (-7168 -3072 288 ) (-6304 -3072 288 ) 
4 94 95 (-7168 -3072 288 ) (-7168 -3072 320 ) (-7168 -2464 320 ) (-7168 -2464 288 ) 
4 95 135 (-7168 -3072 288 ) (-7168 -3072 1632 ) (-7648 -3072 1632 ) (-7648 -3072 288 ) 
4 96 124 (-4096 -4096 576 ) (-4096 -4096 1632 ) (-4128 -4096 1632 ) (-4128 -4096 576 ) 
4 96 104 (-4096 -3584 576 ) (-4096 -4096 576 ) (-4128 -4096 576 ) (-4128 -3584 576 ) 
4 96 98 (-4096 -3232 576 ) (-4096 -3392 576 ) (-4128 -3392 576 ) (-4128 -3232 576 ) 
4 97 125 (-4576 -4096 1632 ) (-5120 -4096 1632 ) (-5120 -4096 576 ) (-4576 -4096 576 ) 
4 97 112 (-5120 -3232 576 ) (-5120 -4096 576 ) (-5120 -4096 1632 ) (-5120 -3232 1632 ) 
4 97 105 (-5120 -4096 576 ) (-5120 -3584 576 ) (-4576 -3584 576 ) (-4576 -4096 576 ) 
4 97 100 (-5120 -3584 576 ) (-5120 -3392 576 ) (-4608 -3392 576 ) (-4608 -3584 576 ) 
4 97 99 (-5120 -3392 576 ) (-5120 -3232 576 ) (-4576 -3232 576 ) (-4576 -3392 576 ) 
4 98 106 (-4096 -3232 320 ) (-4096 -3392 320 ) (-4128 -3392 320 ) (-4128 -3232 320 ) 
4 98 101 (-4128 -3392 320 ) (-4096 -3392 320 ) (-4096 -3392 544 ) (-4128 -3392 544 ) 
4 99 115 (-5120 -3232 320 ) (-5120 -3392 320 ) (-5120 -3392 544 ) (-5120 -3232 544 ) 
4 99 113 (-5120 -3392 544 ) (-5120 -3392 576 ) (-5120 -3264 576 ) (-5120 -3264 544 ) 
4 99 107 (-5120 -3392 320 ) (-5120 -3232 320 ) (-4576 -3232 320 ) (-4576 -3392 320 ) 
4 99 103 (-5120 -3392 320 ) (-4576 -3392 320 ) (-4576 -3392 544 ) (-5120 -3392 544 ) 
4 99 100 (-4608 -3392 576 ) (-5120 -3392 576 ) (-5120 -3392 544 ) (-4608 -3392 544 ) 
4 100 117 (-5120 -3584 544 ) (-5120 -3584 576 ) (-5120 -3392 576 ) (-5120 -3392 544 ) 
4 100 105 (-4608 -3584 576 ) (-5120 -3584 576 ) (-5120 -3584 544 ) (-4608 -3584 544 ) 
4 100 103 (-4608 -3584 544 ) (-5120 -3584 544 ) (-5120 -3392 544 ) (-4608 -3392 544 ) 
4 101 110 (-4096 -3552 320 ) (-4096 -3584 320 ) (-4128 -3584 320 ) (-4128 -3552 320 ) 
4 101 109 (-4096 -3424 320 ) (-4096 -3552 320 ) (-4128 -3552 320 ) (-4128 -3424 320 ) 
4 101 106 (-4128 -3392 320 ) (-4096 -3392 320 ) (-4096 -3424 320 ) (-4128 -3424 320 ) 
4 101 104 (-4128 -3584 320 ) (-4096 -3584 320 ) (-4096 -3584 544 ) (-4128 -3584 544 ) 
4 101 102 (-4128 -3552 544 ) (-4128 -3424 544 ) (-4128 -3424 320 ) (-4128 -3552 320 ) 
4 102 109 (-4128 -3424 320 ) (-4128 -3552 320 ) (-4160 -3552 320 ) (-4160 -3424 320 ) 
4 102 108 (-4544 -3552 320 ) (-4576 -3552 320 ) (-4576 -3424 320 ) (-4544 -3424 320 ) 
4 102 103 (-4576 -3552 544 ) (-4576 -3424 544 ) (-4576 -3424 320 ) (-4576 -3552 320 ) 
4 103 118 (-5120 -3392 320 ) (-5120 -3584 320 ) (-5120 -3584 544 ) (-5120 -3392 544 ) 
4 103 111 (-5120 -3584 320 ) (-5120 -3552 320 ) (-4576 -3552 320 ) (-4576 -3584 320 ) 
4 103 108 (-5120 -3552 320 ) (-5120 -3424 320 ) (-4576 -3424 320 ) (-4576 -3552 320 ) 
4 103 107 (-5120 -3424 320 ) (-5120 -3392 320 ) (-4576 -3392 320 ) (-4576 -3424 320 ) 
4 103 105 (-5120 -3584 320 ) (-4576 -3584 320 ) (-4576 -3584 544 ) (-5120 -3584 544 ) 
4 104 124 (-4096 -4096 320 ) (-4096 -4096 576 ) (-4128 -4096 576 ) (-4128 -4096 320 ) 
4 104 110 (-4096 -4096 320 ) (-4128 -4096 320 ) (-4128 -3584 320 ) (-4096 -3584 320 ) 
4 105 125 (-4576 -4096 576 ) (-5120 -4096 576 ) (-5120 -4096 320 ) (-4576 -4096 320 ) 
4 105 120 (-5120 -3584 320 ) (-5120 -4096 320 ) (-5120 -4096 576 ) (-5120 -3584 576 ) 
4 105 111 (-4576 -4096 320 ) (-5120 -4096 320 ) (-5120 -3584 320 ) (-4576 -3584 320 ) 
4 106 109 (-4128 -3424 288 ) (-4096 -3424 288 ) (-4096 -3424 320 ) (-4128 -3424 320 ) 
4 107 122 (-5120 -3232 288 ) (-5120 -3424 288 ) (-5120 -3424 320 ) (-5120 -3232 320 ) 
4 107 108 (-5120 -3424 288 ) (-4576 -3424 288 ) (-4576 -3424 320 ) (-5120 -3424 320 ) 
4 108 122 (-5120 -3424 288 ) (-5120 -3552 288 ) (-5120 -3552 320 ) (-5120 -3424 320 ) 
4 108 111 (-5120 -3552 288 ) (-4576 -3552 288 ) (-4576 -3552 320 ) (-5120 -3552 320 ) 
4 109 110 (-4128 -3552 288 ) (-4096 -3552 288 ) (-4096 -3552 320 ) (-4128 -3552 320 ) 
4 110 124 (-4096 -4096 288 ) (-4096 -4096 320 ) (-4128 -4096 320 ) (-4128 -4096 288 ) 
4 111 125 (-4576 -4096 320 ) (-5120 -4096 320 ) (-5120 -4096 288 ) (-4576 -4096 288 ) 
4 111 122 (-5120 -3552 288 ) (-5120 -4096 288 ) (-5120 -4096 320 ) (-5120 -3552 320 ) 
4 112 126 (-5120 -4096 576 ) (-5120 -4096 1632 ) (-5920 -4096 1632 ) (-5920 -4096 576 ) 
4 112 120 (-5120 -4096 576 ) (-5920 -4096 576 ) (-5920 -3584 576 ) (-5120 -3584 576 ) 
4 112 117 (-5888 -3392 576 ) (-5120 -3392 576 ) (-5120 -3584 576 ) (-5888 -3584 576 ) 
4 112 116 (-5920 -3392 576 ) (-5920 -3232 576 ) (-5312 -3232 576 ) (-5312 -3392 576 ) 
4 112 113 (-5120 -3264 576 ) (-5120 -3392 576 ) (-5312 -3392 576 ) (-5312 -3264 576 ) 
4 113 117 (-5120 -3392 544 ) (-5120 -3392 576 ) (-5312 -3392 576 ) (-5312 -3392 544 ) 
4 113 116 (-5312 -3392 544 ) (-5312 -3392 576 ) (-5312 -3264 576 ) (-5312 -3264 544 ) 
4 113 115 (-5120 -3392 544 ) (-5312 -3392 544 ) (-5312 -3264 544 ) (-5120 -3264 544 ) 
4 114 121 (-5152 -3200 320 ) (-5152 -3232 320 ) (-5280 -3232 320 ) (-5280 -3200 320 ) 
4 114 115 (-5152 -3232 544 ) (-5280 -3232 544 ) (-5280 -3232 320 ) (-5152 -3232 320 ) 
4 115 122 (-5120 -3232 320 ) (-5120 -3392 320 ) (-5312 -3392 320 ) (-5312 -3232 320 ) 
4 115 118 (-5312 -3392 320 ) (-5120 -3392 320 ) (-5120 -3392 544 ) (-5312 -3392 544 ) 
4 115 116 (-5312 -3232 320 ) (-5312 -3392 320 ) (-5312 -3392 544 ) (-5312 -3232 544 ) 
4 116 122 (-5312 -3232 320 ) (-5312 -3392 320 ) (-5920 -3392 320 ) (-5920 -3232 320 ) 
4 116 118 (-5920 -3392 320 ) (-5312 -3392 320 ) (-5312 -3392 544 ) (-5920 -3392 544 ) 
4 116 117 (-5312 -3392 544 ) (-5312 -3392 576 ) (-5888 -3392 576 ) (-5888 -3392 544 ) 
4 117 120 (-5120 -3584 544 ) (-5120 -3584 576 ) (-5888 -3584 576 ) (-5888 -3584 544 ) 
4 117 118 (-5120 -3584 544 ) (-5888 -3584 544 ) (-5888 -3392 544 ) (-5120 -3392 544 ) 
4 118 122 (-5120 -3392 320 ) (-5120 -3584 320 ) (-5920 -3584 320 ) (-5920 -3392 320 ) 
4 118 120 (-5920 -3584 320 ) (-5120 -3584 320 ) (-5120 -3584 544 ) (-5920 -3584 544 ) 
4 118 119 (-5920 -3552 544 ) (-5920 -3424 544 ) (-5920 -3424 320 ) (-5920 -3552 320 ) 
4 119 130 (-6144 -3424 320 ) (-6144 -3552 320 ) (-6144 -3552 544 ) (-6144 -3424 544 ) 
4 119 123 (-5952 -3424 320 ) (-5920 -3424 320 ) (-5920 -3552 320 ) (-5952 -3552 320 ) 
4 120 126 (-5120 -4096 320 ) (-5120 -4096 576 ) (-5920 -4096 576 ) (-5920 -4096 320 ) 
4 120 122 (-5120 -3584 320 ) (-5120 -4096 320 ) (-5920 -4096 320 ) (-5920 -3584 320 ) 
4 121 122 (-5280 -3232 288 ) (-5152 -3232 288 ) (-5152 -3232 320 ) (-5280 -3232 320 ) 
4 122 126 (-5120 -4096 288 ) (-5120 -4096 320 ) (-5920 -4096 320 ) (-5920 -4096 288 ) 
4 122 123 (-5920 -3424 288 ) (-5920 -3552 288 ) (-5920 -3552 320 ) (-5920 -3424 320 ) 
4 125 126 (-5120 -4576 1632 ) (-5120 -4096 1632 ) (-5120 -4096 288 ) (-5120 -4576 288 ) 
4 127 135 (-7168 -3072 1632 ) (-7168 -3072 576 ) (-7168 -3808 576 ) (-7168 -3808 1632 ) 
4 127 132 (-7168 -3808 576 ) (-7168 -3584 576 ) (-6304 -3584 576 ) (-6304 -3808 576 ) 
4 127 129 (-7168 -3584 576 ) (-7168 -3392 576 ) (-6336 -3392 576 ) (-6336 -3584 576 ) 
4 127 128 (-7168 -3392 576 ) (-7168 -3072 576 ) (-6304 -3072 576 ) (-6304 -3392 576 ) 
4 128 135 (-7168 -3072 576 ) (-7168 -3072 320 ) (-7168 -3392 320 ) (-7168 -3392 576 ) 
4 128 134 (-7168 -3392 320 ) (-7168 -3072 320 ) (-6304 -3072 320 ) (-6304 -3392 320 ) 
4 128 131 (-7168 -3392 320 ) (-6304 -3392 320 ) (-6304 -3392 544 ) (-7168 -3392 544 ) 
4 128 129 (-6336 -3392 576 ) (-7168 -3392 576 ) (-7168 -3392 544 ) (-6336 -3392 544 ) 
4 129 135 (-7168 -3584 544 ) (-7168 -3584 576 ) (-7168 -3392 576 ) (-7168 -3392 544 ) 
4 129 132 (-6336 -3584 576 ) (-7168 -3584 576 ) (-7168 -3584 544 ) (-6336 -3584 544 ) 
4 129 131 (-6336 -3584 544 ) (-7168 -3584 544 ) (-7168 -3392 544 ) (-6336 -3392 544 ) 
4 130 133 (-6272 -3552 320 ) (-6304 -3552 320 ) (-6304 -3424 320 ) (-6272 -3424 320 ) 
4 130 131 (-6304 -3552 544 ) (-6304 -3424 544 ) (-6304 -3424 320 ) (-6304 -3552 320 ) 
4 131 135 (-7168 -3392 320 ) (-7168 -3584 320 ) (-7168 -3584 544 ) (-7168 -3392 544 ) 
4 131 134 (-7168 -3584 320 ) (-7168 -3392 320 ) (-6304 -3392 320 ) (-6304 -3584 320 ) 
4 131 132 (-7168 -3584 320 ) (-6304 -3584 320 ) (-6304 -3584 544 ) (-7168 -3584 544 ) 
4 132 135 (-7168 -3584 320 ) (-7168 -3808 320 ) (-7168 -3808 576 ) (-7168 -3584 576 ) 
4 132 134 (-7168 -3808 320 ) (-7168 -3584 320 ) (-6304 -3584 320 ) (-6304 -3808 320 ) 
4 133 134 (-6304 -3424 288 ) (-6304 -3552 288 ) (-6304 -3552 320 ) (-6304 -3424 320 ) 
4 134 135 (-7168 -3072 320 ) (-7168 -3072 288 ) (-7168 -3808 288 ) (-7168 -3808 320 ) 
