PRT1
154
403
4 0 32 (-1120 -3072 1632 ) (-2048 -3072 1632 ) (-2048 -3072 288 ) (-1120 -3072 288 ) 
4 0 21 (-2048 -3072 288 ) (-2048 -3072 320 ) (-2048 -2656 320 ) (-2048 -2656 288 ) 
4 0 20 (-2048 -2656 320 ) (-2048 -2528 320 ) (-2048 -2528 288 ) (-2048 -2656 288 ) 
4 0 17 (-2048 -2528 320 ) (-2048 -2400 320 ) (-2048 -2400 288 ) (-2048 -2528 288 ) 
4 0 15 (-2048 -3072 320 ) (-2048 -3072 576 ) (-2048 -2688 576 ) (-2048 -2688 320 ) 
4 0 13 (-2048 -2656 320 ) (-2048 -2688 320 ) (-2048 -2688 544 ) (-2048 -2656 544 ) 
4 0 11 (-2048 -2528 320 ) (-2048 -2656 320 ) (-2048 -2656 544 ) (-2048 -2528 544 ) 
4 0 9 (-2048 -2496 544 ) (-2048 -2496 320 ) (-2048 -2528 320 ) (-2048 -2528 544 ) 
4 0 7 (-2048 -2688 576 ) (-2048 -2496 576 ) (-2048 -2496 544 ) (-2048 -2688 544 ) 
4 0 5 (-2048 -2496 576 ) (-2048 -2400 576 ) (-2048 -2400 320 ) (-2048 -2496 320 ) 
4 0 3 (-2048 -3072 576 ) (-2048 -3072 1632 ) (-2048 -2400 1632 ) (-2048 -2400 576 ) 
4 1 18 (-2784 -2048 288 ) (-2784 -2048 320 ) (-3072 -2048 320 ) (-3072 -2048 288 ) 
4 1 6 (-2784 -2048 320 ) (-2784 -2048 576 ) (-3072 -2048 576 ) (-3072 -2048 320 ) 
4 1 4 (-2784 -2048 576 ) (-2784 -2048 1632 ) (-3072 -2048 1632 ) (-3072 -2048 576 ) 
4 1 2 (-3072 -1504 288 ) (-3072 -2048 288 ) (-3072 -2048 1632 ) (-3072 -1504 1632 ) 
4 2 64 (-4096 -2048 288 ) (-4096 -2048 1632 ) (-4096 -1504 1632 ) (-4096 -1504 288 ) 
4 2 30 (-4096 -2048 320 ) (-4096 -2048 288 ) (-3072 -2048 288 ) (-3072 -2048 320 ) 
4 2 29 (-4096 -2048 576 ) (-4096 -2048 320 ) (-3520 -2048 320 ) (-3520 -2048 576 ) 
4 2 26 (-3520 -2048 320 ) (-3072 -2048 320 ) (-3072 -2048 544 ) (-3520 -2048 544 ) 
4 2 25 (-3328 -2048 576 ) (-3520 -2048 576 ) (-3520 -2048 544 ) (-3328 -2048 544 ) 
4 2 24 (-3072 -2048 544 ) (-3072 -2048 576 ) (-3328 -2048 576 ) (-3328 -2048 544 ) 
4 2 23 (-4096 -2048 1632 ) (-4096 -2048 576 ) (-3072 -2048 576 ) (-3072 -2048 1632 ) 
4 3 33 (-2048 -3072 576 ) (-2048 -3072 1632 ) (-2464 -3072 1632 ) (-2464 -3072 576 ) 
4 3 15 (-2048 -2688 576 ) (-2048 -3072 576 ) (-2464 -3072 576 ) (-2464 -2688 576 ) 
4 3 7 (-2048 -2496 576 ) (-2048 -2688 576 ) (-2432 -2688 576 ) (-2432 -2496 576 ) 
4 3 5 (-2048 -2400 576 ) (-2048 -2496 576 ) (-2464 -2496 576 ) (-2464 -2400 576 ) 
4 4 23 (-3072 -2048 1632 ) (-3072 -2048 576 ) (-3072 -2848 576 ) (-3072 -2848 1632 ) 
4 4 16 (-3072 -2848 576 ) (-3072 -2688 576 ) (-2784 -2688 576 ) (-2784 -2848 576 ) 
4 4 8 (-3072 -2688 576 ) (-3072 -2496 576 ) (-2816 -2496 576 ) (-2816 -2688 576 ) 
4 4 6 (-3072 -2496 576 ) (-3072 -2048 576 ) (-2784 -2048 576 ) (-2784 -2496 576 ) 
4 5 17 (-2048 -2400 320 ) (-2048 -2496 320 ) (-2464 -2496 320 ) (-2464 -2400 320 ) 
4 5 9 (-2464 -2496 320 ) (-2048 -2496 320 ) (-2048 -2496 544 ) (-2464 -2496 544 ) 
4 5 7 (-2048 -2496 544 ) (-2048 -2496 576 ) (-2432 -2496 576 ) (-2432 -2496 544 ) 
4 6 26 (-3072 -2048 544 ) (-3072 -2048 320 ) (-3072 -2496 320 ) (-3072 -2496 544 ) 
4 6 24 (-3072 -2048 576 ) (-3072 -2048 544 ) (-3072 -2496 544 ) (-3072 -2496 576 ) 
4 6 18 (-3072 -2496 320 ) (-3072 -2048 320 ) (-2784 -2048 320 ) (-2784 -2496 320 ) 
4 6 10 (-3072 -2496 320 ) (-2784 -2496 320 ) (-2784 -2496 544 ) (-3072 -2496 544 ) 
4 6 8 (-2816 -2496 576 ) (-3072 -2496 576 ) (-3072 -2496 544 ) (-2816 -2496 544 ) 
4 7 15 (-2048 -2688 544 ) (-2048 -2688 576 ) (-2432 -2688 576 ) (-2432 -2688 544 ) 
4 7 13 (-2048 -2688 544 ) (-2432 -2688 544 ) (-2432 -2656 544 ) (-2048 -2656 544 ) 
4 7 11 (-2432 -2656 544 ) (-2432 -2528 544 ) (-2048 -2528 544 ) (-2048 -2656 544 ) 
4 7 9 (-2432 -2528 544 ) (-2432 -2496 544 ) (-2048 -2496 544 ) (-2048 -2528 544 ) 
4 8 24 (-3072 -2688 544 ) (-3072 -2688 576 ) (-3072 -2496 576 ) (-3072 -2496 544 ) 
4 8 16 (-2816 -2688 576 ) (-3072 -2688 576 ) (-3072 -2688 544 ) (-2816 -2688 544 ) 
4 8 14 (-2816 -2688 544 ) (-3072 -2688 544 ) (-3072 -2656 544 ) (-2816 -2656 544 ) 
4 8 12 (-3072 -2656 544 ) (-3072 -2528 544 ) (-2816 -2528 544 ) (-2816 -2656 544 ) 
4 8 10 (-3072 -2528 544 ) (-3072 -2496 544 ) (-2816 -2496 544 ) (-2816 -2528 544 ) 
4 9 17 (-2464 -2496 320 ) (-2048 -2496 320 ) (-2048 -2528 320 ) (-2464 -2528 320 ) 
4 9 11 (-2464 -2528 320 ) (-2048 -2528 320 ) (-2048 -2528 544 ) (-2464 -2528 544 ) 
4 10 26 (-3072 -2496 320 ) (-3072 -2528 320 ) (-3072 -2528 544 ) (-3072 -2496 544 ) 
4 10 18 (-3072 -2528 320 ) (-3072 -2496 320 ) (-2784 -2496 320 ) (-2784 -2528 320 ) 
4 10 12 (-3072 -2528 320 ) (-2784 -2528 320 ) (-2784 -2528 544 ) (-3072 -2528 544 ) 
4 11 20 (-2496 -2528 320 ) (-2048 -2528 320 ) (-2048 -2656 320 ) (-2496 -2656 320 ) 
4 11 13 (-2464 -2656 320 ) (-2048 -2656 320 ) (-2048 -2656 544 ) (-2464 -2656 544 ) 
4 11 12 (-2496 -2528 544 ) (-2496 -2528 320 ) (-2752 -2656 320 ) (-2752 -2656 544 ) 
4 12 26 (-3072 -2528 320 ) (-3072 -2656 320 ) (-3072 -2656 544 ) (-3072 -2528 544 ) 
4 12 19 (-3072 -2656 320 ) (-3072 -2528 320 ) (-2752 -2528 320 ) (-2752 -2656 320 ) 
4 12 14 (-3072 -2656 320 ) (-2784 -2656 320 ) (-2784 -2656 544 ) (-3072 -2656 544 ) 
4 13 21 (-2464 -2656 320 ) (-2048 -2656 320 ) (-2048 -2688 320 ) (-2464 -2688 320 ) 
4 13 15 (-2464 -2688 320 ) (-2048 -2688 320 ) (-2048 -2688 544 ) (-2464 -2688 544 ) 
4 14 26 (-3072 -2656 320 ) (-3072 -2688 320 ) (-3072 -2688 544 ) (-3072 -2656 544 ) 
4 14 22 (-3072 -2688 320 ) (-3072 -2656 320 ) (-2784 -2656 320 ) (-2784 -2688 320 ) 
4 14 16 (-3072 -2688 320 ) (-2784 -2688 320 ) (-2784 -2688 544 ) (-3072 -2688 544 ) 
4 15 35 (-2048 -3072 320 ) (-2048 -3072 576 ) (-2464 -3072 576 ) (-2464 -3072 320 ) 
4 15 21 (-2048 -3072 320 ) (-2464 -3072 320 ) (-2464 -2688 320 ) (-2048 -2688 320 ) 
4 16 26 (-3072 -2688 320 ) (-3072 -2848 320 ) (-3072 -2848 544 ) (-3072 -2688 544 ) 
4 16 24 (-3072 -2848 544 ) (-3072 -2848 576 ) (-3072 -2688 576 ) (-3072 -2688 544 ) 
4 16 22 (-3072 -2848 320 ) (-3072 -2688 320 ) (-2784 -2688 320 ) (-2784 -2848 320 ) 
4 17 20 (-2464 -2528 288 ) (-2048 -2528 288 ) (-2048 -2528 320 ) (-2464 -2528 320 ) 
4 18 30 (-3072 -2048 320 ) (-3072 -2048 288 ) (-3072 -2528 288 ) (-3072 -2528 320 ) 
4 18 19 (-3072 -2528 288 ) (-2784 -2528 288 ) (-2784 -2528 320 ) (-3072 -2528 320 ) 
4 19 30 (-3072 -2528 288 ) (-3072 -2656 288 ) (-3072 -2656 320 ) (-3072 -2528 320 ) 
4 19 22 (-3072 -2656 288 ) (-2784 -2656 288 ) (-2784 -2656 320 ) (-3072 -2656 320 ) 
4 20 21 (-2464 -2656 288 ) (-2048 -2656 288 ) (-2048 -2656 320 ) (-2464 -2656 320 ) 
4 21 47 (-2048 -3072 288 ) (-2048 -3072 320 ) (-2464 -3072 320 ) (-2464 -3072 288 ) 
4 22 30 (-3072 -2656 288 ) (-3072 -2848 288 ) (-3072 -2848 320 ) (-3072 -2656 320 ) 
4 23 67 (-4096 -2848 1632 ) (-4096 -2048 1632 ) (-4096 -2048 576 ) (-4096 -2848 576 ) 
4 23 29 (-4096 -2848 576 ) (-4096 -2048 576 ) (-3520 -2048 576 ) (-3520 -2848 576 ) 
4 23 25 (-3520 -2048 576 ) (-3328 -2048 576 ) (-3328 -2816 576 ) (-3520 -2816 576 ) 
4 23 24 (-3328 -2048 576 ) (-3072 -2048 576 ) (-3072 -2848 576 ) (-3328 -2848 576 ) 
4 24 26 (-3328 -2848 544 ) (-3328 -2048 544 ) (-3072 -2048 544 ) (-3072 -2848 544 ) 
4 24 25 (-3328 -2048 544 ) (-3328 -2816 544 ) (-3328 -2816 576 ) (-3328 -2048 576 ) 
4 25 29 (-3520 -2816 576 ) (-3520 -2048 576 ) (-3520 -2048 544 ) (-3520 -2816 544 ) 
4 25 26 (-3520 -2816 544 ) (-3520 -2048 544 ) (-3328 -2048 544 ) (-3328 -2816 544 ) 
4 26 30 (-3520 -2048 320 ) (-3072 -2048 320 ) (-3072 -2848 320 ) (-3520 -2848 320 ) 
4 26 29 (-3520 -2048 320 ) (-3520 -2848 320 ) (-3520 -2848 544 ) (-3520 -2048 544 ) 
4 26 27 (-3360 -2848 544 ) (-3488 -2848 544 ) (-3488 -2848 320 ) (-3360 -2848 320 ) 
4 27 56 (-3360 -3072 544 ) (-3411.199951 -3072 544 ) (-3411.199951 -3072 320 ) (-3360 -3072 320 ) 
4 27 31 (-3488 -2880 320 ) (-3488 -2848 320 ) (-3360 -2848 320 ) (-3360 -2880 320 ) 
4 27 28 (-3488 -2880 544 ) (-3488 -2880 320 ) (-3411.199951 -3072 320 ) (-3411.199951 -3072 544 ) 
4 28 57 (-3411.199951 -3072 544 ) (-3488 -3072 544 ) (-3488 -3072 320 ) (-3411.199951 -3072 320 ) 
4 29 78 (-4096 -2848 576 ) (-4096 -2688 576 ) (-4096 -2688 320 ) (-4096 -2848 320 ) 
4 29 76 (-4096 -2656 320 ) (-4096 -2688 320 ) (-4096 -2688 544 ) (-4096 -2656 544 ) 
4 29 74 (-4096 -2528 320 ) (-4096 -2656 320 ) (-4096 -2656 544 ) (-4096 -2528 544 ) 
4 29 72 (-4096 -2496 544 ) (-4096 -2496 320 ) (-4096 -2528 320 ) (-4096 -2528 544 ) 
4 29 69 (-4096 -2496 576 ) (-4096 -2048 576 ) (-4096 -2048 320 ) (-4096 -2496 320 ) 
4 29 30 (-4096 -2848 320 ) (-4096 -2048 320 ) (-3520 -2048 320 ) (-3520 -2848 320 ) 
4 30 84 (-4096 -2848 320 ) (-4096 -2656 320 ) (-4096 -2656 288 ) (-4096 -2848 288 ) 
4 30 83 (-4096 -2656 320 ) (-4096 -2528 320 ) (-4096 -2528 288 ) (-4096 -2656 288 ) 
4 30 80 (-4096 -2528 320 ) (-4096 -2048 320 ) (-4096 -2048 288 ) (-4096 -2528 288 ) 
4 30 31 (-3488 -2848 288 ) (-3360 -2848 288 ) (-3360 -2848 320 ) (-3488 -2848 320 ) 
4 32 51 (-2048 -3552 288 ) (-2048 -3744 288 ) (-2048 -3744 320 ) (-2048 -3552 320 ) 
4 32 50 (-2048 -3424 288 ) (-2048 -3552 288 ) (-2048 -3552 320 ) (-2048 -3424 320 ) 
4 32 47 (-2048 -3072 320 ) (-2048 -3072 288 ) (-2048 -3424 288 ) (-2048 -3424 320 ) 
4 32 45 (-2048 -3584 320 ) (-2048 -3744 320 ) (-2048 -3744 576 ) (-2048 -3584 576 ) 
4 32 43 (-2048 -3552 320 ) (-2048 -3584 320 ) (-2048 -3584 544 ) (-2048 -3552 544 ) 
4 32 41 (-2048 -3424 320 ) (-2048 -3552 320 ) (-2048 -3552 544 ) (-2048 -3424 544 ) 
4 32 39 (-2048 -3392 320 ) (-2048 -3424 320 ) (-2048 -3424 544 ) (-2048 -3392 544 ) 
4 32 37 (-2048 -3584 544 ) (-2048 -3584 576 ) (-2048 -3392 576 ) (-2048 -3392 544 ) 
4 32 35 (-2048 -3072 576 ) (-2048 -3072 320 ) (-2048 -3392 320 ) (-2048 -3392 576 ) 
4 32 33 (-2048 -3072 1632 ) (-2048 -3072 576 ) (-2048 -3744 576 ) (-2048 -3744 1632 ) 
4 33 45 (-2048 -3584 576 ) (-2048 -3744 576 ) (-2464 -3744 576 ) (-2464 -3584 576 ) 
4 33 37 (-2048 -3392 576 ) (-2048 -3584 576 ) (-2432 -3584 576 ) (-2432 -3392 576 ) 
4 33 35 (-2464 -3072 576 ) (-2048 -3072 576 ) (-2048 -3392 576 ) (-2464 -3392 576 ) 
4 34 62 (-2784 -4096 1632 ) (-3072 -4096 1632 ) (-3072 -4096 576 ) (-2784 -4096 576 ) 
4 34 53 (-3072 -3232 576 ) (-3072 -4096 576 ) (-3072 -4096 1632 ) (-3072 -3232 1632 ) 
4 34 46 (-3072 -4096 576 ) (-3072 -3584 576 ) (-2784 -3584 576 ) (-2784 -4096 576 ) 
4 34 38 (-3072 -3584 576 ) (-3072 -3392 576 ) (-2816 -3392 576 ) (-2816 -3584 576 ) 
4 34 36 (-3072 -3392 576 ) (-3072 -3232 576 ) (-2784 -3232 576 ) (-2784 -3392 576 ) 
4 35 47 (-2464 -3072 320 ) (-2048 -3072 320 ) (-2048 -3392 320 ) (-2464 -3392 320 ) 
4 35 39 (-2464 -3392 320 ) (-2048 -3392 320 ) (-2048 -3392 544 ) (-2464 -3392 544 ) 
4 35 37 (-2048 -3392 544 ) (-2048 -3392 576 ) (-2432 -3392 576 ) (-2432 -3392 544 ) 
4 36 58 (-3072 -3232 320 ) (-3072 -3392 320 ) (-3072 -3392 544 ) (-3072 -3232 544 ) 
4 36 54 (-3072 -3392 544 ) (-3072 -3392 576 ) (-3072 -3232 576 ) (-3072 -3232 544 ) 
4 36 48 (-3072 -3392 320 ) (-3072 -3232 320 ) (-2784 -3232 320 ) (-2784 -3392 320 ) 
4 36 40 (-3072 -3392 320 ) (-2784 -3392 320 ) (-2784 -3392 544 ) (-3072 -3392 544 ) 
4 36 38 (-2816 -3392 576 ) (-3072 -3392 576 ) (-3072 -3392 544 ) (-2816 -3392 544 ) 
4 37 45 (-2048 -3584 544 ) (-2048 -3584 576 ) (-2432 -3584 576 ) (-2432 -3584 544 ) 
4 37 43 (-2048 -3584 544 ) (-2432 -3584 544 ) (-2432 -3552 544 ) (-2048 -3552 544 ) 
4 37 41 (-2432 -3552 544 ) (-2432 -3424 544 ) (-2048 -3424 544 ) (-2048 -3552 544 ) 
4 37 39 (-2432 -3424 544 ) (-2432 -3392 544 ) (-2048 -3392 544 ) (-2048 -3424 544 ) 
4 38 54 (-3072 -3584 544 ) (-3072 -3584 576 ) (-3072 -3392 576 ) (-3072 -3392 544 ) 
4 38 46 (-2816 -3584 576 ) (-3072 -3584 576 ) (-3072 -3584 544 ) (-2816 -3584 544 ) 
4 38 44 (-2816 -3584 544 ) (-3072 -3584 544 ) (-3072 -3552 544 ) (-2816 -3552 544 ) 
4 38 42 (-3072 -3552 544 ) (-3072 -3424 544 ) (-2816 -3424 544 ) (-2816 -3552 544 ) 
4 38 40 (-3072 -3424 544 ) (-3072 -3392 544 ) (-2816 -3392 544 ) (-2816 -3424 544 ) 
4 39 47 (-2464 -3392 320 ) (-2048 -3392 320 ) (-2048 -3424 320 ) (-2464 -3424 320 ) 
4 39 41 (-2464 -3424 320 ) (-2048 -3424 320 ) (-2048 -3424 544 ) (-2464 -3424 544 ) 
4 40 58 (-3072 -3392 320 ) (-3072 -3424 320 ) (-3072 -3424 544 ) (-3072 -3392 544 ) 
4 40 48 (-3072 -3424 320 ) (-3072 -3392 320 ) (-2784 -3392 320 ) (-2784 -3424 320 ) 
4 40 42 (-3072 -3424 320 ) (-2784 -3424 320 ) (-2784 -3424 544 ) (-3072 -3424 544 ) 
4 41 50 (-2496 -3424 320 ) (-2048 -3424 320 ) (-2048 -3552 320 ) (-2496 -3552 320 ) 
4 41 43 (-2464 -3552 320 ) (-2048 -3552 320 ) (-2048 -3552 544 ) (-2464 -3552 544 ) 
4 41 42 (-2496 -3424 544 ) (-2496 -3424 320 ) (-2752 -3552 320 ) (-2752 -3552 544 ) 
4 42 58 (-3072 -3424 320 ) (-3072 -3552 320 ) (-3072 -3552 544 ) (-3072 -3424 544 ) 
4 42 49 (-3072 -3552 320 ) (-3072 -3424 320 ) (-2752 -3424 320 ) (-2752 -3552 320 ) 
4 42 44 (-3072 -3552 320 ) (-2784 -3552 320 ) (-2784 -3552 544 ) (-3072 -3552 544 ) 
4 43 51 (-2464 -3552 320 ) (-2048 -3552 320 ) (-2048 -3584 320 ) (-2464 -3584 320 ) 
4 43 45 (-2464 -3584 320 ) (-2048 -3584 320 ) (-2048 -3584 544 ) (-2464 -3584 544 ) 
4 44 58 (-3072 -3552 320 ) (-3072 -3584 320 ) (-3072 -3584 544 ) (-3072 -3552 544 ) 
4 44 52 (-3072 -3584 320 ) (-3072 -3552 320 ) (-2784 -3552 320 ) (-2784 -3584 320 ) 
4 44 46 (-3072 -3584 320 ) (-2784 -3584 320 ) (-2784 -3584 544 ) (-3072 -3584 544 ) 
4 45 51 (-2464 -3744 320 ) (-2464 -3584 320 ) (-2048 -3584 320 ) (-2048 -3744 320 ) 
4 46 62 (-2784 -4096 576 ) (-3072 -4096 576 ) (-3072 -4096 320 ) (-2784 -4096 320 ) 
4 46 58 (-3072 -3584 320 ) (-3072 -4096 320 ) (-3072 -4096 544 ) (-3072 -3584 544 ) 
4 46 54 (-3072 -4096 544 ) (-3072 -4096 576 ) (-3072 -3584 576 ) (-3072 -3584 544 ) 
4 46 52 (-2784 -4096 320 ) (-3072 -4096 320 ) (-3072 -3584 320 ) (-2784 -3584 320 ) 
4 47 50 (-2464 -3424 288 ) (-2048 -3424 288 ) (-2048 -3424 320 ) (-2464 -3424 320 ) 
4 48 61 (-3072 -3232 288 ) (-3072 -3424 288 ) (-3072 -3424 320 ) (-3072 -3232 320 ) 
4 48 49 (-3072 -3424 288 ) (-2784 -3424 288 ) (-2784 -3424 320 ) (-3072 -3424 320 ) 
4 49 61 (-3072 -3424 288 ) (-3072 -3552 288 ) (-3072 -3552 320 ) (-3072 -3424 320 ) 
4 49 52 (-3072 -3552 288 ) (-2784 -3552 288 ) (-2784 -3552 320 ) (-3072 -3552 320 ) 
4 50 51 (-2464 -3552 288 ) (-2048 -3552 288 ) (-2048 -3552 320 ) (-2464 -3552 320 ) 
4 52 62 (-2784 -4096 320 ) (-3072 -4096 320 ) (-3072 -4096 288 ) (-2784 -4096 288 ) 
4 52 61 (-3072 -3552 288 ) (-3072 -4096 288 ) (-3072 -4096 320 ) (-3072 -3552 320 ) 
4 53 109 (-4096 -4096 576 ) (-4096 -4096 1632 ) (-4096 -3232 1632 ) (-4096 -3232 576 ) 
4 53 63 (-3072 -4096 576 ) (-3072 -4096 1632 ) (-4096 -4096 1632 ) (-4096 -4096 576 ) 
4 53 59 (-3520 -4096 576 ) (-4096 -4096 576 ) (-4096 -3232 576 ) (-3520 -3232 576 ) 
4 53 55 (-3328 -4096 576 ) (-3520 -4096 576 ) (-3520 -3264 576 ) (-3328 -3264 576 ) 
4 53 54 (-3072 -4096 576 ) (-3328 -4096 576 ) (-3328 -3232 576 ) (-3072 -3232 576 ) 
4 54 63 (-3072 -4096 544 ) (-3072 -4096 576 ) (-3328 -4096 576 ) (-3328 -4096 544 ) 
4 54 58 (-3072 -4096 544 ) (-3328 -4096 544 ) (-3328 -3232 544 ) (-3072 -3232 544 ) 
4 54 55 (-3328 -3264 544 ) (-3328 -4096 544 ) (-3328 -4096 576 ) (-3328 -3264 576 ) 
4 55 63 (-3328 -4096 576 ) (-3520 -4096 576 ) (-3520 -4096 544 ) (-3328 -4096 544 ) 
4 55 59 (-3520 -4096 544 ) (-3520 -4096 576 ) (-3520 -3264 576 ) (-3520 -3264 544 ) 
4 55 58 (-3328 -4096 544 ) (-3520 -4096 544 ) (-3520 -3264 544 ) (-3328 -3264 544 ) 
4 56 57 (-3411.199951 -3072 320 ) (-3360 -3200 320 ) (-3360 -3200 544 ) (-3411.199951 -3072 544 ) 
4 57 60 (-3360 -3232 320 ) (-3488 -3232 320 ) (-3488 -3200 320 ) (-3360 -3200 320 ) 
4 57 58 (-3360 -3232 544 ) (-3488 -3232 544 ) (-3488 -3232 320 ) (-3360 -3232 320 ) 
4 58 63 (-3072 -4096 320 ) (-3072 -4096 544 ) (-3520 -4096 544 ) (-3520 -4096 320 ) 
4 58 61 (-3072 -3232 320 ) (-3072 -4096 320 ) (-3520 -4096 320 ) (-3520 -3232 320 ) 
4 58 59 (-3520 -3232 320 ) (-3520 -4096 320 ) (-3520 -4096 544 ) (-3520 -3232 544 ) 
4 59 120 (-4096 -4096 320 ) (-4096 -4096 576 ) (-4096 -3584 576 ) (-4096 -3584 320 ) 
4 59 118 (-4096 -3552 320 ) (-4096 -3584 320 ) (-4096 -3584 544 ) (-4096 -3552 544 ) 
4 59 116 (-4096 -3424 320 ) (-4096 -3552 320 ) (-4096 -3552 544 ) (-4096 -3424 544 ) 
4 59 114 (-4096 -3392 544 ) (-4096 -3392 320 ) (-4096 -3424 320 ) (-4096 -3424 544 ) 
4 59 111 (-4096 -3392 576 ) (-4096 -3232 576 ) (-4096 -3232 320 ) (-4096 -3392 320 ) 
4 59 63 (-3520 -4096 576 ) (-4096 -4096 576 ) (-4096 -4096 320 ) (-3520 -4096 320 ) 
4 59 61 (-3520 -4096 320 ) (-4096 -4096 320 ) (-4096 -3232 320 ) (-3520 -3232 320 ) 
4 60 61 (-3488 -3232 288 ) (-3360 -3232 288 ) (-3360 -3232 320 ) (-3488 -3232 320 ) 
4 61 126 (-4096 -4096 288 ) (-4096 -4096 320 ) (-4096 -3552 320 ) (-4096 -3552 288 ) 
4 61 125 (-4096 -3552 320 ) (-4096 -3424 320 ) (-4096 -3424 288 ) (-4096 -3552 288 ) 
4 61 122 (-4096 -3424 320 ) (-4096 -3232 320 ) (-4096 -3232 288 ) (-4096 -3424 288 ) 
4 61 63 (-3072 -4096 288 ) (-3072 -4096 320 ) (-4096 -4096 320 ) (-4096 -4096 288 ) 
4 62 63 (-3072 -4576 1632 ) (-3072 -4096 1632 ) (-3072 -4096 288 ) (-3072 -4576 288 ) 
4 63 141 (-4096 -4576 1632 ) (-4096 -4096 1632 ) (-4096 -4096 288 ) (-4096 -4576 288 ) 
4 64 80 (-4096 -2048 288 ) (-4096 -2048 320 ) (-4128 -2048 320 ) (-4128 -2048 288 ) 
4 64 69 (-4096 -2048 320 ) (-4096 -2048 576 ) (-4128 -2048 576 ) (-4128 -2048 320 ) 
4 64 67 (-4096 -2048 576 ) (-4096 -2048 1632 ) (-4128 -2048 1632 ) (-4128 -2048 576 ) 
4 65 81 (-5120 -2048 320 ) (-5120 -2048 288 ) (-4576 -2048 288 ) (-4576 -2048 320 ) 
4 65 70 (-5120 -2048 576 ) (-5120 -2048 320 ) (-4576 -2048 320 ) (-4576 -2048 576 ) 
4 65 68 (-4576 -2048 1632 ) (-5120 -2048 1632 ) (-5120 -2048 576 ) (-4576 -2048 576 ) 
4 65 66 (-5120 -1504 288 ) (-5120 -2048 288 ) (-5120 -2048 1632 ) (-5120 -1504 1632 ) 
4 66 96 (-5120 -2048 288 ) (-5120 -2048 320 ) (-5920 -2048 320 ) (-5920 -2048 288 ) 
4 66 91 (-5120 -2048 320 ) (-5120 -2048 544 ) (-5920 -2048 544 ) (-5920 -2048 320 ) 
4 66 87 (-5120 -2048 544 ) (-5120 -2048 576 ) (-5920 -2048 576 ) (-5920 -2048 544 ) 
4 66 86 (-5120 -2048 576 ) (-5120 -2048 1632 ) (-5920 -2048 1632 ) (-5920 -2048 576 ) 
4 67 78 (-4128 -2848 576 ) (-4128 -2688 576 ) (-4096 -2688 576 ) (-4096 -2848 576 ) 
4 67 69 (-4128 -2496 576 ) (-4128 -2048 576 ) (-4096 -2048 576 ) (-4096 -2496 576 ) 
4 68 86 (-5120 -2048 1632 ) (-5120 -2048 576 ) (-5120 -2848 576 ) (-5120 -2848 1632 ) 
4 68 79 (-5120 -2848 576 ) (-5120 -2688 576 ) (-4576 -2688 576 ) (-4576 -2848 576 ) 
4 68 71 (-5120 -2688 576 ) (-5120 -2496 576 ) (-4608 -2496 576 ) (-4608 -2688 576 ) 
4 68 70 (-5120 -2496 576 ) (-5120 -2048 576 ) (-4576 -2048 576 ) (-4576 -2496 576 ) 
4 69 80 (-4128 -2048 320 ) (-4096 -2048 320 ) (-4096 -2496 320 ) (-4128 -2496 320 ) 
4 69 72 (-4128 -2496 320 ) (-4096 -2496 320 ) (-4096 -2496 544 ) (-4128 -2496 544 ) 
4 70 91 (-5120 -2048 544 ) (-5120 -2048 320 ) (-5120 -2496 320 ) (-5120 -2496 544 ) 
4 70 87 (-5120 -2048 576 ) (-5120 -2048 544 ) (-5120 -2496 544 ) (-5120 -2496 576 ) 
4 70 81 (-5120 -2048 320 ) (-4576 -2048 320 ) (-4576 -2496 320 ) (-5120 -2496 320 ) 
4 70 73 (-5120 -2496 320 ) (-4576 -2496 320 ) (-4576 -2496 544 ) (-5120 -2496 544 ) 
4 70 71 (-4608 -2496 576 ) (-5120 -2496 576 ) (-5120 -2496 544 ) (-4608 -2496 544 ) 
4 71 88 (-5120 -2688 544 ) (-5120 -2688 576 ) (-5120 -2560 576 ) (-5120 -2560 544 ) 
4 71 87 (-5120 -2560 576 ) (-5120 -2496 576 ) (-5120 -2496 544 ) (-5120 -2560 544 ) 
4 71 79 (-4608 -2688 576 ) (-5120 -2688 576 ) (-5120 -2688 544 ) (-4608 -2688 544 ) 
4 71 77 (-4608 -2688 544 ) (-5120 -2688 544 ) (-5120 -2656 544 ) (-4608 -2656 544 ) 
4 71 75 (-5120 -2656 544 ) (-5120 -2528 544 ) (-4608 -2528 544 ) (-4608 -2656 544 ) 
4 71 73 (-5120 -2528 544 ) (-5120 -2496 544 ) (-4608 -2496 544 ) (-4608 -2528 544 ) 
4 72 80 (-4096 -2496 320 ) (-4096 -2528 320 ) (-4128 -2528 320 ) (-4128 -2496 320 ) 
4 72 74 (-4128 -2528 320 ) (-4096 -2528 320 ) (-4096 -2528 544 ) (-4128 -2528 544 ) 
4 73 91 (-5120 -2496 320 ) (-5120 -2528 320 ) (-5120 -2528 544 ) (-5120 -2496 544 ) 
4 73 81 (-4576 -2528 320 ) (-5120 -2528 320 ) (-5120 -2496 320 ) (-4576 -2496 320 ) 
4 73 75 (-5120 -2528 320 ) (-4576 -2528 320 ) (-4576 -2528 544 ) (-5120 -2528 544 ) 
4 74 83 (-4096 -2528 320 ) (-4096 -2656 320 ) (-4160 -2656 320 ) (-4160 -2528 320 ) 
4 74 76 (-4128 -2656 320 ) (-4096 -2656 320 ) (-4096 -2656 544 ) (-4128 -2656 544 ) 
4 74 75 (-4192.001953 -2528 544 ) (-4192.001953 -2528 320 ) (-4512.001953 -2656 320 ) (-4512.001953 -2656 544 ) 
4 75 91 (-5120 -2528 320 ) (-5120 -2656 320 ) (-5120 -2656 544 ) (-5120 -2528 544 ) 
4 75 82 (-4544 -2656 320 ) (-5120 -2656 320 ) (-5120 -2528 320 ) (-4544 -2528 320 ) 
4 75 77 (-5120 -2656 320 ) (-4576 -2656 320 ) (-4576 -2656 544 ) (-5120 -2656 544 ) 
4 76 84 (-4096 -2656 320 ) (-4096 -2688 320 ) (-4128 -2688 320 ) (-4128 -2656 320 ) 
4 76 78 (-4128 -2688 320 ) (-4096 -2688 320 ) (-4096 -2688 544 ) (-4128 -2688 544 ) 
4 77 91 (-5120 -2656 320 ) (-5120 -2688 320 ) (-5120 -2688 544 ) (-5120 -2656 544 ) 
4 77 85 (-4576 -2688 320 ) (-5120 -2688 320 ) (-5120 -2656 320 ) (-4576 -2656 320 ) 
4 77 79 (-5120 -2688 320 ) (-4576 -2688 320 ) (-4576 -2688 544 ) (-5120 -2688 544 ) 
4 78 84 (-4096 -2688 320 ) (-4096 -2848 320 ) (-4128 -2848 320 ) (-4128 -2688 320 ) 
4 79 91 (-5120 -2688 320 ) (-5120 -2848 320 ) (-5120 -2848 544 ) (-5120 -2688 544 ) 
4 79 89 (-5120 -2816 576 ) (-5120 -2752 576 ) (-5120 -2752 544 ) (-5120 -2816 544 ) 
4 79 88 (-5120 -2752 576 ) (-5120 -2688 576 ) (-5120 -2688 544 ) (-5120 -2752 544 ) 
4 79 85 (-5120 -2848 320 ) (-5120 -2688 320 ) (-4576 -2688 320 ) (-4576 -2848 320 ) 
4 80 83 (-4128 -2528 288 ) (-4096 -2528 288 ) (-4096 -2528 320 ) (-4128 -2528 320 ) 
4 81 96 (-5120 -2048 320 ) (-5120 -2048 288 ) (-5120 -2528 288 ) (-5120 -2528 320 ) 
4 81 82 (-5120 -2528 288 ) (-4576 -2528 288 ) (-4576 -2528 320 ) (-5120 -2528 320 ) 
4 82 96 (-5120 -2528 288 ) (-5120 -2656 288 ) (-5120 -2656 320 ) (-5120 -2528 320 ) 
4 82 85 (-5120 -2656 288 ) (-4576 -2656 288 ) (-4576 -2656 320 ) (-5120 -2656 320 ) 
4 83 84 (-4128 -2656 288 ) (-4096 -2656 288 ) (-4096 -2656 320 ) (-4128 -2656 320 ) 
4 85 96 (-5120 -2656 288 ) (-5120 -2848 288 ) (-5120 -2848 320 ) (-5120 -2656 320 ) 
4 86 90 (-5920 -2848 576 ) (-5920 -2752 576 ) (-5312 -2752 576 ) (-5312 -2848 576 ) 
4 86 89 (-5312 -2752 576 ) (-5120 -2752 576 ) (-5120 -2816 576 ) (-5312 -2816 576 ) 
4 86 88 (-5888 -2560 576 ) (-5120 -2560 576 ) (-5120 -2752 576 ) (-5888 -2752 576 ) 
4 86 87 (-5920 -2560 576 ) (-5920 -2048 576 ) (-5120 -2048 576 ) (-5120 -2560 576 ) 
4 87 91 (-5920 -2048 544 ) (-5120 -2048 544 ) (-5120 -2560 544 ) (-5920 -2560 544 ) 
4 87 88 (-5888 -2560 544 ) (-5120 -2560 544 ) (-5120 -2560 576 ) (-5888 -2560 576 ) 
4 88 91 (-5888 -2560 544 ) (-5120 -2560 544 ) (-5120 -2752 544 ) (-5888 -2752 544 ) 
4 88 90 (-5888 -2752 544 ) (-5312 -2752 544 ) (-5312 -2752 576 ) (-5888 -2752 576 ) 
4 88 89 (-5312 -2752 544 ) (-5120 -2752 544 ) (-5120 -2752 576 ) (-5312 -2752 576 ) 
4 89 91 (-5312 -2752 544 ) (-5120 -2752 544 ) (-5120 -2816 544 ) (-5312 -2816 544 ) 
4 89 90 (-5312 -2752 576 ) (-5312 -2752 544 ) (-5312 -2816 544 ) (-5312 -2816 576 ) 
4 90 91 (-5920 -2752 544 ) (-5312 -2752 544 ) (-5312 -2848 544 ) (-5920 -2848 544 ) 
4 91 96 (-5920 -2048 320 ) (-5120 -2048 320 ) (-5120 -2848 320 ) (-5920 -2848 320 ) 
4 91 94 (-5920 -2592 320 ) (-5920 -2720 320 ) (-5920 -2720 544 ) (-5920 -2592 544 ) 
4 91 92 (-5280 -2848 320 ) (-5152 -2848 320 ) (-5152 -2848 544 ) (-5280 -2848 544 ) 
4 92 133 (-5152 -3072 544 ) (-5203.200195 -3072 544 ) (-5203.200195 -3072 320 ) (-5152 -3072 320 ) 
4 92 97 (-5280 -2880 320 ) (-5280 -2848 320 ) (-5152 -2848 320 ) (-5152 -2880 320 ) 
4 92 93 (-5280 -2880 544 ) (-5280 -2880 320 ) (-5203.200195 -3072 320 ) (-5203.200195 -3072 544 ) 
4 93 134 (-5203.200195 -3072 544 ) (-5280 -3072 544 ) (-5280 -3072 320 ) (-5203.200195 -3072 320 ) 
4 94 103 (-6144 -2720 544 ) (-6144 -2668.800049 544 ) (-6144 -2668.800049 320 ) (-6144 -2720 320 ) 
4 94 98 (-5952 -2592 320 ) (-5920 -2592 320 ) (-5920 -2720 320 ) (-5952 -2720 320 ) 
4 94 95 (-5952 -2592 544 ) (-5952 -2592 320 ) (-6144 -2668.799561 320 ) (-6144 -2668.799561 544 ) 
4 95 104 (-6144 -2668.800049 544 ) (-6144 -2592 544 ) (-6144 -2592 320 ) (-6144 -2668.800049 320 ) 
4 96 98 (-5920 -2592 288 ) (-5920 -2720 288 ) (-5920 -2720 320 ) (-5920 -2592 320 ) 
4 96 97 (-5280 -2848 288 ) (-5152 -2848 288 ) (-5152 -2848 320 ) (-5280 -2848 320 ) 
4 99 144 (-6304 -3072 1632 ) (-7168 -3072 1632 ) (-7168 -3072 576 ) (-6304 -3072 576 ) 
4 99 108 (-7168 -3072 576 ) (-7168 -3072 1632 ) (-7168 -2464 1632 ) (-7168 -2464 576 ) 
4 99 102 (-6304 -2752 576 ) (-6304 -3072 576 ) (-7168 -3072 576 ) (-7168 -2752 576 ) 
4 99 101 (-6336 -2752 576 ) (-7168 -2752 576 ) (-7168 -2560 576 ) (-6336 -2560 576 ) 
4 99 100 (-6304 -2464 576 ) (-6304 -2560 576 ) (-7168 -2560 576 ) (-7168 -2464 576 ) 
4 100 108 (-7168 -2560 576 ) (-7168 -2464 576 ) (-7168 -2464 320 ) (-7168 -2560 320 ) 
4 100 107 (-7168 -2560 320 ) (-7168 -2464 320 ) (-6304 -2464 320 ) (-6304 -2560 320 ) 
4 100 105 (-7168 -2560 320 ) (-6304 -2560 320 ) (-6304 -2560 544 ) (-7168 -2560 544 ) 
4 100 101 (-6336 -2560 576 ) (-7168 -2560 576 ) (-7168 -2560 544 ) (-6336 -2560 544 ) 
4 101 108 (-7168 -2752 576 ) (-7168 -2560 576 ) (-7168 -2560 544 ) (-7168 -2752 544 ) 
4 101 105 (-7168 -2560 544 ) (-6336 -2560 544 ) (-6336 -2752 544 ) (-7168 -2752 544 ) 
4 101 102 (-7168 -2752 544 ) (-6336 -2752 544 ) (-6336 -2752 576 ) (-7168 -2752 576 ) 
4 102 145 (-6304 -3072 576 ) (-7168 -3072 576 ) (-7168 -3072 544 ) (-6304 -3072 544 ) 
4 102 108 (-7168 -3072 544 ) (-7168 -3072 576 ) (-7168 -2752 576 ) (-7168 -2752 544 ) 
4 102 105 (-6304 -3072 544 ) (-7168 -3072 544 ) (-7168 -2752 544 ) (-6304 -2752 544 ) 
4 103 104 (-6144 -2668.799561 320 ) (-6272 -2720 320 ) (-6272 -2720 544 ) (-6144 -2668.799561 544 ) 
4 104 106 (-6304 -2720 320 ) (-6304 -2592 320 ) (-6272 -2592 320 ) (-6272 -2720 320 ) 
4 104 105 (-6304 -2720 544 ) (-6304 -2592 544 ) (-6304 -2592 320 ) (-6304 -2720 320 ) 
4 105 149 (-6304 -3072 544 ) (-7168 -3072 544 ) (-7168 -3072 320 ) (-6304 -3072 320 ) 
4 105 108 (-7168 -3072 320 ) (-7168 -3072 544 ) (-7168 -2560 544 ) (-7168 -2560 320 ) 
4 105 107 (-6304 -3072 320 ) (-7168 -3072 320 ) (-7168 -2560 320 ) (-6304 -2560 320 ) 
4 106 107 (-6304 -2592 288 ) (-6304 -2720 288 ) (-6304 -2720 320 ) (-6304 -2592 320 ) 
4 107 152 (-6304 -3072 320 ) (-7168 -3072 320 ) (-7168 -3072 288 ) (-6304 -3072 288 ) 
4 107 108 (-7168 -3072 288 ) (-7168 -3072 320 ) (-7168 -2464 320 ) (-7168 -2464 288 ) 
4 108 153 (-7168 -3072 288 ) (-7168 -3072 1632 ) (-7648 -3072 1632 ) (-7648 -3072 288 ) 
4 109 141 (-4096 -4096 576 ) (-4096 -4096 1632 ) (-4128 -4096 1632 ) (-4128 -4096 576 ) 
4 109 120 (-4096 -3584 576 ) (-4096 -4096 576 ) (-4128 -4096 576 ) (-4128 -3584 576 ) 
4 109 111 (-4096 -3232 576 ) (-4096 -3392 576 ) (-4128 -3392 576 ) (-4128 -3232 576 ) 
4 110 142 (-4576 -4096 1632 ) (-5120 -4096 1632 ) (-5120 -4096 576 ) (-4576 -4096 576 ) 
4 110 128 (-5120 -3232 576 ) (-5120 -4096 576 ) (-5120 -4096 1632 ) (-5120 -3232 1632 ) 
4 110 121 (-5120 -4096 576 ) (-5120 -3584 576 ) (-4576 -3584 576 ) (-4576 -4096 576 ) 
4 110 113 (-5120 -3584 576 ) (-5120 -3392 576 ) (-4608 -3392 576 ) (-4608 -3584 576 ) 
4 110 112 (-5120 -3392 576 ) (-5120 -3232 576 ) (-4576 -3232 576 ) (-4576 -3392 576 ) 
4 111 122 (-4096 -3232 320 ) (-4096 -3392 320 ) (-4128 -3392 320 ) (-4128 -3232 320 ) 
4 111 114 (-4128 -3392 320 ) (-4096 -3392 320 ) (-4096 -3392 544 ) (-4128 -3392 544 ) 
4 112 135 (-5120 -3232 320 ) (-5120 -3392 320 ) (-5120 -3392 544 ) (-5120 -3232 544 ) 
4 112 129 (-5120 -3392 544 ) (-5120 -3392 576 ) (-5120 -3264 576 ) (-5120 -3264 544 ) 
4 112 123 (-5120 -3392 320 ) (-5120 -3232 320 ) (-4576 -3232 320 ) (-4576 -3392 320 ) 
4 112 115 (-5120 -3392 320 ) (-4576 -3392 320 ) (-4576 -3392 544 ) (-5120 -3392 544 ) 
4 112 113 (-4608 -3392 576 ) (-5120 -3392 576 ) (-5120 -3392 544 ) (-4608 -3392 544 ) 
4 113 131 (-5120 -3584 544 ) (-5120 -3584 576 ) (-5120 -3392 576 ) (-5120 -3392 544 ) 
4 113 121 (-4608 -3584 576 ) (-5120 -3584 576 ) (-5120 -3584 544 ) (-4608 -3584 544 ) 
4 113 119 (-4608 -3584 544 ) (-5120 -3584 544 ) (-5120 -3552 544 ) (-4608 -3552 544 ) 
4 113 117 (-5120 -3552 544 ) (-5120 -3424 544 ) (-4608 -3424 544 ) (-4608 -3552 544 ) 
4 113 115 (-5120 -3424 544 ) (-5120 -3392 544 ) (-4608 -3392 544 ) (-4608 -3424 544 ) 
4 114 122 (-4128 -3392 320 ) (-4096 -3392 320 ) (-4096 -3424 320 ) (-4128 -3424 320 ) 
4 114 116 (-4128 -3424 320 ) (-4096 -3424 320 ) (-4096 -3424 544 ) (-4128 -3424 544 ) 
4 115 135 (-5120 -3392 320 ) (-5120 -3424 320 ) (-5120 -3424 544 ) (-5120 -3392 544 ) 
4 115 123 (-5120 -3424 320 ) (-5120 -3392 320 ) (-4576 -3392 320 ) (-4576 -3424 320 ) 
4 115 117 (-5120 -3424 320 ) (-4576 -3424 320 ) (-4576 -3424 544 ) (-5120 -3424 544 ) 
4 116 125 (-4160 -3424 320 ) (-4096 -3424 320 ) (-4096 -3552 320 ) (-4160 -3552 320 ) 
4 116 118 (-4128 -3552 320 ) (-4096 -3552 320 ) (-4096 -3552 544 ) (-4128 -3552 544 ) 
4 116 117 (-4191.998047 -3424 544 ) (-4191.998047 -3424 320 ) (-4511.998047 -3552 320 ) (-4511.998047 -3552 544 ) 
4 117 135 (-5120 -3424 320 ) (-5120 -3552 320 ) (-5120 -3552 544 ) (-5120 -3424 544 ) 
4 117 124 (-5120 -3552 320 ) (-5120 -3424 320 ) (-4544 -3424 320 ) (-4544 -3552 320 ) 
4 117 119 (-5120 -3552 320 ) (-4576 -3552 320 ) (-4576 -3552 544 ) (-5120 -3552 544 ) 
4 118 126 (-4128 -3552 320 ) (-4096 -3552 320 ) (-4096 -3584 320 ) (-4128 -3584 320 ) 
4 118 120 (-4128 -3584 320 ) (-4096 -3584 320 ) (-4096 -3584 544 ) (-4128 -3584 544 ) 
4 119 135 (-5120 -3552 320 ) (-5120 -3584 320 ) (-5120 -3584 544 ) (-5120 -3552 544 ) 
4 119 127 (-5120 -3584 320 ) (-5120 -3552 320 ) (-4576 -3552 320 ) (-4576 -3584 320 ) 
4 119 121 (-5120 -3584 320 ) (-4576 -3584 320 ) (-4576 -3584 544 ) (-5120 -3584 544 ) 
4 120 141 (-4096 -4096 320 ) (-4096 -4096 576 ) (-4128 -4096 576 ) (-4128 -4096 320 ) 
4 120 126 (-4096 -4096 320 ) (-4128 -4096 320 ) (-4128 -3584 320 ) (-4096 -3584 320 ) 
4 121 142 (-4576 -4096 576 ) (-5120 -4096 576 ) (-5120 -4096 320 ) (-4576 -4096 320 ) 
4 121 135 (-5120 -3584 320 ) (-5120 -4096 320 ) (-5120 -4096 544 ) (-5120 -3584 544 ) 
4 121 132 (-5120 -4096 544 ) (-5120 -4096 576 ) (-5120 -3584 576 ) (-5120 -3584 544 ) 
4 121 127 (-4576 -4096 320 ) (-5120 -4096 320 ) (-5120 -3584 320 ) (-4576 -3584 320 ) 
4 122 125 (-4128 -3424 288 ) (-4096 -3424 288 ) (-4096 -3424 320 ) (-4128 -3424 320 ) 
4 123 139 (-5120 -3232 288 ) (-5120 -3424 288 ) (-5120 -3424 320 ) (-5120 -3232 320 ) 
4 123 124 (-5120 -3424 288 ) (-4576 -3424 288 ) (-4576 -3424 320 ) (-5120 -3424 320 ) 
4 124 139 (-5120 -3424 288 ) (-5120 -3552 288 ) (-5120 -3552 320 ) (-5120 -3424 320 ) 
4 124 127 (-5120 -3552 288 ) (-4576 -3552 288 ) (-4576 -3552 320 ) (-5120 -3552 320 ) 
4 125 126 (-4128 -3552 288 ) (-4096 -3552 288 ) (-4096 -3552 320 ) (-4128 -3552 320 ) 
4 126 141 (-4096 -4096 288 ) (-4096 -4096 320 ) (-4128 -4096 320 ) (-4128 -4096 288 ) 
4 127 142 (-4576 -4096 320 ) (-5120 -4096 320 ) (-5120 -4096 288 ) (-4576 -4096 288 ) 
4 127 139 (-5120 -3552 288 ) (-5120 -4096 288 ) (-5120 -4096 320 ) (-5120 -3552 320 ) 
4 128 143 (-5120 -4096 576 ) (-5120 -4096 1632 ) (-5920 -4096 1632 ) (-5920 -4096 576 ) 
4 128 132 (-5120 -4096 576 ) (-5920 -4096 576 ) (-5920 -3584 576 ) (-5120 -3584 576 ) 
4 128 131 (-5888 -3392 576 ) (-5120 -3392 576 ) (-5120 -3584 576 ) (-5888 -3584 576 ) 
4 128 130 (-5920 -3392 576 ) (-5920 -3232 576 ) (-5312 -3232 576 ) (-5312 -3392 576 ) 
4 128 129 (-5120 -3264 576 ) (-5120 -3392 576 ) (-5312 -3392 576 ) (-5312 -3264 576 ) 
4 129 135 (-5120 -3264 544 ) (-5120 -3392 544 ) (-5312 -3392 544 ) (-5312 -3264 544 ) 
4 129 131 (-5312 -3392 544 ) (-5120 -3392 544 ) (-5120 -3392 576 ) (-5312 -3392 576 ) 
4 129 130 (-5312 -3264 544 ) (-5312 -3392 544 ) (-5312 -3392 576 ) (-5312 -3264 576 ) 
4 130 135 (-5312 -3232 544 ) (-5312 -3392 544 ) (-5920 -3392 544 ) (-5920 -3232 544 ) 
4 130 131 (-5888 -3392 544 ) (-5312 -3392 544 ) (-5312 -3392 576 ) (-5888 -3392 576 ) 
4 131 135 (-5120 -3392 544 ) (-5120 -3584 544 ) (-5888 -3584 544 ) (-5888 -3392 544 ) 
4 131 132 (-5888 -3584 544 ) (-5120 -3584 544 ) (-5120 -3584 576 ) (-5888 -3584 576 ) 
4 132 143 (-5120 -4096 544 ) (-5120 -4096 576 ) (-5920 -4096 576 ) (-5920 -4096 544 ) 
4 132 135 (-5120 -3584 544 ) (-5120 -4096 544 ) (-5920 -4096 544 ) (-5920 -3584 544 ) 
4 133 134 (-5203.200195 -3072 320 ) (-5152 -3200 320 ) (-5152 -3200 544 ) (-5203.200195 -3072 544 ) 
4 134 138 (-5152 -3200 320 ) (-5152 -3232 320 ) (-5280 -3232 320 ) (-5280 -3200 320 ) 
4 134 135 (-5280 -3232 320 ) (-5152 -3232 320 ) (-5152 -3232 544 ) (-5280 -3232 544 ) 
4 135 143 (-5120 -4096 320 ) (-5120 -4096 544 ) (-5920 -4096 544 ) (-5920 -4096 320 ) 
4 135 139 (-5120 -3232 320 ) (-5120 -4096 320 ) (-5920 -4096 320 ) (-5920 -3232 320 ) 
4 135 136 (-5920 -3424 320 ) (-5920 -3552 320 ) (-5920 -3552 544 ) (-5920 -3424 544 ) 
4 136 147 (-6144 -3500.800049 320 ) (-6144 -3552 320 ) (-6144 -3552 544 ) (-6144 -3500.800049 544 ) 
4 136 140 (-5920 -3424 320 ) (-5920 -3552 320 ) (-5952 -3552 320 ) (-5952 -3424 320 ) 
4 136 137 (-5952 -3424 544 ) (-5952 -3424 320 ) (-6144 -3500.799561 320 ) (-6144 -3500.799561 544 ) 
4 137 148 (-6144 -3424 320 ) (-6144 -3500.800049 320 ) (-6144 -3500.800049 544 ) (-6144 -3424 544 ) 
4 138 139 (-5280 -3232 288 ) (-5152 -3232 288 ) (-5152 -3232 320 ) (-5280 -3232 320 ) 
4 139 143 (-5120 -4096 288 ) (-5120 -4096 320 ) (-5920 -4096 320 ) (-5920 -4096 288 ) 
4 139 140 (-5920 -3424 288 ) (-5920 -3552 288 ) (-5920 -3552 320 ) (-5920 -3424 320 ) 
4 142 143 (-5120 -4576 1632 ) (-5120 -4096 1632 ) (-5120 -4096 288 ) (-5120 -4576 288 ) 
4 144 153 (-7168 -3072 1632 ) (-7168 -3072 576 ) (-7168 -3808 576 ) (-7168 -3808 1632 ) 
4 144 150 (-7168 -3808 576 ) (-7168 -3584 576 ) (-6304 -3584 576 ) (-6304 -3808 576 ) 
4 144 146 (-7168 -3584 576 ) (-7168 -3392 576 ) (-6336 -3392 576 ) (-6336 -3584 576 ) 
4 144 145 (-7168 -3392 576 ) (-7168 -3072 576 ) (-6304 -3072 576 ) (-6304 -3392 576 ) 
4 145 153 (-7168 -3072 576 ) (-7168 -3072 544 ) (-7168 -3392 544 ) (-7168 -3392 576 ) 
4 145 149 (-7168 -3392 544 ) (-7168 -3072 544 ) (-6304 -3072 544 ) (-6304 -3392 544 ) 
4 145 146 (-7168 -3392 544 ) (-6336 -3392 544 ) (-6336 -3392 576 ) (-7168 -3392 576 ) 
4 146 153 (-7168 -3392 544 ) (-7168 -3584 544 ) (-7168 -3584 576 ) (-7168 -3392 576 ) 
4 146 150 (-6336 -3584 576 ) (-7168 -3584 576 ) (-7168 -3584 544 ) (-6336 -3584 544 ) 
4 146 149 (-6336 -3584 544 ) (-7168 -3584 544 ) (-7168 -3392 544 ) (-6336 -3392 544 ) 
4 147 148 (-6144 -3500.799561 320 ) (-6272 -3552 320 ) (-6272 -3552 544 ) (-6144 -3500.799561 544 ) 
4 148 151 (-6272 -3552 320 ) (-6304 -3552 320 ) (-6304 -3424 320 ) (-6272 -3424 320 ) 
4 148 149 (-6304 -3424 320 ) (-6304 -3552 320 ) (-6304 -3552 544 ) (-6304 -3424 544 ) 
4 149 153 (-7168 -3072 544 ) (-7168 -3072 320 ) (-7168 -3584 320 ) (-7168 -3584 544 ) 
4 149 152 (-7168 -3584 320 ) (-7168 -3072 320 ) (-6304 -3072 320 ) (-6304 -3584 320 ) 
4 149 150 (-7168 -3584 320 ) (-6304 -3584 320 ) (-6304 -3584 544 ) (-7168 -3584 544 ) 
4 150 153 (-7168 -3584 320 ) (-7168 -3808 320 ) (-7168 -3808 576 ) (-7168 -3584 576 ) 
4 150 152 (-7168 -3808 320 ) (-7168 -3584 320 ) (-6304 -3584 320 ) (-6304 -3808 320 ) 
4 151 152 (-6304 -3424 288 ) (-6304 -3552 288 ) (-6304 -3552 320 ) (-6304 -3424 320 ) 
4 152 153 (-7168 -3072 320 ) (-7168 -3072 288 ) (-7168 -3808 288 ) (-7168 -3808 320 ) 
