


materialPath: e:\program files (x86)\steam\steamapps\sourcemods\crimewarswtf\materials
Loading E:\Program Files (x86)\Steam\steamapps\sourcemods\crimewarswtf\devmaps\doublehalls4_choas17.vmf
Patching WVT material: maps/doublehalls4_choas17/dev/dev_blendmeasure_wvt_patch
fixing up env_cubemap materials on brush sides...
0...1...2...3...4...5...6...7...8...9...10**** leaked ****
Entity func_movelinear (-3456.00 -4624.00 496.00) leaked!

FindPortalSide: Couldn't find a good match for which brush to assign to a portal near (-2048.0 -1760.0 960.0)
Leaf 0 contents: CONTENTS_SOLID 
Leaf 1 contents: 
viscontents (node 0 contents ^ node 1 contents): CONTENTS_SOLID 
This means that none of the brushes in leaf 0 or 1 that touches the portal has CONTENTS_SOLID 
Check for a huge brush enclosing the coordinates above that has contents CONTENTS_SOLID 
Candidate brush IDs: 


FindPortalSide: Couldn't find a good match for which brush to assign to a portal near (-2048.0 -1248.0 960.0)
Leaf 0 contents: CONTENTS_SOLID 
Leaf 1 contents: 
viscontents (node 0 contents ^ node 1 contents): CONTENTS_SOLID 
This means that none of the brushes in leaf 0 or 1 that touches the portal has CONTENTS_SOLID 
Check for a huge brush enclosing the coordinates above that has contents CONTENTS_SOLID 
Candidate brush IDs: 


FindPortalSide: Couldn't find a good match for which brush to assign to a portal near (-1536.0 -2048.0 960.0)
Leaf 0 contents: CONTENTS_SOLID 
Leaf 1 contents: 
viscontents (node 0 contents ^ node 1 contents): CONTENTS_SOLID 
This means that none of the brushes in leaf 0 or 1 that touches the portal has CONTENTS_SOLID 
Check for a huge brush enclosing the coordinates above that has contents CONTENTS_SOLID 
Candidate brush IDs: 


FindPortalSide: Couldn't find a good match for which brush to assign to a portal near (-1536.0 -1024.0 960.0)
Leaf 0 contents: 
Leaf 1 contents: CONTENTS_SOLID 
viscontents (node 0 contents ^ node 1 contents): CONTENTS_SOLID 
This means that none of the brushes in leaf 0 or 1 that touches the portal has CONTENTS_SOLID 
Check for a huge brush enclosing the coordinates above that has contents CONTENTS_SOLID 
Candidate brush IDs: 


FindPortalSide: Couldn't find a good match for which brush to assign to a portal near (-1024.0 -1536.0 960.0)
Leaf 0 contents: 
Leaf 1 contents: CONTENTS_SOLID 
viscontents (node 0 contents ^ node 1 contents): CONTENTS_SOLID 
This means that none of the brushes in leaf 0 or 1 that touches the portal has CONTENTS_SOLID 
Check for a huge brush enclosing the coordinates above that has contents CONTENTS_SOLID 
Candidate brush IDs: 


FindPortalSide: Couldn't find a good match for which brush to assign to a portal near (-2048.0 -4352.0 960.0)
Leaf 0 contents: CONTENTS_SOLID 
Leaf 1 contents: 
viscontents (node 0 contents ^ node 1 contents): CONTENTS_SOLID 
This means that none of the brushes in leaf 0 or 1 that touches the portal has CONTENTS_SOLID 
Check for a huge brush enclosing the coordinates above that has contents CONTENTS_SOLID 
Candidate brush IDs: 


FindPortalSide: Couldn't find a good match for which brush to assign to a portal near (-2048.0 -4864.0 960.0)
Leaf 0 contents: CONTENTS_SOLID 
Leaf 1 contents: 
viscontents (node 0 contents ^ node 1 contents): CONTENTS_SOLID 
This means that none of the brushes in leaf 0 or 1 that touches the portal has CONTENTS_SOLID 
Check for a huge brush enclosing the coordinates above that has contents CONTENTS_SOLID 
Candidate brush IDs: 


FindPortalSide: Couldn't find a good match for which brush to assign to a portal near (-1536.0 -5120.0 960.0)
Leaf 0 contents: CONTENTS_SOLID 
Leaf 1 contents: 
viscontents (node 0 contents ^ node 1 contents): CONTENTS_SOLID 
This means that none of the brushes in leaf 0 or 1 that touches the portal has CONTENTS_SOLID 
Check for a huge brush enclosing the coordinates above that has contents CONTENTS_SOLID 
Candidate brush IDs: 

*** Suppressing further FindPortalSide errors.... ***
Processing areas...done (0)
Building Faces...done (0)
FixTjuncs...
PruneNodes...
WriteBSP...
done (0)
Creating default LDR cubemaps for env_cubemap using skybox materials:
   skybox/sky_day01_01*.vmt
 ! Run buildcubemaps in the engine to get the correct cube maps.
Creating default HDR cubemaps for env_cubemap using skybox materials:
   skybox/sky_day01_01*.vmt
 ! Run buildcubemaps in the engine to get the correct cube maps.
Finding displacement neighbors...
Finding lightmap sample positions...
Displacement Alpha : 0...1...2...3...4...5...6...7...8...9...10
Building Physics collision data...
done (0) (97532 bytes)
Error! To use model "models/fallout new vegas/craps_table.mdl"
      with prop_static, it must be compiled with $staticprop!
Error loading studio model "models/fallout new vegas/craps_table.mdl"!
Placing detail props : 0...1...2...3...4...5...6...7...8...9...10
Compacting texture/material tables...
Reduced 246 texinfos to 181
Reduced 23 texdatas to 22 (526 bytes to 505)
Writing E:\Program Files (x86)\Steam\steamapps\sourcemods\crimewarswtf\devmaps\doublehalls4_choas17.bsp
0 seconds elapsed



8 threads
reading e:\program files (x86)\steam\steamapps\sourcemods\crimewarswtf\devmaps\doublehalls4_choas17.bsp
reading e:\program files (x86)\steam\steamapps\sourcemods\crimewarswtf\devmaps\doublehalls4_choas17.prt
LoadPortals: couldn't read e:\program files (x86)\steam\steamapps\sourcemods\crimewarswtf\devmaps\doublehalls4_choas17.prt



[Reading texlights from 'lights.rad']
[45 texlights parsed from 'lights.rad']

Loading e:\program files (x86)\steam\steamapps\sourcemods\crimewarswtf\devmaps\doublehalls4_choas17.bsp
No vis information, direct lighting only.
1839 faces
587669 square feet [84624336.00 square inches]
0 Displacements
0 Square Feet [0.00 Square Inches]
37 direct lights
0...1...2...3...4...5...6...7...8...9...10Build Patch/Sample Hash Table(s).....Done<0.1500 sec>
0...1...2...3...4...5...6...7...8...9...10FinalLightFace Done
0 of 0 (0% of) surface lights went in leaf ambient cubes.
0...1...2...3...4...5...6...7...8...9...10Writing leaf ambient...done
Ready to Finish

Object names       Objects/Maxobjs  Memory / Maxmem  Fullness 
------------       ---------------  ---------------  -------- 
models                  20/1024          960/49152    ( 2.0%) 
brushes                278/8192         3336/98304    ( 3.4%) 
brushsides            1770/65536       14160/524288   ( 2.7%) 
planes                 768/65536       15360/1310720  ( 1.2%) 
vertexes              2905/65536       34860/786432   ( 4.4%) 
nodes                 1470/65536       47040/2097152  ( 2.2%) 
texinfos               181/12288       13032/884736   ( 1.5%) 
texdata                 22/2048          704/65536    ( 1.1%) 
dispinfos                0/0               0/0        ( 0.0%) 
disp_verts               0/0               0/0        ( 0.0%) 
disp_tris                0/0               0/0        ( 0.0%) 
disp_lmsamples           0/0               0/0        ( 0.0%) 
faces                 1839/65536      102984/3670016  ( 2.8%) 
hdr faces                0/65536           0/3670016  ( 0.0%) 
origfaces              768/65536       43008/3670016  ( 1.2%) 
leaves                1491/65536       47712/2097152  ( 2.3%) 
leaffaces             2721/65536        5442/131072   ( 4.2%) 
leafbrushes            600/65536        1200/131072   ( 0.9%) 
areas                    3/256            24/2048     ( 1.2%) 
surfedges            11362/512000      45448/2048000  ( 2.2%) 
edges                 6370/256000      25480/1024000  ( 2.5%) 
LDR worldlights         37/8192         3256/720896   ( 0.5%) 
HDR worldlights          0/8192            0/720896   ( 0.0%) 
leafwaterdata            0/32768           0/393216   ( 0.0%) 
waterstrips            126/32768        1260/327680   ( 0.4%) 
waterverts               0/65536           0/786432   ( 0.0%) 
waterindices          1866/65536        3732/131072   ( 2.8%) 
cubemapsamples           6/1024           96/16384    ( 0.6%) 
overlays                 0/512             0/180224   ( 0.0%) 
LDR lightdata         [variable]     1584012/0        ( 0.0%) 
HDR lightdata         [variable]           0/0        ( 0.0%) 
visdata               [variable]           0/16777216 ( 0.0%) 
entdata               [variable]       26517/393216   ( 6.7%) 
LDR ambient table     1491/65536        5964/262144   ( 2.3%) 
HDR ambient table     1491/65536        5964/262144   ( 2.3%) 
LDR leaf ambient     10936/65536      306208/1835008  (16.7%) 
HDR leaf ambient      1491/65536       41748/1835008  ( 2.3%) 
occluders                0/0               0/0        ( 0.0%) 
occluder polygons        0/0               0/0        ( 0.0%) 
occluder vert ind        0/0               0/0        ( 0.0%) 
detail props          [variable]           1/12       ( 8.3%) 
static props          [variable]           1/12       ( 8.3%) 
pakfile               [variable]      740058/0        ( 0.0%) 
physics               [variable]       97532/4194304  ( 2.3%) 
physics terrain       [variable]           2/1048576  ( 0.0%) 

Level flags = 0

Total triangle count: 4611
Writing e:\program files (x86)\steam\steamapps\sourcemods\crimewarswtf\devmaps\doublehalls4_choas17.bsp
24 seconds elapsed



[Reading texlights from 'lights.rad']
[45 texlights parsed from 'lights.rad']

Loading e:\program files (x86)\steam\steamapps\sourcemods\crimewarswtf\devmaps\doublehalls4_choas17.bsp
No vis information, direct lighting only.
1839 faces
587669 square feet [84624336.00 square inches]
0 Displacements
0 Square Feet [0.00 Square Inches]
37 direct lights
0...1...2...3...4...5...6...7...8...9...10Build Patch/Sample Hash Table(s).....Done<0.1351 sec>
0...1...2...3...4...5...6...7...8...9...10FinalLightFace Done
0 of 0 (0% of) surface lights went in leaf ambient cubes.
0...1...2...3...4...5...6...7...8...9...10Writing leaf ambient...done
Ready to Finish

Object names       Objects/Maxobjs  Memory / Maxmem  Fullness 
------------       ---------------  ---------------  -------- 
models                  20/1024          960/49152    ( 2.0%) 
brushes                278/8192         3336/98304    ( 3.4%) 
brushsides            1770/65536       14160/524288   ( 2.7%) 
planes                 768/65536       15360/1310720  ( 1.2%) 
vertexes              2905/65536       34860/786432   ( 4.4%) 
nodes                 1470/65536       47040/2097152  ( 2.2%) 
texinfos               181/12288       13032/884736   ( 1.5%) 
texdata                 22/2048          704/65536    ( 1.1%) 
dispinfos                0/0               0/0        ( 0.0%) 
disp_verts               0/0               0/0        ( 0.0%) 
disp_tris                0/0               0/0        ( 0.0%) 
disp_lmsamples           0/0               0/0        ( 0.0%) 
faces                 1839/65536      102984/3670016  ( 2.8%) 
hdr faces             1839/65536      102984/3670016  ( 2.8%) 
origfaces              768/65536       43008/3670016  ( 1.2%) 
leaves                1491/65536       47712/2097152  ( 2.3%) 
leaffaces             2721/65536        5442/131072   ( 4.2%) 
leafbrushes            600/65536        1200/131072   ( 0.9%) 
areas                    3/256            24/2048     ( 1.2%) 
surfedges            11362/512000      45448/2048000  ( 2.2%) 
edges                 6370/256000      25480/1024000  ( 2.5%) 
LDR worldlights         37/8192         3256/720896   ( 0.5%) 
HDR worldlights         37/8192         3256/720896   ( 0.5%) 
leafwaterdata            0/32768           0/393216   ( 0.0%) 
waterstrips            126/32768        1260/327680   ( 0.4%) 
waterverts               0/65536           0/786432   ( 0.0%) 
waterindices          1866/65536        3732/131072   ( 2.8%) 
cubemapsamples           6/1024           96/16384    ( 0.6%) 
overlays                 0/512             0/180224   ( 0.0%) 
LDR lightdata         [variable]     1584012/0        ( 0.0%) 
HDR lightdata         [variable]     1584012/0        ( 0.0%) 
visdata               [variable]           0/16777216 ( 0.0%) 
entdata               [variable]       26517/393216   ( 6.7%) 
LDR ambient table     1491/65536        5964/262144   ( 2.3%) 
HDR ambient table     1491/65536        5964/262144   ( 2.3%) 
LDR leaf ambient     10936/65536      306208/1835008  (16.7%) 
HDR leaf ambient     10968/65536      307104/1835008  (16.7%) 
occluders                0/0               0/0        ( 0.0%) 
occluder polygons        0/0               0/0        ( 0.0%) 
occluder vert ind        0/0               0/0        ( 0.0%) 
detail props          [variable]           1/12       ( 8.3%) 
static props          [variable]           1/12       ( 8.3%) 
pakfile               [variable]      740058/0        ( 0.0%) 
physics               [variable]       97532/4194304  ( 2.3%) 
physics terrain       [variable]           2/1048576  ( 0.0%) 

Level flags = 0

Total triangle count: 4611
Writing e:\program files (x86)\steam\steamapps\sourcemods\crimewarswtf\devmaps\doublehalls4_choas17.bsp
25 seconds elapsed



materialPath: e:\program files (x86)\steam\steamapps\sourcemods\crimewarswtf\materials
Loading E:\Program Files (x86)\Steam\steamapps\sourcemods\crimewarswtf\devmaps\doublehalls4_choas17.vmf
Patching WVT material: maps/doublehalls4_choas17/dev/dev_blendmeasure_wvt_patch
fixing up env_cubemap materials on brush sides...
0...1...2...3...4...5...6...7...8...9...10**** leaked ****
Entity func_movelinear (-3456.00 -4624.00 496.00) leaked!

FindPortalSide: Couldn't find a good match for which brush to assign to a portal near (-2048.0 -1760.0 960.0)
Leaf 0 contents: CONTENTS_SOLID 
Leaf 1 contents: 
viscontents (node 0 contents ^ node 1 contents): CONTENTS_SOLID 
This means that none of the brushes in leaf 0 or 1 that touches the portal has CONTENTS_SOLID 
Check for a huge brush enclosing the coordinates above that has contents CONTENTS_SOLID 
Candidate brush IDs: 


FindPortalSide: Couldn't find a good match for which brush to assign to a portal near (-2048.0 -1248.0 960.0)
Leaf 0 contents: CONTENTS_SOLID 
Leaf 1 contents: 
viscontents (node 0 contents ^ node 1 contents): CONTENTS_SOLID 
This means that none of the brushes in leaf 0 or 1 that touches the portal has CONTENTS_SOLID 
Check for a huge brush enclosing the coordinates above that has contents CONTENTS_SOLID 
Candidate brush IDs: 


FindPortalSide: Couldn't find a good match for which brush to assign to a portal near (-1536.0 -2048.0 960.0)
Leaf 0 contents: CONTENTS_SOLID 
Leaf 1 contents: 
viscontents (node 0 contents ^ node 1 contents): CONTENTS_SOLID 
This means that none of the brushes in leaf 0 or 1 that touches the portal has CONTENTS_SOLID 
Check for a huge brush enclosing the coordinates above that has contents CONTENTS_SOLID 
Candidate brush IDs: 


FindPortalSide: Couldn't find a good match for which brush to assign to a portal near (-1536.0 -1024.0 960.0)
Leaf 0 contents: 
Leaf 1 contents: CONTENTS_SOLID 
viscontents (node 0 contents ^ node 1 contents): CONTENTS_SOLID 
This means that none of the brushes in leaf 0 or 1 that touches the portal has CONTENTS_SOLID 
Check for a huge brush enclosing the coordinates above that has contents CONTENTS_SOLID 
Candidate brush IDs: 


FindPortalSide: Couldn't find a good match for which brush to assign to a portal near (-1024.0 -1536.0 960.0)
Leaf 0 contents: 
Leaf 1 contents: CONTENTS_SOLID 
viscontents (node 0 contents ^ node 1 contents): CONTENTS_SOLID 
This means that none of the brushes in leaf 0 or 1 that touches the portal has CONTENTS_SOLID 
Check for a huge brush enclosing the coordinates above that has contents CONTENTS_SOLID 
Candidate brush IDs: 


FindPortalSide: Couldn't find a good match for which brush to assign to a portal near (-2048.0 -4352.0 960.0)
Leaf 0 contents: CONTENTS_SOLID 
Leaf 1 contents: 
viscontents (node 0 contents ^ node 1 contents): CONTENTS_SOLID 
This means that none of the brushes in leaf 0 or 1 that touches the portal has CONTENTS_SOLID 
Check for a huge brush enclosing the coordinates above that has contents CONTENTS_SOLID 
Candidate brush IDs: 


FindPortalSide: Couldn't find a good match for which brush to assign to a portal near (-2048.0 -4864.0 960.0)
Leaf 0 contents: CONTENTS_SOLID 
Leaf 1 contents: 
viscontents (node 0 contents ^ node 1 contents): CONTENTS_SOLID 
This means that none of the brushes in leaf 0 or 1 that touches the portal has CONTENTS_SOLID 
Check for a huge brush enclosing the coordinates above that has contents CONTENTS_SOLID 
Candidate brush IDs: 


FindPortalSide: Couldn't find a good match for which brush to assign to a portal near (-1536.0 -5120.0 960.0)
Leaf 0 contents: CONTENTS_SOLID 
Leaf 1 contents: 
viscontents (node 0 contents ^ node 1 contents): CONTENTS_SOLID 
This means that none of the brushes in leaf 0 or 1 that touches the portal has CONTENTS_SOLID 
Check for a huge brush enclosing the coordinates above that has contents CONTENTS_SOLID 
Candidate brush IDs: 

*** Suppressing further FindPortalSide errors.... ***
Processing areas...done (0)
Building Faces...done (0)
FixTjuncs...
PruneNodes...
WriteBSP...
done (0)
Creating default LDR cubemaps for env_cubemap using skybox materials:
   skybox/sky_day01_01*.vmt
 ! Run buildcubemaps in the engine to get the correct cube maps.
Creating default HDR cubemaps for env_cubemap using skybox materials:
   skybox/sky_day01_01*.vmt
 ! Run buildcubemaps in the engine to get the correct cube maps.
Finding displacement neighbors...
Finding lightmap sample positions...
Displacement Alpha : 0...1...2...3...4...5...6...7...8...9...10
Building Physics collision data...
done (0) (97532 bytes)
Error! To use model "models/fallout new vegas/craps_table.mdl"
      with prop_static, it must be compiled with $staticprop!
Error loading studio model "models/fallout new vegas/craps_table.mdl"!
Placing detail props : 0...1...2...3...4...5...6...7...8...9...10
Compacting texture/material tables...
Reduced 246 texinfos to 181
Reduced 23 texdatas to 22 (526 bytes to 505)
Writing E:\Program Files (x86)\Steam\steamapps\sourcemods\crimewarswtf\devmaps\doublehalls4_choas17.bsp
0 seconds elapsed



8 threads
reading e:\program files (x86)\steam\steamapps\sourcemods\crimewarswtf\devmaps\doublehalls4_choas17.bsp
reading e:\program files (x86)\steam\steamapps\sourcemods\crimewarswtf\devmaps\doublehalls4_choas17.prt
LoadPortals: couldn't read e:\program files (x86)\steam\steamapps\sourcemods\crimewarswtf\devmaps\doublehalls4_choas17.prt



[Reading texlights from 'lights.rad']
[45 texlights parsed from 'lights.rad']

Loading e:\program files (x86)\steam\steamapps\sourcemods\crimewarswtf\devmaps\doublehalls4_choas17.bsp
No vis information, direct lighting only.
1839 faces
587669 square feet [84624336.00 square inches]
0 Displacements
0 Square Feet [0.00 Square Inches]
37 direct lights
0...1...2...3...4...5...6...7...8...9...10Build Patch/Sample Hash Table(s).....Done<0.1380 sec>
0...1...2...3...4...5...6...7...8...9...10FinalLightFace Done
0 of 0 (0% of) surface lights went in leaf ambient cubes.
0...1...2...3...4...5...6...7...8...9...10Writing leaf ambient...done
Ready to Finish

Object names       Objects/Maxobjs  Memory / Maxmem  Fullness 
------------       ---------------  ---------------  -------- 
models                  20/1024          960/49152    ( 2.0%) 
brushes                278/8192         3336/98304    ( 3.4%) 
brushsides            1770/65536       14160/524288   ( 2.7%) 
planes                 768/65536       15360/1310720  ( 1.2%) 
vertexes              2905/65536       34860/786432   ( 4.4%) 
nodes                 1470/65536       47040/2097152  ( 2.2%) 
texinfos               181/12288       13032/884736   ( 1.5%) 
texdata                 22/2048          704/65536    ( 1.1%) 
dispinfos                0/0               0/0        ( 0.0%) 
disp_verts               0/0               0/0        ( 0.0%) 
disp_tris                0/0               0/0        ( 0.0%) 
disp_lmsamples           0/0               0/0        ( 0.0%) 
faces                 1839/65536      102984/3670016  ( 2.8%) 
hdr faces                0/65536           0/3670016  ( 0.0%) 
origfaces              768/65536       43008/3670016  ( 1.2%) 
leaves                1491/65536       47712/2097152  ( 2.3%) 
leaffaces             2721/65536        5442/131072   ( 4.2%) 
leafbrushes            600/65536        1200/131072   ( 0.9%) 
areas                    3/256            24/2048     ( 1.2%) 
surfedges            11362/512000      45448/2048000  ( 2.2%) 
edges                 6370/256000      25480/1024000  ( 2.5%) 
LDR worldlights         37/8192         3256/720896   ( 0.5%) 
HDR worldlights          0/8192            0/720896   ( 0.0%) 
leafwaterdata            0/32768           0/393216   ( 0.0%) 
waterstrips            126/32768        1260/327680   ( 0.4%) 
waterverts               0/65536           0/786432   ( 0.0%) 
waterindices          1866/65536        3732/131072   ( 2.8%) 
cubemapsamples           6/1024           96/16384    ( 0.6%) 
overlays                 0/512             0/180224   ( 0.0%) 
LDR lightdata         [variable]     1584012/0        ( 0.0%) 
HDR lightdata         [variable]           0/0        ( 0.0%) 
visdata               [variable]           0/16777216 ( 0.0%) 
entdata               [variable]       26558/393216   ( 6.8%) 
LDR ambient table     1491/65536        5964/262144   ( 2.3%) 
HDR ambient table     1491/65536        5964/262144   ( 2.3%) 
LDR leaf ambient     10936/65536      306208/1835008  (16.7%) 
HDR leaf ambient      1491/65536       41748/1835008  ( 2.3%) 
occluders                0/0               0/0        ( 0.0%) 
occluder polygons        0/0               0/0        ( 0.0%) 
occluder vert ind        0/0               0/0        ( 0.0%) 
detail props          [variable]           1/12       ( 8.3%) 
static props          [variable]           1/12       ( 8.3%) 
pakfile               [variable]      740058/0        ( 0.0%) 
physics               [variable]       97532/4194304  ( 2.3%) 
physics terrain       [variable]           2/1048576  ( 0.0%) 

Level flags = 0

Total triangle count: 4611
Writing e:\program files (x86)\steam\steamapps\sourcemods\crimewarswtf\devmaps\doublehalls4_choas17.bsp
22 seconds elapsed



[Reading texlights from 'lights.rad']
[45 texlights parsed from 'lights.rad']

Loading e:\program files (x86)\steam\steamapps\sourcemods\crimewarswtf\devmaps\doublehalls4_choas17.bsp
No vis information, direct lighting only.
1839 faces
587669 square feet [84624336.00 square inches]
0 Displacements
0 Square Feet [0.00 Square Inches]
37 direct lights
0...1...2...3...4...5...6...7...8...9...10Build Patch/Sample Hash Table(s).....Done<0.1480 sec>
0...1...2...3...4...5...6...7...8...9...10FinalLightFace Done
0 of 0 (0% of) surface lights went in leaf ambient cubes.
0...1...2...3...4...5...6...7...8...9...10Writing leaf ambient...done
Ready to Finish

Object names       Objects/Maxobjs  Memory / Maxmem  Fullness 
------------       ---------------  ---------------  -------- 
models                  20/1024          960/49152    ( 2.0%) 
brushes                278/8192         3336/98304    ( 3.4%) 
brushsides            1770/65536       14160/524288   ( 2.7%) 
planes                 768/65536       15360/1310720  ( 1.2%) 
vertexes              2905/65536       34860/786432   ( 4.4%) 
nodes                 1470/65536       47040/2097152  ( 2.2%) 
texinfos               181/12288       13032/884736   ( 1.5%) 
texdata                 22/2048          704/65536    ( 1.1%) 
dispinfos                0/0               0/0        ( 0.0%) 
disp_verts               0/0               0/0        ( 0.0%) 
disp_tris                0/0               0/0        ( 0.0%) 
disp_lmsamples           0/0               0/0        ( 0.0%) 
faces                 1839/65536      102984/3670016  ( 2.8%) 
hdr faces             1839/65536      102984/3670016  ( 2.8%) 
origfaces              768/65536       43008/3670016  ( 1.2%) 
leaves                1491/65536       47712/2097152  ( 2.3%) 
leaffaces             2721/65536        5442/131072   ( 4.2%) 
leafbrushes            600/65536        1200/131072   ( 0.9%) 
areas                    3/256            24/2048     ( 1.2%) 
surfedges            11362/512000      45448/2048000  ( 2.2%) 
edges                 6370/256000      25480/1024000  ( 2.5%) 
LDR worldlights         37/8192         3256/720896   ( 0.5%) 
HDR worldlights         37/8192         3256/720896   ( 0.5%) 
leafwaterdata            0/32768           0/393216   ( 0.0%) 
waterstrips            126/32768        1260/327680   ( 0.4%) 
waterverts               0/65536           0/786432   ( 0.0%) 
waterindices          1866/65536        3732/131072   ( 2.8%) 
cubemapsamples           6/1024           96/16384    ( 0.6%) 
overlays                 0/512             0/180224   ( 0.0%) 
LDR lightdata         [variable]     1584012/0        ( 0.0%) 
HDR lightdata         [variable]     1584012/0        ( 0.0%) 
visdata               [variable]           0/16777216 ( 0.0%) 
entdata               [variable]       26558/393216   ( 6.8%) 
LDR ambient table     1491/65536        5964/262144   ( 2.3%) 
HDR ambient table     1491/65536        5964/262144   ( 2.3%) 
LDR leaf ambient     10936/65536      306208/1835008  (16.7%) 
HDR leaf ambient     10973/65536      307244/1835008  (16.7%) 
occluders                0/0               0/0        ( 0.0%) 
occluder polygons        0/0               0/0        ( 0.0%) 
occluder vert ind        0/0               0/0        ( 0.0%) 
detail props          [variable]           1/12       ( 8.3%) 
static props          [variable]           1/12       ( 8.3%) 
pakfile               [variable]      740058/0        ( 0.0%) 
physics               [variable]       97532/4194304  ( 2.3%) 
physics terrain       [variable]           2/1048576  ( 0.0%) 

Level flags = 0

Total triangle count: 4611
Writing e:\program files (x86)\steam\steamapps\sourcemods\crimewarswtf\devmaps\doublehalls4_choas17.bsp
23 seconds elapsed
