


materialPath: e:\program files (x86)\steam\steamapps\sourcemods\crimewarswtf\materials
Loading E:\Program Files (x86)\Steam\steamapps\sourcemods\crimewarswtf\devmaps\doublehalls4_wtf7.vmf
Patching WVT material: maps/doublehalls4_wtf7/dev/dev_blendmeasure_wvt_patch
fixing up env_cubemap materials on brush sides...
0...1...2...3...4...5...6...7...8...9...100...1...2...3...4...5...6...7...8...9...10Processing areas...done (0)
Building Faces...done (0)
FixTjuncs...
PruneNodes...
WriteBSP...
done (0)
writing E:\Program Files (x86)\Steam\steamapps\sourcemods\crimewarswtf\devmaps\doublehalls4_wtf7.prt...Building visibility clusters...
done (0)
Creating default LDR cubemaps for env_cubemap using skybox materials:
   skybox/sky_day01_01*.vmt
 ! Run buildcubemaps in the engine to get the correct cube maps.
Creating default HDR cubemaps for env_cubemap using skybox materials:
   skybox/sky_day01_01*.vmt
 ! Run buildcubemaps in the engine to get the correct cube maps.
Finding displacement neighbors...
Finding lightmap sample positions...
Displacement Alpha : 0...1...2...3...4...5...6...7...8...9...10
Building Physics collision data...
done (0) (49108 bytes)
Placing detail props : 0...1...2...3...4...5...6...7...8...9...10
Compacting texture/material tables...
Reduced 37 texinfos to 26
Reduced 10 texdatas to 9 (248 bytes to 227)
Writing E:\Program Files (x86)\Steam\steamapps\sourcemods\crimewarswtf\devmaps\doublehalls4_wtf7.bsp
0 seconds elapsed



8 threads
reading e:\program files (x86)\steam\steamapps\sourcemods\crimewarswtf\devmaps\doublehalls4_wtf7.bsp
reading e:\program files (x86)\steam\steamapps\sourcemods\crimewarswtf\devmaps\doublehalls4_wtf7.prt
 154 portalclusters
 403 numportals
0...1...2...3...4...5...6...7...8...9...100...1...2...3...4...5...6...7...8...9...10Optimized: 46 visible clusters (0.00%)
Total clusters visible: 9622
Average clusters visible: 62
Building PAS...
Average clusters audible: 150
visdatasize:6896  compressed from 7392
writing e:\program files (x86)\steam\steamapps\sourcemods\crimewarswtf\devmaps\doublehalls4_wtf7.bsp
1 second elapsed



[Reading texlights from 'lights.rad']
[45 texlights parsed from 'lights.rad']

Loading e:\program files (x86)\steam\steamapps\sourcemods\crimewarswtf\devmaps\doublehalls4_wtf7.bsp
790 faces
464839 square feet [66936832.00 square inches]
0 Displacements
0 Square Feet [0.00 Square Inches]
790 patches before subdivision
46268 patches after subdivision
4 direct lights
0...1...2...3...4...5...6...7...8...9...100...1...2...3...4...5...6...7...8...9...10transfers 6173405, max 359
transfer lists:  47.1 megs
0...1...2...3...4...5...6...7...8...9...10	Bounce #1 added RGB(987, 1364, 840)
0...1...2...3...4...5...6...7...8...9...10	Bounce #2 added RGB(104, 132, 71)
0...1...2...3...4...5...6...7...8...9...10	Bounce #3 added RGB(13, 13, 6)
0...1...2...3...4...5...6...7...8...9...10	Bounce #4 added RGB(2, 1, 1)
0...1...2...3...4...5...6...7...8...9...10	Bounce #5 added RGB(0, 0, 0)
Build Patch/Sample Hash Table(s).....Done<0.0958 sec>
0...1...2...3...4...5...6...7...8...9...10FinalLightFace Done
0 of 0 (0% of) surface lights went in leaf ambient cubes.
0...1...2...3...4...5...6...7...8...9...10Writing leaf ambient...done
Ready to Finish

Object names       Objects/Maxobjs  Memory / Maxmem  Fullness 
------------       ---------------  ---------------  -------- 
models                   1/1024           48/49152    ( 0.1%) 
brushes                152/8192         1824/98304    ( 1.9%) 
brushsides             940/65536        7520/524288   ( 1.4%) 
planes                 200/65536        4000/1310720  ( 0.3%) 
vertexes              1131/65536       13572/786432   ( 1.7%) 
nodes                  372/65536       11904/2097152  ( 0.6%) 
texinfos                26/12288        1872/884736   ( 0.2%) 
texdata                  9/2048          288/65536    ( 0.4%) 
dispinfos                0/0               0/0        ( 0.0%) 
disp_verts               0/0               0/0        ( 0.0%) 
disp_tris                0/0               0/0        ( 0.0%) 
disp_lmsamples           0/0               0/0        ( 0.0%) 
faces                  790/65536       44240/3670016  ( 1.2%) 
hdr faces                0/65536           0/3670016  ( 0.0%) 
origfaces              246/65536       13776/3670016  ( 0.4%) 
leaves                 374/65536       11968/2097152  ( 0.6%) 
leaffaces              870/65536        1740/131072   ( 1.3%) 
leafbrushes            320/65536         640/131072   ( 0.5%) 
areas                    2/256            16/2048     ( 0.8%) 
surfedges             4429/512000      17716/2048000  ( 0.9%) 
edges                 2558/256000      10232/1024000  ( 1.0%) 
LDR worldlights          4/8192          352/720896   ( 0.0%) 
HDR worldlights          0/8192            0/720896   ( 0.0%) 
leafwaterdata            0/32768           0/393216   ( 0.0%) 
waterstrips             14/32768         140/327680   ( 0.0%) 
waterverts               0/65536           0/786432   ( 0.0%) 
waterindices           201/65536         402/131072   ( 0.3%) 
cubemapsamples           6/1024           96/16384    ( 0.6%) 
overlays                 0/512             0/180224   ( 0.0%) 
LDR lightdata         [variable]     1192624/0        ( 0.0%) 
HDR lightdata         [variable]           0/0        ( 0.0%) 
visdata               [variable]        6896/16777216 ( 0.0%) 
entdata               [variable]        5525/393216   ( 1.4%) 
LDR ambient table      374/65536        1496/262144   ( 0.6%) 
HDR ambient table      374/65536        1496/262144   ( 0.6%) 
LDR leaf ambient       652/65536       18256/1835008  ( 1.0%) 
HDR leaf ambient       374/65536       10472/1835008  ( 0.6%) 
occluders                0/0               0/0        ( 0.0%) 
occluder polygons        0/0               0/0        ( 0.0%) 
occluder vert ind        0/0               0/0        ( 0.0%) 
detail props          [variable]           1/12       ( 8.3%) 
static props          [variable]           1/12       ( 8.3%) 
pakfile               [variable]      739968/0        ( 0.0%) 
physics               [variable]       49108/4194304  ( 1.2%) 
physics terrain       [variable]           2/1048576  ( 0.0%) 

Level flags = 0

Total triangle count: 1865
Writing e:\program files (x86)\steam\steamapps\sourcemods\crimewarswtf\devmaps\doublehalls4_wtf7.bsp
12 seconds elapsed



[Reading texlights from 'lights.rad']
[45 texlights parsed from 'lights.rad']

Loading e:\program files (x86)\steam\steamapps\sourcemods\crimewarswtf\devmaps\doublehalls4_wtf7.bsp
790 faces
464839 square feet [66936832.00 square inches]
0 Displacements
0 Square Feet [0.00 Square Inches]
790 patches before subdivision
46268 patches after subdivision
4 direct lights
0...1...2...3...4...5...6...7...8...9...100...1...2...3...4...5...6...7...8...9...10transfers 6173405, max 359
transfer lists:  47.1 megs
0...1...2...3...4...5...6...7...8...9...10	Bounce #1 added RGB(1119, 1429, 834)
0...1...2...3...4...5...6...7...8...9...10	Bounce #2 added RGB(118, 139, 71)
0...1...2...3...4...5...6...7...8...9...10	Bounce #3 added RGB(14, 14, 6)
0...1...2...3...4...5...6...7...8...9...10	Bounce #4 added RGB(2, 1, 1)
0...1...2...3...4...5...6...7...8...9...10	Bounce #5 added RGB(0, 0, 0)
Build Patch/Sample Hash Table(s).....Done<0.0953 sec>
0...1...2...3...4...5...6...7...8...9...10FinalLightFace Done
0 of 0 (0% of) surface lights went in leaf ambient cubes.
0...1...2...3...4...5...6...7...8...9...10Writing leaf ambient...done
Ready to Finish

Object names       Objects/Maxobjs  Memory / Maxmem  Fullness 
------------       ---------------  ---------------  -------- 
models                   1/1024           48/49152    ( 0.1%) 
brushes                152/8192         1824/98304    ( 1.9%) 
brushsides             940/65536        7520/524288   ( 1.4%) 
planes                 200/65536        4000/1310720  ( 0.3%) 
vertexes              1131/65536       13572/786432   ( 1.7%) 
nodes                  372/65536       11904/2097152  ( 0.6%) 
texinfos                26/12288        1872/884736   ( 0.2%) 
texdata                  9/2048          288/65536    ( 0.4%) 
dispinfos                0/0               0/0        ( 0.0%) 
disp_verts               0/0               0/0        ( 0.0%) 
disp_tris                0/0               0/0        ( 0.0%) 
disp_lmsamples           0/0               0/0        ( 0.0%) 
faces                  790/65536       44240/3670016  ( 1.2%) 
hdr faces              790/65536       44240/3670016  ( 1.2%) 
origfaces              246/65536       13776/3670016  ( 0.4%) 
leaves                 374/65536       11968/2097152  ( 0.6%) 
leaffaces              870/65536        1740/131072   ( 1.3%) 
leafbrushes            320/65536         640/131072   ( 0.5%) 
areas                    2/256            16/2048     ( 0.8%) 
surfedges             4429/512000      17716/2048000  ( 0.9%) 
edges                 2558/256000      10232/1024000  ( 1.0%) 
LDR worldlights          4/8192          352/720896   ( 0.0%) 
HDR worldlights          4/8192          352/720896   ( 0.0%) 
leafwaterdata            0/32768           0/393216   ( 0.0%) 
waterstrips             14/32768         140/327680   ( 0.0%) 
waterverts               0/65536           0/786432   ( 0.0%) 
waterindices           201/65536         402/131072   ( 0.3%) 
cubemapsamples           6/1024           96/16384    ( 0.6%) 
overlays                 0/512             0/180224   ( 0.0%) 
LDR lightdata         [variable]     1192624/0        ( 0.0%) 
HDR lightdata         [variable]     1192624/0        ( 0.0%) 
visdata               [variable]        6896/16777216 ( 0.0%) 
entdata               [variable]        5525/393216   ( 1.4%) 
LDR ambient table      374/65536        1496/262144   ( 0.6%) 
HDR ambient table      374/65536        1496/262144   ( 0.6%) 
LDR leaf ambient       652/65536       18256/1835008  ( 1.0%) 
HDR leaf ambient       662/65536       18536/1835008  ( 1.0%) 
occluders                0/0               0/0        ( 0.0%) 
occluder polygons        0/0               0/0        ( 0.0%) 
occluder vert ind        0/0               0/0        ( 0.0%) 
detail props          [variable]           1/12       ( 8.3%) 
static props          [variable]           1/12       ( 8.3%) 
pakfile               [variable]      739968/0        ( 0.0%) 
physics               [variable]       49108/4194304  ( 1.2%) 
physics terrain       [variable]           2/1048576  ( 0.0%) 

Level flags = 0

Total triangle count: 1865
Writing e:\program files (x86)\steam\steamapps\sourcemods\crimewarswtf\devmaps\doublehalls4_wtf7.bsp
12 seconds elapsed
