


materialPath: e:\program files (x86)\steam\steamapps\sourcemods\crimewarswtf\materials
Loading E:\Program Files (x86)\Steam\steamapps\sourcemods\crimewarswtf\devmaps\doublehalls4_ab3.vmf
Patching WVT material: maps/doublehalls4_ab3/dev/dev_blendmeasure_wvt_patch
fixing up env_cubemap materials on brush sides...
0...1...2...3...4...5...6...7...8...9...100...1...2...3...4...5...6...7...8...9...10Processing areas...done (0)
Building Faces...done (0)
FixTjuncs...
PruneNodes...
WriteBSP...
done (0)
writing E:\Program Files (x86)\Steam\steamapps\sourcemods\crimewarswtf\devmaps\doublehalls4_ab3.prt...Building visibility clusters...
done (0)
Creating default LDR cubemaps for env_cubemap using skybox materials:
   skybox/sky_day01_01*.vmt
 ! Run buildcubemaps in the engine to get the correct cube maps.
Creating default HDR cubemaps for env_cubemap using skybox materials:
   skybox/sky_day01_01*.vmt
 ! Run buildcubemaps in the engine to get the correct cube maps.
Finding displacement neighbors...
Finding lightmap sample positions...
Displacement Alpha : 0...1...2...3...4...5...6...7...8...9...10
Building Physics collision data...
done (0) (62565 bytes)
Placing detail props : 0...1...2...3...4...5...6...7...8...9...10
Compacting texture/material tables...
Reduced 82 texinfos to 54
Reduced 13 texdatas to 12 (315 bytes to 294)
Writing E:\Program Files (x86)\Steam\steamapps\sourcemods\crimewarswtf\devmaps\doublehalls4_ab3.bsp
0 seconds elapsed



8 threads
reading e:\program files (x86)\steam\steamapps\sourcemods\crimewarswtf\devmaps\doublehalls4_ab3.bsp
reading e:\program files (x86)\steam\steamapps\sourcemods\crimewarswtf\devmaps\doublehalls4_ab3.prt
 299 portalclusters
 996 numportals
0...1...2...3...4...5...6...7...8...9...100...1...2...3...4...5...6...7...8...9...10Optimized: 413 visible clusters (0.00%)
Total clusters visible: 37288
Average clusters visible: 124
Building PAS...
Average clusters audible: 291
visdatasize:23348  compressed from 23920
writing e:\program files (x86)\steam\steamapps\sourcemods\crimewarswtf\devmaps\doublehalls4_ab3.bsp
7 seconds elapsed



[Reading texlights from 'lights.rad']
[45 texlights parsed from 'lights.rad']

Loading e:\program files (x86)\steam\steamapps\sourcemods\crimewarswtf\devmaps\doublehalls4_ab3.bsp
1001 faces
485875 square feet [69966024.00 square inches]
0 Displacements
0 Square Feet [0.00 Square Inches]
1001 patches before subdivision
50789 patches after subdivision
17 direct lights
0...1...2...3...4...5...6...7...8...9...100...1...2...3...4...5...6...7...8...9...10transfers 7223203, max 466
transfer lists:  55.1 megs
0...1...2...3...4...5...6...7...8...9...10	Bounce #1 added RGB(15394, 15096, 13466)
0...1...2...3...4...5...6...7...8...9...10	Bounce #2 added RGB(1582, 1436, 1136)
0...1...2...3...4...5...6...7...8...9...10	Bounce #3 added RGB(180, 142, 99)
0...1...2...3...4...5...6...7...8...9...10	Bounce #4 added RGB(21, 14, 9)
0...1...2...3...4...5...6...7...8...9...10	Bounce #5 added RGB(3, 1, 1)
0...1...2...3...4...5...6...7...8...9...10	Bounce #6 added RGB(0, 0, 0)
Build Patch/Sample Hash Table(s).....Done<0.1168 sec>
0...1...2...3...4...5...6...7...8...9...10FinalLightFace Done
0 of 0 (0% of) surface lights went in leaf ambient cubes.
0...1...2...3...4...5...6...7...8...9...10Writing leaf ambient...done
Ready to Finish

Object names       Objects/Maxobjs  Memory / Maxmem  Fullness 
------------       ---------------  ---------------  -------- 
models                   1/1024           48/49152    ( 0.1%) 
brushes                195/8192         2340/98304    ( 2.4%) 
brushsides            1216/65536        9728/524288   ( 1.9%) 
planes                 322/65536        6440/1310720  ( 0.5%) 
vertexes              1506/65536       18072/786432   ( 2.3%) 
nodes                  564/65536       18048/2097152  ( 0.9%) 
texinfos                54/12288        3888/884736   ( 0.4%) 
texdata                 12/2048          384/65536    ( 0.6%) 
dispinfos                0/0               0/0        ( 0.0%) 
disp_verts               0/0               0/0        ( 0.0%) 
disp_tris                0/0               0/0        ( 0.0%) 
disp_lmsamples           0/0               0/0        ( 0.0%) 
faces                 1001/65536       56056/3670016  ( 1.5%) 
hdr faces                0/65536           0/3670016  ( 0.0%) 
origfaces              350/65536       19600/3670016  ( 0.5%) 
leaves                 566/65536       18112/2097152  ( 0.9%) 
leaffaces             1335/65536        2670/131072   ( 2.0%) 
leafbrushes            482/65536         964/131072   ( 0.7%) 
areas                    2/256            16/2048     ( 0.8%) 
surfedges             5920/512000      23680/2048000  ( 1.2%) 
edges                 3391/256000      13564/1024000  ( 1.3%) 
LDR worldlights         17/8192         1496/720896   ( 0.2%) 
HDR worldlights          0/8192            0/720896   ( 0.0%) 
leafwaterdata            0/32768           0/393216   ( 0.0%) 
waterstrips             60/32768         600/327680   ( 0.2%) 
waterverts               0/65536           0/786432   ( 0.0%) 
waterindices           855/65536        1710/131072   ( 1.3%) 
cubemapsamples           6/1024           96/16384    ( 0.6%) 
overlays                 0/512             0/180224   ( 0.0%) 
LDR lightdata         [variable]     1266000/0        ( 0.0%) 
HDR lightdata         [variable]           0/0        ( 0.0%) 
visdata               [variable]       23348/16777216 ( 0.1%) 
entdata               [variable]        7658/393216   ( 1.9%) 
LDR ambient table      566/65536        2264/262144   ( 0.9%) 
HDR ambient table      566/65536        2264/262144   ( 0.9%) 
LDR leaf ambient      3364/65536       94192/1835008  ( 5.1%) 
HDR leaf ambient       566/65536       15848/1835008  ( 0.9%) 
occluders                0/0               0/0        ( 0.0%) 
occluder polygons        0/0               0/0        ( 0.0%) 
occluder vert ind        0/0               0/0        ( 0.0%) 
detail props          [variable]           1/12       ( 8.3%) 
static props          [variable]           1/12       ( 8.3%) 
pakfile               [variable]      739938/0        ( 0.0%) 
physics               [variable]       62565/4194304  ( 1.5%) 
physics terrain       [variable]           2/1048576  ( 0.0%) 

Level flags = 0

Total triangle count: 2518
Writing e:\program files (x86)\steam\steamapps\sourcemods\crimewarswtf\devmaps\doublehalls4_ab3.bsp
22 seconds elapsed



[Reading texlights from 'lights.rad']
[45 texlights parsed from 'lights.rad']

Loading e:\program files (x86)\steam\steamapps\sourcemods\crimewarswtf\devmaps\doublehalls4_ab3.bsp
1001 faces
485875 square feet [69966024.00 square inches]
0 Displacements
0 Square Feet [0.00 Square Inches]
1001 patches before subdivision
50789 patches after subdivision
17 direct lights
0...1...2...3...4...5...6...7...8...9...100...1...2...3...4...5...6...7...8...9...10transfers 7223203, max 466
transfer lists:  55.1 megs
0...1...2...3...4...5...6...7...8...9...10	Bounce #1 added RGB(15596, 15088, 13447)
0...1...2...3...4...5...6...7...8...9...10	Bounce #2 added RGB(1603, 1435, 1134)
0...1...2...3...4...5...6...7...8...9...10	Bounce #3 added RGB(182, 142, 98)
0...1...2...3...4...5...6...7...8...9...10	Bounce #4 added RGB(22, 14, 9)
0...1...2...3...4...5...6...7...8...9...10	Bounce #5 added RGB(3, 1, 1)
0...1...2...3...4...5...6...7...8...9...10	Bounce #6 added RGB(0, 0, 0)
Build Patch/Sample Hash Table(s).....Done<0.1313 sec>
0...1...2...3...4...5...6...7...8...9...10FinalLightFace Done
0 of 0 (0% of) surface lights went in leaf ambient cubes.
0...1...2...3...4...5...6...7...8...9...10Writing leaf ambient...done
Ready to Finish

Object names       Objects/Maxobjs  Memory / Maxmem  Fullness 
------------       ---------------  ---------------  -------- 
models                   1/1024           48/49152    ( 0.1%) 
brushes                195/8192         2340/98304    ( 2.4%) 
brushsides            1216/65536        9728/524288   ( 1.9%) 
planes                 322/65536        6440/1310720  ( 0.5%) 
vertexes              1506/65536       18072/786432   ( 2.3%) 
nodes                  564/65536       18048/2097152  ( 0.9%) 
texinfos                54/12288        3888/884736   ( 0.4%) 
texdata                 12/2048          384/65536    ( 0.6%) 
dispinfos                0/0               0/0        ( 0.0%) 
disp_verts               0/0               0/0        ( 0.0%) 
disp_tris                0/0               0/0        ( 0.0%) 
disp_lmsamples           0/0               0/0        ( 0.0%) 
faces                 1001/65536       56056/3670016  ( 1.5%) 
hdr faces             1001/65536       56056/3670016  ( 1.5%) 
origfaces              350/65536       19600/3670016  ( 0.5%) 
leaves                 566/65536       18112/2097152  ( 0.9%) 
leaffaces             1335/65536        2670/131072   ( 2.0%) 
leafbrushes            482/65536         964/131072   ( 0.7%) 
areas                    2/256            16/2048     ( 0.8%) 
surfedges             5920/512000      23680/2048000  ( 1.2%) 
edges                 3391/256000      13564/1024000  ( 1.3%) 
LDR worldlights         17/8192         1496/720896   ( 0.2%) 
HDR worldlights         17/8192         1496/720896   ( 0.2%) 
leafwaterdata            0/32768           0/393216   ( 0.0%) 
waterstrips             60/32768         600/327680   ( 0.2%) 
waterverts               0/65536           0/786432   ( 0.0%) 
waterindices           855/65536        1710/131072   ( 1.3%) 
cubemapsamples           6/1024           96/16384    ( 0.6%) 
overlays                 0/512             0/180224   ( 0.0%) 
LDR lightdata         [variable]     1266000/0        ( 0.0%) 
HDR lightdata         [variable]     1266000/0        ( 0.0%) 
visdata               [variable]       23348/16777216 ( 0.1%) 
entdata               [variable]        7658/393216   ( 1.9%) 
LDR ambient table      566/65536        2264/262144   ( 0.9%) 
HDR ambient table      566/65536        2264/262144   ( 0.9%) 
LDR leaf ambient      3364/65536       94192/1835008  ( 5.1%) 
HDR leaf ambient      3381/65536       94668/1835008  ( 5.2%) 
occluders                0/0               0/0        ( 0.0%) 
occluder polygons        0/0               0/0        ( 0.0%) 
occluder vert ind        0/0               0/0        ( 0.0%) 
detail props          [variable]           1/12       ( 8.3%) 
static props          [variable]           1/12       ( 8.3%) 
pakfile               [variable]      739938/0        ( 0.0%) 
physics               [variable]       62565/4194304  ( 1.5%) 
physics terrain       [variable]           2/1048576  ( 0.0%) 

Level flags = 0

Total triangle count: 2518
Writing e:\program files (x86)\steam\steamapps\sourcemods\crimewarswtf\devmaps\doublehalls4_ab3.bsp
22 seconds elapsed
