


materialPath: e:\program files (x86)\steam\steamapps\sourcemods\crimewarswtf\materials
Loading E:\Program Files (x86)\Steam\steamapps\sourcemods\crimewarswtf\devmaps\doublehalls4_ab4.vmf
Patching WVT material: maps/doublehalls4_ab4/dev/dev_blendmeasure_wvt_patch
fixing up env_cubemap materials on brush sides...
0...1...2...3...4...5...6...7...8...9...100...1...2...3...4...5...6...7...8...9...10Processing areas...done (0)
Building Faces...done (0)
FixTjuncs...
PruneNodes...
WriteBSP...
done (0)
writing E:\Program Files (x86)\Steam\steamapps\sourcemods\crimewarswtf\devmaps\doublehalls4_ab4.prt...Building visibility clusters...
done (0)
Creating default LDR cubemaps for env_cubemap using skybox materials:
   skybox/sky_day01_01*.vmt
 ! Run buildcubemaps in the engine to get the correct cube maps.
Creating default HDR cubemaps for env_cubemap using skybox materials:
   skybox/sky_day01_01*.vmt
 ! Run buildcubemaps in the engine to get the correct cube maps.
Finding displacement neighbors...
Finding lightmap sample positions...
Displacement Alpha : 0...1...2...3...4...5...6...7...8...9...10
Building Physics collision data...
done (0) (87603 bytes)
Placing detail props : 0...1...2...3...4...5...6...7...8...9...10
Compacting texture/material tables...
Reduced 169 texinfos to 122
Reduced 14 texdatas to 13 (334 bytes to 313)
Writing E:\Program Files (x86)\Steam\steamapps\sourcemods\crimewarswtf\devmaps\doublehalls4_ab4.bsp
0 seconds elapsed



8 threads
reading e:\program files (x86)\steam\steamapps\sourcemods\crimewarswtf\devmaps\doublehalls4_ab4.bsp
reading e:\program files (x86)\steam\steamapps\sourcemods\crimewarswtf\devmaps\doublehalls4_ab4.prt
 709 portalclusters
2976 numportals
0...1...2...3...4...5...6...7...8...9...100...1...2...3...4...5...6...7...8...9...10Optimized: 1073 visible clusters (0.00%)
Total clusters visible: 160692
Average clusters visible: 226
Building PAS...
Average clusters audible: 698
visdatasize:108105  compressed from 136128
writing e:\program files (x86)\steam\steamapps\sourcemods\crimewarswtf\devmaps\doublehalls4_ab4.bsp
1 minute, 56 seconds elapsed



[Reading texlights from 'lights.rad']
[45 texlights parsed from 'lights.rad']

Loading e:\program files (x86)\steam\steamapps\sourcemods\crimewarswtf\devmaps\doublehalls4_ab4.bsp
1639 faces
558757 square feet [80461088.00 square inches]
0 Displacements
0 Square Feet [0.00 Square Inches]
1639 patches before subdivision
63753 patches after subdivision
17 direct lights
0...1...2...3...4...5...6...7...8...9...100...1...2...3...4...5...6...7...8...9...10transfers 10718290, max 563
transfer lists:  81.8 megs
0...1...2...3...4...5...6...7...8...9...10	Bounce #1 added RGB(17491, 17304, 15216)
0...1...2...3...4...5...6...7...8...9...10	Bounce #2 added RGB(1724, 1564, 1226)
0...1...2...3...4...5...6...7...8...9...10	Bounce #3 added RGB(188, 148, 102)
0...1...2...3...4...5...6...7...8...9...10	Bounce #4 added RGB(22, 14, 9)
0...1...2...3...4...5...6...7...8...9...10	Bounce #5 added RGB(3, 1, 1)
0...1...2...3...4...5...6...7...8...9...10	Bounce #6 added RGB(0, 0, 0)
Build Patch/Sample Hash Table(s).....Done<0.1138 sec>
0...1...2...3...4...5...6...7...8...9...10FinalLightFace Done
0 of 0 (0% of) surface lights went in leaf ambient cubes.
0...1...2...3...4...5...6...7...8...9...10Writing leaf ambient...done
Ready to Finish

Object names       Objects/Maxobjs  Memory / Maxmem  Fullness 
------------       ---------------  ---------------  -------- 
models                   5/1024          240/49152    ( 0.5%) 
brushes                259/8192         3108/98304    ( 3.2%) 
brushsides            1652/65536       13216/524288   ( 2.5%) 
planes                 602/65536       12040/1310720  ( 0.9%) 
vertexes              2281/65536       27372/786432   ( 3.5%) 
nodes                  998/65536       31936/2097152  ( 1.5%) 
texinfos               122/12288        8784/884736   ( 1.0%) 
texdata                 13/2048          416/65536    ( 0.6%) 
dispinfos                0/0               0/0        ( 0.0%) 
disp_verts               0/0               0/0        ( 0.0%) 
disp_tris                0/0               0/0        ( 0.0%) 
disp_lmsamples           0/0               0/0        ( 0.0%) 
faces                 1639/65536       91784/3670016  ( 2.5%) 
hdr faces                0/65536           0/3670016  ( 0.0%) 
origfaces              652/65536       36512/3670016  ( 1.0%) 
leaves                1004/65536       32128/2097152  ( 1.5%) 
leaffaces             2472/65536        4944/131072   ( 3.8%) 
leafbrushes            613/65536        1226/131072   ( 0.9%) 
areas                    2/256            16/2048     ( 0.8%) 
surfedges            10055/512000      40220/2048000  ( 2.0%) 
edges                 5642/256000      22568/1024000  ( 2.2%) 
LDR worldlights         17/8192         1496/720896   ( 0.2%) 
HDR worldlights          0/8192            0/720896   ( 0.0%) 
leafwaterdata            0/32768           0/393216   ( 0.0%) 
waterstrips            108/32768        1080/327680   ( 0.3%) 
waterverts               0/65536           0/786432   ( 0.0%) 
waterindices          1542/65536        3084/131072   ( 2.4%) 
cubemapsamples           6/1024           96/16384    ( 0.6%) 
overlays                 0/512             0/180224   ( 0.0%) 
LDR lightdata         [variable]     1526548/0        ( 0.0%) 
HDR lightdata         [variable]           0/0        ( 0.0%) 
visdata               [variable]      108105/16777216 ( 0.6%) 
entdata               [variable]        8764/393216   ( 2.2%) 
LDR ambient table     1004/65536        4016/262144   ( 1.5%) 
HDR ambient table     1004/65536        4016/262144   ( 1.5%) 
LDR leaf ambient      7123/65536      199444/1835008  (10.9%) 
HDR leaf ambient      1004/65536       28112/1835008  ( 1.5%) 
occluders                0/0               0/0        ( 0.0%) 
occluder polygons        0/0               0/0        ( 0.0%) 
occluder vert ind        0/0               0/0        ( 0.0%) 
detail props          [variable]           1/12       ( 8.3%) 
static props          [variable]           1/12       ( 8.3%) 
pakfile               [variable]      739938/0        ( 0.0%) 
physics               [variable]       87603/4194304  ( 2.1%) 
physics terrain       [variable]           2/1048576  ( 0.0%) 

Level flags = 0

Total triangle count: 4169
Writing e:\program files (x86)\steam\steamapps\sourcemods\crimewarswtf\devmaps\doublehalls4_ab4.bsp
27 seconds elapsed



[Reading texlights from 'lights.rad']
[45 texlights parsed from 'lights.rad']

Loading e:\program files (x86)\steam\steamapps\sourcemods\crimewarswtf\devmaps\doublehalls4_ab4.bsp
1639 faces
558757 square feet [80461088.00 square inches]
0 Displacements
0 Square Feet [0.00 Square Inches]
1639 patches before subdivision
63753 patches after subdivision
17 direct lights
0...1...2...3...4...5...6...7...8...9...100...1...2...3...4...5...6...7...8...9...10transfers 10718290, max 563
transfer lists:  81.8 megs
0...1...2...3...4...5...6...7...8...9...10	Bounce #1 added RGB(17764, 17293, 15190)
0...1...2...3...4...5...6...7...8...9...10	Bounce #2 added RGB(1751, 1563, 1224)
0...1...2...3...4...5...6...7...8...9...10	Bounce #3 added RGB(191, 148, 102)
0...1...2...3...4...5...6...7...8...9...10	Bounce #4 added RGB(22, 14, 9)
0...1...2...3...4...5...6...7...8...9...10	Bounce #5 added RGB(3, 1, 1)
0...1...2...3...4...5...6...7...8...9...10	Bounce #6 added RGB(0, 0, 0)
Build Patch/Sample Hash Table(s).....Done<0.1276 sec>
0...1...2...3...4...5...6...7...8...9...10FinalLightFace Done
0 of 0 (0% of) surface lights went in leaf ambient cubes.
0...1...2...3...4...5...6...7...8...9...10Writing leaf ambient...done
Ready to Finish

Object names       Objects/Maxobjs  Memory / Maxmem  Fullness 
------------       ---------------  ---------------  -------- 
models                   5/1024          240/49152    ( 0.5%) 
brushes                259/8192         3108/98304    ( 3.2%) 
brushsides            1652/65536       13216/524288   ( 2.5%) 
planes                 602/65536       12040/1310720  ( 0.9%) 
vertexes              2281/65536       27372/786432   ( 3.5%) 
nodes                  998/65536       31936/2097152  ( 1.5%) 
texinfos               122/12288        8784/884736   ( 1.0%) 
texdata                 13/2048          416/65536    ( 0.6%) 
dispinfos                0/0               0/0        ( 0.0%) 
disp_verts               0/0               0/0        ( 0.0%) 
disp_tris                0/0               0/0        ( 0.0%) 
disp_lmsamples           0/0               0/0        ( 0.0%) 
faces                 1639/65536       91784/3670016  ( 2.5%) 
hdr faces             1639/65536       91784/3670016  ( 2.5%) 
origfaces              652/65536       36512/3670016  ( 1.0%) 
leaves                1004/65536       32128/2097152  ( 1.5%) 
leaffaces             2472/65536        4944/131072   ( 3.8%) 
leafbrushes            613/65536        1226/131072   ( 0.9%) 
areas                    2/256            16/2048     ( 0.8%) 
surfedges            10055/512000      40220/2048000  ( 2.0%) 
edges                 5642/256000      22568/1024000  ( 2.2%) 
LDR worldlights         17/8192         1496/720896   ( 0.2%) 
HDR worldlights         17/8192         1496/720896   ( 0.2%) 
leafwaterdata            0/32768           0/393216   ( 0.0%) 
waterstrips            108/32768        1080/327680   ( 0.3%) 
waterverts               0/65536           0/786432   ( 0.0%) 
waterindices          1542/65536        3084/131072   ( 2.4%) 
cubemapsamples           6/1024           96/16384    ( 0.6%) 
overlays                 0/512             0/180224   ( 0.0%) 
LDR lightdata         [variable]     1526548/0        ( 0.0%) 
HDR lightdata         [variable]     1526548/0        ( 0.0%) 
visdata               [variable]      108105/16777216 ( 0.6%) 
entdata               [variable]        8764/393216   ( 2.2%) 
LDR ambient table     1004/65536        4016/262144   ( 1.5%) 
HDR ambient table     1004/65536        4016/262144   ( 1.5%) 
LDR leaf ambient      7123/65536      199444/1835008  (10.9%) 
HDR leaf ambient      7138/65536      199864/1835008  (10.9%) 
occluders                0/0               0/0        ( 0.0%) 
occluder polygons        0/0               0/0        ( 0.0%) 
occluder vert ind        0/0               0/0        ( 0.0%) 
detail props          [variable]           1/12       ( 8.3%) 
static props          [variable]           1/12       ( 8.3%) 
pakfile               [variable]      739938/0        ( 0.0%) 
physics               [variable]       87603/4194304  ( 2.1%) 
physics terrain       [variable]           2/1048576  ( 0.0%) 

Level flags = 0

Total triangle count: 4169
Writing e:\program files (x86)\steam\steamapps\sourcemods\crimewarswtf\devmaps\doublehalls4_ab4.bsp
27 seconds elapsed
