


materialPath: D:\Program Files (x86)\Steam\SteamApps\sourcemods\CrimeWars2013\materials
Loading D:\Program Files (x86)\Steam\SteamApps\sourcemods\crimewarswtf5\devmaps\doublehalls4_ab7_2.vmf
Could not locate 'GameData' key in d:\program files (x86)\steam\steamapps\sourcemods\crimewars2013\gameinfo.txt
Patching WVT material: maps/doublehalls4_ab7_2/dev/dev_blendmeasure_wvt_patch
fixing up env_cubemap materials on brush sides...
0...1...2...3...4...5...6...7...8...9...100...1...2...3...4...5...6...7...8...9...10Processing areas...done (0)
Building Faces...done (0)
FixTjuncs...
PruneNodes...
WriteBSP...
done (0)
writing D:\Program Files (x86)\Steam\SteamApps\sourcemods\crimewarswtf5\devmaps\doublehalls4_ab7_2.prt...Building visibility clusters...
done (0)
*** Error: Skybox vtf files for skybox/sky_day01_01 weren't compiled with the same size texture and/or same flags!
Can't load skybox file skybox/sky_day01_01 to build the default cubemap!
*** Error: Skybox vtf files for skybox/sky_day01_01 weren't compiled with the same size texture and/or same flags!
Can't load skybox file skybox/sky_day01_01 to build the default cubemap!
Finding displacement neighbors...
Finding lightmap sample positions...
Displacement Alpha : 0...1...2...3...4...5...6...7...8...9...10
Building Physics collision data...
done (0) (87635 bytes)
Placing detail props : 0...1...2...3...4...5...6...7...8...9...10
Compacting texture/material tables...
Reduced 169 texinfos to 121
Reduced 14 texdatas to 13 (336 bytes to 315)
Writing D:\Program Files (x86)\Steam\SteamApps\sourcemods\crimewarswtf5\devmaps\doublehalls4_ab7_2.bsp
0 seconds elapsed



6 threads
reading d:\program files (x86)\steam\steamapps\sourcemods\crimewarswtf5\devmaps\doublehalls4_ab7_2.bsp
reading d:\program files (x86)\steam\steamapps\sourcemods\crimewarswtf5\devmaps\doublehalls4_ab7_2.prt
 710 portalclusters
2980 numportals
0...1...2...3...4...5...6...7...8...9...100...1...2...3...4...5...6...7...8...9...10Optimized: 1093 visible clusters (0.68%)
Total clusters visible: 161341
Average clusters visible: 227
Building PAS...
Average clusters audible: 699
visdatasize:108534  compressed from 136320
writing d:\program files (x86)\steam\steamapps\sourcemods\crimewarswtf5\devmaps\doublehalls4_ab7_2.bsp
43 seconds elapsed



Could not find lights.rad in lights.rad.
Trying VRAD BIN directory instead...
Warning: Couldn't open texlight file D:\Program Files (x86)\Steam\SteamApps\common\Source SDK Base 2013 Multiplayer\bin\lights.rad.
Loading d:\program files (x86)\steam\steamapps\sourcemods\crimewarswtf5\devmaps\doublehalls4_ab7_2.bsp
1640 faces
558823 square feet [80470568.00 square inches]
0 Displacements
0 Square Feet [0.00 Square Inches]
1640 patches before subdivision
63792 patches after subdivision
37 direct lights
0...1...2...3...4...5...6...7...8...9...100...1...2...3...4...5...6...7...8...9...10transfers 10704912, max 554
transfer lists:  81.7 megs
0...1...2...3...4...5...6...7...8...9...10	Bounce #1 added RGB(46085, 43767, 38467)
0...1...2...3...4...5...6...7...8...9...10	Bounce #2 added RGB(4504, 3898, 2833)
0...1...2...3...4...5...6...7...8...9...10	Bounce #3 added RGB(461, 357, 225)
0...1...2...3...4...5...6...7...8...9...10	Bounce #4 added RGB(50, 33, 18)
0...1...2...3...4...5...6...7...8...9...10	Bounce #5 added RGB(6, 3, 2)
0...1...2...3...4...5...6...7...8...9...10	Bounce #6 added RGB(1, 0, 0)
Build Patch/Sample Hash Table(s).....Done<0.0182 sec>
0...1...2...3...4...5...6...7...8...9...10FinalLightFace Done
0 of 0 (0% of) surface lights went in leaf ambient cubes.
0...1...2...3...4...5...6...7...8...9...10Writing leaf ambient...done
Ready to Finish

Object names       Objects/Maxobjs  Memory / Maxmem  Fullness 
------------       ---------------  ---------------  -------- 
models                   5/1024          240/49152    ( 0.5%) 
brushes                259/8192         3108/98304    ( 3.2%) 
brushsides            1652/65536       13216/524288   ( 2.5%) 
planes                 604/65536       12080/1310720  ( 0.9%) 
vertexes              2270/65536       27240/786432   ( 3.5%) 
nodes                  999/65536       31968/2097152  ( 1.5%) 
texinfos               121/12288        8712/884736   ( 1.0%) 
texdata                 13/2048          416/65536    ( 0.6%) 
dispinfos                0/0               0/0        ( 0.0%) 
disp_verts               0/0               0/0        ( 0.0%) 
disp_tris                0/0               0/0        ( 0.0%) 
disp_lmsamples           0/0               0/0        ( 0.0%) 
faces                 1640/65536       91840/3670016  ( 2.5%) 
hdr faces                0/65536           0/3670016  ( 0.0%) 
origfaces              653/65536       36568/3670016  ( 1.0%) 
leaves                1005/65536       32160/2097152  ( 1.5%) 
leaffaces             2482/65536        4964/131072   ( 3.8%) 
leafbrushes            618/65536        1236/131072   ( 0.9%) 
areas                    2/256            16/2048     ( 0.8%) 
surfedges            10047/512000      40188/2048000  ( 2.0%) 
edges                 5630/256000      22520/1024000  ( 2.2%) 
LDR worldlights         37/8192         3256/720896   ( 0.5%) 
HDR worldlights          0/8192            0/720896   ( 0.0%) 
leafwaterdata            0/32768           0/393216   ( 0.0%) 
waterstrips            103/32768        1030/327680   ( 0.3%) 
waterverts               0/65536           0/786432   ( 0.0%) 
waterindices          1476/65536        2952/131072   ( 2.3%) 
cubemapsamples           6/1024           96/16384    ( 0.6%) 
overlays                 0/512             0/180224   ( 0.0%) 
LDR lightdata         [variable]     1526416/0        ( 0.0%) 
HDR lightdata         [variable]           0/0        ( 0.0%) 
visdata               [variable]      108534/16777216 ( 0.6%) 
entdata               [variable]       12189/393216   ( 3.1%) 
LDR ambient table     1005/65536        4020/262144   ( 1.5%) 
HDR ambient table     1005/65536        4020/262144   ( 1.5%) 
LDR leaf ambient      8053/65536      225484/1835008  (12.3%) 
HDR leaf ambient      1005/65536       28140/1835008  ( 1.5%) 
occluders                0/0               0/0        ( 0.0%) 
occluder polygons        0/0               0/0        ( 0.0%) 
occluder vert ind        0/0               0/0        ( 0.0%) 
detail props          [variable]           1/12       ( 8.3%) 
static props          [variable]           1/12       ( 8.3%) 
pakfile               [variable]         407/0        ( 0.0%) 
physics               [variable]       87635/4194304  ( 2.1%) 
physics terrain       [variable]           2/1048576  ( 0.0%) 

Level flags = 0

Total triangle count: 4155
Writing d:\program files (x86)\steam\steamapps\sourcemods\crimewarswtf5\devmaps\doublehalls4_ab7_2.bsp
6 seconds elapsed



Could not find lights.rad in lights.rad.
Trying VRAD BIN directory instead...
Warning: Couldn't open texlight file D:\Program Files (x86)\Steam\SteamApps\common\Source SDK Base 2013 Multiplayer\bin\lights.rad.
Loading d:\program files (x86)\steam\steamapps\sourcemods\crimewarswtf5\devmaps\doublehalls4_ab7_2.bsp
1640 faces
558823 square feet [80470568.00 square inches]
0 Displacements
0 Square Feet [0.00 Square Inches]
1640 patches before subdivision
63792 patches after subdivision
37 direct lights
0...1...2...3...4...5...6...7...8...9...100...1...2...3...4...5...6...7...8...9...10transfers 10704912, max 554
transfer lists:  81.7 megs
0...1...2...3...4...5...6...7...8...9...10	Bounce #1 added RGB(46361, 43756, 38441)
0...1...2...3...4...5...6...7...8...9...10	Bounce #2 added RGB(4531, 3897, 2831)
0...1...2...3...4...5...6...7...8...9...10	Bounce #3 added RGB(464, 357, 225)
0...1...2...3...4...5...6...7...8...9...10	Bounce #4 added RGB(50, 33, 18)
0...1...2...3...4...5...6...7...8...9...10	Bounce #5 added RGB(6, 3, 2)
0...1...2...3...4...5...6...7...8...9...10	Bounce #6 added RGB(1, 0, 0)
Build Patch/Sample Hash Table(s).....Done<0.0209 sec>
0...1...2...3...4...5...6...7...8...9...10FinalLightFace Done
0 of 0 (0% of) surface lights went in leaf ambient cubes.
0...1...2...3...4...5...6...7...8...9...10Writing leaf ambient...done
Ready to Finish

Object names       Objects/Maxobjs  Memory / Maxmem  Fullness 
------------       ---------------  ---------------  -------- 
models                   5/1024          240/49152    ( 0.5%) 
brushes                259/8192         3108/98304    ( 3.2%) 
brushsides            1652/65536       13216/524288   ( 2.5%) 
planes                 604/65536       12080/1310720  ( 0.9%) 
vertexes              2270/65536       27240/786432   ( 3.5%) 
nodes                  999/65536       31968/2097152  ( 1.5%) 
texinfos               121/12288        8712/884736   ( 1.0%) 
texdata                 13/2048          416/65536    ( 0.6%) 
dispinfos                0/0               0/0        ( 0.0%) 
disp_verts               0/0               0/0        ( 0.0%) 
disp_tris                0/0               0/0        ( 0.0%) 
disp_lmsamples           0/0               0/0        ( 0.0%) 
faces                 1640/65536       91840/3670016  ( 2.5%) 
hdr faces             1640/65536       91840/3670016  ( 2.5%) 
origfaces              653/65536       36568/3670016  ( 1.0%) 
leaves                1005/65536       32160/2097152  ( 1.5%) 
leaffaces             2482/65536        4964/131072   ( 3.8%) 
leafbrushes            618/65536        1236/131072   ( 0.9%) 
areas                    2/256            16/2048     ( 0.8%) 
surfedges            10047/512000      40188/2048000  ( 2.0%) 
edges                 5630/256000      22520/1024000  ( 2.2%) 
LDR worldlights         37/8192         3256/720896   ( 0.5%) 
HDR worldlights         37/8192         3256/720896   ( 0.5%) 
leafwaterdata            0/32768           0/393216   ( 0.0%) 
waterstrips            103/32768        1030/327680   ( 0.3%) 
waterverts               0/65536           0/786432   ( 0.0%) 
waterindices          1476/65536        2952/131072   ( 2.3%) 
cubemapsamples           6/1024           96/16384    ( 0.6%) 
overlays                 0/512             0/180224   ( 0.0%) 
LDR lightdata         [variable]     1526416/0        ( 0.0%) 
HDR lightdata         [variable]     1526416/0        ( 0.0%) 
visdata               [variable]      108534/16777216 ( 0.6%) 
entdata               [variable]       12189/393216   ( 3.1%) 
LDR ambient table     1005/65536        4020/262144   ( 1.5%) 
HDR ambient table     1005/65536        4020/262144   ( 1.5%) 
LDR leaf ambient      8053/65536      225484/1835008  (12.3%) 
HDR leaf ambient      8031/65536      224868/1835008  (12.3%) 
occluders                0/0               0/0        ( 0.0%) 
occluder polygons        0/0               0/0        ( 0.0%) 
occluder vert ind        0/0               0/0        ( 0.0%) 
detail props          [variable]           1/12       ( 8.3%) 
static props          [variable]           1/12       ( 8.3%) 
pakfile               [variable]         407/0        ( 0.0%) 
physics               [variable]       87635/4194304  ( 2.1%) 
physics terrain       [variable]           2/1048576  ( 0.0%) 

Level flags = 0

Total triangle count: 4155
Writing d:\program files (x86)\steam\steamapps\sourcemods\crimewarswtf5\devmaps\doublehalls4_ab7_2.bsp
6 seconds elapsed
