PRT1
15
22
4 0 2 (1440 0 32 ) (1440 0 2272 ) (1024 0 2272 ) (1024 0 32 ) 
4 0 1 (1024 0 32 ) (1024 0 2272 ) (1024 864 2272 ) (1024 864 32 ) 
4 1 6 (0 0 32 ) (0 0 2272 ) (0 864 2272 ) (0 864 32 ) 
4 1 3 (1024 0 32 ) (1024 0 2272 ) (0 0 2272 ) (0 0 32 ) 
4 2 4 (1440 -1024 2272 ) (1024 -1024 2272 ) (1024 -1024 32 ) (1440 -1024 32 ) 
4 2 3 (1024 0 2272 ) (1024 0 32 ) (1024 -1024 32 ) (1024 -1024 2272 ) 
4 3 9 (0 -1024 32 ) (0 -1024 2272 ) (0 0 2272 ) (0 0 32 ) 
4 3 5 (0 -1024 2272 ) (0 -1024 32 ) (1024 -1024 32 ) (1024 -1024 2272 ) 
4 4 5 (1024 -1024 2272 ) (1024 -1024 32 ) (1024 -1056 32 ) (1024 -1056 2272 ) 
4 5 11 (0 -1056 2272 ) (0 -1024 2272 ) (0 -1024 32 ) (0 -1056 32 ) 
4 6 9 (0 0 32 ) (0 0 2272 ) (-1024 0 2272 ) (-1024 0 32 ) 
4 6 7 (-1024 0 32 ) (-1024 0 2272 ) (-1024 864 2272 ) (-1024 864 32 ) 
4 7 10 (-1024 0 32 ) (-1024 0 2272 ) (-2048 0 2272 ) (-2048 0 32 ) 
4 7 8 (-2048 0 32 ) (-2048 0 2272 ) (-2048 864 2272 ) (-2048 864 32 ) 
4 8 13 (-2048 0 32 ) (-2048 0 2272 ) (-2144 0 2272 ) (-2144 0 32 ) 
4 9 11 (0 -1024 32 ) (0 -1024 2272 ) (-1024 -1024 2272 ) (-1024 -1024 32 ) 
4 9 10 (-1024 0 2272 ) (-1024 0 32 ) (-1024 -1024 32 ) (-1024 -1024 2272 ) 
4 10 13 (-2048 0 2272 ) (-2048 0 32 ) (-2048 -1024 32 ) (-2048 -1024 2272 ) 
4 10 12 (-1024 -1024 32 ) (-1024 -1024 2272 ) (-2048 -1024 2272 ) (-2048 -1024 32 ) 
4 11 12 (-1024 -1056 2272 ) (-1024 -1024 2272 ) (-1024 -1024 32 ) (-1024 -1056 32 ) 
4 12 14 (-2048 -1056 2272 ) (-2048 -1024 2272 ) (-2048 -1024 32 ) (-2048 -1056 32 ) 
4 13 14 (-2048 -1024 32 ) (-2048 -1024 2272 ) (-2144 -1024 2272 ) (-2144 -1024 32 ) 
