PRT1
17
33
4 0 2 (0 1024 -736 ) (0 1024 800 ) (0 1056 800 ) (0 1056 -736 ) 
4 0 1 (0 1024 800 ) (0 1024 -736 ) (864 1024 -736 ) (864 1024 800 ) 
4 1 6 (864 0 800 ) (0 0 800 ) (0 0 -736 ) (864 0 -736 ) 
4 1 3 (0 0 -736 ) (0 0 800 ) (0 1024 800 ) (0 1024 -736 ) 
4 2 4 (-1024 1024 -736 ) (-1024 1024 800 ) (-1024 1056 800 ) (-1024 1056 -736 ) 
4 2 3 (0 1024 -736 ) (0 1024 800 ) (-1024 1024 800 ) (-1024 1024 -736 ) 
4 3 13 (0 0 -736 ) (0 0 800 ) (-1024 0 800 ) (-1024 0 -736 ) 
4 3 5 (-1024 0 -736 ) (-1024 0 800 ) (-1024 1024 800 ) (-1024 1024 -736 ) 
4 4 5 (-1024 1024 -736 ) (-1024 1024 800 ) (-1760 1024 800 ) (-1760 1024 -736 ) 
4 5 14 (-1024 0 -736 ) (-1024 0 800 ) (-1760 0 800 ) (-1760 0 -736 ) 
4 6 13 (0 0 800 ) (0 0 -736 ) (0 -1024 -736 ) (0 -1024 800 ) 
4 6 8 (59.500000 -1024 800 ) (4.500000 -1024 800 ) (4.500000 -1024 -736 ) (59.500000 -1024 -736 ) 
4 6 7 (864 -1024 800 ) (59.500000 -1024 800 ) (59.500000 -1024 -736 ) (864 -1024 -736 ) 
4 6 11 (4.500000 -1024 800 ) (0 -1024 800 ) (0 -1024 -736 ) (4.500000 -1024 -736 ) 
4 7 12 (59.500000 -1744 -736 ) (864 -1744 -736 ) (864 -1744 800 ) (59.500000 -1744 800 ) 
4 7 10 (59.500000 -1696 -736 ) (59.500000 -1744 -736 ) (59.500000 -1744 -448 ) (59.500000 -1696 -448 ) 
4 7 9 (59.500000 -1744 -448 ) (59.500000 -1744 800 ) (59.500000 -1696 800 ) (59.500000 -1696 -448 ) 
4 7 8 (59.500000 -1024 -736 ) (59.500000 -1696 -736 ) (59.500000 -1696 800 ) (59.500000 -1024 800 ) 
4 8 10 (4.500000 -1696 -448 ) (4.500000 -1696 -736 ) (59.500000 -1696 -736 ) (59.500000 -1696 -448 ) 
4 8 9 (4.500000 -1696 800 ) (4.500000 -1696 -448 ) (59.500000 -1696 -448 ) (59.500000 -1696 800 ) 
4 8 11 (4.500000 -1024 -736 ) (4.500000 -1696 -736 ) (4.500000 -1696 800 ) (4.500000 -1024 800 ) 
4 9 12 (59.500000 -1744 -448 ) (59.500000 -1744 800 ) (4.500000 -1744 800 ) (4.500000 -1744 -448 ) 
4 9 11 (4.500000 -1744 -448 ) (4.500000 -1744 800 ) (4.500000 -1696 800 ) (4.500000 -1696 -448 ) 
4 9 10 (4.500000 -1744 -448 ) (4.500000 -1696 -448 ) (59.500000 -1696 -448 ) (59.500000 -1744 -448 ) 
4 10 12 (4.500000 -1744 -736 ) (59.500000 -1744 -736 ) (59.500000 -1744 -448 ) (4.500000 -1744 -448 ) 
4 10 11 (4.500000 -1696 -736 ) (4.500000 -1744 -736 ) (4.500000 -1744 -448 ) (4.500000 -1696 -448 ) 
4 11 15 (0 -1744 800 ) (0 -1024 800 ) (0 -1024 -736 ) (0 -1744 -736 ) 
4 11 12 (0 -1744 -736 ) (4.500000 -1744 -736 ) (4.500000 -1744 800 ) (0 -1744 800 ) 
4 12 15 (0 -1888 800 ) (0 -1744 800 ) (0 -1744 -736 ) (0 -1888 -736 ) 
4 13 15 (0 -1024 -736 ) (0 -1024 800 ) (-1024 -1024 800 ) (-1024 -1024 -736 ) 
4 13 14 (-1024 0 800 ) (-1024 0 -736 ) (-1024 -1024 -736 ) (-1024 -1024 800 ) 
4 14 16 (-1024 -1024 -736 ) (-1024 -1024 800 ) (-1760 -1024 800 ) (-1760 -1024 -736 ) 
4 15 16 (-1024 -1024 800 ) (-1024 -1024 -736 ) (-1024 -1888 -736 ) (-1024 -1888 800 ) 
