PRT1
48
108
4 0 9 (-352 64 64 ) (-352 64 1120 ) (-384 64 1120 ) (-384 64 64 ) 
4 0 2 (-384 128 160 ) (-384 128 1120 ) (-384 544 1120 ) (-384 544 160 ) 
4 0 1 (-384 992 1120 ) (-384 992 32 ) (-384 544 32 ) (-384 544 1120 ) 
4 0 3 (-384 128 32 ) (-384 64 32 ) (-384 64 1120 ) (-384 128 1120 ) 
4 1 4 (-416 992 32 ) (-416 544 32 ) (-416 544 1120 ) (-416 992 1120 ) 
4 1 2 (-416 544 1120 ) (-416 544 160 ) (-384 544 160 ) (-384 544 1120 ) 
4 2 7 (-416 128 160 ) (-416 128 1120 ) (-416 160 1120 ) (-416 160 160 ) 
4 2 6 (-416 160 1120 ) (-416 512 1120 ) (-416 512 160 ) (-416 160 160 ) 
4 2 5 (-416 512 1120 ) (-416 544 1120 ) (-416 544 160 ) (-416 512 160 ) 
4 2 3 (-416 128 1120 ) (-416 128 160 ) (-384 128 160 ) (-384 128 1120 ) 
4 3 10 (-384 64 64 ) (-384 64 1120 ) (-416 64 1120 ) (-416 64 64 ) 
4 3 8 (-416 128 32 ) (-416 64 32 ) (-416 64 1120 ) (-416 128 1120 ) 
4 4 13 (-896 992 32 ) (-896 544 32 ) (-896 544 1120 ) (-896 992 1120 ) 
4 4 5 (-896 544 1120 ) (-896 544 160 ) (-416 544 160 ) (-416 544 1120 ) 
4 5 14 (-896 512 160 ) (-896 512 1120 ) (-896 544 1120 ) (-896 544 160 ) 
4 5 6 (-896 512 1120 ) (-896 512 160 ) (-416 512 160 ) (-416 512 1120 ) 
4 6 14 (-896 160 160 ) (-896 160 1120 ) (-896 512 1120 ) (-896 512 160 ) 
4 6 7 (-896 160 1120 ) (-896 160 160 ) (-416 160 160 ) (-416 160 1120 ) 
4 7 14 (-896 128 160 ) (-896 128 1120 ) (-896 160 1120 ) (-896 160 160 ) 
4 7 8 (-896 128 1120 ) (-896 128 160 ) (-416 128 160 ) (-416 128 1120 ) 
4 8 15 (-896 128 32 ) (-896 64 32 ) (-896 64 1120 ) (-896 128 1120 ) 
4 8 12 (-896 64 1120 ) (-896 64 64 ) (-864 64 64 ) (-864 64 1120 ) 
4 8 10 (-416 64 64 ) (-416 64 1120 ) (-864 64 1120 ) (-864 64 64 ) 
4 9 37 (-352 0 1120 ) (-384 0 1120 ) (-384 0 64 ) (-352 0 64 ) 
4 9 10 (-384 64 1120 ) (-384 64 64 ) (-384 32 64 ) (-384 32 1120 ) 
4 9 11 (-384 32 64 ) (-384 0 64 ) (-384 0 1120 ) (-384 32 1120 ) 
4 10 12 (-864 64 1120 ) (-864 64 64 ) (-864 32 64 ) (-864 32 1120 ) 
4 10 11 (-864 32 1120 ) (-864 32 64 ) (-384 32 64 ) (-384 32 1120 ) 
4 11 39 (-864 0 64 ) (-864 0 32 ) (-384 0 32 ) (-384 0 64 ) 
4 11 37 (-384 0 1120 ) (-864 0 1120 ) (-864 0 64 ) (-384 0 64 ) 
4 11 12 (-864 0 64 ) (-864 0 1120 ) (-864 32 1120 ) (-864 32 64 ) 
4 12 37 (-864 0 1120 ) (-896 0 1120 ) (-896 0 64 ) (-864 0 64 ) 
4 12 15 (-896 0 64 ) (-896 0 1120 ) (-896 64 1120 ) (-896 64 64 ) 
4 13 17 (-1024 544 1120 ) (-1024 992 1120 ) (-1024 992 32 ) (-1024 544 32 ) 
4 13 14 (-896 544 160 ) (-896 544 1120 ) (-928 544 1120 ) (-928 544 160 ) 
4 13 16 (-1024 544 32 ) (-928 544 32 ) (-928 544 1120 ) (-1024 544 1120 ) 
4 14 15 (-928 128 1120 ) (-928 128 160 ) (-896 128 160 ) (-896 128 1120 ) 
4 14 16 (-928 544 1120 ) (-928 544 160 ) (-928 128 160 ) (-928 128 1120 ) 
4 15 42 (-928 0 64 ) (-928 0 32 ) (-896 0 32 ) (-896 0 64 ) 
4 15 37 (-896 0 1120 ) (-928 0 1120 ) (-928 0 64 ) (-896 0 64 ) 
4 15 16 (-928 128 32 ) (-928 0 32 ) (-928 0 1120 ) (-928 128 1120 ) 
4 16 42 (-1024 0 64 ) (-1024 0 32 ) (-928 0 32 ) (-928 0 64 ) 
4 16 37 (-928 0 1120 ) (-1024 0 1120 ) (-1024 0 64 ) (-928 0 64 ) 
4 16 17 (-1024 0 32 ) (-1024 0 1120 ) (-1024 544 1120 ) (-1024 544 32 ) 
4 17 44 (-1024 0 32 ) (-1024 0 1120 ) (-1376 0 1120 ) (-1376 0 32 ) 
5 17 19 (-1376 192 32 ) (-1376 0 32 ) (-1376 0 1120 ) (-1376 896 1120 ) (-1376 896 320 ) 
4 17 18 (-1376 992 1120 ) (-1376 992 32 ) (-1376 896 32 ) (-1376 896 1120 ) 
4 18 21 (-1696 896 288 ) (-1696 896 1120 ) (-1696 928 1120 ) (-1696 928 288 ) 
4 18 20 (-1696 992 32 ) (-1696 928 32 ) (-1696 928 1120 ) (-1696 992 1120 ) 
4 18 19 (-1696 896 1120 ) (-1696 896 320 ) (-1376 896 320 ) (-1376 896 1120 ) 
4 19 44 (-1376 0 1120 ) (-1696 0 1120 ) (-1696 0 32 ) (-1376 0 32 ) 
5 19 21 (-1696 640 1120 ) (-1696 896 1120 ) (-1696 896 320 ) (-1696 817.777893 288 ) (-1696 640 288 ) 
5 19 22 (-1696 192 32 ) (-1696 0 32 ) (-1696 0 1120 ) (-1696 640 1120 ) (-1696 640 215.272690 ) 
4 20 23 (-1722.349976 992 32 ) (-1722.349976 928 32 ) (-1722.349976 928 1120 ) (-1722.349976 992 1120 ) 
4 20 21 (-1722.349976 928 1120 ) (-1722.349976 928 288 ) (-1696 928 288 ) (-1696 928 1120 ) 
4 21 26 (-1722.349976 640 288 ) (-1722.349976 640 1120 ) (-1722.349976 662.153992 1120 ) (-1722.349976 662.153992 288 ) 
4 21 25 (-1722.349976 662.153992 1120 ) (-1722.349976 905.846008 1120 ) (-1722.349976 905.846008 288 ) (-1722.349976 662.153992 288 ) 
4 21 24 (-1722.349976 905.846008 1120 ) (-1722.349976 928 1120 ) (-1722.349976 928 288 ) (-1722.349976 905.846008 288 ) 
4 21 22 (-1722.349976 640 1120 ) (-1722.349976 640 288 ) (-1696 640 288 ) (-1696 640 1120 ) 
4 22 44 (-1696 0 1120 ) (-1722.349976 0 1120 ) (-1722.349976 0 32 ) (-1696 0 32 ) 
4 22 27 (-1722.349976 640 32 ) (-1722.349976 0 32 ) (-1722.349976 0 1120 ) (-1722.349976 640 1120 ) 
4 23 28 (-2048 928 1120 ) (-2048 992 1120 ) (-2048 992 32 ) (-2048 928 32 ) 
4 23 24 (-1722.349976 928 288 ) (-1722.349976 928 1120 ) (-2048 928 1120 ) (-2048 928 288 ) 
4 24 29 (-2048 905.846008 1120 ) (-2048 928 1120 ) (-2048 928 288 ) (-2048 905.846008 288 ) 
4 24 25 (-1722.349976 905.846008 288 ) (-1722.349976 905.846008 1120 ) (-2048 905.846008 1120 ) (-2048 905.846008 288 ) 
4 25 30 (-2048 662.153992 1120 ) (-2048 905.846008 1120 ) (-2048 905.846008 32 ) (-2048 662.153992 32 ) 
4 25 26 (-1722.349976 662.153992 288 ) (-1722.349976 662.153992 1120 ) (-2048 662.153992 1120 ) (-2048 662.153992 288 ) 
4 26 31 (-2048 640 1120 ) (-2048 662.153992 1120 ) (-2048 662.153992 288 ) (-2048 640 288 ) 
4 26 27 (-1722.349976 640 288 ) (-1722.349976 640 1120 ) (-2048 640 1120 ) (-2048 640 288 ) 
4 27 44 (-1722.349976 0 1120 ) (-2048 0 1120 ) (-2048 0 32 ) (-1722.349976 0 32 ) 
4 27 32 (-2048 0 32 ) (-2048 0 1120 ) (-2048 640 1120 ) (-2048 640 32 ) 
4 28 33 (-2117.649902 992 32 ) (-2117.649902 928 32 ) (-2117.649902 928 1120 ) (-2117.649902 992 1120 ) 
4 28 29 (-2117.649902 928 1120 ) (-2117.649902 928 288 ) (-2048 928 288 ) (-2048 928 1120 ) 
4 29 34 (-2117.649902 905.846008 288 ) (-2117.649902 905.846008 1120 ) (-2117.649902 928 1120 ) (-2117.649902 928 288 ) 
4 29 30 (-2117.649902 905.846008 1120 ) (-2117.649902 905.846008 288 ) (-2048 905.846008 288 ) (-2048 905.846008 1120 ) 
4 30 34 (-2117.649902 662.153992 288 ) (-2117.649902 662.153992 1120 ) (-2117.649902 905.846008 1120 ) (-2117.649902 905.846008 288 ) 
4 30 31 (-2117.649902 662.153992 1120 ) (-2117.649902 662.153992 288 ) (-2048 662.153992 288 ) (-2048 662.153992 1120 ) 
4 31 34 (-2117.649902 640 288 ) (-2117.649902 640 1120 ) (-2117.649902 662.153992 1120 ) (-2117.649902 662.153992 288 ) 
4 31 32 (-2117.649902 640 1120 ) (-2117.649902 640 288 ) (-2048 640 288 ) (-2048 640 1120 ) 
4 32 45 (-2048 0 32 ) (-2048 0 1120 ) (-2117.649902 0 1120 ) (-2117.649902 0 32 ) 
4 32 35 (-2117.649902 640 32 ) (-2117.649902 0 32 ) (-2117.649902 0 1120 ) (-2117.649902 640 1120 ) 
4 33 34 (-2144 928 1120 ) (-2144 928 288 ) (-2117.649902 928 288 ) (-2117.649902 928 1120 ) 
4 33 36 (-2144 992 1120 ) (-2144 992 32 ) (-2144 928 32 ) (-2144 928 1120 ) 
4 34 36 (-2144 640 288 ) (-2144 640 1120 ) (-2144 928 1120 ) (-2144 928 288 ) 
4 34 35 (-2144 640 1120 ) (-2144 640 288 ) (-2117.649902 640 288 ) (-2117.649902 640 1120 ) 
4 35 45 (-2117.649902 0 1120 ) (-2144 0 1120 ) (-2144 0 32 ) (-2117.649902 0 32 ) 
4 35 36 (-2144 640 32 ) (-2144 0 32 ) (-2144 0 1120 ) (-2144 640 1120 ) 
4 36 45 (-2144 0 1120 ) (-2208 0 1120 ) (-2208 0 32 ) (-2144 0 32 ) 
4 37 44 (-1024 0 1120 ) (-1024 0 64 ) (-1024 -1024 64 ) (-1024 -1024 1120 ) 
4 37 43 (-352 -1024 1120 ) (-1024 -1024 1120 ) (-1024 -1024 64 ) (-352 -1024 64 ) 
4 37 41 (-864 -352 64 ) (-864 -1024 64 ) (-896 -1024 64 ) (-896 -352 64 ) 
4 37 42 (-1024 -1024 64 ) (-1024 0 64 ) (-896 0 64 ) (-896 -1024 64 ) 
4 37 39 (-864 0 64 ) (-384 0 64 ) (-384 -320 64 ) (-864 -320 64 ) 
4 37 40 (-384 -352 64 ) (-384 -1024 64 ) (-864 -1024 64 ) (-864 -352 64 ) 
4 37 38 (-352 -352 64 ) (-352 -1024 64 ) (-384 -1024 64 ) (-384 -352 64 ) 
4 38 43 (-352 -1024 64 ) (-384 -1024 64 ) (-384 -1024 32 ) (-352 -1024 32 ) 
4 38 40 (-384 -352 32 ) (-384 -1024 32 ) (-384 -1024 64 ) (-384 -352 64 ) 
4 40 43 (-384 -1024 64 ) (-864 -1024 64 ) (-864 -1024 32 ) (-384 -1024 32 ) 
4 40 41 (-864 -352 32 ) (-864 -1024 32 ) (-864 -1024 64 ) (-864 -352 64 ) 
4 41 43 (-864 -1024 64 ) (-896 -1024 64 ) (-896 -1024 32 ) (-864 -1024 32 ) 
4 41 42 (-896 -352 32 ) (-896 -1024 32 ) (-896 -1024 64 ) (-896 -352 64 ) 
4 42 44 (-1024 0 64 ) (-1024 0 32 ) (-1024 -1024 32 ) (-1024 -1024 64 ) 
4 42 43 (-896 -1024 64 ) (-1024 -1024 64 ) (-1024 -1024 32 ) (-896 -1024 32 ) 
4 43 46 (-1024 -1184 1120 ) (-1024 -1024 1120 ) (-1024 -1024 32 ) (-1024 -1184 32 ) 
4 44 46 (-1024 -1024 32 ) (-1024 -1024 1120 ) (-2048 -1024 1120 ) (-2048 -1024 32 ) 
4 44 45 (-2048 0 1120 ) (-2048 0 32 ) (-2048 -1024 32 ) (-2048 -1024 1120 ) 
4 45 47 (-2048 -1024 32 ) (-2048 -1024 1120 ) (-2208 -1024 1120 ) (-2208 -1024 32 ) 
4 46 47 (-2048 -1024 1120 ) (-2048 -1024 32 ) (-2048 -1184 32 ) (-2048 -1184 1120 ) 
