


materialPath: e:\program files (x86)\steam\steamapps\sourcemods\crimewarswtf\materials
Loading E:\Program Files (x86)\Steam\steamapps\sourcemods\crimewarswtf\devmaps\lavapool15.vmf
Patching WVT material: maps/lavapool15/dev/dev_blendmeasure_wvt_patch
fixing up env_cubemap materials on brush sides...
0...1...2...3...4...5...6...7...8...9...10**** leaked ****
Entity func_water_analog (-2736.00 -208.00 48.00) leaked!

FindPortalSide: Couldn't find a good match for which brush to assign to a portal near (-672.0 1024.0 -8.0)
Leaf 0 contents: CONTENTS_SOLID 
Leaf 1 contents: 
viscontents (node 0 contents ^ node 1 contents): CONTENTS_SOLID 
This means that none of the brushes in leaf 0 or 1 that touches the portal has CONTENTS_SOLID 
Check for a huge brush enclosing the coordinates above that has contents CONTENTS_SOLID 
Candidate brush IDs: 


FindPortalSide: Couldn't find a good match for which brush to assign to a portal near (-160.0 1024.0 8.0)
Leaf 0 contents: CONTENTS_SOLID 
Leaf 1 contents: 
viscontents (node 0 contents ^ node 1 contents): CONTENTS_SOLID 
This means that none of the brushes in leaf 0 or 1 that touches the portal has CONTENTS_SOLID 
Check for a huge brush enclosing the coordinates above that has contents CONTENTS_SOLID 
Candidate brush IDs: 


FindPortalSide: Couldn't find a good match for which brush to assign to a portal near (-160.0 1024.0 576.0)
Leaf 0 contents: CONTENTS_SOLID 
Leaf 1 contents: 
viscontents (node 0 contents ^ node 1 contents): CONTENTS_SOLID 
This means that none of the brushes in leaf 0 or 1 that touches the portal has CONTENTS_SOLID 
Check for a huge brush enclosing the coordinates above that has contents CONTENTS_SOLID 
Candidate brush IDs: 


FindPortalSide: Couldn't find a good match for which brush to assign to a portal near (-672.0 1024.0 1160.0)
Leaf 0 contents: CONTENTS_SOLID 
Leaf 1 contents: 
viscontents (node 0 contents ^ node 1 contents): CONTENTS_SOLID 
This means that none of the brushes in leaf 0 or 1 that touches the portal has CONTENTS_SOLID 
Check for a huge brush enclosing the coordinates above that has contents CONTENTS_SOLID 
Candidate brush IDs: 


FindPortalSide: Couldn't find a good match for which brush to assign to a portal near (-160.0 1024.0 1144.0)
Leaf 0 contents: CONTENTS_SOLID 
Leaf 1 contents: 
viscontents (node 0 contents ^ node 1 contents): CONTENTS_SOLID 
This means that none of the brushes in leaf 0 or 1 that touches the portal has CONTENTS_SOLID 
Check for a huge brush enclosing the coordinates above that has contents CONTENTS_SOLID 
Candidate brush IDs: 


FindPortalSide: Couldn't find a good match for which brush to assign to a portal near (-512.0 2048.0 576.0)
Leaf 0 contents: 
Leaf 1 contents: CONTENTS_SOLID 
viscontents (node 0 contents ^ node 1 contents): CONTENTS_SOLID 
This means that none of the brushes in leaf 0 or 1 that touches the portal has CONTENTS_SOLID 
Check for a huge brush enclosing the coordinates above that has contents CONTENTS_SOLID 
Candidate brush IDs: 


FindPortalSide: Couldn't find a good match for which brush to assign to a portal near (0.0 1536.0 576.0)
Leaf 0 contents: 
Leaf 1 contents: CONTENTS_SOLID 
viscontents (node 0 contents ^ node 1 contents): CONTENTS_SOLID 
This means that none of the brushes in leaf 0 or 1 that touches the portal has CONTENTS_SOLID 
Check for a huge brush enclosing the coordinates above that has contents CONTENTS_SOLID 
Candidate brush IDs: 


FindPortalSide: Couldn't find a good match for which brush to assign to a portal near (-1536.0 1024.0 -8.0)
Leaf 0 contents: CONTENTS_SOLID 
Leaf 1 contents: 
viscontents (node 0 contents ^ node 1 contents): CONTENTS_SOLID 
This means that none of the brushes in leaf 0 or 1 that touches the portal has CONTENTS_SOLID 
Check for a huge brush enclosing the coordinates above that has contents CONTENTS_SOLID 
Candidate brush IDs: 

*** Suppressing further FindPortalSide errors.... ***
Processing areas...done (0)
Building Faces...done (0)
FixTjuncs...
PruneNodes...
WriteBSP...
done (0)
Creating default LDR cubemaps for env_cubemap using skybox materials:
   skybox/sky_day01_01*.vmt
 ! Run buildcubemaps in the engine to get the correct cube maps.
Creating default HDR cubemaps for env_cubemap using skybox materials:
   skybox/sky_day01_01*.vmt
 ! Run buildcubemaps in the engine to get the correct cube maps.
Finding displacement neighbors...
Finding lightmap sample positions...
Displacement Alpha : 0...1...2...3...4...5...6...7...8...9...10
Building Physics collision data...
done (0) (18091 bytes)
Placing detail props : 0...1...2...3...4...5...6...7...8...9...10
Compacting texture/material tables...
Reduced 92 texinfos to 42
Reduced 29 texdatas to 18 (1068 bytes to 576)
Writing E:\Program Files (x86)\Steam\steamapps\sourcemods\crimewarswtf\devmaps\lavapool15.bsp
1 second elapsed



8 threads
reading e:\program files (x86)\steam\steamapps\sourcemods\crimewarswtf\devmaps\lavapool15.bsp
reading e:\program files (x86)\steam\steamapps\sourcemods\crimewarswtf\devmaps\lavapool15.prt
LoadPortals: couldn't read e:\program files (x86)\steam\steamapps\sourcemods\crimewarswtf\devmaps\lavapool15.prt



[Reading texlights from 'lights.rad']
[45 texlights parsed from 'lights.rad']

Loading e:\program files (x86)\steam\steamapps\sourcemods\crimewarswtf\devmaps\lavapool15.bsp
No vis information, direct lighting only.
336 faces
151466 square feet [21811168.00 square inches]
0 Displacements
0 Square Feet [0.00 Square Inches]
7 direct lights
0...1...2...3...4...5...6...7...8...9...10Build Patch/Sample Hash Table(s).....Done<0.0222 sec>
0...1...2...3...4...5...6...7...8...9...10FinalLightFace Done
0 of 0 (0% of) surface lights went in leaf ambient cubes.
0...1...2...3...4...5...6...7...8...9...10Writing leaf ambient...done
Ready to Finish

Object names       Objects/Maxobjs  Memory / Maxmem  Fullness 
------------       ---------------  ---------------  -------- 
models                  10/1024          480/49152    ( 1.0%) 
brushes                 45/8192          540/98304    ( 0.5%) 
brushsides             271/65536        2168/524288   ( 0.4%) 
planes                 210/65536        4200/1310720  ( 0.3%) 
vertexes               542/65536        6504/786432   ( 0.8%) 
nodes                  277/65536        8864/2097152  ( 0.4%) 
texinfos                42/12288        3024/884736   ( 0.3%) 
texdata                 18/2048          576/65536    ( 0.9%) 
dispinfos                0/0               0/0        ( 0.0%) 
disp_verts               0/0               0/0        ( 0.0%) 
disp_tris                0/0               0/0        ( 0.0%) 
disp_lmsamples           0/0               0/0        ( 0.0%) 
faces                  336/65536       18816/3670016  ( 0.5%) 
hdr faces                0/65536           0/3670016  ( 0.0%) 
origfaces              141/65536        7896/3670016  ( 0.2%) 
leaves                 288/65536        9216/2097152  ( 0.4%) 
leaffaces              441/65536         882/131072   ( 0.7%) 
leafbrushes             85/65536         170/131072   ( 0.1%) 
areas                    3/256            24/2048     ( 1.2%) 
surfedges             2074/512000       8296/2048000  ( 0.4%) 
edges                 1174/256000       4696/1024000  ( 0.5%) 
LDR worldlights          7/8192          616/720896   ( 0.1%) 
HDR worldlights          0/8192            0/720896   ( 0.0%) 
leafwaterdata            5/32768          60/393216   ( 0.0%) 
waterstrips             25/32768         250/327680   ( 0.1%) 
waterverts               0/65536           0/786432   ( 0.0%) 
waterindices           342/65536         684/131072   ( 0.5%) 
cubemapsamples           1/1024           16/16384    ( 0.1%) 
overlays                 0/512             0/180224   ( 0.0%) 
LDR lightdata         [variable]      269480/0        ( 0.0%) 
HDR lightdata         [variable]           0/0        ( 0.0%) 
visdata               [variable]           0/16777216 ( 0.0%) 
entdata               [variable]        7337/393216   ( 1.9%) 
LDR ambient table      288/65536        1152/262144   ( 0.4%) 
HDR ambient table      288/65536        1152/262144   ( 0.4%) 
LDR leaf ambient      1331/65536       37268/1835008  ( 2.0%) 
HDR leaf ambient       288/65536        8064/1835008  ( 0.4%) 
occluders                0/0               0/0        ( 0.0%) 
occluder polygons        0/0               0/0        ( 0.0%) 
occluder vert ind        0/0               0/0        ( 0.0%) 
detail props          [variable]           1/12       ( 8.3%) 
static props          [variable]           1/216      ( 0.5%) 
pakfile               [variable]      215830/0        ( 0.0%) 
physics               [variable]       18091/4194304  ( 0.4%) 
physics terrain       [variable]           2/1048576  ( 0.0%) 

Level flags = 0

Total triangle count: 840
Writing e:\program files (x86)\steam\steamapps\sourcemods\crimewarswtf\devmaps\lavapool15.bsp
3 seconds elapsed



[Reading texlights from 'lights.rad']
[45 texlights parsed from 'lights.rad']

Loading e:\program files (x86)\steam\steamapps\sourcemods\crimewarswtf\devmaps\lavapool15.bsp
No vis information, direct lighting only.
336 faces
151466 square feet [21811168.00 square inches]
0 Displacements
0 Square Feet [0.00 Square Inches]
7 direct lights
0...1...2...3...4...5...6...7...8...9...10Build Patch/Sample Hash Table(s).....Done<0.0184 sec>
0...1...2...3...4...5...6...7...8...9...10FinalLightFace Done
0 of 0 (0% of) surface lights went in leaf ambient cubes.
0...1...2...3...4...5...6...7...8...9...10Writing leaf ambient...done
Ready to Finish

Object names       Objects/Maxobjs  Memory / Maxmem  Fullness 
------------       ---------------  ---------------  -------- 
models                  10/1024          480/49152    ( 1.0%) 
brushes                 45/8192          540/98304    ( 0.5%) 
brushsides             271/65536        2168/524288   ( 0.4%) 
planes                 210/65536        4200/1310720  ( 0.3%) 
vertexes               542/65536        6504/786432   ( 0.8%) 
nodes                  277/65536        8864/2097152  ( 0.4%) 
texinfos                42/12288        3024/884736   ( 0.3%) 
texdata                 18/2048          576/65536    ( 0.9%) 
dispinfos                0/0               0/0        ( 0.0%) 
disp_verts               0/0               0/0        ( 0.0%) 
disp_tris                0/0               0/0        ( 0.0%) 
disp_lmsamples           0/0               0/0        ( 0.0%) 
faces                  336/65536       18816/3670016  ( 0.5%) 
hdr faces              336/65536       18816/3670016  ( 0.5%) 
origfaces              141/65536        7896/3670016  ( 0.2%) 
leaves                 288/65536        9216/2097152  ( 0.4%) 
leaffaces              441/65536         882/131072   ( 0.7%) 
leafbrushes             85/65536         170/131072   ( 0.1%) 
areas                    3/256            24/2048     ( 1.2%) 
surfedges             2074/512000       8296/2048000  ( 0.4%) 
edges                 1174/256000       4696/1024000  ( 0.5%) 
LDR worldlights          7/8192          616/720896   ( 0.1%) 
HDR worldlights          7/8192          616/720896   ( 0.1%) 
leafwaterdata            5/32768          60/393216   ( 0.0%) 
waterstrips             25/32768         250/327680   ( 0.1%) 
waterverts               0/65536           0/786432   ( 0.0%) 
waterindices           342/65536         684/131072   ( 0.5%) 
cubemapsamples           1/1024           16/16384    ( 0.1%) 
overlays                 0/512             0/180224   ( 0.0%) 
LDR lightdata         [variable]      269480/0        ( 0.0%) 
HDR lightdata         [variable]      269480/0        ( 0.0%) 
visdata               [variable]           0/16777216 ( 0.0%) 
entdata               [variable]        7337/393216   ( 1.9%) 
LDR ambient table      288/65536        1152/262144   ( 0.4%) 
HDR ambient table      288/65536        1152/262144   ( 0.4%) 
LDR leaf ambient      1331/65536       37268/1835008  ( 2.0%) 
HDR leaf ambient      1436/65536       40208/1835008  ( 2.2%) 
occluders                0/0               0/0        ( 0.0%) 
occluder polygons        0/0               0/0        ( 0.0%) 
occluder vert ind        0/0               0/0        ( 0.0%) 
detail props          [variable]           1/12       ( 8.3%) 
static props          [variable]           1/216      ( 0.5%) 
pakfile               [variable]      215830/0        ( 0.0%) 
physics               [variable]       18091/4194304  ( 0.4%) 
physics terrain       [variable]           2/1048576  ( 0.0%) 

Level flags = 0

Total triangle count: 840
Writing e:\program files (x86)\steam\steamapps\sourcemods\crimewarswtf\devmaps\lavapool15.bsp
3 seconds elapsed
