


materialPath: e:\program files (x86)\steam\steamapps\sourcemods\crimewarswtf\materials
Loading E:\Program Files (x86)\Steam\steamapps\sourcemods\crimewarswtf\devmaps\lavapool9.vmf
Patching WVT material: maps/lavapool9/dev/dev_blendmeasure_wvt_patch
fixing up env_cubemap materials on brush sides...
0...1...2...3...4...5...6...7...8...9...10**** leaked ****
Entity func_water_analog (-2736.00 -688.00 48.00) leaked!

FindPortalSide: Couldn't find a good match for which brush to assign to a portal near (-672.0 1024.0 -8.0)
Leaf 0 contents: CONTENTS_SOLID 
Leaf 1 contents: 
viscontents (node 0 contents ^ node 1 contents): CONTENTS_SOLID 
This means that none of the brushes in leaf 0 or 1 that touches the portal has CONTENTS_SOLID 
Check for a huge brush enclosing the coordinates above that has contents CONTENTS_SOLID 
Candidate brush IDs: 


FindPortalSide: Couldn't find a good match for which brush to assign to a portal near (-160.0 1024.0 8.0)
Leaf 0 contents: CONTENTS_SOLID 
Leaf 1 contents: 
viscontents (node 0 contents ^ node 1 contents): CONTENTS_SOLID 
This means that none of the brushes in leaf 0 or 1 that touches the portal has CONTENTS_SOLID 
Check for a huge brush enclosing the coordinates above that has contents CONTENTS_SOLID 
Candidate brush IDs: 


FindPortalSide: Couldn't find a good match for which brush to assign to a portal near (-160.0 1024.0 576.0)
Leaf 0 contents: CONTENTS_SOLID 
Leaf 1 contents: 
viscontents (node 0 contents ^ node 1 contents): CONTENTS_SOLID 
This means that none of the brushes in leaf 0 or 1 that touches the portal has CONTENTS_SOLID 
Check for a huge brush enclosing the coordinates above that has contents CONTENTS_SOLID 
Candidate brush IDs: 


FindPortalSide: Couldn't find a good match for which brush to assign to a portal near (-672.0 1024.0 1160.0)
Leaf 0 contents: CONTENTS_SOLID 
Leaf 1 contents: 
viscontents (node 0 contents ^ node 1 contents): CONTENTS_SOLID 
This means that none of the brushes in leaf 0 or 1 that touches the portal has CONTENTS_SOLID 
Check for a huge brush enclosing the coordinates above that has contents CONTENTS_SOLID 
Candidate brush IDs: 


FindPortalSide: Couldn't find a good match for which brush to assign to a portal near (-160.0 1024.0 1144.0)
Leaf 0 contents: CONTENTS_SOLID 
Leaf 1 contents: 
viscontents (node 0 contents ^ node 1 contents): CONTENTS_SOLID 
This means that none of the brushes in leaf 0 or 1 that touches the portal has CONTENTS_SOLID 
Check for a huge brush enclosing the coordinates above that has contents CONTENTS_SOLID 
Candidate brush IDs: 


FindPortalSide: Couldn't find a good match for which brush to assign to a portal near (-512.0 2048.0 576.0)
Leaf 0 contents: 
Leaf 1 contents: CONTENTS_SOLID 
viscontents (node 0 contents ^ node 1 contents): CONTENTS_SOLID 
This means that none of the brushes in leaf 0 or 1 that touches the portal has CONTENTS_SOLID 
Check for a huge brush enclosing the coordinates above that has contents CONTENTS_SOLID 
Candidate brush IDs: 


FindPortalSide: Couldn't find a good match for which brush to assign to a portal near (0.0 1536.0 576.0)
Leaf 0 contents: 
Leaf 1 contents: CONTENTS_SOLID 
viscontents (node 0 contents ^ node 1 contents): CONTENTS_SOLID 
This means that none of the brushes in leaf 0 or 1 that touches the portal has CONTENTS_SOLID 
Check for a huge brush enclosing the coordinates above that has contents CONTENTS_SOLID 
Candidate brush IDs: 


FindPortalSide: Couldn't find a good match for which brush to assign to a portal near (-1536.0 1024.0 -8.0)
Leaf 0 contents: CONTENTS_SOLID 
Leaf 1 contents: 
viscontents (node 0 contents ^ node 1 contents): CONTENTS_SOLID 
This means that none of the brushes in leaf 0 or 1 that touches the portal has CONTENTS_SOLID 
Check for a huge brush enclosing the coordinates above that has contents CONTENTS_SOLID 
Candidate brush IDs: 

*** Suppressing further FindPortalSide errors.... ***
Processing areas...done (0)
Building Faces...done (0)
FixTjuncs...
PruneNodes...
WriteBSP...
done (0)
Creating default LDR cubemaps for env_cubemap using skybox materials:
   skybox/sky_day01_01*.vmt
 ! Run buildcubemaps in the engine to get the correct cube maps.
Creating default HDR cubemaps for env_cubemap using skybox materials:
   skybox/sky_day01_01*.vmt
 ! Run buildcubemaps in the engine to get the correct cube maps.
Finding displacement neighbors...
Finding lightmap sample positions...
Displacement Alpha : 0...1...2...3...4...5...6...7...8...9...10
Building Physics collision data...
done (1) (13680 bytes)
Placing detail props : 0...1...2...3...4...5...6...7...8...9...10
Compacting texture/material tables...
Reduced 66 texinfos to 32
Reduced 20 texdatas to 13 (667 bytes to 375)
Writing E:\Program Files (x86)\Steam\steamapps\sourcemods\crimewarswtf\devmaps\lavapool9.bsp
1 second elapsed



8 threads
reading e:\program files (x86)\steam\steamapps\sourcemods\crimewarswtf\devmaps\lavapool9.bsp
reading e:\program files (x86)\steam\steamapps\sourcemods\crimewarswtf\devmaps\lavapool9.prt
LoadPortals: couldn't read e:\program files (x86)\steam\steamapps\sourcemods\crimewarswtf\devmaps\lavapool9.prt



[Reading texlights from 'lights.rad']
[45 texlights parsed from 'lights.rad']

Loading e:\program files (x86)\steam\steamapps\sourcemods\crimewarswtf\devmaps\lavapool9.bsp
No vis information, direct lighting only.
293 faces
143573 square feet [20674530.00 square inches]
0 Displacements
0 Square Feet [0.00 Square Inches]
6 direct lights
0...1...2...3...4...5...6...7...8...9...10Build Patch/Sample Hash Table(s).....Done<0.0201 sec>
0...1...2...3...4...5...6...7...8...9...10FinalLightFace Done
0 of 0 (0% of) surface lights went in leaf ambient cubes.
0...1...2...3...4...5...6...7...8...9...10Writing leaf ambient...done
Ready to Finish

Object names       Objects/Maxobjs  Memory / Maxmem  Fullness 
------------       ---------------  ---------------  -------- 
models                   8/1024          384/49152    ( 0.8%) 
brushes                 34/8192          408/98304    ( 0.4%) 
brushsides             205/65536        1640/524288   ( 0.3%) 
planes                 178/65536        3560/1310720  ( 0.3%) 
vertexes               461/65536        5532/786432   ( 0.7%) 
nodes                  221/65536        7072/2097152  ( 0.3%) 
texinfos                32/12288        2304/884736   ( 0.3%) 
texdata                 13/2048          416/65536    ( 0.6%) 
dispinfos                0/0               0/0        ( 0.0%) 
disp_verts               0/0               0/0        ( 0.0%) 
disp_tris                0/0               0/0        ( 0.0%) 
disp_lmsamples           0/0               0/0        ( 0.0%) 
faces                  293/65536       16408/3670016  ( 0.4%) 
hdr faces                0/65536           0/3670016  ( 0.0%) 
origfaces              106/65536        5936/3670016  ( 0.2%) 
leaves                 230/65536        7360/2097152  ( 0.4%) 
leaffaces              445/65536         890/131072   ( 0.7%) 
leafbrushes             68/65536         136/131072   ( 0.1%) 
areas                    3/256            24/2048     ( 1.2%) 
surfedges             1732/512000       6928/2048000  ( 0.3%) 
edges                  963/256000       3852/1024000  ( 0.4%) 
LDR worldlights          6/8192          528/720896   ( 0.1%) 
HDR worldlights          0/8192            0/720896   ( 0.0%) 
leafwaterdata            3/32768          36/393216   ( 0.0%) 
waterstrips             23/32768         230/327680   ( 0.1%) 
waterverts               0/65536           0/786432   ( 0.0%) 
waterindices           309/65536         618/131072   ( 0.5%) 
cubemapsamples           1/1024           16/16384    ( 0.1%) 
overlays                 0/512             0/180224   ( 0.0%) 
LDR lightdata         [variable]      352328/0        ( 0.0%) 
HDR lightdata         [variable]           0/0        ( 0.0%) 
visdata               [variable]           0/16777216 ( 0.0%) 
entdata               [variable]        5368/393216   ( 1.4%) 
LDR ambient table      230/65536         920/262144   ( 0.4%) 
HDR ambient table      230/65536         920/262144   ( 0.4%) 
LDR leaf ambient      1151/65536       32228/1835008  ( 1.8%) 
HDR leaf ambient       230/65536        6440/1835008  ( 0.4%) 
occluders                0/0               0/0        ( 0.0%) 
occluder polygons        0/0               0/0        ( 0.0%) 
occluder vert ind        0/0               0/0        ( 0.0%) 
detail props          [variable]           1/12       ( 8.3%) 
static props          [variable]           1/12       ( 8.3%) 
pakfile               [variable]      213812/0        ( 0.0%) 
physics               [variable]       13680/4194304  ( 0.3%) 
physics terrain       [variable]           2/1048576  ( 0.0%) 

Level flags = 0

Total triangle count: 724
Writing e:\program files (x86)\steam\steamapps\sourcemods\crimewarswtf\devmaps\lavapool9.bsp
3 seconds elapsed



[Reading texlights from 'lights.rad']
[45 texlights parsed from 'lights.rad']

Loading e:\program files (x86)\steam\steamapps\sourcemods\crimewarswtf\devmaps\lavapool9.bsp
No vis information, direct lighting only.
293 faces
143573 square feet [20674530.00 square inches]
0 Displacements
0 Square Feet [0.00 Square Inches]
6 direct lights
0...1...2...3...4...5...6...7...8...9...10Build Patch/Sample Hash Table(s).....Done<0.0361 sec>
0...1...2...3...4...5...6...7...8...9...10FinalLightFace Done
0 of 0 (0% of) surface lights went in leaf ambient cubes.
0...1...2...3...4...5...6...7...8...9...10Writing leaf ambient...done
Ready to Finish

Object names       Objects/Maxobjs  Memory / Maxmem  Fullness 
------------       ---------------  ---------------  -------- 
models                   8/1024          384/49152    ( 0.8%) 
brushes                 34/8192          408/98304    ( 0.4%) 
brushsides             205/65536        1640/524288   ( 0.3%) 
planes                 178/65536        3560/1310720  ( 0.3%) 
vertexes               461/65536        5532/786432   ( 0.7%) 
nodes                  221/65536        7072/2097152  ( 0.3%) 
texinfos                32/12288        2304/884736   ( 0.3%) 
texdata                 13/2048          416/65536    ( 0.6%) 
dispinfos                0/0               0/0        ( 0.0%) 
disp_verts               0/0               0/0        ( 0.0%) 
disp_tris                0/0               0/0        ( 0.0%) 
disp_lmsamples           0/0               0/0        ( 0.0%) 
faces                  293/65536       16408/3670016  ( 0.4%) 
hdr faces              293/65536       16408/3670016  ( 0.4%) 
origfaces              106/65536        5936/3670016  ( 0.2%) 
leaves                 230/65536        7360/2097152  ( 0.4%) 
leaffaces              445/65536         890/131072   ( 0.7%) 
leafbrushes             68/65536         136/131072   ( 0.1%) 
areas                    3/256            24/2048     ( 1.2%) 
surfedges             1732/512000       6928/2048000  ( 0.3%) 
edges                  963/256000       3852/1024000  ( 0.4%) 
LDR worldlights          6/8192          528/720896   ( 0.1%) 
HDR worldlights          6/8192          528/720896   ( 0.1%) 
leafwaterdata            3/32768          36/393216   ( 0.0%) 
waterstrips             23/32768         230/327680   ( 0.1%) 
waterverts               0/65536           0/786432   ( 0.0%) 
waterindices           309/65536         618/131072   ( 0.5%) 
cubemapsamples           1/1024           16/16384    ( 0.1%) 
overlays                 0/512             0/180224   ( 0.0%) 
LDR lightdata         [variable]      352328/0        ( 0.0%) 
HDR lightdata         [variable]      352328/0        ( 0.0%) 
visdata               [variable]           0/16777216 ( 0.0%) 
entdata               [variable]        5368/393216   ( 1.4%) 
LDR ambient table      230/65536         920/262144   ( 0.4%) 
HDR ambient table      230/65536         920/262144   ( 0.4%) 
LDR leaf ambient      1151/65536       32228/1835008  ( 1.8%) 
HDR leaf ambient      1151/65536       32228/1835008  ( 1.8%) 
occluders                0/0               0/0        ( 0.0%) 
occluder polygons        0/0               0/0        ( 0.0%) 
occluder vert ind        0/0               0/0        ( 0.0%) 
detail props          [variable]           1/12       ( 8.3%) 
static props          [variable]           1/12       ( 8.3%) 
pakfile               [variable]      213812/0        ( 0.0%) 
physics               [variable]       13680/4194304  ( 0.3%) 
physics terrain       [variable]           2/1048576  ( 0.0%) 

Level flags = 0

Total triangle count: 724
Writing e:\program files (x86)\steam\steamapps\sourcemods\crimewarswtf\devmaps\lavapool9.bsp
3 seconds elapsed
