


materialPath: e:\program files (x86)\steam\steamapps\sourcemods\crimewarswtf\materials
Loading E:\Program Files (x86)\Steam\steamapps\sourcemods\crimewarswtf\devmaps\lavapool11.vmf
Patching WVT material: maps/lavapool11/dev/dev_blendmeasure_wvt_patch
fixing up env_cubemap materials on brush sides...
0...1...2...3...4...5...6...7...8...9...10**** leaked ****
Entity func_water_analog (-2736.00 -208.00 48.00) leaked!

FindPortalSide: Couldn't find a good match for which brush to assign to a portal near (-672.0 1024.0 -8.0)
Leaf 0 contents: CONTENTS_SOLID 
Leaf 1 contents: 
viscontents (node 0 contents ^ node 1 contents): CONTENTS_SOLID 
This means that none of the brushes in leaf 0 or 1 that touches the portal has CONTENTS_SOLID 
Check for a huge brush enclosing the coordinates above that has contents CONTENTS_SOLID 
Candidate brush IDs: 


FindPortalSide: Couldn't find a good match for which brush to assign to a portal near (-160.0 1024.0 8.0)
Leaf 0 contents: CONTENTS_SOLID 
Leaf 1 contents: 
viscontents (node 0 contents ^ node 1 contents): CONTENTS_SOLID 
This means that none of the brushes in leaf 0 or 1 that touches the portal has CONTENTS_SOLID 
Check for a huge brush enclosing the coordinates above that has contents CONTENTS_SOLID 
Candidate brush IDs: 


FindPortalSide: Couldn't find a good match for which brush to assign to a portal near (-160.0 1024.0 576.0)
Leaf 0 contents: CONTENTS_SOLID 
Leaf 1 contents: 
viscontents (node 0 contents ^ node 1 contents): CONTENTS_SOLID 
This means that none of the brushes in leaf 0 or 1 that touches the portal has CONTENTS_SOLID 
Check for a huge brush enclosing the coordinates above that has contents CONTENTS_SOLID 
Candidate brush IDs: 


FindPortalSide: Couldn't find a good match for which brush to assign to a portal near (-672.0 1024.0 1160.0)
Leaf 0 contents: CONTENTS_SOLID 
Leaf 1 contents: 
viscontents (node 0 contents ^ node 1 contents): CONTENTS_SOLID 
This means that none of the brushes in leaf 0 or 1 that touches the portal has CONTENTS_SOLID 
Check for a huge brush enclosing the coordinates above that has contents CONTENTS_SOLID 
Candidate brush IDs: 


FindPortalSide: Couldn't find a good match for which brush to assign to a portal near (-160.0 1024.0 1144.0)
Leaf 0 contents: CONTENTS_SOLID 
Leaf 1 contents: 
viscontents (node 0 contents ^ node 1 contents): CONTENTS_SOLID 
This means that none of the brushes in leaf 0 or 1 that touches the portal has CONTENTS_SOLID 
Check for a huge brush enclosing the coordinates above that has contents CONTENTS_SOLID 
Candidate brush IDs: 


FindPortalSide: Couldn't find a good match for which brush to assign to a portal near (-512.0 2048.0 576.0)
Leaf 0 contents: 
Leaf 1 contents: CONTENTS_SOLID 
viscontents (node 0 contents ^ node 1 contents): CONTENTS_SOLID 
This means that none of the brushes in leaf 0 or 1 that touches the portal has CONTENTS_SOLID 
Check for a huge brush enclosing the coordinates above that has contents CONTENTS_SOLID 
Candidate brush IDs: 


FindPortalSide: Couldn't find a good match for which brush to assign to a portal near (0.0 1536.0 576.0)
Leaf 0 contents: 
Leaf 1 contents: CONTENTS_SOLID 
viscontents (node 0 contents ^ node 1 contents): CONTENTS_SOLID 
This means that none of the brushes in leaf 0 or 1 that touches the portal has CONTENTS_SOLID 
Check for a huge brush enclosing the coordinates above that has contents CONTENTS_SOLID 
Candidate brush IDs: 


FindPortalSide: Couldn't find a good match for which brush to assign to a portal near (-1536.0 1024.0 -8.0)
Leaf 0 contents: CONTENTS_SOLID 
Leaf 1 contents: 
viscontents (node 0 contents ^ node 1 contents): CONTENTS_SOLID 
This means that none of the brushes in leaf 0 or 1 that touches the portal has CONTENTS_SOLID 
Check for a huge brush enclosing the coordinates above that has contents CONTENTS_SOLID 
Candidate brush IDs: 

*** Suppressing further FindPortalSide errors.... ***
Processing areas...done (0)
Building Faces...done (0)
FixTjuncs...
PruneNodes...
WriteBSP...
done (0)
Creating default LDR cubemaps for env_cubemap using skybox materials:
   skybox/sky_day01_01*.vmt
 ! Run buildcubemaps in the engine to get the correct cube maps.
Creating default HDR cubemaps for env_cubemap using skybox materials:
   skybox/sky_day01_01*.vmt
 ! Run buildcubemaps in the engine to get the correct cube maps.
Finding displacement neighbors...
Finding lightmap sample positions...
Displacement Alpha : 0...1...2...3...4...5...6...7...8...9...10
Building Physics collision data...
done (0) (15673 bytes)
Placing detail props : 0...1...2...3...4...5...6...7...8...9...10
Compacting texture/material tables...
Reduced 72 texinfos to 34
Reduced 21 texdatas to 13 (672 bytes to 352)
Writing E:\Program Files (x86)\Steam\steamapps\sourcemods\crimewarswtf\devmaps\lavapool11.bsp
1 second elapsed



8 threads
reading e:\program files (x86)\steam\steamapps\sourcemods\crimewarswtf\devmaps\lavapool11.bsp
reading e:\program files (x86)\steam\steamapps\sourcemods\crimewarswtf\devmaps\lavapool11.prt
LoadPortals: couldn't read e:\program files (x86)\steam\steamapps\sourcemods\crimewarswtf\devmaps\lavapool11.prt



[Reading texlights from 'lights.rad']
[45 texlights parsed from 'lights.rad']

Loading e:\program files (x86)\steam\steamapps\sourcemods\crimewarswtf\devmaps\lavapool11.bsp
No vis information, direct lighting only.
311 faces
146716 square feet [21127138.00 square inches]
0 Displacements
0 Square Feet [0.00 Square Inches]
7 direct lights
0...1...2...3...4...5...6...7...8...9...10Build Patch/Sample Hash Table(s).....Done<0.0233 sec>
0...1...2...3...4...5...6...7...8...9...10FinalLightFace Done
0 of 0 (0% of) surface lights went in leaf ambient cubes.
0...1...2...3...4...5...6...7...8...9...10Writing leaf ambient...done
Ready to Finish

Object names       Objects/Maxobjs  Memory / Maxmem  Fullness 
------------       ---------------  ---------------  -------- 
models                   9/1024          432/49152    ( 0.9%) 
brushes                 39/8192          468/98304    ( 0.5%) 
brushsides             235/65536        1880/524288   ( 0.4%) 
planes                 184/65536        3680/1310720  ( 0.3%) 
vertexes               493/65536        5916/786432   ( 0.8%) 
nodes                  232/65536        7424/2097152  ( 0.4%) 
texinfos                34/12288        2448/884736   ( 0.3%) 
texdata                 13/2048          416/65536    ( 0.6%) 
dispinfos                0/0               0/0        ( 0.0%) 
disp_verts               0/0               0/0        ( 0.0%) 
disp_tris                0/0               0/0        ( 0.0%) 
disp_lmsamples           0/0               0/0        ( 0.0%) 
faces                  311/65536       17416/3670016  ( 0.5%) 
hdr faces                0/65536           0/3670016  ( 0.0%) 
origfaces              122/65536        6832/3670016  ( 0.2%) 
leaves                 242/65536        7744/2097152  ( 0.4%) 
leaffaces              467/65536         934/131072   ( 0.7%) 
leafbrushes             73/65536         146/131072   ( 0.1%) 
areas                    3/256            24/2048     ( 1.2%) 
surfedges             1880/512000       7520/2048000  ( 0.4%) 
edges                 1055/256000       4220/1024000  ( 0.4%) 
LDR worldlights          7/8192          616/720896   ( 0.1%) 
HDR worldlights          0/8192            0/720896   ( 0.0%) 
leafwaterdata            4/32768          48/393216   ( 0.0%) 
waterstrips             25/32768         250/327680   ( 0.1%) 
waterverts               0/65536           0/786432   ( 0.0%) 
waterindices           333/65536         666/131072   ( 0.5%) 
cubemapsamples           1/1024           16/16384    ( 0.1%) 
overlays                 0/512             0/180224   ( 0.0%) 
LDR lightdata         [variable]      332796/0        ( 0.0%) 
HDR lightdata         [variable]           0/0        ( 0.0%) 
visdata               [variable]           0/16777216 ( 0.0%) 
entdata               [variable]        6090/393216   ( 1.5%) 
LDR ambient table      242/65536         968/262144   ( 0.4%) 
HDR ambient table      242/65536         968/262144   ( 0.4%) 
LDR leaf ambient      1242/65536       34776/1835008  ( 1.9%) 
HDR leaf ambient       242/65536        6776/1835008  ( 0.4%) 
occluders                0/0               0/0        ( 0.0%) 
occluder polygons        0/0               0/0        ( 0.0%) 
occluder vert ind        0/0               0/0        ( 0.0%) 
detail props          [variable]           1/12       ( 8.3%) 
static props          [variable]           1/12       ( 8.3%) 
pakfile               [variable]      214075/0        ( 0.0%) 
physics               [variable]       15673/4194304  ( 0.4%) 
physics terrain       [variable]           2/1048576  ( 0.0%) 

Level flags = 0

Total triangle count: 772
Writing e:\program files (x86)\steam\steamapps\sourcemods\crimewarswtf\devmaps\lavapool11.bsp
2 seconds elapsed



[Reading texlights from 'lights.rad']
[45 texlights parsed from 'lights.rad']

Loading e:\program files (x86)\steam\steamapps\sourcemods\crimewarswtf\devmaps\lavapool11.bsp
No vis information, direct lighting only.
311 faces
146716 square feet [21127138.00 square inches]
0 Displacements
0 Square Feet [0.00 Square Inches]
7 direct lights
0...1...2...3...4...5...6...7...8...9...10Build Patch/Sample Hash Table(s).....Done<0.0328 sec>
0...1...2...3...4...5...6...7...8...9...10FinalLightFace Done
0 of 0 (0% of) surface lights went in leaf ambient cubes.
0...1...2...3...4...5...6...7...8...9...10Writing leaf ambient...done
Ready to Finish

Object names       Objects/Maxobjs  Memory / Maxmem  Fullness 
------------       ---------------  ---------------  -------- 
models                   9/1024          432/49152    ( 0.9%) 
brushes                 39/8192          468/98304    ( 0.5%) 
brushsides             235/65536        1880/524288   ( 0.4%) 
planes                 184/65536        3680/1310720  ( 0.3%) 
vertexes               493/65536        5916/786432   ( 0.8%) 
nodes                  232/65536        7424/2097152  ( 0.4%) 
texinfos                34/12288        2448/884736   ( 0.3%) 
texdata                 13/2048          416/65536    ( 0.6%) 
dispinfos                0/0               0/0        ( 0.0%) 
disp_verts               0/0               0/0        ( 0.0%) 
disp_tris                0/0               0/0        ( 0.0%) 
disp_lmsamples           0/0               0/0        ( 0.0%) 
faces                  311/65536       17416/3670016  ( 0.5%) 
hdr faces              311/65536       17416/3670016  ( 0.5%) 
origfaces              122/65536        6832/3670016  ( 0.2%) 
leaves                 242/65536        7744/2097152  ( 0.4%) 
leaffaces              467/65536         934/131072   ( 0.7%) 
leafbrushes             73/65536         146/131072   ( 0.1%) 
areas                    3/256            24/2048     ( 1.2%) 
surfedges             1880/512000       7520/2048000  ( 0.4%) 
edges                 1055/256000       4220/1024000  ( 0.4%) 
LDR worldlights          7/8192          616/720896   ( 0.1%) 
HDR worldlights          7/8192          616/720896   ( 0.1%) 
leafwaterdata            4/32768          48/393216   ( 0.0%) 
waterstrips             25/32768         250/327680   ( 0.1%) 
waterverts               0/65536           0/786432   ( 0.0%) 
waterindices           333/65536         666/131072   ( 0.5%) 
cubemapsamples           1/1024           16/16384    ( 0.1%) 
overlays                 0/512             0/180224   ( 0.0%) 
LDR lightdata         [variable]      332796/0        ( 0.0%) 
HDR lightdata         [variable]      332796/0        ( 0.0%) 
visdata               [variable]           0/16777216 ( 0.0%) 
entdata               [variable]        6090/393216   ( 1.5%) 
LDR ambient table      242/65536         968/262144   ( 0.4%) 
HDR ambient table      242/65536         968/262144   ( 0.4%) 
LDR leaf ambient      1242/65536       34776/1835008  ( 1.9%) 
HDR leaf ambient      1197/65536       33516/1835008  ( 1.8%) 
occluders                0/0               0/0        ( 0.0%) 
occluder polygons        0/0               0/0        ( 0.0%) 
occluder vert ind        0/0               0/0        ( 0.0%) 
detail props          [variable]           1/12       ( 8.3%) 
static props          [variable]           1/12       ( 8.3%) 
pakfile               [variable]      214075/0        ( 0.0%) 
physics               [variable]       15673/4194304  ( 0.4%) 
physics terrain       [variable]           2/1048576  ( 0.0%) 

Level flags = 0

Total triangle count: 772
Writing e:\program files (x86)\steam\steamapps\sourcemods\crimewarswtf\devmaps\lavapool11.bsp
3 seconds elapsed
