


materialPath: e:\program files (x86)\steam\steamapps\sourcemods\crimewarswtf\materials
Loading E:\Program Files (x86)\Steam\steamapps\sourcemods\crimewarswtf\devmaps\lavapool33.vmf
fixing up env_cubemap materials on brush sides...
0...1...2...3...4...5...6...7...8...9...10**** leaked ****
Entity func_water_analog (-2736.00 -208.00 48.00) leaked!

FindPortalSide: Couldn't find a good match for which brush to assign to a portal near (0.0 512.0 -196.0)
Leaf 0 contents: CONTENTS_SOLID 
Leaf 1 contents: 
viscontents (node 0 contents ^ node 1 contents): CONTENTS_SOLID 
This means that none of the brushes in leaf 0 or 1 that touches the portal has CONTENTS_SOLID 
Check for a huge brush enclosing the coordinates above that has contents CONTENTS_SOLID 
Candidate brush IDs: 


FindPortalSide: Couldn't find a good match for which brush to assign to a portal near (0.0 512.0 576.0)
Leaf 0 contents: CONTENTS_SOLID 
Leaf 1 contents: 
viscontents (node 0 contents ^ node 1 contents): CONTENTS_SOLID 
This means that none of the brushes in leaf 0 or 1 that touches the portal has CONTENTS_SOLID 
Check for a huge brush enclosing the coordinates above that has contents CONTENTS_SOLID 
Candidate brush IDs: 


FindPortalSide: Couldn't find a good match for which brush to assign to a portal near (0.0 512.0 1478.5)
Leaf 0 contents: CONTENTS_SOLID 
Leaf 1 contents: 
viscontents (node 0 contents ^ node 1 contents): CONTENTS_SOLID 
This means that none of the brushes in leaf 0 or 1 that touches the portal has CONTENTS_SOLID 
Check for a huge brush enclosing the coordinates above that has contents CONTENTS_SOLID 
Candidate brush IDs: 


FindPortalSide: Couldn't find a good match for which brush to assign to a portal near (1024.0 512.0 706.5)
Leaf 0 contents: 
Leaf 1 contents: CONTENTS_SOLID 
viscontents (node 0 contents ^ node 1 contents): CONTENTS_SOLID 
This means that none of the brushes in leaf 0 or 1 that touches the portal has CONTENTS_SOLID 
Check for a huge brush enclosing the coordinates above that has contents CONTENTS_SOLID 
Candidate brush IDs: 


FindPortalSide: Couldn't find a good match for which brush to assign to a portal near (698.5 1024.0 706.5)
Leaf 0 contents: 
Leaf 1 contents: CONTENTS_SOLID 
viscontents (node 0 contents ^ node 1 contents): CONTENTS_SOLID 
This means that none of the brushes in leaf 0 or 1 that touches the portal has CONTENTS_SOLID 
Check for a huge brush enclosing the coordinates above that has contents CONTENTS_SOLID 
Candidate brush IDs: 


FindPortalSide: Couldn't find a good match for which brush to assign to a portal near (186.5 1024.0 706.5)
Leaf 0 contents: 
Leaf 1 contents: CONTENTS_SOLID 
viscontents (node 0 contents ^ node 1 contents): CONTENTS_SOLID 
This means that none of the brushes in leaf 0 or 1 that touches the portal has CONTENTS_SOLID 
Check for a huge brush enclosing the coordinates above that has contents CONTENTS_SOLID 
Candidate brush IDs: 


FindPortalSide: Couldn't find a good match for which brush to assign to a portal near (0.0 -512.0 -196.0)
Leaf 0 contents: CONTENTS_SOLID 
Leaf 1 contents: 
viscontents (node 0 contents ^ node 1 contents): CONTENTS_SOLID 
This means that none of the brushes in leaf 0 or 1 that touches the portal has CONTENTS_SOLID 
Check for a huge brush enclosing the coordinates above that has contents CONTENTS_SOLID 
Candidate brush IDs: 


FindPortalSide: Couldn't find a good match for which brush to assign to a portal near (0.0 -512.0 576.0)
Leaf 0 contents: CONTENTS_SOLID 
Leaf 1 contents: 
viscontents (node 0 contents ^ node 1 contents): CONTENTS_SOLID 
This means that none of the brushes in leaf 0 or 1 that touches the portal has CONTENTS_SOLID 
Check for a huge brush enclosing the coordinates above that has contents CONTENTS_SOLID 
Candidate brush IDs: 

*** Suppressing further FindPortalSide errors.... ***
Processing areas...done (0)
Building Faces...done (0)
FixTjuncs...
PruneNodes...
WriteBSP...
done (1)
Creating default LDR cubemaps for env_cubemap using skybox materials:
   skybox/sky_day01_01*.vmt
 ! Run buildcubemaps in the engine to get the correct cube maps.
Creating default HDR cubemaps for env_cubemap using skybox materials:
   skybox/sky_day01_01*.vmt
 ! Run buildcubemaps in the engine to get the correct cube maps.
Finding displacement neighbors...
Finding lightmap sample positions...
Displacement Alpha : 0...1...2...3...4...5...6...7...8...9...10
Building Physics collision data...
done (0) (190266 bytes)
Error! To use model "models/sims/gm_lightwall.mdl"
      with prop_static, it must be compiled with $staticprop!
Error loading studio model "models/sims/gm_lightwall.mdl"!
Placing detail props : 0...1...2...3...4...5...6...7...8...9...10
Compacting texture/material tables...
Reduced 630 texinfos to 388
Reduced 54 texdatas to 36 (1804 bytes to 1121)
Writing E:\Program Files (x86)\Steam\steamapps\sourcemods\crimewarswtf\devmaps\lavapool33.bsp
2 seconds elapsed



8 threads
reading e:\program files (x86)\steam\steamapps\sourcemods\crimewarswtf\devmaps\lavapool33.bsp
reading e:\program files (x86)\steam\steamapps\sourcemods\crimewarswtf\devmaps\lavapool33.prt
LoadPortals: couldn't read e:\program files (x86)\steam\steamapps\sourcemods\crimewarswtf\devmaps\lavapool33.prt



[Reading texlights from 'lights.rad']
[45 texlights parsed from 'lights.rad']

Loading e:\program files (x86)\steam\steamapps\sourcemods\crimewarswtf\devmaps\lavapool33.bsp
No vis information, direct lighting only.
3990 faces
647983 square feet [93309616.00 square inches]
0 Displacements
0 Square Feet [0.00 Square Inches]
31 direct lights
0...1...2...3...4...5...6...7...8...9...10Build Patch/Sample Hash Table(s).....Done<0.1611 sec>
0...1...2...3...4...5...6...7...8...9...10FinalLightFace Done
0 of 0 (0% of) surface lights went in leaf ambient cubes.
0...1...2...3...4...5...6...7...8...9...10Writing leaf ambient...done
Ready to Finish

Object names       Objects/Maxobjs  Memory / Maxmem  Fullness 
------------       ---------------  ---------------  -------- 
models                  12/1024          576/49152    ( 1.2%) 
brushes                461/8192         5532/98304    ( 5.6%) 
brushsides            3279/65536       26232/524288   ( 5.0%) 
planes                2492/65536       49840/1310720  ( 3.8%) 
vertexes              6021/65536       72252/786432   ( 9.2%) 
nodes                 2242/65536       71744/2097152  ( 3.4%) 
texinfos               388/12288       27936/884736   ( 3.2%) 
texdata                 36/2048         1152/65536    ( 1.8%) 
dispinfos                0/0               0/0        ( 0.0%) 
disp_verts               0/0               0/0        ( 0.0%) 
disp_tris                0/0               0/0        ( 0.0%) 
disp_lmsamples           0/0               0/0        ( 0.0%) 
faces                 3990/65536      223440/3670016  ( 6.1%) 
hdr faces                0/65536           0/3670016  ( 0.0%) 
origfaces             2051/65536      114856/3670016  ( 3.1%) 
leaves                2255/65536       72160/2097152  ( 3.4%) 
leaffaces             4848/65536        9696/131072   ( 7.4%) 
leafbrushes            775/65536        1550/131072   ( 1.2%) 
areas                    3/256            24/2048     ( 1.2%) 
surfedges            27930/512000     111720/2048000  ( 5.5%) 
edges                15298/256000      61192/1024000  ( 6.0%) 
LDR worldlights         31/8192         2728/720896   ( 0.4%) 
HDR worldlights          0/8192            0/720896   ( 0.0%) 
leafwaterdata            6/32768          72/393216   ( 0.0%) 
waterstrips            423/32768        4230/327680   ( 1.3%) 
waterverts               0/65536           0/786432   ( 0.0%) 
waterindices          7833/65536       15666/131072   (12.0%) 
cubemapsamples           1/1024           16/16384    ( 0.1%) 
overlays                 0/512             0/180224   ( 0.0%) 
LDR lightdata         [variable]     2919024/0        ( 0.0%) 
HDR lightdata         [variable]           0/0        ( 0.0%) 
visdata               [variable]           0/16777216 ( 0.0%) 
entdata               [variable]       16189/393216   ( 4.1%) 
LDR ambient table     2255/65536        9020/262144   ( 3.4%) 
HDR ambient table     2255/65536        9020/262144   ( 3.4%) 
LDR leaf ambient      9815/65536      274820/1835008  (15.0%) 
HDR leaf ambient      2255/65536       63140/1835008  ( 3.4%) 
occluders                0/0               0/0        ( 0.0%) 
occluder polygons        0/0               0/0        ( 0.0%) 
occluder vert ind        0/0               0/0        ( 0.0%) 
detail props          [variable]           1/12       ( 8.3%) 
static props          [variable]           1/1450     ( 0.1%) 
pakfile               [variable]      218286/0        ( 0.0%) 
physics               [variable]      190266/4194304  ( 4.5%) 
physics terrain       [variable]           2/1048576  ( 0.0%) 

Level flags = 0

Total triangle count: 11580
Writing e:\program files (x86)\steam\steamapps\sourcemods\crimewarswtf\devmaps\lavapool33.bsp
18 seconds elapsed



[Reading texlights from 'lights.rad']
[45 texlights parsed from 'lights.rad']

Loading e:\program files (x86)\steam\steamapps\sourcemods\crimewarswtf\devmaps\lavapool33.bsp
No vis information, direct lighting only.
3990 faces
647983 square feet [93309616.00 square inches]
0 Displacements
0 Square Feet [0.00 Square Inches]
31 direct lights
0...1...2...3...4...5...6...7...8...9...10Build Patch/Sample Hash Table(s).....Done<0.1507 sec>
0...1...2...3...4...5...6...7...8...9...10FinalLightFace Done
0 of 0 (0% of) surface lights went in leaf ambient cubes.
0...1...2...3...4...5...6...7...8...9...10Writing leaf ambient...done
Ready to Finish

Object names       Objects/Maxobjs  Memory / Maxmem  Fullness 
------------       ---------------  ---------------  -------- 
models                  12/1024          576/49152    ( 1.2%) 
brushes                461/8192         5532/98304    ( 5.6%) 
brushsides            3279/65536       26232/524288   ( 5.0%) 
planes                2492/65536       49840/1310720  ( 3.8%) 
vertexes              6021/65536       72252/786432   ( 9.2%) 
nodes                 2242/65536       71744/2097152  ( 3.4%) 
texinfos               388/12288       27936/884736   ( 3.2%) 
texdata                 36/2048         1152/65536    ( 1.8%) 
dispinfos                0/0               0/0        ( 0.0%) 
disp_verts               0/0               0/0        ( 0.0%) 
disp_tris                0/0               0/0        ( 0.0%) 
disp_lmsamples           0/0               0/0        ( 0.0%) 
faces                 3990/65536      223440/3670016  ( 6.1%) 
hdr faces             3990/65536      223440/3670016  ( 6.1%) 
origfaces             2051/65536      114856/3670016  ( 3.1%) 
leaves                2255/65536       72160/2097152  ( 3.4%) 
leaffaces             4848/65536        9696/131072   ( 7.4%) 
leafbrushes            775/65536        1550/131072   ( 1.2%) 
areas                    3/256            24/2048     ( 1.2%) 
surfedges            27930/512000     111720/2048000  ( 5.5%) 
edges                15298/256000      61192/1024000  ( 6.0%) 
LDR worldlights         31/8192         2728/720896   ( 0.4%) 
HDR worldlights         31/8192         2728/720896   ( 0.4%) 
leafwaterdata            6/32768          72/393216   ( 0.0%) 
waterstrips            423/32768        4230/327680   ( 1.3%) 
waterverts               0/65536           0/786432   ( 0.0%) 
waterindices          7833/65536       15666/131072   (12.0%) 
cubemapsamples           1/1024           16/16384    ( 0.1%) 
overlays                 0/512             0/180224   ( 0.0%) 
LDR lightdata         [variable]     2919024/0        ( 0.0%) 
HDR lightdata         [variable]     2919024/0        ( 0.0%) 
visdata               [variable]           0/16777216 ( 0.0%) 
entdata               [variable]       16189/393216   ( 4.1%) 
LDR ambient table     2255/65536        9020/262144   ( 3.4%) 
HDR ambient table     2255/65536        9020/262144   ( 3.4%) 
LDR leaf ambient      9815/65536      274820/1835008  (15.0%) 
HDR leaf ambient     10359/65536      290052/1835008  (15.8%) 
occluders                0/0               0/0        ( 0.0%) 
occluder polygons        0/0               0/0        ( 0.0%) 
occluder vert ind        0/0               0/0        ( 0.0%) 
detail props          [variable]           1/12       ( 8.3%) 
static props          [variable]           1/1450     ( 0.1%) 
pakfile               [variable]      218286/0        ( 0.0%) 
physics               [variable]      190266/4194304  ( 4.5%) 
physics terrain       [variable]           2/1048576  ( 0.0%) 

Level flags = 0

Total triangle count: 11580
Writing e:\program files (x86)\steam\steamapps\sourcemods\crimewarswtf\devmaps\lavapool33.bsp
18 seconds elapsed
