PRT1
30
67
4 0 9 (-352 64 64 ) (-352 64 1120 ) (-384 64 1120 ) (-384 64 64 ) 
4 0 2 (-384 128 160 ) (-384 128 1120 ) (-384 544 1120 ) (-384 544 160 ) 
4 0 1 (-384 992 1120 ) (-384 992 32 ) (-384 544 32 ) (-384 544 1120 ) 
4 0 3 (-384 128 32 ) (-384 64 32 ) (-384 64 1120 ) (-384 128 1120 ) 
4 1 4 (-416 992 32 ) (-416 544 32 ) (-416 544 1120 ) (-416 992 1120 ) 
4 1 2 (-416 544 1120 ) (-416 544 160 ) (-384 544 160 ) (-384 544 1120 ) 
4 2 7 (-416 128 160 ) (-416 128 1120 ) (-416 160 1120 ) (-416 160 160 ) 
4 2 6 (-416 160 1120 ) (-416 512 1120 ) (-416 512 160 ) (-416 160 160 ) 
4 2 5 (-416 512 1120 ) (-416 544 1120 ) (-416 544 160 ) (-416 512 160 ) 
4 2 3 (-416 128 1120 ) (-416 128 160 ) (-384 128 160 ) (-384 128 1120 ) 
4 3 10 (-384 64 64 ) (-384 64 1120 ) (-416 64 1120 ) (-416 64 64 ) 
4 3 8 (-416 128 32 ) (-416 64 32 ) (-416 64 1120 ) (-416 128 1120 ) 
4 4 13 (-896 992 32 ) (-896 544 32 ) (-896 544 1120 ) (-896 992 1120 ) 
4 4 5 (-896 544 1120 ) (-896 544 160 ) (-416 544 160 ) (-416 544 1120 ) 
4 5 14 (-896 512 160 ) (-896 512 1120 ) (-896 544 1120 ) (-896 544 160 ) 
4 5 6 (-896 512 1120 ) (-896 512 160 ) (-416 512 160 ) (-416 512 1120 ) 
4 6 14 (-896 160 160 ) (-896 160 1120 ) (-896 512 1120 ) (-896 512 160 ) 
4 6 7 (-896 160 1120 ) (-896 160 160 ) (-416 160 160 ) (-416 160 1120 ) 
4 7 14 (-896 128 160 ) (-896 128 1120 ) (-896 160 1120 ) (-896 160 160 ) 
4 7 8 (-896 128 1120 ) (-896 128 160 ) (-416 128 160 ) (-416 128 1120 ) 
4 8 15 (-896 128 32 ) (-896 64 32 ) (-896 64 1120 ) (-896 128 1120 ) 
4 8 12 (-896 64 1120 ) (-896 64 64 ) (-864 64 64 ) (-864 64 1120 ) 
4 8 10 (-416 64 64 ) (-416 64 1120 ) (-864 64 1120 ) (-864 64 64 ) 
4 9 19 (-352 0 1120 ) (-384 0 1120 ) (-384 0 64 ) (-352 0 64 ) 
4 9 10 (-384 64 1120 ) (-384 64 64 ) (-384 32 64 ) (-384 32 1120 ) 
4 9 11 (-384 32 64 ) (-384 0 64 ) (-384 0 1120 ) (-384 32 1120 ) 
4 10 12 (-864 64 1120 ) (-864 64 64 ) (-864 32 64 ) (-864 32 1120 ) 
4 10 11 (-864 32 1120 ) (-864 32 64 ) (-384 32 64 ) (-384 32 1120 ) 
4 11 21 (-864 0 64 ) (-864 0 32 ) (-384 0 32 ) (-384 0 64 ) 
4 11 19 (-384 0 1120 ) (-864 0 1120 ) (-864 0 64 ) (-384 0 64 ) 
4 11 12 (-864 0 64 ) (-864 0 1120 ) (-864 32 1120 ) (-864 32 64 ) 
4 12 19 (-864 0 1120 ) (-896 0 1120 ) (-896 0 64 ) (-864 0 64 ) 
4 12 15 (-896 0 64 ) (-896 0 1120 ) (-896 64 1120 ) (-896 64 64 ) 
4 13 17 (-1024 544 1120 ) (-1024 992 1120 ) (-1024 992 32 ) (-1024 544 32 ) 
4 13 14 (-896 544 160 ) (-896 544 1120 ) (-928 544 1120 ) (-928 544 160 ) 
4 13 16 (-1024 544 32 ) (-928 544 32 ) (-928 544 1120 ) (-1024 544 1120 ) 
4 14 15 (-928 128 1120 ) (-928 128 160 ) (-896 128 160 ) (-896 128 1120 ) 
4 14 16 (-928 544 1120 ) (-928 544 160 ) (-928 128 160 ) (-928 128 1120 ) 
4 15 24 (-928 0 64 ) (-928 0 32 ) (-896 0 32 ) (-896 0 64 ) 
4 15 19 (-896 0 1120 ) (-928 0 1120 ) (-928 0 64 ) (-896 0 64 ) 
4 15 16 (-928 128 32 ) (-928 0 32 ) (-928 0 1120 ) (-928 128 1120 ) 
4 16 24 (-1024 0 64 ) (-1024 0 32 ) (-928 0 32 ) (-928 0 64 ) 
4 16 19 (-928 0 1120 ) (-1024 0 1120 ) (-1024 0 64 ) (-928 0 64 ) 
4 16 17 (-1024 0 32 ) (-1024 0 1120 ) (-1024 544 1120 ) (-1024 544 32 ) 
4 17 26 (-1024 0 32 ) (-1024 0 1120 ) (-2048 0 1120 ) (-2048 0 32 ) 
4 17 18 (-2048 0 32 ) (-2048 0 1120 ) (-2048 992 1120 ) (-2048 992 32 ) 
4 18 27 (-2048 0 32 ) (-2048 0 1120 ) (-2208 0 1120 ) (-2208 0 32 ) 
4 19 26 (-1024 0 1120 ) (-1024 0 64 ) (-1024 -1024 64 ) (-1024 -1024 1120 ) 
4 19 25 (-352 -1024 1120 ) (-1024 -1024 1120 ) (-1024 -1024 64 ) (-352 -1024 64 ) 
4 19 23 (-864 -352 64 ) (-864 -1024 64 ) (-896 -1024 64 ) (-896 -352 64 ) 
4 19 24 (-1024 -1024 64 ) (-1024 0 64 ) (-896 0 64 ) (-896 -1024 64 ) 
4 19 21 (-864 0 64 ) (-384 0 64 ) (-384 -320 64 ) (-864 -320 64 ) 
4 19 22 (-384 -352 64 ) (-384 -1024 64 ) (-864 -1024 64 ) (-864 -352 64 ) 
4 19 20 (-352 -352 64 ) (-352 -1024 64 ) (-384 -1024 64 ) (-384 -352 64 ) 
4 20 25 (-352 -1024 64 ) (-384 -1024 64 ) (-384 -1024 32 ) (-352 -1024 32 ) 
4 20 22 (-384 -352 32 ) (-384 -1024 32 ) (-384 -1024 64 ) (-384 -352 64 ) 
4 22 25 (-384 -1024 64 ) (-864 -1024 64 ) (-864 -1024 32 ) (-384 -1024 32 ) 
4 22 23 (-864 -352 32 ) (-864 -1024 32 ) (-864 -1024 64 ) (-864 -352 64 ) 
4 23 25 (-864 -1024 64 ) (-896 -1024 64 ) (-896 -1024 32 ) (-864 -1024 32 ) 
4 23 24 (-896 -352 32 ) (-896 -1024 32 ) (-896 -1024 64 ) (-896 -352 64 ) 
4 24 26 (-1024 0 64 ) (-1024 0 32 ) (-1024 -1024 32 ) (-1024 -1024 64 ) 
4 24 25 (-896 -1024 64 ) (-1024 -1024 64 ) (-1024 -1024 32 ) (-896 -1024 32 ) 
4 25 28 (-1024 -1184 1120 ) (-1024 -1024 1120 ) (-1024 -1024 32 ) (-1024 -1184 32 ) 
4 26 28 (-1024 -1024 32 ) (-1024 -1024 1120 ) (-2048 -1024 1120 ) (-2048 -1024 32 ) 
4 26 27 (-2048 0 1120 ) (-2048 0 32 ) (-2048 -1024 32 ) (-2048 -1024 1120 ) 
4 27 29 (-2048 -1024 32 ) (-2048 -1024 1120 ) (-2208 -1024 1120 ) (-2208 -1024 32 ) 
4 28 29 (-2048 -1024 1120 ) (-2048 -1024 32 ) (-2048 -1184 32 ) (-2048 -1184 1120 ) 
