PRT1
17
33
4 0 4 (-1024 64 1120 ) (-1024 992 1120 ) (-1024 992 32 ) (-1024 64 32 ) 
4 0 3 (-1024 64 32 ) (-896 64 32 ) (-896 64 64 ) (-1024 64 64 ) 
4 0 1 (-352 64 64 ) (-352 64 1120 ) (-1024 64 1120 ) (-1024 64 64 ) 
4 1 6 (-352 0 1120 ) (-1024 0 1120 ) (-1024 0 64 ) (-352 0 64 ) 
4 1 4 (-1024 0 64 ) (-1024 0 1120 ) (-1024 64 1120 ) (-1024 64 64 ) 
4 1 3 (-1024 0 64 ) (-1024 64 64 ) (-896 64 64 ) (-896 0 64 ) 
4 1 2 (-384 32 64 ) (-384 0 64 ) (-864 0 64 ) (-864 32 64 ) 
4 2 8 (-864 0 32 ) (-384 0 32 ) (-384 0 64 ) (-864 0 64 ) 
4 3 11 (-1024 0 64 ) (-1024 0 32 ) (-896 0 32 ) (-896 0 64 ) 
4 3 4 (-1024 0 32 ) (-1024 0 64 ) (-1024 64 64 ) (-1024 64 32 ) 
4 4 13 (-1024 0 32 ) (-1024 0 1120 ) (-2048 0 1120 ) (-2048 0 32 ) 
4 4 5 (-2048 0 32 ) (-2048 0 1120 ) (-2048 992 1120 ) (-2048 992 32 ) 
4 5 14 (-2048 0 32 ) (-2048 0 1120 ) (-2208 0 1120 ) (-2208 0 32 ) 
4 6 13 (-1024 0 1120 ) (-1024 0 64 ) (-1024 -1024 64 ) (-1024 -1024 1120 ) 
4 6 12 (-352 -1024 1120 ) (-1024 -1024 1120 ) (-1024 -1024 64 ) (-352 -1024 64 ) 
4 6 10 (-864 -352 64 ) (-864 -1024 64 ) (-896 -1024 64 ) (-896 -352 64 ) 
4 6 11 (-1024 -1024 64 ) (-1024 0 64 ) (-896 0 64 ) (-896 -1024 64 ) 
4 6 8 (-864 0 64 ) (-384 0 64 ) (-384 -320 64 ) (-864 -320 64 ) 
4 6 9 (-384 -352 64 ) (-384 -1024 64 ) (-864 -1024 64 ) (-864 -352 64 ) 
4 6 7 (-352 -352 64 ) (-352 -1024 64 ) (-384 -1024 64 ) (-384 -352 64 ) 
4 7 12 (-352 -1024 64 ) (-384 -1024 64 ) (-384 -1024 32 ) (-352 -1024 32 ) 
4 7 9 (-384 -352 32 ) (-384 -1024 32 ) (-384 -1024 64 ) (-384 -352 64 ) 
4 9 12 (-384 -1024 64 ) (-864 -1024 64 ) (-864 -1024 32 ) (-384 -1024 32 ) 
4 9 10 (-864 -352 32 ) (-864 -1024 32 ) (-864 -1024 64 ) (-864 -352 64 ) 
4 10 12 (-864 -1024 64 ) (-896 -1024 64 ) (-896 -1024 32 ) (-864 -1024 32 ) 
4 10 11 (-896 -352 32 ) (-896 -1024 32 ) (-896 -1024 64 ) (-896 -352 64 ) 
4 11 13 (-1024 0 64 ) (-1024 0 32 ) (-1024 -1024 32 ) (-1024 -1024 64 ) 
4 11 12 (-896 -1024 64 ) (-1024 -1024 64 ) (-1024 -1024 32 ) (-896 -1024 32 ) 
4 12 15 (-1024 -1184 1120 ) (-1024 -1024 1120 ) (-1024 -1024 32 ) (-1024 -1184 32 ) 
4 13 15 (-1024 -1024 32 ) (-1024 -1024 1120 ) (-2048 -1024 1120 ) (-2048 -1024 32 ) 
4 13 14 (-2048 0 1120 ) (-2048 0 32 ) (-2048 -1024 32 ) (-2048 -1024 1120 ) 
4 14 16 (-2048 -1024 32 ) (-2048 -1024 1120 ) (-2208 -1024 1120 ) (-2208 -1024 32 ) 
4 15 16 (-2048 -1024 1120 ) (-2048 -1024 32 ) (-2048 -1184 32 ) (-2048 -1184 1120 ) 
