PRT1
24
46
4 0 2 (4544 0 640 ) (4096 0 640 ) (4096 0 -2304 ) (4544 0 -2304 ) 
4 0 1 (4096 0 -2304 ) (4096 0 640 ) (4096 576 640 ) (4096 576 -2304 ) 
4 1 8 (3072 0 -2304 ) (3072 0 640 ) (3072 576 640 ) (3072 576 -2304 ) 
4 1 3 (3072 0 640 ) (3072 0 -2304 ) (4096 0 -2304 ) (4096 0 640 ) 
4 2 4 (4544 -1024 640 ) (4096 -1024 640 ) (4096 -1024 -2304 ) (4544 -1024 -2304 ) 
4 2 3 (4096 0 640 ) (4096 0 -2304 ) (4096 -1024 -2304 ) (4096 -1024 640 ) 
4 3 10 (3072 -1024 -2304 ) (3072 -1024 640 ) (3072 0 640 ) (3072 0 -2304 ) 
4 3 5 (4096 -1024 -2304 ) (4096 -1024 640 ) (3072 -1024 640 ) (3072 -1024 -2304 ) 
4 4 6 (4544 -2048 640 ) (4096 -2048 640 ) (4096 -2048 -2304 ) (4544 -2048 -2304 ) 
4 4 5 (4096 -1024 640 ) (4096 -1024 -2304 ) (4096 -2048 -2304 ) (4096 -2048 640 ) 
4 5 15 (3072 -2048 -2304 ) (3072 -2048 -2112 ) (3072 -1024 -2112 ) (3072 -1024 -2304 ) 
4 5 14 (3072 -2048 -2112 ) (3072 -2048 640 ) (3072 -1024 640 ) (3072 -1024 -2112 ) 
4 5 7 (3072 -2048 640 ) (3072 -2048 -2304 ) (4096 -2048 -2304 ) (4096 -2048 640 ) 
4 6 7 (4096 -2048 640 ) (4096 -2048 -2304 ) (4096 -3008 -2304 ) (4096 -3008 640 ) 
4 7 20 (3072 -3008 640 ) (3072 -2048 640 ) (3072 -2048 -2304 ) (3072 -3008 -2304 ) 
4 8 10 (3072 0 -2304 ) (3072 0 640 ) (2048 0 640 ) (2048 0 -2304 ) 
4 8 9 (2048 576 -2304 ) (2048 0 -2304 ) (2048 0 640 ) (2048 576 640 ) 
4 9 12 (1024 0 -2304 ) (1024 0 640 ) (1024 576 640 ) (1024 576 -2304 ) 
4 9 11 (1024 0 640 ) (1024 0 -2304 ) (2048 0 -2304 ) (2048 0 640 ) 
4 10 15 (3072 -1024 -2304 ) (3072 -1024 -2112 ) (2752 -1024 -2112 ) (2752 -1024 -2304 ) 
4 10 14 (3072 -1024 -2112 ) (3072 -1024 640 ) (2048 -1024 640 ) (2048 -1024 -2112 ) 
4 10 11 (2048 0 640 ) (2048 0 -2304 ) (2048 -1024 -2304 ) (2048 -1024 640 ) 
4 11 19 (1472 -1024 -2112 ) (1024 -1024 -2112 ) (1024 -1024 -2304 ) (1472 -1024 -2304 ) 
4 11 17 (2048 -1024 -2112 ) (2048 -1024 640 ) (1024 -1024 640 ) (1024 -1024 -2112 ) 
4 11 13 (1024 -1024 -2304 ) (1024 -1024 640 ) (1024 0 640 ) (1024 0 -2304 ) 
4 12 13 (1024 0 -2304 ) (1024 0 640 ) (64 0 640 ) (64 0 -2304 ) 
4 13 22 (1024 -1024 -2304 ) (1024 -1024 640 ) (64 -1024 640 ) (64 -1024 -2304 ) 
4 14 20 (3072 -2048 -2112 ) (3072 -2048 640 ) (2048 -2048 640 ) (2048 -2048 -2112 ) 
4 14 17 (2048 -1024 640 ) (2048 -1024 -2112 ) (2048 -2048 -2112 ) (2048 -2048 640 ) 
4 14 16 (2048 -2048 -2112 ) (2048 -1600 -2112 ) (2752 -1600 -2112 ) (2752 -2048 -2112 ) 
4 14 15 (2752 -1024 -2112 ) (3072 -1024 -2112 ) (3072 -2048 -2112 ) (2752 -2048 -2112 ) 
4 15 20 (3072 -2048 -2304 ) (3072 -2048 -2112 ) (2752 -2048 -2112 ) (2752 -2048 -2304 ) 
4 15 16 (2752 -1600 -2304 ) (2752 -2048 -2304 ) (2752 -2048 -2112 ) (2752 -1600 -2112 ) 
4 16 20 (2752 -2048 -2112 ) (2048 -2048 -2112 ) (2048 -2048 -2304 ) (2752 -2048 -2304 ) 
4 16 18 (2048 -1600 -2304 ) (2048 -2048 -2304 ) (2048 -2048 -2112 ) (2048 -1600 -2112 ) 
4 17 22 (1024 -1024 640 ) (1024 -1024 -2112 ) (1024 -2048 -2112 ) (1024 -2048 640 ) 
4 17 21 (2048 -2048 -2112 ) (2048 -2048 640 ) (1024 -2048 640 ) (1024 -2048 -2112 ) 
4 17 18 (2048 -2048 -2112 ) (1472 -2048 -2112 ) (1472 -1600 -2112 ) (2048 -1600 -2112 ) 
4 17 19 (1472 -2048 -2112 ) (1024 -2048 -2112 ) (1024 -1024 -2112 ) (1472 -1024 -2112 ) 
4 18 21 (2048 -2048 -2304 ) (2048 -2048 -2112 ) (1472 -2048 -2112 ) (1472 -2048 -2304 ) 
4 18 19 (1472 -1600 -2304 ) (1472 -2048 -2304 ) (1472 -2048 -2112 ) (1472 -1600 -2112 ) 
4 19 22 (1024 -1024 -2112 ) (1024 -1024 -2304 ) (1024 -2048 -2304 ) (1024 -2048 -2112 ) 
4 19 21 (1472 -2048 -2112 ) (1024 -2048 -2112 ) (1024 -2048 -2304 ) (1472 -2048 -2304 ) 
4 20 21 (2048 -3008 640 ) (2048 -2048 640 ) (2048 -2048 -2304 ) (2048 -3008 -2304 ) 
4 21 23 (1024 -3008 640 ) (1024 -2048 640 ) (1024 -2048 -2304 ) (1024 -3008 -2304 ) 
4 22 23 (1024 -2048 -2304 ) (1024 -2048 640 ) (64 -2048 640 ) (64 -2048 -2304 ) 
