


materialPath: e:\program files (x86)\steam\steamapps\sourcemods\crimewarswtf\materials
Loading E:\Program Files (x86)\Steam\steamapps\sourcemods\crimewarswtf\devmaps\map_background.vmf
fixing up env_cubemap materials on brush sides...
0...1...2...3...4...5...6...7...8...9...100...1...2...3...4...5...6...7...8...9...10Processing areas...done (0)
Building Faces...done (0)
FixTjuncs...
PruneNodes...
WriteBSP...
done (0)
writing E:\Program Files (x86)\Steam\steamapps\sourcemods\crimewarswtf\devmaps\map_background.prt...Building visibility clusters...
done (0)
Creating default LDR cubemaps for env_cubemap using skybox materials:
   skybox/sky_day01_01*.vmt
 ! Run buildcubemaps in the engine to get the correct cube maps.
Creating default HDR cubemaps for env_cubemap using skybox materials:
   skybox/sky_day01_01*.vmt
 ! Run buildcubemaps in the engine to get the correct cube maps.
Finding displacement neighbors...
Finding lightmap sample positions...
Displacement Alpha : 0...1...2...3...4...5...6...7...8...9...10
Building Physics collision data...
done (0) (2741 bytes)
Error! To use model "models/props_forsaken/dynamic/both/folding_chair.mdl"
      with prop_static, it must be compiled with $staticprop!
Error loading studio model "models/props_forsaken/dynamic/both/folding_chair.mdl"!
Error loading studio model ""!
Placing detail props : 0...1...2...3...4...5...6...7...8...9...10
Compacting texture/material tables...
Reduced 10 texinfos to 6
Reduced 4 texdatas to 4 (136 bytes to 136)
Writing E:\Program Files (x86)\Steam\steamapps\sourcemods\crimewarswtf\devmaps\map_background.bsp
0 seconds elapsed



8 threads
reading e:\program files (x86)\steam\steamapps\sourcemods\crimewarswtf\devmaps\map_background.bsp
reading e:\program files (x86)\steam\steamapps\sourcemods\crimewarswtf\devmaps\map_background.prt
  24 portalclusters
  46 numportals
0...1...2...3...4...5...6...7...8...9...100...1...2...3...4...5...6...7...8...9...10Optimized: 0 visible clusters (0.00%)
Total clusters visible: 576
Average clusters visible: 24
Building PAS...
Average clusters audible: 24
visdatasize:340  compressed from 384
writing e:\program files (x86)\steam\steamapps\sourcemods\crimewarswtf\devmaps\map_background.bsp
1 second elapsed



[Reading texlights from 'lights.rad']
[45 texlights parsed from 'lights.rad']

Loading e:\program files (x86)\steam\steamapps\sourcemods\crimewarswtf\devmaps\map_background.bsp
169 faces
557681 square feet [80306176.00 square inches]
0 Displacements
0 Square Feet [0.00 Square Inches]
169 patches before subdivision
9615 patches after subdivision
0 direct lights
0...1...2...3...4...5...6...7...8...9...100...1...2...3...4...5...6...7...8...9...10transfers 92024, max 211
transfer lists:   0.7 megs
0...1...2...3...4...5...6...7...8...9...10	Bounce #1 added RGB(0, 0, 0)
Build Patch/Sample Hash Table(s).....Done<0.0240 sec>
0...1...2...3...4...5...6...7...8...9...10FinalLightFace Done
0 of 0 (0% of) surface lights went in leaf ambient cubes.
0...1...2...3...4...5...6...7...8...9...10Writing leaf ambient...done
Ready to Finish

Object names       Objects/Maxobjs  Memory / Maxmem  Fullness 
------------       ---------------  ---------------  -------- 
models                   1/1024           48/49152    ( 0.1%) 
brushes                  7/8192           84/98304    ( 0.1%) 
brushsides              42/65536         336/524288   ( 0.1%) 
planes                  54/65536        1080/1310720  ( 0.1%) 
vertexes               216/65536        2592/786432   ( 0.3%) 
nodes                   96/65536        3072/2097152  ( 0.1%) 
texinfos                 6/12288         432/884736   ( 0.0%) 
texdata                  4/2048          128/65536    ( 0.2%) 
dispinfos                0/0               0/0        ( 0.0%) 
disp_verts               0/0               0/0        ( 0.0%) 
disp_tris                0/0               0/0        ( 0.0%) 
disp_lmsamples           0/0               0/0        ( 0.0%) 
faces                  169/65536        9464/3670016  ( 0.3%) 
hdr faces                0/65536           0/3670016  ( 0.0%) 
origfaces               11/65536         616/3670016  ( 0.0%) 
leaves                  98/65536        3136/2097152  ( 0.1%) 
leaffaces              172/65536         344/131072   ( 0.3%) 
leafbrushes             60/65536         120/131072   ( 0.1%) 
areas                    2/256            16/2048     ( 0.8%) 
surfedges              776/512000       3104/2048000  ( 0.2%) 
edges                  403/256000       1612/1024000  ( 0.2%) 
LDR worldlights          0/8192            0/720896   ( 0.0%) 
HDR worldlights          0/8192            0/720896   ( 0.0%) 
leafwaterdata            0/32768           0/393216   ( 0.0%) 
waterstrips              4/32768          40/327680   ( 0.0%) 
waterverts               0/65536           0/786432   ( 0.0%) 
waterindices            51/65536         102/131072   ( 0.1%) 
cubemapsamples           0/1024            0/16384    ( 0.0%) 
overlays                 0/512             0/180224   ( 0.0%) 
LDR lightdata         [variable]      293716/0        ( 0.0%) 
HDR lightdata         [variable]           0/0        ( 0.0%) 
visdata               [variable]         340/16777216 ( 0.0%) 
entdata               [variable]         343/393216   ( 0.1%) 
LDR ambient table       98/65536         392/262144   ( 0.1%) 
HDR ambient table       98/65536         392/262144   ( 0.1%) 
LDR leaf ambient        24/65536         672/1835008  ( 0.0%) 
HDR leaf ambient        98/65536        2744/1835008  ( 0.1%) 
occluders                0/0               0/0        ( 0.0%) 
occluder polygons        0/0               0/0        ( 0.0%) 
occluder vert ind        0/0               0/0        ( 0.0%) 
detail props          [variable]           1/12       ( 8.3%) 
static props          [variable]           1/218      ( 0.5%) 
pakfile               [variable]      105687/0        ( 0.0%) 
physics               [variable]        2741/4194304  ( 0.1%) 
physics terrain       [variable]           2/1048576  ( 0.0%) 

Level flags = 0

Total triangle count: 394
Writing e:\program files (x86)\steam\steamapps\sourcemods\crimewarswtf\devmaps\map_background.bsp
6 seconds elapsed



[Reading texlights from 'lights.rad']
[45 texlights parsed from 'lights.rad']

Loading e:\program files (x86)\steam\steamapps\sourcemods\crimewarswtf\devmaps\map_background.bsp
169 faces
557681 square feet [80306176.00 square inches]
0 Displacements
0 Square Feet [0.00 Square Inches]
169 patches before subdivision
9615 patches after subdivision
0 direct lights
0...1...2...3...4...5...6...7...8...9...100...1...2...3...4...5...6...7...8...9...10transfers 92024, max 211
transfer lists:   0.7 megs
0...1...2...3...4...5...6...7...8...9...10	Bounce #1 added RGB(0, 0, 0)
Build Patch/Sample Hash Table(s).....Done<0.0239 sec>
0...1...2...3...4...5...6...7...8...9...10FinalLightFace Done
0 of 0 (0% of) surface lights went in leaf ambient cubes.
0...1...2...3...4...5...6...7...8...9...10Writing leaf ambient...done
Ready to Finish

Object names       Objects/Maxobjs  Memory / Maxmem  Fullness 
------------       ---------------  ---------------  -------- 
models                   1/1024           48/49152    ( 0.1%) 
brushes                  7/8192           84/98304    ( 0.1%) 
brushsides              42/65536         336/524288   ( 0.1%) 
planes                  54/65536        1080/1310720  ( 0.1%) 
vertexes               216/65536        2592/786432   ( 0.3%) 
nodes                   96/65536        3072/2097152  ( 0.1%) 
texinfos                 6/12288         432/884736   ( 0.0%) 
texdata                  4/2048          128/65536    ( 0.2%) 
dispinfos                0/0               0/0        ( 0.0%) 
disp_verts               0/0               0/0        ( 0.0%) 
disp_tris                0/0               0/0        ( 0.0%) 
disp_lmsamples           0/0               0/0        ( 0.0%) 
faces                  169/65536        9464/3670016  ( 0.3%) 
hdr faces              169/65536        9464/3670016  ( 0.3%) 
origfaces               11/65536         616/3670016  ( 0.0%) 
leaves                  98/65536        3136/2097152  ( 0.1%) 
leaffaces              172/65536         344/131072   ( 0.3%) 
leafbrushes             60/65536         120/131072   ( 0.1%) 
areas                    2/256            16/2048     ( 0.8%) 
surfedges              776/512000       3104/2048000  ( 0.2%) 
edges                  403/256000       1612/1024000  ( 0.2%) 
LDR worldlights          0/8192            0/720896   ( 0.0%) 
HDR worldlights          0/8192            0/720896   ( 0.0%) 
leafwaterdata            0/32768           0/393216   ( 0.0%) 
waterstrips              4/32768          40/327680   ( 0.0%) 
waterverts               0/65536           0/786432   ( 0.0%) 
waterindices            51/65536         102/131072   ( 0.1%) 
cubemapsamples           0/1024            0/16384    ( 0.0%) 
overlays                 0/512             0/180224   ( 0.0%) 
LDR lightdata         [variable]      293716/0        ( 0.0%) 
HDR lightdata         [variable]      293716/0        ( 0.0%) 
visdata               [variable]         340/16777216 ( 0.0%) 
entdata               [variable]         343/393216   ( 0.1%) 
LDR ambient table       98/65536         392/262144   ( 0.1%) 
HDR ambient table       98/65536         392/262144   ( 0.1%) 
LDR leaf ambient        24/65536         672/1835008  ( 0.0%) 
HDR leaf ambient        24/65536         672/1835008  ( 0.0%) 
occluders                0/0               0/0        ( 0.0%) 
occluder polygons        0/0               0/0        ( 0.0%) 
occluder vert ind        0/0               0/0        ( 0.0%) 
detail props          [variable]           1/12       ( 8.3%) 
static props          [variable]           1/218      ( 0.5%) 
pakfile               [variable]      105687/0        ( 0.0%) 
physics               [variable]        2741/4194304  ( 0.1%) 
physics terrain       [variable]           2/1048576  ( 0.0%) 

Level flags = 0

Total triangle count: 394
Writing e:\program files (x86)\steam\steamapps\sourcemods\crimewarswtf\devmaps\map_background.bsp
5 seconds elapsed
