


materialPath: e:\program files (x86)\steam\steamapps\sourcemods\crimewarswtf\materials
Loading E:\Program Files (x86)\Steam\steamapps\sourcemods\crimewarswtf\devmaps\poolhouse163.vmf
Patching WVT material: maps/poolhouse163/nature/blenddirtgrass008b_wvt_patch
fixing up env_cubemap materials on brush sides...
env_cubemap pointing at deleted brushside near (1938, 3254, 2912)
env_cubemap pointing at deleted brushside near (1938, 3254, 2912)
0...1...2...3...4...5...6...7...8...9...10**** leaked ****
Entity info_landmark (4639.37 2989.08 1757.34) leaked!

FindPortalSide: Couldn't find a good match for which brush to assign to a portal near (11264.0 11776.0 5504.0)
Leaf 0 contents: 
Leaf 1 contents: CONTENTS_SOLID 
viscontents (node 0 contents ^ node 1 contents): CONTENTS_SOLID 
This means that none of the brushes in leaf 0 or 1 that touches the portal has CONTENTS_SOLID 
Check for a huge brush enclosing the coordinates above that has contents CONTENTS_SOLID 
Candidate brush IDs: 


FindPortalSide: Couldn't find a good match for which brush to assign to a portal near (10752.0 12288.0 5504.0)
Leaf 0 contents: 
Leaf 1 contents: CONTENTS_SOLID 
viscontents (node 0 contents ^ node 1 contents): CONTENTS_SOLID 
This means that none of the brushes in leaf 0 or 1 that touches the portal has CONTENTS_SOLID 
Check for a huge brush enclosing the coordinates above that has contents CONTENTS_SOLID 
Candidate brush IDs: 


FindPortalSide: Couldn't find a good match for which brush to assign to a portal near (9728.0 12288.0 5504.0)
Leaf 0 contents: 
Leaf 1 contents: CONTENTS_SOLID 
viscontents (node 0 contents ^ node 1 contents): CONTENTS_SOLID 
This means that none of the brushes in leaf 0 or 1 that touches the portal has CONTENTS_SOLID 
Check for a huge brush enclosing the coordinates above that has contents CONTENTS_SOLID 
Candidate brush IDs: 


FindPortalSide: Couldn't find a good match for which brush to assign to a portal near (11264.0 10752.0 5504.0)
Leaf 0 contents: 
Leaf 1 contents: CONTENTS_SOLID 
viscontents (node 0 contents ^ node 1 contents): CONTENTS_SOLID 
This means that none of the brushes in leaf 0 or 1 that touches the portal has CONTENTS_SOLID 
Check for a huge brush enclosing the coordinates above that has contents CONTENTS_SOLID 
Candidate brush IDs: 


FindPortalSide: Couldn't find a good match for which brush to assign to a portal near (11264.0 9728.0 5504.0)
Leaf 0 contents: 
Leaf 1 contents: CONTENTS_SOLID 
viscontents (node 0 contents ^ node 1 contents): CONTENTS_SOLID 
This means that none of the brushes in leaf 0 or 1 that touches the portal has CONTENTS_SOLID 
Check for a huge brush enclosing the coordinates above that has contents CONTENTS_SOLID 
Candidate brush IDs: 


FindPortalSide: Couldn't find a good match for which brush to assign to a portal near (8704.0 12288.0 5504.0)
Leaf 0 contents: 
Leaf 1 contents: CONTENTS_SOLID 
viscontents (node 0 contents ^ node 1 contents): CONTENTS_SOLID 
This means that none of the brushes in leaf 0 or 1 that touches the portal has CONTENTS_SOLID 
Check for a huge brush enclosing the coordinates above that has contents CONTENTS_SOLID 
Candidate brush IDs: 


FindPortalSide: Couldn't find a good match for which brush to assign to a portal near (7680.0 12288.0 5504.0)
Leaf 0 contents: 
Leaf 1 contents: CONTENTS_SOLID 
viscontents (node 0 contents ^ node 1 contents): CONTENTS_SOLID 
This means that none of the brushes in leaf 0 or 1 that touches the portal has CONTENTS_SOLID 
Check for a huge brush enclosing the coordinates above that has contents CONTENTS_SOLID 
Candidate brush IDs: 


FindPortalSide: Couldn't find a good match for which brush to assign to a portal near (6656.0 12288.0 5504.0)
Leaf 0 contents: 
Leaf 1 contents: CONTENTS_SOLID 
viscontents (node 0 contents ^ node 1 contents): CONTENTS_SOLID 
This means that none of the brushes in leaf 0 or 1 that touches the portal has CONTENTS_SOLID 
Check for a huge brush enclosing the coordinates above that has contents CONTENTS_SOLID 
Candidate brush IDs: 

*** Suppressing further FindPortalSide errors.... ***
Processing areas...done (0)
Building Faces...done (0)
Chop Details...done (0)
Find Visible Detail Sides...
Merged 96 detail faces...done (0)
Merging details...done (0)
FixTjuncs...
PruneNodes...
WriteBSP...
done (2)
Creating default LDR cubemaps for env_cubemap using skybox materials:
   skybox/sky_day01_01*.vmt
 ! Run buildcubemaps in the engine to get the correct cube maps.
Creating default HDR cubemaps for env_cubemap using skybox materials:
   skybox/sky_day01_01*.vmt
 ! Run buildcubemaps in the engine to get the correct cube maps.
Finding displacement neighbors...
Finding lightmap sample positions...
Displacement Alpha : 0...1...2...3...4...5...6...7...8...9...10
Building Physics collision data...
done (2) (1161242 bytes)
Error! To use model "models/props_c17/tv_monitor01_screen.mdl"
      with prop_static, it must be compiled with $staticprop!
Error loading studio model "models/props_c17/tv_monitor01_screen.mdl"!
Error! To use model "models/ruscars/marussia b2/marussia_b2.mdl"
      with prop_static, it must be compiled with $staticprop!
Error loading studio model "models/ruscars/marussia b2/marussia_b2.mdl"!
Error! To use model "models/sims/gm_livingchair.mdl"
      with prop_static, it must be compiled with $staticprop!
Error loading studio model "models/sims/gm_livingchair.mdl"!
Error! To use model "models/mass_effect_2/props/bar_table.mdl"
      with prop_static, it must be compiled with $staticprop!
Error loading studio model "models/mass_effect_2/props/bar_table.mdl"!
Error! To use model "models/haxxer/me2_props/shower.mdl"
      with prop_static, it must be compiled with $staticprop!
Error loading studio model "models/haxxer/me2_props/shower.mdl"!
Error! To use model "models/sims/gm_toilet.mdl"
      with prop_static, it must be compiled with $staticprop!
Error loading studio model "models/sims/gm_toilet.mdl"!
Error! To use model "models/plasma_televisions/9/tv_plasma.mdl"
      with prop_static, it must be compiled with $staticprop!
Error loading studio model "models/plasma_televisions/9/tv_plasma.mdl"!
Error! To use model "models/deadrising/cap2/chair_1st.mdl"
      with prop_static, it must be compiled with $staticprop!
Error loading studio model "models/deadrising/cap2/chair_1st.mdl"!
Error! To use model "models/haxxer/me2_props/kitchen_shelf.mdl"
      with prop_static, it must be compiled with $staticprop!
Error loading studio model "models/haxxer/me2_props/kitchen_shelf.mdl"!
Error! To use model "models/sims/gm_sink.mdl"
      with prop_static, it must be compiled with $staticprop!
Error loading studio model "models/sims/gm_sink.mdl"!
Static prop models/props_foliage/hedgerow02_medium_long_poplar01_skybox.mdl outside the map (7355.00, 5735.00, 1816.00)
Placing detail props : 0...1...2...3...4...5...6...7...8...9...10
Compacting texture/material tables...
Reduced 8076 texinfos to 3740
Reduced 57 texdatas to 47 (1610 bytes to 1260)
Writing E:\Program Files (x86)\Steam\steamapps\sourcemods\crimewarswtf\devmaps\poolhouse163.bsp
12 seconds elapsed
