


materialPath: e:\program files (x86)\steam\steamapps\sourcemods\crimewarswtf\materials
Loading E:\Program Files (x86)\Steam\steamapps\sourcemods\crimewarswtf\devmaps\poolhouse183.vmf
Patching WVT material: maps/poolhouse183/nature/blenddirtgrass008b_wvt_patch
fixing up env_cubemap materials on brush sides...
env_cubemap pointing at deleted brushside near (1938, 3254, 2912)
env_cubemap pointing at deleted brushside near (1938, 3254, 2912)
0...1...2...3...4...5...6...7...8...9...100...1...2...3...4...5...6...7...8...9...10Processing areas...done (0)
Building Faces...done (0)
Chop Details...done (0)
Find Visible Detail Sides...
Merged 96 detail faces...done (0)
Merging details...done (0)
FixTjuncs...
PruneNodes...
WriteBSP...
done (3)
writing E:\Program Files (x86)\Steam\steamapps\sourcemods\crimewarswtf\devmaps\poolhouse183.prt...Building visibility clusters...
done (1)
Creating default LDR cubemaps for env_cubemap using skybox materials:
   skybox/sky_day01_01*.vmt
 ! Run buildcubemaps in the engine to get the correct cube maps.
Creating default HDR cubemaps for env_cubemap using skybox materials:
   skybox/sky_day01_01*.vmt
 ! Run buildcubemaps in the engine to get the correct cube maps.
Finding displacement neighbors...
Finding lightmap sample positions...
Displacement Alpha : 0...1...2...3...4...5...6...7...8...9...10
Building Physics collision data...
done (3) (1205670 bytes)
Error! To use model "models/props_c17/tv_monitor01_screen.mdl"
      with prop_static, it must be compiled with $staticprop!
Error loading studio model "models/props_c17/tv_monitor01_screen.mdl"!
Error! To use model "models/ruscars/marussia b2/marussia_b2.mdl"
      with prop_static, it must be compiled with $staticprop!
Error loading studio model "models/ruscars/marussia b2/marussia_b2.mdl"!
Error! To use model "models/sims/gm_livingchair.mdl"
      with prop_static, it must be compiled with $staticprop!
Error loading studio model "models/sims/gm_livingchair.mdl"!
Error! To use model "models/mass_effect_2/props/bar_table.mdl"
      with prop_static, it must be compiled with $staticprop!
Error loading studio model "models/mass_effect_2/props/bar_table.mdl"!
Error! To use model "models/haxxer/me2_props/shower.mdl"
      with prop_static, it must be compiled with $staticprop!
Error loading studio model "models/haxxer/me2_props/shower.mdl"!
Error! To use model "models/sims/gm_toilet.mdl"
      with prop_static, it must be compiled with $staticprop!
Error loading studio model "models/sims/gm_toilet.mdl"!
Error! To use model "models/plasma_televisions/9/tv_plasma.mdl"
      with prop_static, it must be compiled with $staticprop!
Error loading studio model "models/plasma_televisions/9/tv_plasma.mdl"!
Error! To use model "models/deadrising/cap2/chair_1st.mdl"
      with prop_static, it must be compiled with $staticprop!
Error loading studio model "models/deadrising/cap2/chair_1st.mdl"!
Error! To use model "models/haxxer/me2_props/kitchen_shelf.mdl"
      with prop_static, it must be compiled with $staticprop!
Error loading studio model "models/haxxer/me2_props/kitchen_shelf.mdl"!
Error! To use model "models/sims/gm_sink.mdl"
      with prop_static, it must be compiled with $staticprop!
Error loading studio model "models/sims/gm_sink.mdl"!
Error! To use model "models/cwprops/Bathroom/bathroom_tub.mdl"
      with prop_static, it must be compiled with $staticprop!
Error loading studio model "models/cwprops/Bathroom/bathroom_tub.mdl"!
Placing detail props : 0...1...2...3...4...5...6...7...8...9...10
Compacting texture/material tables...
Reduced 8299 texinfos to 3850
Reduced 64 texdatas to 53 (1788 bytes to 1418)
Writing E:\Program Files (x86)\Steam\steamapps\sourcemods\crimewarswtf\devmaps\poolhouse183.bsp
19 seconds elapsed
