PRT1
248
465
4 0 3 (16000 15360 1088 ) (16000 15360 9984 ) (15360 15360 9984 ) (15360 15360 1088 ) 
4 0 1 (15360 15360 1088 ) (15360 15360 9984 ) (15360 15936 9984 ) (15360 15936 1088 ) 
4 1 5 (15360 15360 1088 ) (15360 15360 9984 ) (14336 15360 9984 ) (14336 15360 1088 ) 
4 1 2 (14336 15360 1088 ) (14336 15360 9984 ) (14336 15936 9984 ) (14336 15936 1088 ) 
4 2 21 (13312 15360 1088 ) (13312 15360 9984 ) (13312 15936 9984 ) (13312 15936 1088 ) 
4 2 6 (13312 15360 9984 ) (13312 15360 1088 ) (14336 15360 1088 ) (14336 15360 9984 ) 
4 3 5 (15360 15360 9984 ) (15360 15360 1088 ) (15360 14336 1088 ) (15360 14336 9984 ) 
4 3 4 (16000 14336 9984 ) (15360 14336 9984 ) (15360 14336 1088 ) (16000 14336 1088 ) 
4 4 9 (16000 13312 9984 ) (15360 13312 9984 ) (15360 13312 1088 ) (16000 13312 1088 ) 
4 4 7 (15360 13312 1088 ) (15360 13312 9984 ) (15360 14336 9984 ) (15360 14336 1088 ) 
4 5 7 (15360 14336 1088 ) (15360 14336 9984 ) (14336 14336 9984 ) (14336 14336 1088 ) 
4 5 6 (14336 15360 9984 ) (14336 15360 1088 ) (14336 14336 1088 ) (14336 14336 9984 ) 
4 6 23 (13312 14336 1088 ) (13312 14336 9984 ) (13312 15360 9984 ) (13312 15360 1088 ) 
4 6 8 (13312 14336 9984 ) (13312 14336 1088 ) (14336 14336 1088 ) (14336 14336 9984 ) 
4 7 11 (15360 13312 1088 ) (15360 13312 9984 ) (14336 13312 9984 ) (14336 13312 1088 ) 
4 7 8 (14336 14336 9984 ) (14336 14336 1088 ) (14336 13312 1088 ) (14336 13312 9984 ) 
4 8 25 (13312 13312 1088 ) (13312 13312 9984 ) (13312 14336 9984 ) (13312 14336 1088 ) 
4 8 12 (14336 13312 1088 ) (14336 13312 9984 ) (13312 13312 9984 ) (13312 13312 1088 ) 
4 9 11 (15360 12288 1088 ) (15360 12288 9984 ) (15360 13312 9984 ) (15360 13312 1088 ) 
4 9 10 (16000 12288 9984 ) (15360 12288 9984 ) (15360 12288 1088 ) (16000 12288 1088 ) 
4 10 15 (16000 11264 9984 ) (15360 11264 9984 ) (15360 11264 1088 ) (16000 11264 1088 ) 
4 10 13 (15360 11264 1088 ) (15360 11264 9984 ) (15360 12288 9984 ) (15360 12288 1088 ) 
4 11 13 (15360 12288 1088 ) (15360 12288 9984 ) (14336 12288 9984 ) (14336 12288 1088 ) 
4 11 12 (14336 12288 1088 ) (14336 12288 9984 ) (14336 13312 9984 ) (14336 13312 1088 ) 
4 12 36 (13312 12288 1088 ) (13312 12288 9984 ) (13312 13312 9984 ) (13312 13312 1088 ) 
4 12 14 (13312 12288 9984 ) (13312 12288 1088 ) (14336 12288 1088 ) (14336 12288 9984 ) 
4 13 17 (15360 11264 1088 ) (15360 11264 9984 ) (14336 11264 9984 ) (14336 11264 1088 ) 
4 13 14 (14336 12288 9984 ) (14336 12288 1088 ) (14336 11264 1088 ) (14336 11264 9984 ) 
4 14 38 (13312 11264 1088 ) (13312 11264 9984 ) (13312 12288 9984 ) (13312 12288 1088 ) 
4 14 18 (13312 11264 9984 ) (13312 11264 1088 ) (14336 11264 1088 ) (14336 11264 9984 ) 
4 15 17 (15360 11264 9984 ) (15360 11264 1088 ) (15360 10240 1088 ) (15360 10240 9984 ) 
4 15 16 (16000 10240 9984 ) (15360 10240 9984 ) (15360 10240 1088 ) (16000 10240 1088 ) 
4 16 64 (16000 9216 9984 ) (15360 9216 9984 ) (15360 9216 1088 ) (16000 9216 1088 ) 
4 16 19 (15360 9216 1088 ) (15360 9216 9984 ) (15360 10240 9984 ) (15360 10240 1088 ) 
4 17 19 (15360 10240 1088 ) (15360 10240 9984 ) (14336 10240 9984 ) (14336 10240 1088 ) 
4 17 18 (14336 11264 9984 ) (14336 11264 1088 ) (14336 10240 1088 ) (14336 10240 9984 ) 
4 18 40 (13312 10240 1088 ) (13312 10240 9984 ) (13312 11264 9984 ) (13312 11264 1088 ) 
4 18 20 (13312 10240 9984 ) (13312 10240 1088 ) (14336 10240 1088 ) (14336 10240 9984 ) 
4 19 66 (15360 9216 1088 ) (15360 9216 9984 ) (14336 9216 9984 ) (14336 9216 1088 ) 
4 19 20 (14336 10240 9984 ) (14336 10240 1088 ) (14336 9216 1088 ) (14336 9216 9984 ) 
4 20 67 (14336 9216 1088 ) (14336 9216 9984 ) (13312 9216 9984 ) (13312 9216 1088 ) 
4 20 42 (13312 9216 1088 ) (13312 9216 9984 ) (13312 10240 9984 ) (13312 10240 1088 ) 
4 21 23 (13312 15360 1088 ) (13312 15360 9984 ) (12288 15360 9984 ) (12288 15360 1088 ) 
4 21 22 (12288 15360 1088 ) (12288 15360 9984 ) (12288 15936 9984 ) (12288 15936 1088 ) 
4 22 27 (11264 15360 1088 ) (11264 15360 9984 ) (11264 15936 9984 ) (11264 15936 1088 ) 
4 22 24 (12288 15360 1088 ) (12288 15360 9984 ) (11264 15360 9984 ) (11264 15360 1088 ) 
4 23 25 (13312 14336 1088 ) (13312 14336 9984 ) (12288 14336 9984 ) (12288 14336 1088 ) 
4 23 24 (12288 14336 1088 ) (12288 14336 9984 ) (12288 15360 9984 ) (12288 15360 1088 ) 
4 24 30 (11264 14336 1088 ) (11264 14336 9984 ) (11264 15360 9984 ) (11264 15360 1088 ) 
4 24 26 (11264 14336 9984 ) (11264 14336 1088 ) (12288 14336 1088 ) (12288 14336 9984 ) 
4 25 36 (13312 13312 1088 ) (13312 13312 9984 ) (12288 13312 9984 ) (12288 13312 1088 ) 
4 25 26 (12288 14336 9984 ) (12288 14336 1088 ) (12288 13312 1088 ) (12288 13312 9984 ) 
4 26 37 (12288 13312 1088 ) (12288 13312 9984 ) (11264 13312 9984 ) (11264 13312 1088 ) 
4 26 31 (11264 13312 1088 ) (11264 13312 9984 ) (11264 14336 9984 ) (11264 14336 1088 ) 
4 27 30 (11264 15360 1088 ) (11264 15360 9984 ) (10240 15360 9984 ) (10240 15360 1088 ) 
4 27 28 (10240 15360 1088 ) (10240 15360 9984 ) (10240 15936 9984 ) (10240 15936 1088 ) 
4 28 32 (10240 15360 1088 ) (10240 15360 9984 ) (9216 15360 9984 ) (9216 15360 1088 ) 
4 28 29 (9216 15360 1088 ) (9216 15360 9984 ) (9216 15936 9984 ) (9216 15936 1088 ) 
4 29 128 (8192 15360 1088 ) (8192 15360 9984 ) (8192 15936 9984 ) (8192 15936 1088 ) 
4 29 33 (9216 15360 1088 ) (9216 15360 9984 ) (8192 15360 9984 ) (8192 15360 1088 ) 
4 30 32 (10240 15360 9984 ) (10240 15360 1088 ) (10240 14336 1088 ) (10240 14336 9984 ) 
4 30 31 (11264 14336 1088 ) (11264 14336 9984 ) (10240 14336 9984 ) (10240 14336 1088 ) 
4 31 44 (11264 13312 1088 ) (11264 13312 9984 ) (10240 13312 9984 ) (10240 13312 1088 ) 
4 31 34 (10240 13312 1088 ) (10240 13312 9984 ) (10240 14336 9984 ) (10240 14336 1088 ) 
4 32 34 (10240 14336 1088 ) (10240 14336 9984 ) (9216 14336 9984 ) (9216 14336 1088 ) 
4 32 33 (9216 15360 9984 ) (9216 15360 1088 ) (9216 14336 1088 ) (9216 14336 9984 ) 
4 33 132 (8192 14336 1088 ) (8192 14336 9984 ) (8192 15360 9984 ) (8192 15360 1088 ) 
4 33 35 (9216 14336 1088 ) (9216 14336 9984 ) (8192 14336 9984 ) (8192 14336 1088 ) 
4 34 46 (10240 13312 1088 ) (10240 13312 9984 ) (9216 13312 9984 ) (9216 13312 1088 ) 
4 34 35 (9216 14336 9984 ) (9216 14336 1088 ) (9216 13312 1088 ) (9216 13312 9984 ) 
4 35 134 (8192 13312 1088 ) (8192 13312 9984 ) (8192 14336 9984 ) (8192 14336 1088 ) 
4 35 47 (9216 13312 1088 ) (9216 13312 9984 ) (8192 13312 9984 ) (8192 13312 1088 ) 
4 36 38 (13312 12288 1088 ) (13312 12288 9984 ) (12288 12288 9984 ) (12288 12288 1088 ) 
4 36 37 (12288 12288 1088 ) (12288 12288 9984 ) (12288 13312 9984 ) (12288 13312 1088 ) 
4 37 44 (11264 13312 9984 ) (11264 13312 1088 ) (11264 12288 1088 ) (11264 12288 9984 ) 
4 37 39 (11264 12288 9984 ) (11264 12288 1088 ) (12288 12288 1088 ) (12288 12288 9984 ) 
4 38 40 (13312 11264 1088 ) (13312 11264 9984 ) (12288 11264 9984 ) (12288 11264 1088 ) 
4 38 39 (12288 12288 9984 ) (12288 12288 1088 ) (12288 11264 1088 ) (12288 11264 9984 ) 
4 39 45 (11264 11264 1088 ) (11264 11264 9984 ) (11264 12288 9984 ) (11264 12288 1088 ) 
4 39 41 (12288 11264 1088 ) (12288 11264 9984 ) (11264 11264 9984 ) (11264 11264 1088 ) 
4 40 42 (13312 10240 1088 ) (13312 10240 9984 ) (12288 10240 9984 ) (12288 10240 1088 ) 
4 40 41 (12288 10240 1088 ) (12288 10240 9984 ) (12288 11264 9984 ) (12288 11264 1088 ) 
4 41 50 (11264 10240 1984 ) (11264 10240 9984 ) (11264 11264 9984 ) (11264 11264 1984 ) 
4 41 43 (11264 10240 9984 ) (11264 10240 1088 ) (12288 10240 1088 ) (12288 10240 9984 ) 
4 42 76 (13312 9216 1088 ) (13312 9216 9984 ) (12288 9216 9984 ) (12288 9216 1088 ) 
4 42 43 (12288 10240 9984 ) (12288 10240 1088 ) (12288 9216 1088 ) (12288 9216 9984 ) 
4 43 77 (12288 9216 1088 ) (12288 9216 9984 ) (11264 9216 9984 ) (11264 9216 1088 ) 
4 43 52 (11264 9216 1984 ) (11264 9216 9984 ) (11264 10240 9984 ) (11264 10240 1984 ) 
4 44 46 (10240 13312 9984 ) (10240 13312 1088 ) (10240 12288 1088 ) (10240 12288 9984 ) 
4 44 45 (11264 12288 1088 ) (11264 12288 9984 ) (10240 12288 9984 ) (10240 12288 1088 ) 
4 45 50 (11264 11264 1984 ) (11264 11264 9984 ) (10240 11264 9984 ) (10240 11264 1984 ) 
4 45 48 (10240 11264 1088 ) (10240 11264 9984 ) (10240 12288 9984 ) (10240 12288 1088 ) 
4 46 48 (10240 12288 1088 ) (10240 12288 9984 ) (9216 12288 9984 ) (9216 12288 1088 ) 
4 46 47 (9216 13312 9984 ) (9216 13312 1088 ) (9216 12288 1088 ) (9216 12288 9984 ) 
4 47 140 (8192 12288 1088 ) (8192 12288 9984 ) (8192 13312 9984 ) (8192 13312 1088 ) 
4 47 49 (9216 12288 1088 ) (9216 12288 9984 ) (8192 12288 9984 ) (8192 12288 1088 ) 
4 48 54 (10240 11264 1984 ) (10240 11264 9984 ) (9216 11264 9984 ) (9216 11264 1984 ) 
4 48 49 (9216 12288 9984 ) (9216 12288 1088 ) (9216 11264 1088 ) (9216 11264 9984 ) 
4 49 142 (8192 11264 1088 ) (8192 11264 9984 ) (8192 12288 9984 ) (8192 12288 1088 ) 
4 49 57 (9216 11264 1984 ) (9216 11264 9984 ) (8192 11264 9984 ) (8192 11264 1984 ) 
4 50 54 (10240 11264 9984 ) (10240 11264 1984 ) (10240 10240 1984 ) (10240 10240 9984 ) 
4 50 52 (11264 10240 1984 ) (11264 10240 9984 ) (10240 10240 9984 ) (10240 10240 1984 ) 
4 50 51 (10560 10240 1984 ) (10240 10240 1984 ) (10240 10752 1984 ) (10560 10752 1984 ) 
4 51 55 (10240 10752 1152 ) (10240 10240 1152 ) (10240 10240 1984 ) (10240 10752 1984 ) 
4 51 53 (10560 10240 1984 ) (10240 10240 1984 ) (10240 10240 1152 ) (10560 10240 1152 ) 
4 52 84 (11264 9216 1984 ) (11264 9216 9984 ) (10240 9216 9984 ) (10240 9216 1984 ) 
4 52 59 (10240 9216 1984 ) (10240 9216 9984 ) (10240 10240 9984 ) (10240 10240 1984 ) 
4 52 53 (10240 9280 1984 ) (10240 10240 1984 ) (10560 10240 1984 ) (10560 9280 1984 ) 
4 53 60 (10240 9280 1984 ) (10240 10240 1984 ) (10240 10240 1152 ) (10240 9280 1152 ) 
4 54 59 (10240 10240 1984 ) (10240 10240 9984 ) (9216 10240 9984 ) (9216 10240 1984 ) 
4 54 57 (9216 11264 9984 ) (9216 11264 1984 ) (9216 10240 1984 ) (9216 10240 9984 ) 
4 54 56 (9216 10240 1984 ) (9216 10752 1984 ) (9536 10752 1984 ) (9536 10240 1984 ) 
4 54 55 (10240 10752 1984 ) (10240 10240 1984 ) (9792 10240 1984 ) (9792 10752 1984 ) 
4 55 60 (10240 10240 1152 ) (10240 10240 1984 ) (9792 10240 1984 ) (9792 10240 1152 ) 
4 56 61 (9536 10240 1984 ) (9216 10240 1984 ) (9216 10240 1920 ) (9536 10240 1920 ) 
4 56 58 (9216 10752 1920 ) (9216 10240 1920 ) (9216 10240 1984 ) (9216 10752 1984 ) 
4 57 148 (8192 10240 1984 ) (8192 10240 9984 ) (8192 11264 9984 ) (8192 11264 1984 ) 
4 57 62 (9216 10240 1984 ) (9216 10240 9984 ) (8192 10240 9984 ) (8192 10240 1984 ) 
4 57 58 (9216 10240 1984 ) (8768 10240 1984 ) (8768 10752 1984 ) (9216 10752 1984 ) 
4 58 63 (9216 10240 1920 ) (9216 10240 1984 ) (8768 10240 1984 ) (8768 10240 1920 ) 
4 59 86 (10240 9216 1984 ) (10240 9216 9984 ) (9216 9216 9984 ) (9216 9216 1984 ) 
4 59 62 (9216 10240 9984 ) (9216 10240 1984 ) (9216 9216 1984 ) (9216 9216 9984 ) 
4 59 61 (9216 9280 1984 ) (9216 10240 1984 ) (9536 10240 1984 ) (9536 9280 1984 ) 
4 59 60 (9792 9280 1984 ) (9792 10240 1984 ) (10240 10240 1984 ) (10240 9280 1984 ) 
4 61 63 (9216 10240 1984 ) (9216 10240 1920 ) (9216 9280 1920 ) (9216 9280 1984 ) 
4 62 150 (8192 9216 1984 ) (8192 9216 9984 ) (8192 10240 9984 ) (8192 10240 1984 ) 
4 62 87 (9216 9216 1984 ) (9216 9216 9984 ) (8192 9216 9984 ) (8192 9216 1984 ) 
4 62 63 (8768 9280 1984 ) (8768 10240 1984 ) (9216 10240 1984 ) (9216 9280 1984 ) 
4 64 66 (15360 8192 1088 ) (15360 8192 9984 ) (15360 9216 9984 ) (15360 9216 1088 ) 
4 64 65 (16000 8192 9984 ) (15360 8192 9984 ) (15360 8192 1088 ) (16000 8192 1088 ) 
4 65 70 (16000 7168 9984 ) (15360 7168 9984 ) (15360 7168 1088 ) (16000 7168 1088 ) 
4 65 68 (15360 7168 1088 ) (15360 7168 9984 ) (15360 8192 9984 ) (15360 8192 1088 ) 
4 66 68 (15360 8192 1088 ) (15360 8192 9984 ) (14336 8192 9984 ) (14336 8192 1088 ) 
4 66 67 (14336 8192 1088 ) (14336 8192 9984 ) (14336 9216 9984 ) (14336 9216 1088 ) 
4 67 76 (13312 8192 1088 ) (13312 8192 9984 ) (13312 9216 9984 ) (13312 9216 1088 ) 
4 67 69 (14336 8192 1088 ) (14336 8192 9984 ) (13312 8192 9984 ) (13312 8192 1088 ) 
4 68 72 (15360 7168 1088 ) (15360 7168 9984 ) (14336 7168 9984 ) (14336 7168 1088 ) 
4 68 69 (14336 8192 9984 ) (14336 8192 1088 ) (14336 7168 1088 ) (14336 7168 9984 ) 
4 69 78 (13312 7168 1088 ) (13312 7168 9984 ) (13312 8192 9984 ) (13312 8192 1088 ) 
4 69 73 (14336 7168 1088 ) (14336 7168 9984 ) (13312 7168 9984 ) (13312 7168 1088 ) 
4 70 72 (15360 7168 9984 ) (15360 7168 1088 ) (15360 6144 1088 ) (15360 6144 9984 ) 
4 70 71 (16000 6144 9984 ) (15360 6144 9984 ) (15360 6144 1088 ) (16000 6144 1088 ) 
4 71 96 (16000 5120 9984 ) (15360 5120 9984 ) (15360 5120 1088 ) (16000 5120 1088 ) 
4 71 74 (15360 5120 1088 ) (15360 5120 9984 ) (15360 6144 9984 ) (15360 6144 1088 ) 
4 72 74 (15360 6144 1088 ) (15360 6144 9984 ) (14336 6144 9984 ) (14336 6144 1088 ) 
4 72 73 (14336 7168 9984 ) (14336 7168 1088 ) (14336 6144 1088 ) (14336 6144 9984 ) 
4 73 80 (13312 6144 1088 ) (13312 6144 9984 ) (13312 7168 9984 ) (13312 7168 1088 ) 
4 73 75 (14336 6144 1088 ) (14336 6144 9984 ) (13312 6144 9984 ) (13312 6144 1088 ) 
4 74 98 (15360 5120 1088 ) (15360 5120 9984 ) (14336 5120 9984 ) (14336 5120 1088 ) 
4 74 75 (14336 6144 9984 ) (14336 6144 1088 ) (14336 5120 1088 ) (14336 5120 9984 ) 
4 75 99 (14336 5120 1088 ) (14336 5120 9984 ) (13312 5120 9984 ) (13312 5120 1088 ) 
4 75 82 (13312 5120 1088 ) (13312 5120 9984 ) (13312 6144 9984 ) (13312 6144 1088 ) 
4 76 78 (13312 8192 1088 ) (13312 8192 9984 ) (12288 8192 9984 ) (12288 8192 1088 ) 
4 76 77 (12288 8192 1088 ) (12288 8192 9984 ) (12288 9216 9984 ) (12288 9216 1088 ) 
4 77 84 (11264 9216 9984 ) (11264 9216 1984 ) (11264 8192 1984 ) (11264 8192 9984 ) 
4 77 79 (11264 8192 9984 ) (11264 8192 1088 ) (12288 8192 1088 ) (12288 8192 9984 ) 
4 78 80 (13312 7168 1088 ) (13312 7168 9984 ) (12288 7168 9984 ) (12288 7168 1088 ) 
4 78 79 (12288 8192 9984 ) (12288 8192 1088 ) (12288 7168 1088 ) (12288 7168 9984 ) 
4 79 85 (11264 7168 1984 ) (11264 7168 9984 ) (11264 8192 9984 ) (11264 8192 1984 ) 
4 79 81 (12288 7168 1088 ) (12288 7168 9984 ) (11264 7168 9984 ) (11264 7168 1088 ) 
4 80 82 (13312 6144 1088 ) (13312 6144 9984 ) (12288 6144 9984 ) (12288 6144 1088 ) 
4 80 81 (12288 6144 1088 ) (12288 6144 9984 ) (12288 7168 9984 ) (12288 7168 1088 ) 
4 81 90 (11264 6144 1088 ) (11264 6144 9984 ) (11264 7168 9984 ) (11264 7168 1088 ) 
4 81 83 (11264 6144 9984 ) (11264 6144 1088 ) (12288 6144 1088 ) (12288 6144 9984 ) 
4 82 108 (13312 5120 1088 ) (13312 5120 9984 ) (12288 5120 9984 ) (12288 5120 1088 ) 
4 82 83 (12288 6144 9984 ) (12288 6144 1088 ) (12288 5120 1088 ) (12288 5120 9984 ) 
4 83 109 (12288 5120 1088 ) (12288 5120 9984 ) (11264 5120 9984 ) (11264 5120 1088 ) 
4 83 91 (11264 5120 1088 ) (11264 5120 9984 ) (11264 6144 9984 ) (11264 6144 1088 ) 
4 84 86 (10240 9216 9984 ) (10240 9216 1984 ) (10240 8192 1984 ) (10240 8192 9984 ) 
4 84 85 (11264 8192 1984 ) (11264 8192 9984 ) (10240 8192 9984 ) (10240 8192 1984 ) 
4 85 90 (11264 7168 1984 ) (11264 7168 9984 ) (10240 7168 9984 ) (10240 7168 1984 ) 
4 85 88 (10240 7168 1984 ) (10240 7168 9984 ) (10240 8192 9984 ) (10240 8192 1984 ) 
4 86 88 (10240 8192 1984 ) (10240 8192 9984 ) (9216 8192 9984 ) (9216 8192 1984 ) 
4 86 87 (9216 9216 9984 ) (9216 9216 1984 ) (9216 8192 1984 ) (9216 8192 9984 ) 
4 87 184 (8192 8192 1984 ) (8192 8192 9984 ) (8192 9216 9984 ) (8192 9216 1984 ) 
4 87 89 (9216 8192 1984 ) (9216 8192 9984 ) (8192 8192 9984 ) (8192 8192 1984 ) 
4 88 92 (10240 7168 1984 ) (10240 7168 9984 ) (9216 7168 9984 ) (9216 7168 1984 ) 
4 88 89 (9216 8192 9984 ) (9216 8192 1984 ) (9216 7168 1984 ) (9216 7168 9984 ) 
4 89 186 (8192 7168 1984 ) (8192 7168 9984 ) (8192 8192 9984 ) (8192 8192 1984 ) 
4 89 93 (9216 7168 1984 ) (9216 7168 9984 ) (8192 7168 9984 ) (8192 7168 1984 ) 
4 90 92 (10240 7168 9984 ) (10240 7168 1088 ) (10240 6144 1088 ) (10240 6144 9984 ) 
4 90 91 (11264 6144 1088 ) (11264 6144 9984 ) (10240 6144 9984 ) (10240 6144 1088 ) 
4 91 112 (11264 5120 1088 ) (11264 5120 9984 ) (10240 5120 9984 ) (10240 5120 1088 ) 
4 91 94 (10240 5120 1088 ) (10240 5120 9984 ) (10240 6144 9984 ) (10240 6144 1088 ) 
4 92 94 (10240 6144 1088 ) (10240 6144 9984 ) (9216 6144 9984 ) (9216 6144 1088 ) 
4 92 93 (9216 7168 9984 ) (9216 7168 1088 ) (9216 6144 1088 ) (9216 6144 9984 ) 
4 93 192 (8192 6144 1088 ) (8192 6144 9984 ) (8192 7168 9984 ) (8192 7168 1088 ) 
4 93 95 (9216 6144 1088 ) (9216 6144 9984 ) (8192 6144 9984 ) (8192 6144 1088 ) 
4 94 114 (10240 5120 1088 ) (10240 5120 9984 ) (9216 5120 9984 ) (9216 5120 1088 ) 
4 94 95 (9216 6144 9984 ) (9216 6144 1088 ) (9216 5120 1088 ) (9216 5120 9984 ) 
4 95 194 (8192 5120 1088 ) (8192 5120 9984 ) (8192 6144 9984 ) (8192 6144 1088 ) 
4 95 115 (8192 5120 9984 ) (8192 5120 1088 ) (9216 5120 1088 ) (9216 5120 9984 ) 
4 96 98 (15360 5120 9984 ) (15360 5120 1088 ) (15360 4096 1088 ) (15360 4096 9984 ) 
4 96 97 (16000 4096 9984 ) (15360 4096 9984 ) (15360 4096 1088 ) (16000 4096 1088 ) 
4 97 102 (16000 3072 9984 ) (15360 3072 9984 ) (15360 3072 1088 ) (16000 3072 1088 ) 
4 97 100 (15360 3072 1088 ) (15360 3072 9984 ) (15360 4096 9984 ) (15360 4096 1088 ) 
4 98 100 (15360 4096 1088 ) (15360 4096 9984 ) (14336 4096 9984 ) (14336 4096 1088 ) 
4 98 99 (14336 5120 9984 ) (14336 5120 1088 ) (14336 4096 1088 ) (14336 4096 9984 ) 
4 99 108 (13312 5120 9984 ) (13312 5120 1088 ) (13312 4096 1088 ) (13312 4096 9984 ) 
4 99 101 (14336 4096 1088 ) (14336 4096 9984 ) (13312 4096 9984 ) (13312 4096 1088 ) 
4 100 104 (15360 3072 1088 ) (15360 3072 9984 ) (14336 3072 9984 ) (14336 3072 1088 ) 
4 100 101 (14336 4096 9984 ) (14336 4096 1088 ) (14336 3072 1088 ) (14336 3072 9984 ) 
4 101 110 (13312 3072 1088 ) (13312 3072 9984 ) (13312 4096 9984 ) (13312 4096 1088 ) 
4 101 105 (14336 3072 1088 ) (14336 3072 9984 ) (13312 3072 9984 ) (13312 3072 1088 ) 
4 102 104 (15360 3072 9984 ) (15360 3072 1088 ) (15360 2048 1088 ) (15360 2048 9984 ) 
4 102 103 (16000 2048 9984 ) (15360 2048 9984 ) (15360 2048 1088 ) (16000 2048 1088 ) 
4 103 106 (15360 1472 9984 ) (15360 2048 9984 ) (15360 2048 1088 ) (15360 1472 1088 ) 
4 104 106 (15360 2048 1088 ) (15360 2048 9984 ) (14336 2048 9984 ) (14336 2048 1088 ) 
4 104 105 (14336 3072 9984 ) (14336 3072 1088 ) (14336 2048 1088 ) (14336 2048 9984 ) 
4 105 118 (13312 2048 1088 ) (13312 2048 9984 ) (13312 3072 9984 ) (13312 3072 1088 ) 
4 105 107 (14336 2048 1088 ) (14336 2048 9984 ) (13312 2048 9984 ) (13312 2048 1088 ) 
4 106 107 (14336 1472 9984 ) (14336 2048 9984 ) (14336 2048 1088 ) (14336 1472 1088 ) 
4 107 120 (13312 1472 9984 ) (13312 2048 9984 ) (13312 2048 1088 ) (13312 1472 1088 ) 
4 108 110 (13312 4096 1088 ) (13312 4096 9984 ) (12288 4096 9984 ) (12288 4096 1088 ) 
4 108 109 (12288 5120 9984 ) (12288 5120 1088 ) (12288 4096 1088 ) (12288 4096 9984 ) 
4 109 112 (11264 5120 9984 ) (11264 5120 1088 ) (11264 4096 1088 ) (11264 4096 9984 ) 
4 109 111 (12288 4096 1088 ) (12288 4096 9984 ) (11264 4096 9984 ) (11264 4096 1088 ) 
4 110 118 (13312 3072 1088 ) (13312 3072 9984 ) (12288 3072 9984 ) (12288 3072 1088 ) 
4 110 111 (12288 4096 9984 ) (12288 4096 1088 ) (12288 3072 1088 ) (12288 3072 9984 ) 
4 111 119 (12288 3072 1088 ) (12288 3072 9984 ) (11264 3072 9984 ) (11264 3072 1088 ) 
4 111 113 (11264 3072 1088 ) (11264 3072 9984 ) (11264 4096 9984 ) (11264 4096 1088 ) 
4 112 114 (10240 4096 1088 ) (10240 4096 9984 ) (10240 5120 9984 ) (10240 5120 1088 ) 
4 112 113 (11264 4096 1088 ) (11264 4096 9984 ) (10240 4096 9984 ) (10240 4096 1088 ) 
4 113 122 (11264 3072 1088 ) (11264 3072 9984 ) (10240 3072 9984 ) (10240 3072 1088 ) 
4 113 116 (10240 3072 1088 ) (10240 3072 9984 ) (10240 4096 9984 ) (10240 4096 1088 ) 
4 114 116 (10240 4096 1088 ) (10240 4096 9984 ) (9216 4096 9984 ) (9216 4096 1088 ) 
4 114 115 (9216 4096 1088 ) (9216 4096 9984 ) (9216 5120 9984 ) (9216 5120 1088 ) 
4 115 216 (8192 4096 1088 ) (8192 4096 9984 ) (8192 5120 9984 ) (8192 5120 1088 ) 
4 115 117 (9216 4096 1088 ) (9216 4096 9984 ) (8192 4096 9984 ) (8192 4096 1088 ) 
4 116 123 (10240 3072 1088 ) (10240 3072 9984 ) (9216 3072 9984 ) (9216 3072 1088 ) 
4 116 117 (9216 4096 9984 ) (9216 4096 1088 ) (9216 3072 1088 ) (9216 3072 9984 ) 
4 117 218 (8192 3072 1088 ) (8192 3072 9984 ) (8192 4096 9984 ) (8192 4096 1088 ) 
4 117 124 (8192 3072 9984 ) (8192 3072 1088 ) (9216 3072 1088 ) (9216 3072 9984 ) 
4 118 120 (13312 2048 1088 ) (13312 2048 9984 ) (12288 2048 9984 ) (12288 2048 1088 ) 
4 118 119 (12288 3072 9984 ) (12288 3072 1088 ) (12288 2048 1088 ) (12288 2048 9984 ) 
4 119 122 (11264 3072 9984 ) (11264 3072 1088 ) (11264 2048 1088 ) (11264 2048 9984 ) 
4 119 121 (12288 2048 1088 ) (12288 2048 9984 ) (11264 2048 9984 ) (11264 2048 1088 ) 
4 120 121 (12288 1472 9984 ) (12288 2048 9984 ) (12288 2048 1088 ) (12288 1472 1088 ) 
4 121 125 (11264 1472 9984 ) (11264 2048 9984 ) (11264 2048 1088 ) (11264 1472 1088 ) 
4 122 125 (11264 2048 1088 ) (11264 2048 9984 ) (10240 2048 9984 ) (10240 2048 1088 ) 
4 122 123 (10240 3072 9984 ) (10240 3072 1088 ) (10240 2048 1088 ) (10240 2048 9984 ) 
4 123 126 (10240 2048 1088 ) (10240 2048 9984 ) (9216 2048 9984 ) (9216 2048 1088 ) 
4 123 124 (9216 2048 1088 ) (9216 2048 9984 ) (9216 3072 9984 ) (9216 3072 1088 ) 
4 124 224 (8192 2048 1088 ) (8192 2048 9984 ) (8192 3072 9984 ) (8192 3072 1088 ) 
4 124 127 (8192 2048 9984 ) (8192 2048 1088 ) (9216 2048 1088 ) (9216 2048 9984 ) 
4 125 126 (10240 2048 9984 ) (10240 2048 1088 ) (10240 1472 1088 ) (10240 1472 9984 ) 
4 126 127 (9216 2048 9984 ) (9216 2048 1088 ) (9216 1472 1088 ) (9216 1472 9984 ) 
4 127 226 (8192 1472 9984 ) (8192 2048 9984 ) (8192 2048 1088 ) (8192 1472 1088 ) 
4 128 132 (8192 15360 1088 ) (8192 15360 9984 ) (7168 15360 9984 ) (7168 15360 1088 ) 
4 128 129 (7168 15360 1088 ) (7168 15360 9984 ) (7168 15936 9984 ) (7168 15936 1088 ) 
4 129 133 (7168 15360 1088 ) (7168 15360 9984 ) (6144 15360 9984 ) (6144 15360 1088 ) 
4 129 130 (6144 15360 1088 ) (6144 15360 9984 ) (6144 15936 9984 ) (6144 15936 1088 ) 
4 130 136 (6144 15360 1088 ) (6144 15360 9984 ) (5120 15360 9984 ) (5120 15360 1088 ) 
4 130 131 (5120 15360 1088 ) (5120 15360 9984 ) (5120 15936 9984 ) (5120 15936 1088 ) 
4 131 156 (4096 15360 1088 ) (4096 15360 9984 ) (4096 15936 9984 ) (4096 15936 1088 ) 
4 131 137 (4096 15360 9984 ) (4096 15360 1088 ) (5120 15360 1088 ) (5120 15360 9984 ) 
4 132 134 (8192 14336 1088 ) (8192 14336 9984 ) (7168 14336 9984 ) (7168 14336 1088 ) 
4 132 133 (7168 15360 9984 ) (7168 15360 1088 ) (7168 14336 1088 ) (7168 14336 9984 ) 
4 133 136 (6144 15360 9984 ) (6144 15360 1088 ) (6144 14336 1088 ) (6144 14336 9984 ) 
4 133 135 (7168 14336 1088 ) (7168 14336 9984 ) (6144 14336 9984 ) (6144 14336 1088 ) 
4 134 140 (8192 13312 1088 ) (8192 13312 9984 ) (7168 13312 9984 ) (7168 13312 1088 ) 
4 134 135 (7168 14336 9984 ) (7168 14336 1088 ) (7168 13312 1088 ) (7168 13312 9984 ) 
4 135 141 (7168 13312 1088 ) (7168 13312 9984 ) (6144 13312 9984 ) (6144 13312 1088 ) 
4 135 138 (6144 13312 1088 ) (6144 13312 9984 ) (6144 14336 9984 ) (6144 14336 1088 ) 
4 136 138 (6144 14336 1088 ) (6144 14336 9984 ) (5120 14336 9984 ) (5120 14336 1088 ) 
4 136 137 (5120 15360 9984 ) (5120 15360 1088 ) (5120 14336 1088 ) (5120 14336 9984 ) 
4 137 158 (4096 14336 1088 ) (4096 14336 9984 ) (4096 15360 9984 ) (4096 15360 1088 ) 
4 137 139 (4096 14336 9984 ) (4096 14336 1088 ) (5120 14336 1088 ) (5120 14336 9984 ) 
4 138 144 (6144 13312 1088 ) (6144 13312 9984 ) (5120 13312 9984 ) (5120 13312 1088 ) 
4 138 139 (5120 14336 9984 ) (5120 14336 1088 ) (5120 13312 1088 ) (5120 13312 9984 ) 
4 139 160 (4096 13312 1088 ) (4096 13312 9984 ) (4096 14336 9984 ) (4096 14336 1088 ) 
4 139 145 (5120 13312 1088 ) (5120 13312 9984 ) (4096 13312 9984 ) (4096 13312 1088 ) 
4 140 142 (8192 12288 1088 ) (8192 12288 9984 ) (7168 12288 9984 ) (7168 12288 1088 ) 
4 140 141 (7168 12288 1088 ) (7168 12288 9984 ) (7168 13312 9984 ) (7168 13312 1088 ) 
4 141 144 (6144 12288 1088 ) (6144 12288 9984 ) (6144 13312 9984 ) (6144 13312 1088 ) 
4 141 143 (7168 12288 1088 ) (7168 12288 9984 ) (6144 12288 9984 ) (6144 12288 1088 ) 
4 142 148 (8192 11264 1984 ) (8192 11264 9984 ) (7168 11264 9984 ) (7168 11264 1984 ) 
4 142 143 (7168 12288 9984 ) (7168 12288 1088 ) (7168 11264 1088 ) (7168 11264 9984 ) 
4 143 149 (7168 11264 1088 ) (7168 11264 9984 ) (6144 11264 9984 ) (6144 11264 1088 ) 
4 143 146 (6144 11264 1088 ) (6144 11264 9984 ) (6144 12288 9984 ) (6144 12288 1088 ) 
4 144 146 (6144 12288 1088 ) (6144 12288 9984 ) (5120 12288 9984 ) (5120 12288 1088 ) 
4 144 145 (5120 12288 1088 ) (5120 12288 9984 ) (5120 13312 9984 ) (5120 13312 1088 ) 
4 145 168 (4096 12288 1088 ) (4096 12288 9984 ) (4096 13312 9984 ) (4096 13312 1088 ) 
4 145 147 (4096 12288 9984 ) (4096 12288 1088 ) (5120 12288 1088 ) (5120 12288 9984 ) 
4 146 152 (6144 11264 1088 ) (6144 11264 9984 ) (5120 11264 9984 ) (5120 11264 1088 ) 
4 146 147 (5120 12288 9984 ) (5120 12288 1088 ) (5120 11264 1088 ) (5120 11264 9984 ) 
4 147 170 (4096 11264 1088 ) (4096 11264 9984 ) (4096 12288 9984 ) (4096 12288 1088 ) 
4 147 153 (4096 11264 9984 ) (4096 11264 1088 ) (5120 11264 1088 ) (5120 11264 9984 ) 
4 148 150 (8192 10240 1984 ) (8192 10240 9984 ) (7168 10240 9984 ) (7168 10240 1984 ) 
4 148 149 (7168 11264 9984 ) (7168 11264 1984 ) (7168 10240 1984 ) (7168 10240 9984 ) 
4 149 152 (6144 11264 9984 ) (6144 11264 1088 ) (6144 10240 1088 ) (6144 10240 9984 ) 
4 149 151 (7168 10240 1088 ) (7168 10240 9984 ) (6144 10240 9984 ) (6144 10240 1088 ) 
4 150 184 (8192 9216 1984 ) (8192 9216 9984 ) (7168 9216 9984 ) (7168 9216 1984 ) 
4 150 151 (7168 10240 9984 ) (7168 10240 1984 ) (7168 9216 1984 ) (7168 9216 9984 ) 
4 151 185 (7168 9216 1088 ) (7168 9216 9984 ) (6144 9216 9984 ) (6144 9216 1088 ) 
4 151 154 (6144 9216 1088 ) (6144 9216 9984 ) (6144 10240 9984 ) (6144 10240 1088 ) 
4 152 154 (6144 10240 1088 ) (6144 10240 9984 ) (5120 10240 9984 ) (5120 10240 1088 ) 
4 152 153 (5120 11264 9984 ) (5120 11264 1088 ) (5120 10240 1088 ) (5120 10240 9984 ) 
4 153 172 (4096 10240 1088 ) (4096 10240 9984 ) (4096 11264 9984 ) (4096 11264 1088 ) 
4 153 155 (4096 10240 9984 ) (4096 10240 1088 ) (5120 10240 1088 ) (5120 10240 9984 ) 
4 154 188 (6144 9216 1088 ) (6144 9216 9984 ) (5120 9216 9984 ) (5120 9216 1088 ) 
4 154 155 (5120 10240 9984 ) (5120 10240 1088 ) (5120 9216 1088 ) (5120 9216 9984 ) 
4 155 189 (5120 9216 1088 ) (5120 9216 9984 ) (4096 9216 9984 ) (4096 9216 1088 ) 
4 155 174 (4096 9216 1088 ) (4096 9216 9984 ) (4096 10240 9984 ) (4096 10240 1088 ) 
4 156 158 (4096 15360 1088 ) (4096 15360 9984 ) (3072 15360 9984 ) (3072 15360 1088 ) 
4 156 157 (3072 15360 1088 ) (3072 15360 9984 ) (3072 15936 9984 ) (3072 15936 1088 ) 
4 157 162 (2048 15360 1088 ) (2048 15360 9984 ) (2048 15936 9984 ) (2048 15936 1088 ) 
4 157 159 (3072 15360 1088 ) (3072 15360 9984 ) (2048 15360 9984 ) (2048 15360 1088 ) 
4 158 160 (4096 14336 1088 ) (4096 14336 9984 ) (3072 14336 9984 ) (3072 14336 1088 ) 
4 158 159 (3072 14336 1088 ) (3072 14336 9984 ) (3072 15360 9984 ) (3072 15360 1088 ) 
4 159 164 (2048 14336 1088 ) (2048 14336 9984 ) (2048 15360 9984 ) (2048 15360 1088 ) 
4 159 161 (2048 14336 9984 ) (2048 14336 1088 ) (3072 14336 1088 ) (3072 14336 9984 ) 
4 160 168 (4096 13312 1088 ) (4096 13312 9984 ) (3072 13312 9984 ) (3072 13312 1088 ) 
4 160 161 (3072 14336 9984 ) (3072 14336 1088 ) (3072 13312 1088 ) (3072 13312 9984 ) 
4 161 169 (3072 13312 1088 ) (3072 13312 9984 ) (2048 13312 9984 ) (2048 13312 1088 ) 
4 161 165 (2048 13312 1088 ) (2048 13312 9984 ) (2048 14336 9984 ) (2048 14336 1088 ) 
4 162 164 (2048 15360 1088 ) (2048 15360 9984 ) (1024 15360 9984 ) (1024 15360 1088 ) 
4 162 163 (1024 15360 1088 ) (1024 15360 9984 ) (1024 15936 9984 ) (1024 15936 1088 ) 
4 163 166 (1024 15360 1088 ) (1024 15360 9984 ) (768 15360 9984 ) (768 15360 1088 ) 
4 164 166 (1024 15360 9984 ) (1024 15360 1088 ) (1024 14336 1088 ) (1024 14336 9984 ) 
4 164 165 (2048 14336 1088 ) (2048 14336 9984 ) (1024 14336 9984 ) (1024 14336 1088 ) 
4 165 176 (2048 13312 1088 ) (2048 13312 9984 ) (1024 13312 9984 ) (1024 13312 1088 ) 
4 165 167 (1024 13312 1088 ) (1024 13312 9984 ) (1024 14336 9984 ) (1024 14336 1088 ) 
4 166 167 (1024 14336 1088 ) (1024 14336 9984 ) (768 14336 9984 ) (768 14336 1088 ) 
4 167 178 (1024 13312 1088 ) (1024 13312 9984 ) (768 13312 9984 ) (768 13312 1088 ) 
4 168 170 (4096 12288 1088 ) (4096 12288 9984 ) (3072 12288 9984 ) (3072 12288 1088 ) 
4 168 169 (3072 12288 1088 ) (3072 12288 9984 ) (3072 13312 9984 ) (3072 13312 1088 ) 
4 169 176 (2048 13312 9984 ) (2048 13312 1088 ) (2048 12288 1088 ) (2048 12288 9984 ) 
4 169 171 (2048 12288 9984 ) (2048 12288 1088 ) (3072 12288 1088 ) (3072 12288 9984 ) 
4 170 172 (4096 11264 1088 ) (4096 11264 9984 ) (3072 11264 9984 ) (3072 11264 1088 ) 
4 170 171 (3072 12288 9984 ) (3072 12288 1088 ) (3072 11264 1088 ) (3072 11264 9984 ) 
4 171 177 (2048 11264 1088 ) (2048 11264 9984 ) (2048 12288 9984 ) (2048 12288 1088 ) 
4 171 173 (3072 11264 1088 ) (3072 11264 9984 ) (2048 11264 9984 ) (2048 11264 1088 ) 
4 172 174 (4096 10240 1088 ) (4096 10240 9984 ) (3072 10240 9984 ) (3072 10240 1088 ) 
4 172 173 (3072 10240 1088 ) (3072 10240 9984 ) (3072 11264 9984 ) (3072 11264 1088 ) 
4 173 180 (2048 10240 1088 ) (2048 10240 9984 ) (2048 11264 9984 ) (2048 11264 1088 ) 
4 173 175 (2048 10240 9984 ) (2048 10240 1088 ) (3072 10240 1088 ) (3072 10240 9984 ) 
4 174 200 (4096 9216 1088 ) (4096 9216 9984 ) (3072 9216 9984 ) (3072 9216 1088 ) 
4 174 175 (3072 10240 9984 ) (3072 10240 1088 ) (3072 9216 1088 ) (3072 9216 9984 ) 
4 175 201 (3072 9216 1088 ) (3072 9216 9984 ) (2048 9216 9984 ) (2048 9216 1088 ) 
4 175 181 (2048 9216 1088 ) (2048 9216 9984 ) (2048 10240 9984 ) (2048 10240 1088 ) 
4 176 178 (1024 13312 9984 ) (1024 13312 1088 ) (1024 12288 1088 ) (1024 12288 9984 ) 
4 176 177 (2048 12288 1088 ) (2048 12288 9984 ) (1024 12288 9984 ) (1024 12288 1088 ) 
4 177 180 (2048 11264 1088 ) (2048 11264 9984 ) (1024 11264 9984 ) (1024 11264 1088 ) 
4 177 179 (1024 11264 1088 ) (1024 11264 9984 ) (1024 12288 9984 ) (1024 12288 1088 ) 
4 178 179 (1024 12288 1088 ) (1024 12288 9984 ) (768 12288 9984 ) (768 12288 1088 ) 
4 179 182 (1024 11264 1088 ) (1024 11264 9984 ) (768 11264 9984 ) (768 11264 1088 ) 
4 180 182 (1024 11264 9984 ) (1024 11264 1088 ) (1024 10240 1088 ) (1024 10240 9984 ) 
4 180 181 (2048 10240 1088 ) (2048 10240 9984 ) (1024 10240 9984 ) (1024 10240 1088 ) 
4 181 208 (2048 9216 1088 ) (2048 9216 9984 ) (1024 9216 9984 ) (1024 9216 1088 ) 
4 181 183 (1024 9216 1088 ) (1024 9216 9984 ) (1024 10240 9984 ) (1024 10240 1088 ) 
4 182 183 (1024 10240 1088 ) (1024 10240 9984 ) (768 10240 9984 ) (768 10240 1088 ) 
4 183 210 (1024 9216 1088 ) (1024 9216 9984 ) (768 9216 9984 ) (768 9216 1088 ) 
4 184 186 (8192 8192 1984 ) (8192 8192 9984 ) (7168 8192 9984 ) (7168 8192 1984 ) 
4 184 185 (7168 8192 1984 ) (7168 8192 9984 ) (7168 9216 9984 ) (7168 9216 1984 ) 
4 185 188 (6144 8192 1088 ) (6144 8192 9984 ) (6144 9216 9984 ) (6144 9216 1088 ) 
4 185 187 (7168 8192 1088 ) (7168 8192 9984 ) (6144 8192 9984 ) (6144 8192 1088 ) 
4 186 192 (8192 7168 1984 ) (8192 7168 9984 ) (7168 7168 9984 ) (7168 7168 1984 ) 
4 186 187 (7168 8192 9984 ) (7168 8192 1984 ) (7168 7168 1984 ) (7168 7168 9984 ) 
4 187 193 (7168 7168 1088 ) (7168 7168 9984 ) (6144 7168 9984 ) (6144 7168 1088 ) 
4 187 190 (6144 7168 1088 ) (6144 7168 9984 ) (6144 8192 9984 ) (6144 8192 1088 ) 
4 188 190 (6144 8192 1088 ) (6144 8192 9984 ) (5120 8192 9984 ) (5120 8192 1088 ) 
4 188 189 (5120 8192 1088 ) (5120 8192 9984 ) (5120 9216 9984 ) (5120 9216 1088 ) 
4 189 200 (4096 8192 1088 ) (4096 8192 9984 ) (4096 9216 9984 ) (4096 9216 1088 ) 
4 189 191 (5120 8192 1088 ) (5120 8192 9984 ) (4096 8192 9984 ) (4096 8192 1088 ) 
4 190 196 (6144 7168 1088 ) (6144 7168 9984 ) (5120 7168 9984 ) (5120 7168 1088 ) 
4 190 191 (5120 8192 9984 ) (5120 8192 1088 ) (5120 7168 1088 ) (5120 7168 9984 ) 
4 191 202 (4096 7168 1088 ) (4096 7168 9984 ) (4096 8192 9984 ) (4096 8192 1088 ) 
4 191 197 (5120 7168 1088 ) (5120 7168 9984 ) (4096 7168 9984 ) (4096 7168 1088 ) 
4 192 194 (8192 6144 1088 ) (8192 6144 9984 ) (7168 6144 9984 ) (7168 6144 1088 ) 
4 192 193 (7168 7168 9984 ) (7168 7168 1088 ) (7168 6144 1088 ) (7168 6144 9984 ) 
4 193 196 (6144 7168 9984 ) (6144 7168 1088 ) (6144 6144 1088 ) (6144 6144 9984 ) 
4 193 195 (7168 6144 1088 ) (7168 6144 9984 ) (6144 6144 9984 ) (6144 6144 1088 ) 
4 194 216 (8192 5120 1088 ) (8192 5120 9984 ) (7168 5120 9984 ) (7168 5120 1088 ) 
4 194 195 (7168 6144 9984 ) (7168 6144 1088 ) (7168 5120 1088 ) (7168 5120 9984 ) 
4 195 217 (7168 5120 1088 ) (7168 5120 9984 ) (6144 5120 9984 ) (6144 5120 1088 ) 
4 195 198 (6144 5120 1088 ) (6144 5120 9984 ) (6144 6144 9984 ) (6144 6144 1088 ) 
4 196 198 (6144 6144 1088 ) (6144 6144 9984 ) (5120 6144 9984 ) (5120 6144 1088 ) 
4 196 197 (5120 7168 9984 ) (5120 7168 1088 ) (5120 6144 1088 ) (5120 6144 9984 ) 
4 197 204 (4096 6144 1088 ) (4096 6144 9984 ) (4096 7168 9984 ) (4096 7168 1088 ) 
4 197 199 (5120 6144 1088 ) (5120 6144 9984 ) (4096 6144 9984 ) (4096 6144 1088 ) 
4 198 220 (6144 5120 1088 ) (6144 5120 9984 ) (5120 5120 9984 ) (5120 5120 1088 ) 
4 198 199 (5120 6144 9984 ) (5120 6144 1088 ) (5120 5120 1088 ) (5120 5120 9984 ) 
4 199 221 (5120 5120 1088 ) (5120 5120 9984 ) (4096 5120 9984 ) (4096 5120 1088 ) 
4 199 206 (4096 5120 1088 ) (4096 5120 9984 ) (4096 6144 9984 ) (4096 6144 1088 ) 
4 200 202 (4096 8192 1088 ) (4096 8192 9984 ) (3072 8192 9984 ) (3072 8192 1088 ) 
4 200 201 (3072 8192 1088 ) (3072 8192 9984 ) (3072 9216 9984 ) (3072 9216 1088 ) 
4 201 208 (2048 9216 9984 ) (2048 9216 1088 ) (2048 8192 1088 ) (2048 8192 9984 ) 
4 201 203 (2048 8192 9984 ) (2048 8192 1088 ) (3072 8192 1088 ) (3072 8192 9984 ) 
4 202 204 (4096 7168 1088 ) (4096 7168 9984 ) (3072 7168 9984 ) (3072 7168 1088 ) 
4 202 203 (3072 8192 9984 ) (3072 8192 1088 ) (3072 7168 1088 ) (3072 7168 9984 ) 
4 203 209 (2048 7168 1088 ) (2048 7168 9984 ) (2048 8192 9984 ) (2048 8192 1088 ) 
4 203 205 (3072 7168 1088 ) (3072 7168 9984 ) (2048 7168 9984 ) (2048 7168 1088 ) 
4 204 206 (4096 6144 1088 ) (4096 6144 9984 ) (3072 6144 9984 ) (3072 6144 1088 ) 
4 204 205 (3072 6144 1088 ) (3072 6144 9984 ) (3072 7168 9984 ) (3072 7168 1088 ) 
4 205 212 (2048 6144 1088 ) (2048 6144 9984 ) (2048 7168 9984 ) (2048 7168 1088 ) 
4 205 207 (2048 6144 9984 ) (2048 6144 1088 ) (3072 6144 1088 ) (3072 6144 9984 ) 
4 206 232 (4096 5120 1088 ) (4096 5120 9984 ) (3072 5120 9984 ) (3072 5120 1088 ) 
4 206 207 (3072 6144 9984 ) (3072 6144 1088 ) (3072 5120 1088 ) (3072 5120 9984 ) 
4 207 233 (3072 5120 1088 ) (3072 5120 9984 ) (2048 5120 9984 ) (2048 5120 1088 ) 
4 207 213 (2048 5120 1088 ) (2048 5120 9984 ) (2048 6144 9984 ) (2048 6144 1088 ) 
4 208 210 (1024 9216 9984 ) (1024 9216 1088 ) (1024 8192 1088 ) (1024 8192 9984 ) 
4 208 209 (2048 8192 1088 ) (2048 8192 9984 ) (1024 8192 9984 ) (1024 8192 1088 ) 
4 209 212 (2048 7168 1088 ) (2048 7168 9984 ) (1024 7168 9984 ) (1024 7168 1088 ) 
4 209 211 (1024 7168 1088 ) (1024 7168 9984 ) (1024 8192 9984 ) (1024 8192 1088 ) 
4 210 211 (1024 8192 1088 ) (1024 8192 9984 ) (768 8192 9984 ) (768 8192 1088 ) 
4 211 214 (1024 7168 1088 ) (1024 7168 9984 ) (768 7168 9984 ) (768 7168 1088 ) 
4 212 214 (1024 7168 9984 ) (1024 7168 1088 ) (1024 6144 1088 ) (1024 6144 9984 ) 
4 212 213 (2048 6144 1088 ) (2048 6144 9984 ) (1024 6144 9984 ) (1024 6144 1088 ) 
4 213 236 (2048 5120 1088 ) (2048 5120 9984 ) (1024 5120 9984 ) (1024 5120 1088 ) 
4 213 215 (1024 5120 1088 ) (1024 5120 9984 ) (1024 6144 9984 ) (1024 6144 1088 ) 
4 214 215 (1024 6144 1088 ) (1024 6144 9984 ) (768 6144 9984 ) (768 6144 1088 ) 
4 215 238 (1024 5120 1088 ) (1024 5120 9984 ) (768 5120 9984 ) (768 5120 1088 ) 
4 216 218 (8192 4096 1088 ) (8192 4096 9984 ) (7168 4096 9984 ) (7168 4096 1088 ) 
4 216 217 (7168 5120 9984 ) (7168 5120 1088 ) (7168 4096 1088 ) (7168 4096 9984 ) 
4 217 220 (6144 5120 9984 ) (6144 5120 1088 ) (6144 4096 1088 ) (6144 4096 9984 ) 
4 217 219 (7168 4096 1088 ) (7168 4096 9984 ) (6144 4096 9984 ) (6144 4096 1088 ) 
4 218 224 (8192 3072 1088 ) (8192 3072 9984 ) (7168 3072 9984 ) (7168 3072 1088 ) 
4 218 219 (7168 4096 9984 ) (7168 4096 1088 ) (7168 3072 1088 ) (7168 3072 9984 ) 
4 219 225 (7168 3072 1088 ) (7168 3072 9984 ) (6144 3072 9984 ) (6144 3072 1088 ) 
4 219 222 (6144 3072 1088 ) (6144 3072 9984 ) (6144 4096 9984 ) (6144 4096 1088 ) 
4 220 222 (6144 4096 1088 ) (6144 4096 9984 ) (5120 4096 9984 ) (5120 4096 1088 ) 
4 220 221 (5120 5120 9984 ) (5120 5120 1088 ) (5120 4096 1088 ) (5120 4096 9984 ) 
4 221 232 (4096 5120 9984 ) (4096 5120 1088 ) (4096 4096 1088 ) (4096 4096 9984 ) 
4 221 223 (5120 4096 1088 ) (5120 4096 9984 ) (4096 4096 9984 ) (4096 4096 1088 ) 
4 222 228 (6144 3072 1088 ) (6144 3072 9984 ) (5120 3072 9984 ) (5120 3072 1088 ) 
4 222 223 (5120 4096 9984 ) (5120 4096 1088 ) (5120 3072 1088 ) (5120 3072 9984 ) 
4 223 234 (4096 3072 1088 ) (4096 3072 9984 ) (4096 4096 9984 ) (4096 4096 1088 ) 
4 223 229 (5120 3072 1088 ) (5120 3072 9984 ) (4096 3072 9984 ) (4096 3072 1088 ) 
4 224 226 (8192 2048 1088 ) (8192 2048 9984 ) (7168 2048 9984 ) (7168 2048 1088 ) 
4 224 225 (7168 3072 9984 ) (7168 3072 1088 ) (7168 2048 1088 ) (7168 2048 9984 ) 
4 225 228 (6144 3072 9984 ) (6144 3072 1088 ) (6144 2048 1088 ) (6144 2048 9984 ) 
4 225 227 (7168 2048 1088 ) (7168 2048 9984 ) (6144 2048 9984 ) (6144 2048 1088 ) 
4 226 227 (7168 1472 9984 ) (7168 2048 9984 ) (7168 2048 1088 ) (7168 1472 1088 ) 
4 227 230 (6144 1472 9984 ) (6144 2048 9984 ) (6144 2048 1088 ) (6144 1472 1088 ) 
4 228 230 (6144 2048 1088 ) (6144 2048 9984 ) (5120 2048 9984 ) (5120 2048 1088 ) 
4 228 229 (5120 3072 9984 ) (5120 3072 1088 ) (5120 2048 1088 ) (5120 2048 9984 ) 
4 229 240 (4096 2048 1088 ) (4096 2048 9984 ) (4096 3072 9984 ) (4096 3072 1088 ) 
4 229 231 (5120 2048 1088 ) (5120 2048 9984 ) (4096 2048 9984 ) (4096 2048 1088 ) 
4 230 231 (5120 1472 9984 ) (5120 2048 9984 ) (5120 2048 1088 ) (5120 1472 1088 ) 
4 231 242 (4096 1472 9984 ) (4096 2048 9984 ) (4096 2048 1088 ) (4096 1472 1088 ) 
4 232 234 (4096 4096 1088 ) (4096 4096 9984 ) (3072 4096 9984 ) (3072 4096 1088 ) 
4 232 233 (3072 5120 9984 ) (3072 5120 1088 ) (3072 4096 1088 ) (3072 4096 9984 ) 
4 233 236 (2048 5120 9984 ) (2048 5120 1088 ) (2048 4096 1088 ) (2048 4096 9984 ) 
4 233 235 (3072 4096 1088 ) (3072 4096 9984 ) (2048 4096 9984 ) (2048 4096 1088 ) 
4 234 240 (4096 3072 1088 ) (4096 3072 9984 ) (3072 3072 9984 ) (3072 3072 1088 ) 
4 234 235 (3072 4096 9984 ) (3072 4096 1088 ) (3072 3072 1088 ) (3072 3072 9984 ) 
4 235 241 (3072 3072 1088 ) (3072 3072 9984 ) (2048 3072 9984 ) (2048 3072 1088 ) 
4 235 237 (2048 3072 1088 ) (2048 3072 9984 ) (2048 4096 9984 ) (2048 4096 1088 ) 
4 236 238 (1024 4096 1088 ) (1024 4096 9984 ) (1024 5120 9984 ) (1024 5120 1088 ) 
4 236 237 (2048 4096 1088 ) (2048 4096 9984 ) (1024 4096 9984 ) (1024 4096 1088 ) 
4 237 244 (2048 3072 1088 ) (2048 3072 9984 ) (1024 3072 9984 ) (1024 3072 1088 ) 
4 237 239 (1024 3072 1088 ) (1024 3072 9984 ) (1024 4096 9984 ) (1024 4096 1088 ) 
4 238 239 (1024 4096 1088 ) (1024 4096 9984 ) (768 4096 9984 ) (768 4096 1088 ) 
4 239 245 (1024 3072 1088 ) (1024 3072 9984 ) (768 3072 9984 ) (768 3072 1088 ) 
4 240 242 (4096 2048 1088 ) (4096 2048 9984 ) (3072 2048 9984 ) (3072 2048 1088 ) 
4 240 241 (3072 3072 9984 ) (3072 3072 1088 ) (3072 2048 1088 ) (3072 2048 9984 ) 
4 241 244 (2048 3072 9984 ) (2048 3072 1088 ) (2048 2048 1088 ) (2048 2048 9984 ) 
4 241 243 (3072 2048 1088 ) (3072 2048 9984 ) (2048 2048 9984 ) (2048 2048 1088 ) 
4 242 243 (3072 1472 9984 ) (3072 2048 9984 ) (3072 2048 1088 ) (3072 1472 1088 ) 
4 243 246 (2048 1472 9984 ) (2048 2048 9984 ) (2048 2048 1088 ) (2048 1472 1088 ) 
4 244 246 (2048 2048 1088 ) (2048 2048 9984 ) (1024 2048 9984 ) (1024 2048 1088 ) 
4 244 245 (1024 3072 9984 ) (1024 3072 1088 ) (1024 2048 1088 ) (1024 2048 9984 ) 
4 245 247 (1024 2048 1088 ) (1024 2048 9984 ) (768 2048 9984 ) (768 2048 1088 ) 
4 246 247 (1024 2048 9984 ) (1024 2048 1088 ) (1024 1472 1088 ) (1024 1472 9984 ) 
