


materialPath: e:\program files (x86)\steam\steamapps\sourcemods\crimewarswtf\materials
Loading E:\Program Files (x86)\Steam\steamapps\sourcemods\crimewarswtf\devmaps\poolhouse2.vmf
fixing up env_cubemap materials on brush sides...
0...1...2...3...4...5...6...7...8...9...100...1...2...3...4...5...6...7...8...9...10Processing areas...done (0)
Building Faces...error: material NATURE/WATER_MOVINGPLANE_BENEATH doesn't have a $bottommaterial
error: material NATURE/WATER_MOVINGPLANE_BENEATH doesn't have a $bottommaterial
error: material NATURE/WATER_MOVINGPLANE_BENEATH doesn't have a $bottommaterial
error: material NATURE/WATER_MOVINGPLANE_BENEATH doesn't have a $bottommaterial
done (0)
FixTjuncs...
PruneNodes...
WriteBSP...
done (0)
writing E:\Program Files (x86)\Steam\steamapps\sourcemods\crimewarswtf\devmaps\poolhouse2.prt...Building visibility clusters...
done (0)
Creating default LDR cubemaps for env_cubemap using skybox materials:
   skybox/sky_day01_01*.vmt
 ! Run buildcubemaps in the engine to get the correct cube maps.
Creating default HDR cubemaps for env_cubemap using skybox materials:
   skybox/sky_day01_01*.vmt
 ! Run buildcubemaps in the engine to get the correct cube maps.
Finding displacement neighbors...
Finding lightmap sample positions...
Displacement Alpha : 0...1...2...3...4...5...6...7...8...9...10
Building Physics collision data...
done (0) (7995 bytes)
Placing detail props : 0...1...2...3...4...5...6...7...8...9...10
Compacting texture/material tables...
Reduced 21 texinfos to 11
Reduced 10 texdatas to 6 (380 bytes to 193)
Writing E:\Program Files (x86)\Steam\steamapps\sourcemods\crimewarswtf\devmaps\poolhouse2.bsp
0 seconds elapsed



materialPath: e:\program files (x86)\steam\steamapps\sourcemods\crimewarswtf\materials
Loading E:\Program Files (x86)\Steam\steamapps\sourcemods\crimewarswtf\devmaps\poolhouse2.vmf
fixing up env_cubemap materials on brush sides...
env_cubemap pointing at deleted brushside near (8320, 12160, 3520)
0...1...2...3...4...5...6...7...8...9...100...1...2...3...4...5...6...7...8...9...10Processing areas...done (0)
Building Faces...error: material NATURE/WATER_MOVINGPLANE_BENEATH doesn't have a $bottommaterial
error: material NATURE/WATER_MOVINGPLANE_BENEATH doesn't have a $bottommaterial
error: material NATURE/WATER_MOVINGPLANE_BENEATH doesn't have a $bottommaterial
error: material NATURE/WATER_MOVINGPLANE_BENEATH doesn't have a $bottommaterial
done (0)
FixTjuncs...
PruneNodes...
WriteBSP...
done (0)
writing E:\Program Files (x86)\Steam\steamapps\sourcemods\crimewarswtf\devmaps\poolhouse2.prt...Building visibility clusters...
done (0)
Creating default LDR cubemaps for env_cubemap using skybox materials:
   skybox/sky_day01_01*.vmt
 ! Run buildcubemaps in the engine to get the correct cube maps.
Creating default HDR cubemaps for env_cubemap using skybox materials:
   skybox/sky_day01_01*.vmt
 ! Run buildcubemaps in the engine to get the correct cube maps.
Finding displacement neighbors...
Finding lightmap sample positions...
Displacement Alpha : 0...1...2...3...4...5...6...7...8...9...10
Building Physics collision data...
done (0) (7913 bytes)
Placing detail props : 0...1...2...3...4...5...6...7...8...9...10
Compacting texture/material tables...
Reduced 25 texinfos to 11
Reduced 10 texdatas to 6 (380 bytes to 193)
Writing E:\Program Files (x86)\Steam\steamapps\sourcemods\crimewarswtf\devmaps\poolhouse2.bsp
0 seconds elapsed



materialPath: e:\program files (x86)\steam\steamapps\bm_killer10\team fortress 2\tf\materials
Loading E:\Program Files (x86)\Steam\steamapps\sourcemods\crimewarswtf\devmaps\poolhouse2.vmf
material "cwgrass/lawn8" not found.
Material not found!: CWGRASS/LAWN8
ConVarRef mat_reduceparticles doesn't point to an existing ConVar
fixing up env_cubemap materials on brush sides...
env_cubemap pointing at deleted brushside near (8320, 12160, 3520)
0...1...2...3...4...5...6...7...8...9...100...1...2...3...4...5...6...7...8...9...10Processing areas...done (0)
Building Faces...error: material NATURE/WATER_MOVINGPLANE_BENEATH doesn't have a $bottommaterial
error: material NATURE/WATER_MOVINGPLANE_BENEATH doesn't have a $bottommaterial
error: material NATURE/WATER_MOVINGPLANE_BENEATH doesn't have a $bottommaterial
error: material NATURE/WATER_MOVINGPLANE_BENEATH doesn't have a $bottommaterial
done (0)
FixTjuncs...
PruneNodes...
WriteBSP...
done (0)
writing E:\Program Files (x86)\Steam\steamapps\sourcemods\crimewarswtf\devmaps\poolhouse2.prt...Building visibility clusters...
done (0)
Creating default LDR cubemaps for env_cubemap using skybox materials:
   skybox/sky_day01_01*.vmt
 ! Run buildcubemaps in the engine to get the correct cube maps.
Creating default HDR cubemaps for env_cubemap using skybox materials:
   skybox/sky_day01_01*.vmt
 ! Run buildcubemaps in the engine to get the correct cube maps.
Finding displacement neighbors...
Finding lightmap sample positions...
Displacement Alpha : 0...1...2...3...4...5...6...7...8...9...10
Building Physics collision data...
done (0) (7915 bytes)
Placing detail props : 0...1...2...3...4...5...6...7...8...9...10
Compacting texture/material tables...
Reduced 25 texinfos to 11
Reduced 10 texdatas to 6 (380 bytes to 193)
Writing E:\Program Files (x86)\Steam\steamapps\sourcemods\crimewarswtf\devmaps\poolhouse2.bsp
1 second elapsed



materialPath: e:\program files (x86)\steam\steamapps\sourcemods\crimewarswtf\materials
Loading E:\Program Files (x86)\Steam\steamapps\sourcemods\crimewarswtf\devmaps\poolhouse2.vmf
fixing up env_cubemap materials on brush sides...
env_cubemap pointing at deleted brushside near (8320, 12160, 3520)
env_cubemap pointing at deleted brushside near (8320, 12160, 3520)
0...1...2...3...4...5...6...7...8...9...100...1...2...3...4...5...6...7...8...9...10Processing areas...done (0)
Building Faces...done (0)
FixTjuncs...
PruneNodes...
WriteBSP...
done (0)
writing E:\Program Files (x86)\Steam\steamapps\sourcemods\crimewarswtf\devmaps\poolhouse2.prt...Building visibility clusters...
done (0)
Creating default LDR cubemaps for env_cubemap using skybox materials:
   skybox/sky_day01_01*.vmt
 ! Run buildcubemaps in the engine to get the correct cube maps.
Creating default HDR cubemaps for env_cubemap using skybox materials:
   skybox/sky_day01_01*.vmt
 ! Run buildcubemaps in the engine to get the correct cube maps.
Finding displacement neighbors...
Finding lightmap sample positions...
Displacement Alpha : 0...1...2...3...4...5...6...7...8...9...10
Building Physics collision data...
done (0) (7830 bytes)
Placing detail props : 0...1...2...3...4...5...6...7...8...9...10
Compacting texture/material tables...
Reduced 30 texinfos to 12
Reduced 12 texdatas to 8 (433 bytes to 249)
Writing E:\Program Files (x86)\Steam\steamapps\sourcemods\crimewarswtf\devmaps\poolhouse2.bsp
0 seconds elapsed
