


materialPath: e:\program files (x86)\steam\steamapps\sourcemods\crimewarswtf\materials
Loading E:\Program Files (x86)\Steam\steamapps\sourcemods\crimewarswtf\devmaps\poolhouse20.vmf
Brush 49926: FloatPlane: bad normal
Side 0
Texture: PLASTER/PLASTERWALL032A



materialPath: e:\program files (x86)\steam\steamapps\sourcemods\crimewarswtf\materials
Loading E:\Program Files (x86)\Steam\steamapps\sourcemods\crimewarswtf\devmaps\poolhouse20.vmf
Brush 49926: FloatPlane: bad normal
Side 0
Texture: PLASTER/PLASTERWALL032A



materialPath: e:\program files (x86)\steam\steamapps\sourcemods\crimewarswtf\materials
Loading E:\Program Files (x86)\Steam\steamapps\sourcemods\crimewarswtf\devmaps\poolhouse20.vmf
Brush 49926: FloatPlane: bad normal
Side 0
Texture: PLASTER/PLASTERWALL032A



materialPath: e:\program files (x86)\steam\steamapps\sourcemods\crimewarswtf\materials
Loading E:\Program Files (x86)\Steam\steamapps\sourcemods\crimewarswtf\devmaps\poolhouse20.vmf
Brush 49926: FloatPlane: bad normal
Side 0
Texture: PLASTER/PLASTERWALL032A
