


materialPath: e:\program files (x86)\steam\steamapps\sourcemods\crimewarswtf\materials
Loading E:\Program Files (x86)\Steam\steamapps\sourcemods\crimewarswtf\devmaps\poolhouse76_3.vmf
Patching WVT material: maps/poolhouse76_3/nature/blenddirtgrass008b_wvt_patch
fixing up env_cubemap materials on brush sides...
env_cubemap pointing at deleted brushside near (1938, 3254, 2912)
env_cubemap pointing at deleted brushside near (1938, 3254, 2912)
0...1...2...3...4...5...6...7...8...9...10**** leaked ****
Entity logic_choreographed_scene (4296.00 3824.00 0.00) leaked!
Processing areas...done (0)
Building Faces...done (0)
Chop Details...done (0)
Find Visible Detail Sides...done (0)
Merging details...done (0)
FixTjuncs...
PruneNodes...
WriteBSP...
done (1)
Creating default LDR cubemaps for env_cubemap using skybox materials:
   skybox/sky_day01_01*.vmt
 ! Run buildcubemaps in the engine to get the correct cube maps.
Creating default HDR cubemaps for env_cubemap using skybox materials:
   skybox/sky_day01_01*.vmt
 ! Run buildcubemaps in the engine to get the correct cube maps.
Finding displacement neighbors...
Finding lightmap sample positions...
Displacement Alpha : 0...1...2...3...4...5...6...7...8...9...10
Building Physics collision data...
done (1) (660980 bytes)
Error! To use model "models/props_c17/tv_monitor01_screen.mdl"
      with prop_static, it must be compiled with $staticprop!
Error loading studio model "models/props_c17/tv_monitor01_screen.mdl"!
Error! To use model "models/sims/gm_livingchair.mdl"
      with prop_static, it must be compiled with $staticprop!
Error loading studio model "models/sims/gm_livingchair.mdl"!
Placing detail props : 0...1...2...3...4...5...6...7...8...9...10
Compacting texture/material tables...
Reduced 4687 texinfos to 2090
Reduced 38 texdatas to 30 (1162 bytes to 846)
Writing E:\Program Files (x86)\Steam\steamapps\sourcemods\crimewarswtf\devmaps\poolhouse76_3.bsp
7 seconds elapsed
