


materialPath: e:\program files (x86)\steam\steamapps\sourcemods\crimewarswtf\materials
Loading E:\Program Files (x86)\Steam\steamapps\sourcemods\crimewarswtf\devmaps\sdk_background.vmf
Patching WVT material: maps/sdk_background/nature/blenddirtgrass008b_wvt_patch
fixing up env_cubemap materials on brush sides...
0...1...2...3...4...5...6...7...8...9...100...1...2...3...4...5...6...7...8...9...10Processing areas...done (0)
Building Faces...done (0)
Chop Details...done (0)
Find Visible Detail Sides...
Merged 236 detail faces...done (0)
Merging details...done (0)
FixTjuncs...
PruneNodes...
WriteBSP...
done (0)
writing E:\Program Files (x86)\Steam\steamapps\sourcemods\crimewarswtf\devmaps\sdk_background.prt...Building visibility clusters...
done (0)
Creating default LDR cubemaps for env_cubemap using skybox materials:
   skybox/sky_day01_05*.vmt
 ! Run buildcubemaps in the engine to get the correct cube maps.
Creating default HDR cubemaps for env_cubemap using skybox materials:
   skybox/sky_day01_05*.vmt
 ! Run buildcubemaps in the engine to get the correct cube maps.
Finding displacement neighbors...
Finding lightmap sample positions...
Displacement Alpha : 0...1...2...3...4...5...6...7...8...9...10
Building Physics collision data...
done (0) (151374 bytes)
Placing detail props : 0...1...2...3...4...5...6...7...8...9...10
Compacting texture/material tables...
Reduced 1133 texinfos to 559
Reduced 88 texdatas to 70 (3253 bytes to 2582)
Writing E:\Program Files (x86)\Steam\steamapps\sourcemods\crimewarswtf\devmaps\sdk_background.bsp
4 seconds elapsed



8 threads
reading e:\program files (x86)\steam\steamapps\sourcemods\crimewarswtf\devmaps\sdk_background.bsp
reading e:\program files (x86)\steam\steamapps\sourcemods\crimewarswtf\devmaps\sdk_background.prt
 253 portalclusters
 623 numportals
0...1...2...3...4...5...6...7...8...9...100...1...2...3...4...5...6...7...8...9...10Optimized: 13 visible clusters (0.00%)
Total clusters visible: 57720
Average clusters visible: 228
Building PAS...
Average clusters audible: 251
visdatasize:18134  compressed from 16192
writing e:\program files (x86)\steam\steamapps\sourcemods\crimewarswtf\devmaps\sdk_background.bsp
3 seconds elapsed



[Reading texlights from 'lights.rad']
[45 texlights parsed from 'lights.rad']

Loading e:\program files (x86)\steam\steamapps\sourcemods\crimewarswtf\devmaps\sdk_background.bsp
Patch Sample Radius Clamped!
Patch Sample Radius Clamped!
Patch Sample Radius Clamped!
Patch Sample Radius Clamped!
Patch Sample Radius Clamped!
Patch Sample Radius Clamped!
Patch Sample Radius Clamped!
Patch Sample Radius Clamped!
Patch Sample Radius Clamped!
Patch Sample Radius Clamped!
Patch Sample Radius Clamped!
Patch Sample Radius Clamped!
Patch Sample Radius Clamped!
Patch Sample Radius Clamped!
Patch Sample Radius Clamped!
Patch Sample Radius Clamped!
Patch Sample Radius Clamped!
Patch Sample Radius Clamped!
Patch Sample Radius Clamped!
Patch Sample Radius Clamped!
Patch Sample Radius Clamped!
Patch Sample Radius Clamped!
Patch Sample Radius Clamped!
Patch Sample Radius Clamped!
Patch Sample Radius Clamped!
Patch Sample Radius Clamped!
Patch Sample Radius Clamped!
Patch Sample Radius Clamped!
Patch Sample Radius Clamped!
Patch Sample Radius Clamped!
Patch Sample Radius Clamped!
Patch Sample Radius Clamped!
Patch Sample Radius Clamped!
Patch Sample Radius Clamped!
Patch Sample Radius Clamped!
Patch Sample Radius Clamped!
1611 faces
2 degenerate faces
1899078 square feet [273467264.00 square inches]
85 Displacements
446173 Square Feet [64248972.00 Square Inches]
1609 patches before subdivision
zero area child patch
7713 patches after subdivision
10 direct lights
0...1...2...3...4...5...6...7...8...9...100...1...2...3...4...5...6...7...8...9...10transfers 278310, max 330
transfer lists:   2.1 megs
0...1...2...3...4...5...6...7...8...9...10	Bounce #1 added RGB(11617, 9381, 5131)
0...1...2...3...4...5...6...7...8...9...10	Bounce #2 added RGB(795, 570, 278)
0...1...2...3...4...5...6...7...8...9...10	Bounce #3 added RGB(46, 29, 12)
0...1...2...3...4...5...6...7...8...9...10	Bounce #4 added RGB(4, 2, 1)
0...1...2...3...4...5...6...7...8...9...10	Bounce #5 added RGB(0, 0, 0)
Build Patch/Sample Hash Table(s).....Done<0.0178 sec>
0...1...2...3...4...5...6...7...8...9...10FinalLightFace Done
Computing detail prop lighting : 0...1...2...3...4...5...6...7...8...9...10
0 of 0 (0% of) surface lights went in leaf ambient cubes.
0...1...2...3...4...5...6...7...8...9...10Writing leaf ambient...done
Ready to Finish

Object names       Objects/Maxobjs  Memory / Maxmem  Fullness 
------------       ---------------  ---------------  -------- 
models                  19/1024          912/49152    ( 1.9%) 
brushes                393/8192         4716/98304    ( 4.8%) 
brushsides            2842/65536       22736/524288   ( 4.3%) 
planes                2046/65536       40920/1310720  ( 3.1%) 
vertexes              3300/65536       39600/786432   ( 5.0%) 
nodes                 1081/65536       34592/2097152  ( 1.6%) 
texinfos               559/12288       40248/884736   ( 4.5%) 
texdata                 70/2048         2240/65536    ( 3.4%) 
dispinfos               85/0           14960/0        ( 0.0%) 
disp_verts            3525/0           70500/0        ( 0.0%) 
disp_tris             5120/0           10240/0        ( 0.0%) 
disp_lmsamples       62960/0           62960/0        ( 0.0%) 
faces                 1611/65536       90216/3670016  ( 2.5%) 
hdr faces                0/65536           0/3670016  ( 0.0%) 
origfaces             1055/65536       59080/3670016  ( 1.6%) 
leaves                1101/65536       35232/2097152  ( 1.7%) 
leaffaces             1697/65536        3394/131072   ( 2.6%) 
leafbrushes           1192/65536        2384/131072   ( 1.8%) 
areas                    3/256            24/2048     ( 1.2%) 
surfedges            12136/512000      48544/2048000  ( 2.4%) 
edges                 7706/256000      30824/1024000  ( 3.0%) 
LDR worldlights          8/8192          704/720896   ( 0.1%) 
HDR worldlights          0/8192            0/720896   ( 0.0%) 
leafwaterdata            1/32768          12/393216   ( 0.0%) 
waterstrips            218/32768        2180/327680   ( 0.7%) 
waterverts               0/65536           0/786432   ( 0.0%) 
waterindices          4650/65536        9300/131072   ( 7.1%) 
cubemapsamples          12/1024          192/16384    ( 1.2%) 
overlays                 1/512           352/180224   ( 0.2%) 
LDR lightdata         [variable]      644604/0        ( 0.0%) 
HDR lightdata         [variable]           0/0        ( 0.0%) 
visdata               [variable]       18134/16777216 ( 0.1%) 
entdata               [variable]       51768/393216   (13.2%) 
LDR ambient table     1101/65536        4404/262144   ( 1.7%) 
HDR ambient table     1101/65536        4404/262144   ( 1.7%) 
LDR leaf ambient      4577/65536      128156/1835008  ( 7.0%) 
HDR leaf ambient      1101/65536       30828/1835008  ( 1.7%) 
occluders                3/0             120/0        ( 0.0%) 
occluder polygons        6/0              72/0        ( 0.0%) 
occluder vert ind       24/0              96/0        ( 0.0%) 
detail props          [variable]           1/233508   ( 0.0%) 
dtl prp lght          [variable]           1/4        (25.0%) 
HDR dtl prp lght      [variable]           1/4        (25.0%) 
static props          [variable]           1/12976    ( 0.0%) 
pakfile               [variable]     1387778/0        ( 0.0%) 
physics               [variable]      151374/4194304  ( 3.6%) 
physics terrain       [variable]       22133/1048576  ( 2.1%) 

Level flags = 0

Total triangle count: 4642
Writing e:\program files (x86)\steam\steamapps\sourcemods\crimewarswtf\devmaps\sdk_background.bsp
35 seconds elapsed



[Reading texlights from 'lights.rad']
[45 texlights parsed from 'lights.rad']

Loading e:\program files (x86)\steam\steamapps\sourcemods\crimewarswtf\devmaps\sdk_background.bsp
Patch Sample Radius Clamped!
Patch Sample Radius Clamped!
Patch Sample Radius Clamped!
Patch Sample Radius Clamped!
Patch Sample Radius Clamped!
Patch Sample Radius Clamped!
Patch Sample Radius Clamped!
Patch Sample Radius Clamped!
Patch Sample Radius Clamped!
Patch Sample Radius Clamped!
Patch Sample Radius Clamped!
Patch Sample Radius Clamped!
Patch Sample Radius Clamped!
Patch Sample Radius Clamped!
Patch Sample Radius Clamped!
Patch Sample Radius Clamped!
Patch Sample Radius Clamped!
Patch Sample Radius Clamped!
Patch Sample Radius Clamped!
Patch Sample Radius Clamped!
Patch Sample Radius Clamped!
Patch Sample Radius Clamped!
Patch Sample Radius Clamped!
Patch Sample Radius Clamped!
Patch Sample Radius Clamped!
Patch Sample Radius Clamped!
Patch Sample Radius Clamped!
Patch Sample Radius Clamped!
Patch Sample Radius Clamped!
Patch Sample Radius Clamped!
Patch Sample Radius Clamped!
Patch Sample Radius Clamped!
Patch Sample Radius Clamped!
Patch Sample Radius Clamped!
Patch Sample Radius Clamped!
Patch Sample Radius Clamped!
1611 faces
2 degenerate faces
1899078 square feet [273467264.00 square inches]
85 Displacements
446173 Square Feet [64248972.00 Square Inches]
1609 patches before subdivision
zero area child patch
7713 patches after subdivision
10 direct lights
0...1...2...3...4...5...6...7...8...9...100...1...2...3...4...5...6...7...8...9...10transfers 278310, max 330
transfer lists:   2.1 megs
0...1...2...3...4...5...6...7...8...9...10	Bounce #1 added RGB(11617, 9381, 5131)
0...1...2...3...4...5...6...7...8...9...10	Bounce #2 added RGB(795, 570, 278)
0...1...2...3...4...5...6...7...8...9...10	Bounce #3 added RGB(46, 29, 12)
0...1...2...3...4...5...6...7...8...9...10	Bounce #4 added RGB(4, 2, 1)
0...1...2...3...4...5...6...7...8...9...10	Bounce #5 added RGB(0, 0, 0)
Build Patch/Sample Hash Table(s).....Done<0.0311 sec>
0...1...2...3...4...5...6...7...8...9...10FinalLightFace Done
Computing detail prop lighting : 0...1...2...3...4...5...6...7...8...9...10
0 of 0 (0% of) surface lights went in leaf ambient cubes.
0...1...2...3...4...5...6...7...8...9...10Writing leaf ambient...done
Ready to Finish

Object names       Objects/Maxobjs  Memory / Maxmem  Fullness 
------------       ---------------  ---------------  -------- 
models                  19/1024          912/49152    ( 1.9%) 
brushes                393/8192         4716/98304    ( 4.8%) 
brushsides            2842/65536       22736/524288   ( 4.3%) 
planes                2046/65536       40920/1310720  ( 3.1%) 
vertexes              3300/65536       39600/786432   ( 5.0%) 
nodes                 1081/65536       34592/2097152  ( 1.6%) 
texinfos               559/12288       40248/884736   ( 4.5%) 
texdata                 70/2048         2240/65536    ( 3.4%) 
dispinfos               85/0           14960/0        ( 0.0%) 
disp_verts            3525/0           70500/0        ( 0.0%) 
disp_tris             5120/0           10240/0        ( 0.0%) 
disp_lmsamples       62960/0           62960/0        ( 0.0%) 
faces                 1611/65536       90216/3670016  ( 2.5%) 
hdr faces             1611/65536       90216/3670016  ( 2.5%) 
origfaces             1055/65536       59080/3670016  ( 1.6%) 
leaves                1101/65536       35232/2097152  ( 1.7%) 
leaffaces             1697/65536        3394/131072   ( 2.6%) 
leafbrushes           1192/65536        2384/131072   ( 1.8%) 
areas                    3/256            24/2048     ( 1.2%) 
surfedges            12136/512000      48544/2048000  ( 2.4%) 
edges                 7706/256000      30824/1024000  ( 3.0%) 
LDR worldlights          8/8192          704/720896   ( 0.1%) 
HDR worldlights          8/8192          704/720896   ( 0.1%) 
leafwaterdata            1/32768          12/393216   ( 0.0%) 
waterstrips            218/32768        2180/327680   ( 0.7%) 
waterverts               0/65536           0/786432   ( 0.0%) 
waterindices          4650/65536        9300/131072   ( 7.1%) 
cubemapsamples          12/1024          192/16384    ( 1.2%) 
overlays                 1/512           352/180224   ( 0.2%) 
LDR lightdata         [variable]      644604/0        ( 0.0%) 
HDR lightdata         [variable]      644604/0        ( 0.0%) 
visdata               [variable]       18134/16777216 ( 0.1%) 
entdata               [variable]       51768/393216   (13.2%) 
LDR ambient table     1101/65536        4404/262144   ( 1.7%) 
HDR ambient table     1101/65536        4404/262144   ( 1.7%) 
LDR leaf ambient      4577/65536      128156/1835008  ( 7.0%) 
HDR leaf ambient      4577/65536      128156/1835008  ( 7.0%) 
occluders                3/0             120/0        ( 0.0%) 
occluder polygons        6/0              72/0        ( 0.0%) 
occluder vert ind       24/0              96/0        ( 0.0%) 
detail props          [variable]           1/233508   ( 0.0%) 
dtl prp lght          [variable]           1/4        (25.0%) 
HDR dtl prp lght      [variable]           1/4        (25.0%) 
static props          [variable]           1/12976    ( 0.0%) 
pakfile               [variable]     1387778/0        ( 0.0%) 
physics               [variable]      151374/4194304  ( 3.6%) 
physics terrain       [variable]       22133/1048576  ( 2.1%) 

Level flags = 0

Total triangle count: 4642
Writing e:\program files (x86)\steam\steamapps\sourcemods\crimewarswtf\devmaps\sdk_background.bsp
37 seconds elapsed
